LHAPDF 6.5.4 loading /home/niraj/1TB-Disc/Workspace-IITG/Packages/Install/LHAPDF-6.5.4/install/share/LHAPDF/MMHT2014lo68cl/MMHT2014lo68cl_0000.dat
MMHT2014lo68cl PDF set, member #0, version 3; LHAPDF ID = 25000
LHAPDF 6.5.4 loading /home/niraj/1TB-Disc/Workspace-IITG/Packages/Install/LHAPDF-6.5.4/install/share/LHAPDF/MMHT2014lo68cl/MMHT2014lo68cl_0001.dat
MMHT2014lo68cl PDF set, member #1, version 3; LHAPDF ID = 25001
  
  
 ____________________________________
 3. Calculating Virtual Contribution
 ____________________________________
 ````````````````````````````````````
     Virtual + Dipole over 2-Body PS
  
  
  
 For xq:   2500.0000000000000     
  
 RM48 INITIALIZED:        40           0         0



 INPUT PARAMETERS FOR VEGAS:  NDIM=  3  NCALL=   47775744.
                              IT=    0  ITMX=   10
                              MDS= -1   ND=  48
   1      0.1199114E-01 0.1730E-01  0.1199114E-01 0.1730E-01  0.000    
   2      0.2358357E-01 0.1376E-01  0.2195315E-01 0.1012E-01 0.1586    
   3      0.2102891E-01 0.4040E-01  0.2188526E-01 0.1016E-01 0.7318E-01
   4     -0.1946070     0.2807     -0.3076201E-02 0.4837E-01 0.6831    
   5     -0.2523929     0.3254     -0.3450900E-01 0.6562E-01 0.6409    
   6      0.5473036E-01 0.1333E-01  0.3505056E-01 0.2854E-01 0.9340    
   7      0.4078066E-01 0.3145E-01  0.3546376E-01 0.2565E-01 0.8946    
   8      0.8170114E-01 0.1342E-01  0.6384707E-01 0.1537E-01  1.132    
   9      0.9885353E-01 0.1752E-01  0.7592921E-01 0.1222E-01  1.258    
  10      0.1983757     0.2045      0.7716566E-01 0.1324E-01  1.038    



 INPUT PARAMETERS FOR VEGAS:  NDIM=  3  NCALL=  485941248.
                              IT=    0  ITMX=   20
                              MDS= -1   ND=  48
   1       2.850621      2.666       2.850621      2.666      0.000    
   2     -0.1672021E-01 0.1831       2.829855      1.878     0.1676E-01
   3      0.1222873     0.1850E-01  0.1918389     0.2460      1.528    
   4      0.3370581E-01 0.1242      0.1915794     0.2129      1.359    
   5      0.1116934     0.5114E-01  0.1839092     0.1812      1.276    
   6      0.6942644E-01 0.6578E-01  0.1813986     0.1636      1.226    
   7      0.1244887     0.1492E-01  0.1485040     0.9850E-01  1.204    
   8      0.1389527     0.1471E-01  0.1444389     0.6991E-01  1.177    
   9      0.2509905     0.8763E-01  0.1484528     0.6491E-01  1.162    
  10      0.1898982     0.4811E-01  0.1512202     0.5962E-01  1.146    
  11      0.1310438     0.1269E-01  0.1448944     0.4715E-01  1.136    
  12      0.1102890     0.3191E-01  0.1437193     0.4440E-01  1.127    
  13      0.1320140     0.3321E-01  0.1432163     0.4177E-01  1.117    
  14      0.6272795E-01 0.4706E-01  0.1428292     0.4017E-01  1.111    
  15      0.8959706     0.7948      0.1454107     0.4056E-01  1.093    
  16      0.1500117     0.3287E-01  0.1456554     0.3826E-01  1.085    
  17      0.1685443     0.2575E-01  0.1479124     0.3529E-01  1.080    
  18     -0.6213058     0.8293      0.1469198     0.3499E-01  1.069    
  19      0.2908947     0.1113      0.1491474     0.3394E-01  1.072    
  20      0.1759651     0.6465E-01  0.1495897     0.3286E-01  1.066    
   
 The answer is =  0.14958972010000202     
 Integral      =  0.14958972010000202      +-   3.2858876918654072E-002
 with chisq    =   1.0662627674576741     
   
   
  
 For xq:   2700.0000000000000     
  
 RM48 INITIALIZED:        40           0         0



 INPUT PARAMETERS FOR VEGAS:  NDIM=  3  NCALL=   47775744.
                              IT=    0  ITMX=   10
                              MDS= -1   ND=  48
   1      0.1180746     0.7145E-01  0.1180746     0.7145E-01  0.000    
   2      0.2491443E-01 0.3628E-01  0.1043568     0.4768E-01 0.4794    
   3     -0.8418256     0.9737     -0.7467730E-01 0.2470      1.132    
   4      0.2150081     0.5569E-01  0.1543158     0.1010      1.400    
   5      0.1451927     0.2168E-01  0.1478926     0.4982E-01  1.279    
   6      0.1794369     0.4990E-01  0.1532149     0.4230E-01  1.196    
   7      0.2487432     0.8256E-01  0.1633318     0.3840E-01  1.179    
   8      0.2173324     0.3710E-01  0.1787715     0.3115E-01  1.184    
   9      0.2110167     0.4428E-01  0.1839017     0.2757E-01  1.135    
  10      0.4855138     0.2563      0.1912960     0.2878E-01  1.195    



 INPUT PARAMETERS FOR VEGAS:  NDIM=  3  NCALL=  485941248.
                              IT=    0  ITMX=   20
                              MDS= -1   ND=  48
   1      0.2298686     0.5863E-01  0.2298686     0.5863E-01  0.000    
   2      0.6385057     0.4532      0.2765921     0.1152      1.275    
   3      0.1739766     0.6082E-01  0.2437144     0.8003E-01  1.076    
   4      0.2277467     0.5836E-01  0.2377504     0.5769E-01 0.8711    
   5      0.3251609     0.1011      0.2554502     0.5037E-01 0.8051    
   6      0.1883164     0.9897E-01  0.2510103     0.4563E-01 0.7595    
   7      0.2871599     0.9759E-01  0.2559476     0.4155E-01 0.6738    
   8      0.2115071     0.3571E-01  0.2401178     0.3209E-01 0.6865    
   9      0.2054279     0.5624E-01  0.2359780     0.2912E-01 0.6610    
  10      0.4129821     0.2100      0.2418931     0.2975E-01 0.6712    
  11      0.1261612     0.6856E-01  0.2386016     0.2817E-01 0.7009    
  12      0.1854420     0.3098E-01  0.2263051     0.2404E-01 0.7519    
  13      0.2156394     0.4352E-01  0.2248457     0.2192E-01 0.7180    
  14      0.3377325     0.1400      0.2283938     0.2182E-01 0.7105    
  15      0.1808753     0.5751E-01  0.2259857     0.2081E-01 0.7066    
  16      0.1587593     0.6148E-01  0.2237645     0.2001E-01 0.7138    
  17      0.1985781     0.5844E-01  0.2224017     0.1916E-01 0.6955    
  18      0.2263856     0.3034E-01  0.2232262     0.1690E-01 0.6679    
  19      0.1468626     0.1299      0.2228652     0.1654E-01 0.6612    
  20      0.2337719     0.6110E-01  0.2234254     0.1600E-01 0.6359    
   
 The answer is =  0.22342535458106508     
 Integral      =  0.22342535458106508      +-   1.6001769466544007E-002
 with chisq    =  0.63587957107468873     
   
   
  
 For xq:   2900.0000000000000     
  
 RM48 INITIALIZED:        40           0         0



 INPUT PARAMETERS FOR VEGAS:  NDIM=  3  NCALL=   47775744.
                              IT=    0  ITMX=   10
                              MDS= -1   ND=  48
   1      0.7846591E-01 0.4078E-01  0.7846591E-01 0.4078E-01  0.000    
   2      0.2770439     0.1008      0.2117478     0.6068E-01  2.363    
   3      0.2189666     0.5340E-01  0.2160720     0.3942E-01  1.127    
   4      0.1789075     0.2865E-01  0.1944671     0.2464E-01 0.9895    
   5      0.4488430     0.2197      0.2093667     0.3198E-01  1.287    
   6      0.4741052     0.2159      0.2261532     0.3593E-01  1.409    
   7      0.4551067     0.1384      0.2546460     0.3619E-01  1.740    
   8      0.2562563     0.2762E-01  0.2554475     0.2496E-01  1.575    
   9      0.2836796     0.5009E-01  0.2598647     0.2260E-01  1.444    
  10      0.7510973     0.4352      0.2668987     0.2691E-01  1.414    



 INPUT PARAMETERS FOR VEGAS:  NDIM=  3  NCALL=  485941248.
                              IT=    0  ITMX=   20
                              MDS= -1   ND=  48
   1      0.3047015     0.1025      0.3047015     0.1025      0.000    
   2      0.5602172     0.3196      0.3706150     0.1307     0.7320    
   3      0.2988479     0.4188E-01  0.3124530     0.5130E-01 0.6005    
   4      0.2706866     0.1254      0.3095686     0.4592E-01 0.4828    
   5      0.1988966     0.1735      0.3074542     0.4207E-01 0.4556    
   6      0.2922727     0.3504E-01  0.2998221     0.2892E-01 0.3974    
   7      0.3817196     0.1488      0.3035414     0.2877E-01 0.3779    
   8      0.8310688     0.4259      0.3170422     0.3586E-01 0.9739    
   9      0.2720128     0.6871E-01  0.3127506     0.3293E-01 0.9346    
  10      0.4963943     0.1444      0.3250647     0.3241E-01  1.023    
  11      0.6428216     0.3046      0.3328983     0.3375E-01  1.041    
  12      0.3235725     0.2875E-01  0.3290552     0.2534E-01 0.9901    
  13      0.3557497     0.3737E-01  0.3351341     0.2196E-01 0.9550    
  14      0.6470065E-01 0.2650      0.3350936     0.2118E-01 0.9497    
  15      0.4081681     0.9196E-01  0.3385400     0.2063E-01 0.9261    
  16       3.934958      3.520      0.3492676     0.5203E-01  1.083    
  17      0.4086657     0.5605E-01  0.3559559     0.4777E-01  1.078    
  18      0.4872631     0.1023      0.3619737     0.4564E-01  1.082    
  19      0.3592015     0.3014E-01  0.3613556     0.3930E-01  1.071    
  20      0.3528179     0.8394E-01  0.3611251     0.3791E-01  1.061    
   
 The answer is =  0.36112508929334203     
 Integral      =  0.36112508929334203      +-   3.7905221160291429E-002
 with chisq    =   1.0613041411344166     
   
   
  
 For xq:   3100.0000000000000     
  
 RM48 INITIALIZED:        40           0         0



 INPUT PARAMETERS FOR VEGAS:  NDIM=  3  NCALL=   47775744.
                              IT=    0  ITMX=   10
                              MDS= -1   ND=  48
   1     -0.3522606E-01 0.9819E-01 -0.3522606E-01 0.9819E-01  0.000    
   2       1.337630     0.8660       1.267367     0.5967     0.2571    
   3      0.3228290     0.1123      0.5433052     0.2421      1.544    
   4      0.3711696     0.8004E-01  0.4286215     0.1255      1.419    
   5      0.3844868     0.1383      0.4200959     0.1044      1.247    
   6      0.9106911     0.4201      0.4716760     0.1059      1.271    
   7      0.1264321     0.3081      0.4703803     0.9815E-01  1.237    
   8      0.3531659     0.7513E-01  0.4317033     0.7668E-01  1.237    
   9      0.3521959     0.2055      0.4283613     0.7214E-01  1.178    
  10      0.4825957     0.1433      0.4359305     0.6570E-01  1.095    



 INPUT PARAMETERS FOR VEGAS:  NDIM=  3  NCALL=  485941248.
                              IT=    0  ITMX=   20
                              MDS= -1   ND=  48
   1      0.4717337     0.6537E-01  0.4717337     0.6537E-01  0.000    
   2      0.3891868     0.4397E-01  0.4221495     0.3786E-01  1.140    
   3      0.4133484     0.6315E-01  0.4199734     0.3238E-01 0.5937    
   4      0.5511102     0.8962E-01  0.4434656     0.3170E-01  1.178    
   5      0.7833472     0.3187      0.4529212     0.3670E-01  1.221    
   6     -0.1079036     0.5800      0.4528318     0.3363E-01  1.171    
   7      0.3806375     0.7748E-01  0.4456114     0.3096E-01  1.119    
   8      0.5415201     0.7283E-01  0.4634898     0.2839E-01  1.175    
   9      0.4459902     0.6848E-01  0.4613001     0.2630E-01  1.054    
  10      0.6059843     0.1207      0.4713198     0.2608E-01  1.107    
  11      0.2462380     0.2227      0.4705669     0.2513E-01  1.096    
  12      0.9483551     0.4976      0.4752690     0.2786E-01  1.063    
  13      0.6307874     0.1092      0.4881572     0.2708E-01  1.155    
  14     -0.4060756     0.8853      0.4876899     0.2664E-01  1.146    
  15      -4.156277      4.679      0.4786055     0.5930E-01  1.070    
  16      0.6159088     0.1363      0.4852224     0.5651E-01  1.065    
  17      0.9086568     0.2925      0.4946485     0.5523E-01  1.101    
  18       1.157588     0.4730      0.5036849     0.5487E-01  1.151    
  19      0.6164592     0.1202      0.5100557     0.5229E-01  1.143    
  20      0.4899972     0.6043E-01  0.5075749     0.4795E-01  1.130    
   
 The answer is =  0.50757490364062474     
 Integral      =  0.50757490364062474      +-   4.7948651937493196E-002
 with chisq    =   1.1300833466820195     
   
   
  
 For xq:   3300.0000000000000     
  
 RM48 INITIALIZED:        40           0         0



 INPUT PARAMETERS FOR VEGAS:  NDIM=  3  NCALL=   47775744.
                              IT=    0  ITMX=   10
                              MDS= -1   ND=  48
   1      0.2359160     0.1576      0.2359160     0.1576      0.000    
   2      0.8628911     0.4159      0.6481953     0.2472      1.448    
   3      0.4686118     0.9732E-01  0.5081557     0.1069      1.095    
   4      0.3537835     0.8746E-01  0.4533602     0.7880E-01  1.159    
   5      0.4525730     0.6048E-01  0.4529285     0.5143E-01 0.9221    
   6      0.7113822     0.1401      0.5050357     0.4918E-01  1.533    
   7      0.9675914     0.4411      0.5218102     0.5483E-01  1.405    
   8      0.2938430     0.1433      0.5148067     0.5127E-01  1.419    
   9       3.132230      1.848      0.5686207     0.1004      2.026    
  10      0.5957218     0.1788      0.5706141     0.9299E-01  1.947    



 INPUT PARAMETERS FOR VEGAS:  NDIM=  3  NCALL=  485941248.
                              IT=    0  ITMX=   20
                              MDS= -1   ND=  48
   1      0.4368317     0.8982E-01  0.4368317     0.8982E-01  0.000    
   2      0.7416282     0.3077      0.4969431     0.1121      1.170    
   3      0.6302040     0.1276      0.5573031     0.8393E-01 0.8836    
   4      0.4834015     0.2038      0.5503113     0.7593E-01 0.6786    
   5       2.092886      2.313      0.5712545     0.1381     0.5693    
   6      0.4722993     0.1053      0.5464971     0.1113     0.5558    
   7      0.2681121     0.1671      0.5378601     0.1020     0.5713    
   8      0.8615459E-01 0.5148      0.5377077     0.9547E-01 0.5600    
   9      0.4554039     0.1203      0.5255969     0.8454E-01 0.5479    
  10      0.8438210     0.2669      0.5552290     0.8060E-01 0.6321    
  11      0.4806735     0.9000E-01  0.5395783     0.6943E-01 0.6249    
  12      0.6230207     0.8842E-01  0.5619088     0.5840E-01 0.6244    
  13      0.6348409     0.1173      0.5718605     0.5351E-01 0.6070    
  14       2.364999      1.864      0.5851931     0.6697E-01 0.7621    
  15       1.115923     0.5376      0.5955525     0.6693E-01 0.7805    
  16      0.3146599     0.1629      0.5908827     0.6448E-01 0.7926    
  17      -2.060134      2.453      0.5825794     0.7078E-01 0.8885    
  18      -81.58934      82.09      0.2237054      1.281      1.056    
  19      0.3662327     0.5160E-01  0.2496638      1.127      1.053    
  20       1.886989      1.286      0.2623111      1.095      1.050    
   
 The answer is =  0.26231114226485530     
 Integral      =  0.26231114226485530      +-   1.0947169482250201     
 with chisq    =   1.0500256346563743     
   
   
  
 For xq:   3500.0000000000000     
  
 RM48 INITIALIZED:        40           0         0



 INPUT PARAMETERS FOR VEGAS:  NDIM=  3  NCALL=   47775744.
                              IT=    0  ITMX=   10
                              MDS= -1   ND=  48
   1      0.4193061     0.2123      0.4193061     0.2123      0.000    
   2     -0.8178842      1.077      0.2598072     0.3072      1.822    
   3      0.2164499E-01 0.2627      0.2594465     0.2507      1.366    
   4      0.4345244     0.1215      0.3891019     0.1223      1.124    
   5      0.7425346     0.7737E-01  0.6866997     0.5384E-01  2.121    
   6      0.8739721     0.2275      0.7089681     0.5616E-01  1.607    
   7       1.111889     0.1583      0.8235233     0.5434E-01  2.888    
   8       1.335398     0.5911      0.8381514     0.6130E-01  2.166    
   9       1.207545     0.3321      0.8636176     0.6289E-01  1.954    
  10       1.995263     0.9201      0.8906983     0.7416E-01  1.823    



 INPUT PARAMETERS FOR VEGAS:  NDIM=  3  NCALL=  485941248.
                              IT=    0  ITMX=   20
                              MDS= -1   ND=  48
   1       1.632972     0.4700       1.632972     0.4700      0.000    
   2       1.375690     0.3194       1.477109     0.2729     0.2123    
   3      0.6021466     0.3071       1.379473     0.2182     0.9447    
   4      0.7567010     0.8588       1.365754     0.1974     0.8236    
   5       1.441030     0.6446       1.375105     0.1940     0.5645    
   6       1.665475     0.6819       1.412597     0.1932     0.4474    
   7      0.8534630     0.4589       1.373662     0.1785     0.5123    
   8       1.085571     0.3473       1.326311     0.1605     0.5168    
   9       1.037790     0.1179       1.163073     0.1040     0.7039    
  10       2.162084     0.7476       1.220615     0.1113      1.000    
  11     -0.3743960      1.668       1.220062     0.1066     0.9904    
  12       2.119012      1.128       1.241389     0.1126     0.9216    
  13      0.7914151     0.3704       1.227995     0.1080     0.9323    
  14      0.9219826     0.1136       1.136057     0.8863E-01  1.087    
  15       1.113185     0.4171       1.135337     0.8640E-01  1.029    
  16      0.7974307     0.2228       1.117243     0.8240E-01  1.056    
  17       1.006146     0.2463       1.109998     0.7878E-01  1.020    
  18       1.436015     0.3322       1.132185     0.7668E-01  1.012    
  19      0.7061664     0.2434       1.119508     0.7415E-01  1.044    
  20      0.1568851     0.4828       1.119149     0.7229E-01  1.044    
Thanks for using LHAPDF 6.5.4. Please make sure to cite the paper:
  Eur.Phys.J. C75 (2015) 3, 132  (http://arxiv.org/abs/1412.7420)
   
 The answer is =   1.1191492443745457     
 Integral      =   1.1191492443745457      +-   7.2286391956732046E-002
 with chisq    =   1.0441217329185146     
   
   
  
 For xq:   3700.0000000000000     
  
 RM48 INITIALIZED:        40           0         0



 INPUT PARAMETERS FOR VEGAS:  NDIM=  3  NCALL=   47775744.
                              IT=    0  ITMX=   10
                              MDS= -1   ND=  48
   1       1.826726     0.9935       1.826726     0.9935      0.000    
   2       1.555232      1.019       1.715969     0.7099     0.3532E-01
   3      -2.314877      3.242       1.385491     0.7718      1.040    
   4       1.157066     0.3845       1.250063     0.4514     0.8458    
   5      0.6029801     0.1700      0.9577671     0.3033      1.052    
   6      0.4706618      1.188      0.9550373     0.2785     0.9965    
   7       1.867098      1.207       1.026846     0.2786     0.8940    
   8       3.379491      2.228       1.192299     0.3268      1.002    
   9       1.169656     0.1735       1.179131     0.2041     0.9407    
  10       1.228702     0.2453       1.191171     0.1728     0.8852    



 INPUT PARAMETERS FOR VEGAS:  NDIM=  3  NCALL=  485941248.
                              IT=    0  ITMX=   20
                              MDS= -1   ND=  48
   1       1.968231     0.3126       1.968231     0.3126      0.000    
   2       3.751184      2.106       2.100314     0.4577      1.041    
   3       1.209311     0.3834       1.932333     0.3501      1.217    
   4       1.445520     0.3167       1.794549     0.2702      1.196    
   5       3.785873      2.216       1.870505     0.3060      1.061    
   6       1.410521     0.2116       1.701500     0.2283      1.154    
   7       1.632116     0.3023       1.688026     0.1963      1.051    
   8       1.400739     0.4053       1.666857     0.1809      1.007    
   9       1.415882     0.1929       1.604234     0.1512      1.011    
  10       1.098902     0.1439       1.496790     0.1290      1.257    
  11       1.327807     0.3058       1.485923     0.1213      1.210    
  12       5.084982      3.819       1.507556     0.1439      1.117    
  13      0.3518453     0.9899       1.507061     0.1383      1.109    
  14     -0.8638885      1.992       1.505551     0.1339      1.107    
  15       2.086305     0.4481       1.545280     0.1285      1.133    
  16       2.129352     0.8140       1.557625     0.1266      1.096    
  17      0.5180149     0.5176       1.554419     0.1228      1.102    
  18       1.266993     0.1938       1.520975     0.1133      1.116    
  19       1.256000     0.2250       1.500266     0.1069      1.117    
  20      0.7965924     0.5343       1.496364     0.1042      1.119    
   
 The answer is =   1.4963642543289044     
 Integral      =   1.4963642543289044      +-  0.10423897070640915     
 with chisq    =   1.1192379691287191     
   
   
