gfortran -O  -c ../vsup.f -o vsup.o
make: 'runDipole' is up to date.
make: 'runVir' is up to date.
LHAPDF 6.5.4 loading /home/niraj/1TB-Disc/Workspace-IITG/Packages/Install/LHAPDF-6.5.4/install/share/LHAPDF/MMHT2014nlo68cl/MMHT2014nlo68cl_0000.dat
MMHT2014nlo68cl PDF set, member #0, version 3; LHAPDF ID = 25100
LHAPDF 6.5.4 loading /home/niraj/1TB-Disc/Workspace-IITG/Packages/Install/LHAPDF-6.5.4/install/share/LHAPDF/MMHT2014nlo68cl/MMHT2014nlo68cl_0000.dat
MMHT2014nlo68cl PDF set, member #0, version 3; LHAPDF ID = 25100
   
   ----------------------------------
   |Initializing Dipole Subtraction  |
   ----------------------------------
  
  
  
 ~~~~~~~~~~~~~~~~~~~~~~~~~~~~~~~~~~~~~~~~
Using Vegas points:                   1.E+04
         Iteration:                    3
 ~~~~~~~~~~~~~~~~~~~~~~~~~~~~~~~~~~~~~~~~
  
 [1;32mFor xq =          100 [0m
  
 RM48 INITIALIZED:        40           0         0
   
   
 ~~~~~~~~~~~~~~~~~~~~~~~~~~~~~~~~~~~~~~~~~~~~
     Calculating virtual contribrtion
 ~~~~~~~~~~~~~~~~~~~~~~~~~~~~~~~~~~~~~~~~~~~~
   
  
 [1;32mFor xq =          100 [0m
  
 RM48 INITIALIZED:        40           0         0
   
   
 [1;32mIntegral virtual contribrtion:                       NaN [0m+-                       NaN
 with chisq    =                       NaN
  
  
  
 [1;32mFor xq =          200 [0m
  
 RM48 INITIALIZED:        40           0         0
   
   
 [1;32mIntegral virtual contribrtion:                       NaN [0m+-                       NaN
 with chisq    =                       NaN
  
  
  
 [1;32mFor xq =          300 [0m
  
 RM48 INITIALIZED:        40           0         0
   
   
 [1;32mIntegral [real-dipole]:                       NaN [0m+-                       NaN
 with chisq    =                       NaN
  
  
  
 [1;32mFor xq =          200 [0m
  
 RM48 INITIALIZED:        40           0         0
gfortran main.f -O  -o runPK alphaS.o PK_new.o pdf_lha.o lum.o printframe.o integrand.o phasespace.o vsup.o -lc -L./../ -lfile -L/home/niraj/1TB-Disc/Workspace-IITG/Packages/Install/LHAPDF-6.5.4/install/lib -lLHAPDF  
   
   
 [1;32mIntegral virtual contribrtion:                       NaN [0m+-                       NaN
 with chisq    =                       NaN
  
  
  
 [1;32mFor xq =          400 [0m
  
 RM48 INITIALIZED:        40           0         0
   
   
 [1;32mIntegral virtual contribrtion:                       NaN [0m+-                       NaN
 with chisq    =                       NaN
  
  
  
 [1;32mFor xq =          500 [0m
  
 RM48 INITIALIZED:        40           0         0
   
   
 [1;32mIntegral [real-dipole]:                       NaN [0m+-                       NaN
 with chisq    =                       NaN
  
  
  
 [1;32mFor xq =          300 [0m
  
 RM48 INITIALIZED:        40           0         0
LHAPDF 6.5.4 loading /home/niraj/1TB-Disc/Workspace-IITG/Packages/Install/LHAPDF-6.5.4/install/share/LHAPDF/MMHT2014nlo68cl/MMHT2014nlo68cl_0000.dat
MMHT2014nlo68cl PDF set, member #0, version 3; LHAPDF ID = 25100
   
   
 [1;32mIntegral virtual contribrtion:   1.9739502685135747E-005 [0m+-   2.8274887782277665E-006
 with chisq    =   1.1415028709547812     
  
  
  
 [1;32mFor xq =          600 [0m
  
 RM48 INITIALIZED:        40           0         0
   
   
 ~~~~~~~~~~~~~~~~~~~~~~~~~~~~~~~~~~~~~~~~~~~~
     Calculating P and K terms
 ~~~~~~~~~~~~~~~~~~~~~~~~~~~~~~~~~~~~~~~~~~~~
   
   
   
 ~~~~~~~~~~~~~~~~~~~~~~~~~~~~~~~~~~~~~~~~~~~~
     Calculating [+] distribution
 ~~~~~~~~~~~~~~~~~~~~~~~~~~~~~~~~~~~~~~~~~~~~
   
 ~~~~~~~~~~~~~~~~~~~~~~~~~~~~~~~~~~~~~~~~
Using Vegas points:                   1.E+05
         Iteration:                   10
 ~~~~~~~~~~~~~~~~~~~~~~~~~~~~~~~~~~~~~~~~
  
 [1;32mFor xq =          100 [0m
  
 RM48 INITIALIZED:        40           0         0
   
   
 [1;32mIntegral [real-dipole]:                       NaN [0m+-                       NaN
 with chisq    =                       NaN
  
  
  
 [1;32mFor xq =          400 [0m
  
 RM48 INITIALIZED:        40           0         0
   
   
 [1;32mIntegral virtual contribrtion:   2.8461828953046683E-007 [0m+-   4.1114208252136667E-007
 with chisq    =   1.2874816242361808     
  
  
  
 [1;32mFor xq =          700 [0m
  
 RM48 INITIALIZED:        40           0         0
   
   
 [1;32mIntegral virtual contribrtion:   3.6480381321751160E-007 [0m+-   3.4093444196494996E-008
 with chisq    =   1.3021089918779918     
  
  
  
 [1;32mFor xq =          800 [0m
  
 RM48 INITIALIZED:        40           0         0
   
   
 [1;32mIntegral [real-dipole]:  -3.1258296202695900E-007 [0m+-   1.6326600156171475E-007
 with chisq    =  0.75020966031210146     
  
  
  
 [1;32mFor xq =          500 [0m
  
 RM48 INITIALIZED:        40           0         0
   
   
 [1;32mIntegral virtual contribrtion:   1.5854792230701862E-006 [0m+-   1.2391498988754039E-007
 with chisq    =   1.7812523197840888     
  
  
  
 [1;32mFor xq =          900 [0m
  
 RM48 INITIALIZED:        40           0         0
   
   
 [1;32mIntegral virtual contribrtion:   6.1688398228340070E-007 [0m+-   1.0879292028965040E-007
 with chisq    =  0.45721735879920533     
  
  
  
 [1;32mFor xq =         1000 [0m
  
 RM48 INITIALIZED:        40           0         0
   
   
 [1;32mIntegral [real-dipole]:   3.3754048544521769E-008 [0m+-   5.0300524175288679E-008
 with chisq    =   1.1086172432227857     
  
  
  
 [1;32mFor xq =          600 [0m
  
 RM48 INITIALIZED:        40           0         0
   
   
 [1;32mIntegral virtual contribrtion:   5.0400775353076612E-007 [0m+-   5.8743238112062077E-008
 with chisq    =  0.84465763997590959     
  
  
  
 [1;32mFor xq =         1100 [0m
  
 RM48 INITIALIZED:        40           0         0
   
   
 [1;32mIntegral virtual contribrtion:                       NaN [0m+-                       NaN
 with chisq    =                       NaN
  
  
  
 [1;32mFor xq =         1200 [0m
  
 RM48 INITIALIZED:        40           0         0
   
   
 [1;32mIntegral virtual contribrtion:   1.0419607759691057E-010 [0m+-   1.0201007267025296E-011
 with chisq    =   1.7558419544405701     
  
  
  
 [1;32mFor xq =         1300 [0m
  
 RM48 INITIALIZED:        40           0         0
   
   
 [1;32mIntegral [real-dipole]:  -2.1858929739220960E-008 [0m+-   2.3196711166470072E-008
 with chisq    =   1.1356834130957290     
  
  
  
 [1;32mFor xq =          700 [0m
  
 RM48 INITIALIZED:        40           0         0
   
   
 [1;32mIntegral virtual contribrtion:   1.7157475032157017E-007 [0m+-   2.4017596943084016E-008
 with chisq    =   1.4669287764660521     
  
  
  
 [1;32mFor xq =         1400 [0m
  
 RM48 INITIALIZED:        40           0         0
   
   
 [1;32mIntegral virtual contribrtion:   4.4563954194137483E-008 [0m+-   7.1704182604682883E-009
 with chisq    =   2.3968145210467147     
  
  
  
 [1;32mFor xq =         1500 [0m
  
 RM48 INITIALIZED:        40           0         0
   
   
 [1;32mIntegral [real-dipole]:  -5.8684513806794853E-009 [0m+-   4.3071254666583327E-009
 with chisq    =   1.5107565439110946     
  
  
  
 [1;32mFor xq =          800 [0m
  
 RM48 INITIALIZED:        40           0         0
   
   
 [1;32mIntegral virtual contribrtion:   6.2871512671260702E-010 [0m+-   5.5947155862570899E-011
 with chisq    =  0.47076215438545405     
  
  
  
 [1;32mFor xq =         1600 [0m
  
 RM48 INITIALIZED:        40           0         0
   
   
 [1;32mIntegral virtual contribrtion:   1.2625656126551077E-009 [0m+-   9.0546047713791921E-011
 with chisq    =  0.63485666877993951     
  
  
  
 [1;32mFor xq =         1700 [0m
  
 RM48 INITIALIZED:        40           0         0
   
   
 [1;32mIntegral virtual contribrtion:                       NaN [0m+-                       NaN
 with chisq    =                       NaN
  
  
  
 [1;32mFor xq =         1800 [0m
  
 RM48 INITIALIZED:        40           0         0
   
   
 [1;32mIntegral [real-dipole]:  -8.9416041147365589E-008 [0m+-   8.9991839095745667E-008
 with chisq    =   1.0288132271384745     
  
  
  
 [1;32mFor xq =          900 [0m
  
 RM48 INITIALIZED:        40           0         0
   
   
 [1;32mIntegral virtual contribrtion:   4.1403695446908559E-009 [0m+-   3.2529605602780883E-010
 with chisq    =   1.3551232671449283     
  
  
  
 [1;32mFor xq =         1900 [0m
  
 RM48 INITIALIZED:        40           0         0
   
   
 [1;32mIntegral virtual contribrtion:   1.6544518412275819E-009 [0m+-   1.8943813277298305E-011
 with chisq    =   1.7961223406600151     
  
  
  
 [1;32mFor xq =         2000 [0m
  
 RM48 INITIALIZED:        40           0         0
   
   
 [1;32mIntegral [real-dipole]:  -4.6810646365791881E-008 [0m+-   7.4881594931208505E-008
 with chisq    =   1.1213334568852287     
  
  
  
 [1;32mFor xq =         1000 [0m
  
 RM48 INITIALIZED:        40           0         0
   
   
 [1;32mIntegral virtual contribrtion:   1.2449160993317788E-008 [0m+-   7.4655225511761578E-009
 with chisq    =   1.1914781812896091     
  
  
  
 [1;32m   xq         Integral virtual contribrtion                 error[0m
    100                        NaN                        NaN
    200                        NaN                        NaN
    300                        NaN                        NaN
    400                        NaN                        NaN
    500      0.197395026851357E-04      0.282748877822777E-05
    600      0.284618289530467E-06      0.411142082521367E-06
    700      0.364803813217512E-06      0.340934441964950E-07
    800      0.158547922307019E-05      0.123914989887540E-06
    900      0.616883982283401E-06      0.108792920289650E-06
   1000      0.504007753530766E-06      0.587432381120621E-07
   1100                        NaN                        NaN
   1200      0.104196077596911E-09      0.102010072670253E-10
   1300      0.171574750321570E-06      0.240175969430840E-07
   1400      0.445639541941375E-07      0.717041826046829E-08
   1500      0.628715126712607E-09      0.559471558625709E-10
   1600      0.126256561265511E-08      0.905460477137919E-10
   1700                        NaN                        NaN
   1800      0.414036954469086E-08      0.325296056027809E-09
   1900      0.165445184122758E-08      0.189438132772983E-10
   2000      0.124491609933178E-07      0.746552255117616E-08
Thanks for using LHAPDF 6.5.4. Please make sure to cite the paper:
  Eur.Phys.J. C75 (2015) 3, 132  (http://arxiv.org/abs/1412.7420)
   
   
 [1;32mIntegral [real-dipole]:                       NaN [0m+-                       NaN
 with chisq    =                       NaN
  
  
  
 [1;32mFor xq =         1100 [0m
  
 RM48 INITIALIZED:        40           0         0
   
   
 [1;32mIntegral [real-dipole]:  -1.2267188393617051E-010 [0m+-   2.6175206846548543E-010
 with chisq    =  0.56614891120068056     
  
  
  
 [1;32mFor xq =         1200 [0m
  
 RM48 INITIALIZED:        40           0         0
   
   
 [1;32mIntegral [real-dipole]:  -3.1163885185893802E-009 [0m+-   2.0571792267144500E-009
 with chisq    =  0.80849578869055205     
  
  
  
 [1;32mFor xq =         1300 [0m
  
 RM48 INITIALIZED:        40           0         0
   
   
 [1;32mIntegral [real-dipole]:  -2.5027031851853564E-010 [0m+-   2.5719265396310605E-010
 with chisq    =   1.0211120506222817     
  
  
  
 [1;32mFor xq =         1400 [0m
  
 RM48 INITIALIZED:        40           0         0
   
   
 [1;32mIntegral [real-dipole]:                       NaN [0m+-                       NaN
 with chisq    =                       NaN
  
  
  
 [1;32mFor xq =         1500 [0m
  
 RM48 INITIALIZED:        40           0         0
   
   
 [1;32mIntegral [real-dipole]:  -1.9024559518370985E-010 [0m+-   1.2645574034812965E-010
 with chisq    =   1.4853938664500177     
  
  
  
 [1;32mFor xq =         1600 [0m
  
 RM48 INITIALIZED:        40           0         0
   
   
 [1;32mIntegral [real-dipole]:                       NaN [0m+-                       NaN
 with chisq    =                       NaN
  
  
  
 [1;32mFor xq =         1700 [0m
  
 RM48 INITIALIZED:        40           0         0
   
   
 [1;32mIntegral [real-dipole]:  -6.7955893244817324E-014 [0m+-   6.3766336840356893E-014
 with chisq    =   1.0405615250033273     
  
  
  
 [1;32mFor xq =         1800 [0m
  
 RM48 INITIALIZED:        40           0         0
   
   
 [1;32mIntegral [real-dipole]:                       NaN [0m+-                       NaN
 with chisq    =                       NaN
  
  
  
 [1;32mFor xq =         1900 [0m
  
 RM48 INITIALIZED:        40           0         0
   
   
 [1;32mIntegral [real-dipole]:                       NaN [0m+-                       NaN
 with chisq    =                       NaN
  
  
  
 [1;32mFor xq =         2000 [0m
  
 RM48 INITIALIZED:        40           0         0
   
   
 [1;32mIntegral [real-dipole]:   2.0458727896211133E-012 [0m+-   2.7340991111831653E-012
 with chisq    =   1.0859846936675734     
  
  
  
 [1;32m   xq         Integral [real-dipole]                 error[0m
    100                        NaN                        NaN
    200                        NaN                        NaN
    300                        NaN                        NaN
    400     -0.312582962026959E-06      0.163266001561715E-06
    500      0.337540485445218E-07      0.503005241752887E-07
    600     -0.218589297392210E-07      0.231967111664701E-07
    700     -0.586845138067949E-08      0.430712546665833E-08
    800     -0.894160411473656E-07      0.899918390957457E-07
    900     -0.468106463657919E-07      0.748815949312085E-07
   1000                        NaN                        NaN
   1100     -0.122671883936171E-09      0.261752068465485E-09
   1200     -0.311638851858938E-08      0.205717922671445E-08
   1300     -0.250270318518536E-09      0.257192653963106E-09
   1400                        NaN                        NaN
   1500     -0.190245595183710E-09      0.126455740348130E-09
   1600                        NaN                        NaN
   1700     -0.679558932448173E-13      0.637663368403569E-13
   1800                        NaN                        NaN
   1900                        NaN                        NaN
   2000      0.204587278962111E-11      0.273409911118317E-11
Thanks for using LHAPDF 6.5.4. Please make sure to cite the paper:
  Eur.Phys.J. C75 (2015) 3, 132  (http://arxiv.org/abs/1412.7420)
   
   
 [1;32mIntegral Plus:  -5.8076526315700079      [0m+-   4.2678400190782027     
 with chisq    =   1.6982023419276409     
  
  
  
 [1;32mFor xq =          200 [0m
  
 RM48 INITIALIZED:        40           0         0
   
   
 [1;32mIntegral Plus:  -4.9264552119315632E-003 [0m+-   6.0705707504797486E-002
 with chisq    =   1.6954632790721980     
  
  
  
 [1;32mFor xq =          300 [0m
  
 RM48 INITIALIZED:        40           0         0
   
   
 [1;32mIntegral Plus:   1.7329028194532584E-002 [0m+-   3.4876492668772643E-002
 with chisq    =   1.7867505708482583     
  
  
  
 [1;32mFor xq =          400 [0m
  
 RM48 INITIALIZED:        40           0         0
   
   
 [1;32mIntegral Plus:   1.8845007415903331E-003 [0m+-   8.0221792150061335E-003
 with chisq    =   1.2872139138071745     
  
  
  
 [1;32mFor xq =          500 [0m
  
 RM48 INITIALIZED:        40           0         0
   
   
 [1;32mIntegral Plus:  -1.0763849395606677E-003 [0m+-   4.0498166183040507E-003
 with chisq    =   1.4604329688826510     
  
  
  
 [1;32mFor xq =          600 [0m
  
 RM48 INITIALIZED:        40           0         0
   
   
 [1;32mIntegral Plus:   1.9499841122767482E-004 [0m+-   9.3333277081851529E-004
 with chisq    =   1.4007692195423227     
  
  
  
 [1;32mFor xq =          700 [0m
  
 RM48 INITIALIZED:        40           0         0
   
   
 [1;32mIntegral Plus:   1.0300902486160251E-003 [0m+-   2.5420701445656346E-003
 with chisq    =   1.1063757796972871     
  
  
  
 [1;32mFor xq =          800 [0m
  
 RM48 INITIALIZED:        40           0         0
   
   
 [1;32mIntegral Plus:  -6.5070444786057774E-003 [0m+-   4.6546749506483692E-003
 with chisq    =   1.0280273673009044     
  
  
  
 [1;32mFor xq =          900 [0m
  
 RM48 INITIALIZED:        40           0         0
   
   
 [1;32mIntegral Plus:   7.6520340424702832E-004 [0m+-   6.3533144447260590E-004
 with chisq    =  0.71547945960839865     
  
  
  
 [1;32mFor xq =         1000 [0m
  
 RM48 INITIALIZED:        40           0         0
   
   
 [1;32mIntegral Plus:  -9.7318712704982338E-004 [0m+-   1.4425084309842100E-003
 with chisq    =   1.0443536309063941     
  
  
  
 [1;32mFor xq =         1100 [0m
  
 RM48 INITIALIZED:        40           0         0
   
   
 [1;32mIntegral Plus:   7.9519033574117519E-004 [0m+-   6.5755466840150404E-004
 with chisq    =   1.1252270423614277     
  
  
  
 [1;32mFor xq =         1200 [0m
  
 RM48 INITIALIZED:        40           0         0
   
   
 [1;32mIntegral Plus:  -4.1508972551062163E-004 [0m+-   4.5189307969393947E-004
 with chisq    =   1.1442326561883021     
  
  
  
 [1;32mFor xq =         1300 [0m
  
 RM48 INITIALIZED:        40           0         0
   
   
 [1;32mIntegral Plus:  -6.9339704037948378E-005 [0m+-   1.9820175419004517E-004
 with chisq    =  0.83433462791012125     
  
  
  
 [1;32mFor xq =         1400 [0m
  
 RM48 INITIALIZED:        40           0         0
   
   
 [1;32mIntegral Plus:   1.6922875659623781E-004 [0m+-   8.9234344822560228E-005
 with chisq    =  0.90955847555614966     
  
  
  
 [1;32mFor xq =         1500 [0m
  
 RM48 INITIALIZED:        40           0         0
   
   
 [1;32mIntegral Plus:   1.5490436864080251E-004 [0m+-   1.8902631611380179E-004
 with chisq    =  0.91384327685077638     
  
  
  
 [1;32mFor xq =         1600 [0m
  
 RM48 INITIALIZED:        40           0         0
   
   
 [1;32mIntegral Plus:   2.2509642469811988E-005 [0m+-   4.7703671555809518E-005
 with chisq    =  0.97271600758174237     
  
  
  
 [1;32mFor xq =         1700 [0m
  
 RM48 INITIALIZED:        40           0         0
   
   
 [1;32mIntegral Plus:   8.6206396464211491E-006 [0m+-   1.3974659612953654E-005
 with chisq    =   1.1749985102662714     
  
  
  
 [1;32mFor xq =         1800 [0m
  
 RM48 INITIALIZED:        40           0         0
   
   
 [1;32mIntegral Plus:   4.1851753858749171E-005 [0m+-   1.4627913873967431E-005
 with chisq    =   1.0484256700695738     
  
  
  
 [1;32mFor xq =         1900 [0m
  
 RM48 INITIALIZED:        40           0         0
   
   
 [1;32mIntegral Plus:   8.9813849272143376E-006 [0m+-   8.6021479692352600E-006
 with chisq    =   1.1314317375988063     
  
  
  
 [1;32mFor xq =         2000 [0m
  
 RM48 INITIALIZED:        40           0         0
   
   
 [1;32mIntegral Plus:  -2.9471337340897224E-005 [0m+-   1.0909596776284326E-005
 with chisq    =   1.4858454980480820     
  
  
  
 [1;32m   xq         Integral Plus                 error[0m
    100     -0.580765263157001E+01      0.426784001907820E+01
    200     -0.492645521193156E-02      0.607057075047975E-01
    300      0.173290281945326E-01      0.348764926687726E-01
    400      0.188450074159033E-02      0.802217921500613E-02
    500     -0.107638493956067E-02      0.404981661830405E-02
    600      0.194998411227675E-03      0.933332770818515E-03
    700      0.103009024861603E-02      0.254207014456563E-02
    800     -0.650704447860578E-02      0.465467495064837E-02
    900      0.765203404247028E-03      0.635331444472606E-03
   1000     -0.973187127049823E-03      0.144250843098421E-02
   1100      0.795190335741175E-03      0.657554668401504E-03
   1200     -0.415089725510622E-03      0.451893079693939E-03
   1300     -0.693397040379484E-04      0.198201754190045E-03
   1400      0.169228756596238E-03      0.892343448225602E-04
   1500      0.154904368640803E-03      0.189026316113802E-03
   1600      0.225096424698120E-04      0.477036715558095E-04
   1700      0.862063964642115E-05      0.139746596129537E-04
   1800      0.418517538587492E-04      0.146279138739674E-04
   1900      0.898138492721434E-05      0.860214796923526E-05
   2000     -0.294713373408972E-04      0.109095967762843E-04
   
   
 ~~~~~~~~~~~~~~~~~~~~~~~~~~~~~~~~~~~~~~~~~~~~
     Calculating Regular Terms
 ~~~~~~~~~~~~~~~~~~~~~~~~~~~~~~~~~~~~~~~~~~~~
   
 ~~~~~~~~~~~~~~~~~~~~~~~~~~~~~~~~~~~~~~~~
Using Vegas points:                   1.E+03
         Iteration:                   10
 ~~~~~~~~~~~~~~~~~~~~~~~~~~~~~~~~~~~~~~~~
  
 [1;32mFor xq =          100 [0m
  
 RM48 INITIALIZED:        40           0         0
   
   
 [1;32mIntegral Regular:  -6.0045332179070846E-006 [0m+-   9.1973245795394748E-006
 with chisq    =   1.0622409756575606     
  
  
  
 [1;32mFor xq =          200 [0m
  
 RM48 INITIALIZED:        40           0         0
   
   
 [1;32mIntegral Regular:                       NaN [0m+-                       NaN
 with chisq    =                       NaN
  
  
  
 [1;32mFor xq =          300 [0m
  
 RM48 INITIALIZED:        40           0         0
   
   
 [1;32mIntegral Regular:                       NaN [0m+-                       NaN
 with chisq    =                       NaN
  
  
  
 [1;32mFor xq =          400 [0m
  
 RM48 INITIALIZED:        40           0         0
   
   
 [1;32mIntegral Regular:                       NaN [0m+-                       NaN
 with chisq    =                       NaN
  
  
  
 [1;32mFor xq =          500 [0m
  
 RM48 INITIALIZED:        40           0         0
   
   
 [1;32mIntegral Regular:                       NaN [0m+-                       NaN
 with chisq    =                       NaN
  
  
  
 [1;32mFor xq =          600 [0m
  
 RM48 INITIALIZED:        40           0         0
   
   
 [1;32mIntegral Regular:                       NaN [0m+-                       NaN
 with chisq    =                       NaN
  
  
  
 [1;32mFor xq =          700 [0m
  
 RM48 INITIALIZED:        40           0         0
   
   
 [1;32mIntegral Regular:                       NaN [0m+-                       NaN
 with chisq    =                       NaN
  
  
  
 [1;32mFor xq =          800 [0m
  
 RM48 INITIALIZED:        40           0         0
   
   
 [1;32mIntegral Regular:                       NaN [0m+-                       NaN
 with chisq    =                       NaN
  
  
  
 [1;32mFor xq =          900 [0m
  
 RM48 INITIALIZED:        40           0         0
   
   
 [1;32mIntegral Regular:                       NaN [0m+-                       NaN
 with chisq    =                       NaN
  
  
  
 [1;32mFor xq =         1000 [0m
  
 RM48 INITIALIZED:        40           0         0
   
   
 [1;32mIntegral Regular:                       NaN [0m+-                       NaN
 with chisq    =                       NaN
  
  
  
 [1;32mFor xq =         1100 [0m
  
 RM48 INITIALIZED:        40           0         0
   
   
 [1;32mIntegral Regular:                       NaN [0m+-                       NaN
 with chisq    =                       NaN
  
  
  
 [1;32mFor xq =         1200 [0m
  
 RM48 INITIALIZED:        40           0         0
   
   
 [1;32mIntegral Regular:                       NaN [0m+-                       NaN
 with chisq    =                       NaN
  
  
  
 [1;32mFor xq =         1300 [0m
  
 RM48 INITIALIZED:        40           0         0
   
   
 [1;32mIntegral Regular:                       NaN [0m+-                       NaN
 with chisq    =                       NaN
  
  
  
 [1;32mFor xq =         1400 [0m
  
 RM48 INITIALIZED:        40           0         0
   
   
 [1;32mIntegral Regular:                       NaN [0m+-                       NaN
 with chisq    =                       NaN
  
  
  
 [1;32mFor xq =         1500 [0m
  
 RM48 INITIALIZED:        40           0         0
   
   
 [1;32mIntegral Regular:                       NaN [0m+-                       NaN
 with chisq    =                       NaN
  
  
  
 [1;32mFor xq =         1600 [0m
  
 RM48 INITIALIZED:        40           0         0
   
   
 [1;32mIntegral Regular:                       NaN [0m+-                       NaN
 with chisq    =                       NaN
  
  
  
 [1;32mFor xq =         1700 [0m
  
 RM48 INITIALIZED:        40           0         0
   
   
 [1;32mIntegral Regular:                       NaN [0m+-                       NaN
 with chisq    =                       NaN
  
  
  
 [1;32mFor xq =         1800 [0m
  
 RM48 INITIALIZED:        40           0         0
   
   
 [1;32mIntegral Regular:                       NaN [0m+-                       NaN
 with chisq    =                       NaN
  
  
  
 [1;32mFor xq =         1900 [0m
  
 RM48 INITIALIZED:        40           0         0
   
   
 [1;32mIntegral Regular:                       NaN [0m+-                       NaN
 with chisq    =                       NaN
  
  
  
 [1;32mFor xq =         2000 [0m
  
 RM48 INITIALIZED:        40           0         0
   
   
 [1;32mIntegral Regular:                       NaN [0m+-                       NaN
 with chisq    =                       NaN
  
  
  
 [1;32m   xq         Integral Regular                 error[0m
    100     -0.600453321790708E-05      0.919732457953947E-05
    200                        NaN                        NaN
    300                        NaN                        NaN
    400                        NaN                        NaN
    500                        NaN                        NaN
    600                        NaN                        NaN
    700                        NaN                        NaN
    800                        NaN                        NaN
    900                        NaN                        NaN
   1000                        NaN                        NaN
   1100                        NaN                        NaN
   1200                        NaN                        NaN
   1300                        NaN                        NaN
   1400                        NaN                        NaN
   1500                        NaN                        NaN
   1600                        NaN                        NaN
   1700                        NaN                        NaN
   1800                        NaN                        NaN
   1900                        NaN                        NaN
   2000                        NaN                        NaN
   
   
 ~~~~~~~~~~~~~~~~~~~~~~~~~~~~~~~~~~~~~~~~~~~~
     Calculating Delta Functions
 ~~~~~~~~~~~~~~~~~~~~~~~~~~~~~~~~~~~~~~~~~~~~
   
 ~~~~~~~~~~~~~~~~~~~~~~~~~~~~~~~~~~~~~~~~
Using Vegas points:                   1.E+03
         Iteration:                   10
 ~~~~~~~~~~~~~~~~~~~~~~~~~~~~~~~~~~~~~~~~
  
 [1;32mFor xq =          100 [0m
  
 RM48 INITIALIZED:        40           0         0
   
   
 [1;32mIntegral Delta:                       NaN [0m+-                       NaN
 with chisq    =                       NaN
  
  
  
 [1;32mFor xq =          200 [0m
  
 RM48 INITIALIZED:        40           0         0
   
   
 [1;32mIntegral Delta:                       NaN [0m+-                       NaN
 with chisq    =                       NaN
  
  
  
 [1;32mFor xq =          300 [0m
  
 RM48 INITIALIZED:        40           0         0
   
   
 [1;32mIntegral Delta:                       NaN [0m+-                       NaN
 with chisq    =                       NaN
  
  
  
 [1;32mFor xq =          400 [0m
  
 RM48 INITIALIZED:        40           0         0
   
   
 [1;32mIntegral Delta:                       NaN [0m+-                       NaN
 with chisq    =                       NaN
  
  
  
 [1;32mFor xq =          500 [0m
  
 RM48 INITIALIZED:        40           0         0
   
   
 [1;32mIntegral Delta:                       NaN [0m+-                       NaN
 with chisq    =                       NaN
  
  
  
 [1;32mFor xq =          600 [0m
  
 RM48 INITIALIZED:        40           0         0
   
   
 [1;32mIntegral Delta:                       NaN [0m+-                       NaN
 with chisq    =                       NaN
  
  
  
 [1;32mFor xq =          700 [0m
  
 RM48 INITIALIZED:        40           0         0
   
   
 [1;32mIntegral Delta:                       NaN [0m+-                       NaN
 with chisq    =                       NaN
  
  
  
 [1;32mFor xq =          800 [0m
  
 RM48 INITIALIZED:        40           0         0
   
   
 [1;32mIntegral Delta:                       NaN [0m+-                       NaN
 with chisq    =                       NaN
  
  
  
 [1;32mFor xq =          900 [0m
  
 RM48 INITIALIZED:        40           0         0
   
   
 [1;32mIntegral Delta:                       NaN [0m+-                       NaN
 with chisq    =                       NaN
  
  
  
 [1;32mFor xq =         1000 [0m
  
 RM48 INITIALIZED:        40           0         0
   
   
 [1;32mIntegral Delta:                       NaN [0m+-                       NaN
 with chisq    =                       NaN
  
  
  
 [1;32mFor xq =         1100 [0m
  
 RM48 INITIALIZED:        40           0         0
   
   
 [1;32mIntegral Delta:                       NaN [0m+-                       NaN
 with chisq    =                       NaN
  
  
  
 [1;32mFor xq =         1200 [0m
  
 RM48 INITIALIZED:        40           0         0
   
   
 [1;32mIntegral Delta:                       NaN [0m+-                       NaN
 with chisq    =                       NaN
  
  
  
 [1;32mFor xq =         1300 [0m
  
 RM48 INITIALIZED:        40           0         0
   
   
 [1;32mIntegral Delta:                       NaN [0m+-                       NaN
 with chisq    =                       NaN
  
  
  
 [1;32mFor xq =         1400 [0m
  
 RM48 INITIALIZED:        40           0         0
   
   
 [1;32mIntegral Delta:                       NaN [0m+-                       NaN
 with chisq    =                       NaN
  
  
  
 [1;32mFor xq =         1500 [0m
  
 RM48 INITIALIZED:        40           0         0
   
   
 [1;32mIntegral Delta:                       NaN [0m+-                       NaN
 with chisq    =                       NaN
  
  
  
 [1;32mFor xq =         1600 [0m
  
 RM48 INITIALIZED:        40           0         0
   
   
 [1;32mIntegral Delta:                       NaN [0m+-                       NaN
 with chisq    =                       NaN
  
  
  
 [1;32mFor xq =         1700 [0m
  
 RM48 INITIALIZED:        40           0         0
   
   
 [1;32mIntegral Delta:                       NaN [0m+-                       NaN
 with chisq    =                       NaN
  
  
  
 [1;32mFor xq =         1800 [0m
  
 RM48 INITIALIZED:        40           0         0
   
   
 [1;32mIntegral Delta:                       NaN [0m+-                       NaN
 with chisq    =                       NaN
  
  
  
 [1;32mFor xq =         1900 [0m
  
 RM48 INITIALIZED:        40           0         0
   
   
 [1;32mIntegral Delta:                       NaN [0m+-                       NaN
 with chisq    =                       NaN
  
  
  
 [1;32mFor xq =         2000 [0m
  
 RM48 INITIALIZED:        40           0         0
   
   
 [1;32mIntegral Delta:                       NaN [0m+-                       NaN
 with chisq    =                       NaN
  
  
  
 [1;32m   xq         Integral Delta                 error[0m
    100                        NaN                        NaN
    200                        NaN                        NaN
    300                        NaN                        NaN
    400                        NaN                        NaN
    500                        NaN                        NaN
    600                        NaN                        NaN
    700                        NaN                        NaN
    800                        NaN                        NaN
    900                        NaN                        NaN
   1000                        NaN                        NaN
   1100                        NaN                        NaN
   1200                        NaN                        NaN
   1300                        NaN                        NaN
   1400                        NaN                        NaN
   1500                        NaN                        NaN
   1600                        NaN                        NaN
   1700                        NaN                        NaN
   1800                        NaN                        NaN
   1900                        NaN                        NaN
   2000                        NaN                        NaN
  
 [1;32m   xq         Integral Sigma NLO                 error[0m
    100                        NaN                        NaN
    200                        NaN                        NaN
    300                        NaN                        NaN
    400                        NaN                        NaN
    500                        NaN                        NaN
    600                        NaN                        NaN
    700                        NaN                        NaN
    800                        NaN                        NaN
    900                        NaN                        NaN
   1000                        NaN                        NaN
   1100                        NaN                        NaN
   1200                        NaN                        NaN
   1300                        NaN                        NaN
   1400                        NaN                        NaN
   1500                        NaN                        NaN
   1600                        NaN                        NaN
   1700                        NaN                        NaN
   1800                        NaN                        NaN
   1900                        NaN                        NaN
   2000                        NaN                        NaN
Thanks for using LHAPDF 6.5.4. Please make sure to cite the paper:
  Eur.Phys.J. C75 (2015) 3, 132  (http://arxiv.org/abs/1412.7420)
