Wednesday 01 May 2024 04:21:08 PM IST
----------------------------------------------------------------------
13600.0D0				! ECM in GeV
-----------------------------------------------------------------------
1					! MODP=1 LHC; MODP=2 TEVATRON
-----------------------------------------------------------------------
0					! MODL=0 DY
-----------------------------------------------------------------------
1					! Channel(DY): 1=qqbar
-----------------------------------------------------------------------
0					! Process for 0=Neutral Full DY, 1=Only Z, Charge DY 2=W+, 3=W-, 4=(W+ and W-)
-----------------------------------------------------------------------
0					! Associated Higgs Production 0 = OFF, 1 = ON
-----------------------------------------------------------------------
1					! SV=1, RESUM=2
-----------------------------------------------------------------------
2 2 					! LO=0, NLO=1, NNLO=2, N3LO=3
-----------------------------------------------------------------------
1 					! m11 on(1) off(0)
-----------------------------------------------------------------------
1 1 185.0 10.0				! Q variation: IQI, IQF ,Qbase, stepsize
-----------------------------------------------------------------------
6 6					! MuR/Q Variation (1:Q/10, 2:Q/8, 3:Q/6, 4:Q/4, 5:Q/2, 6:Q, 7:2Q, 8:4Q, 9:6Q, 10:8Q, 11:10Q) 
-----------------------------------------------------------------------
6 6					! MuF/Q Variation (1:Q/10, 2:Q/8, 3:Q/6, 4:Q/4, 5:Q/2, 6:Q, 7:2Q, 8:4Q, 9:6Q, 10:8Q, 11:10Q) 
-----------------------------------------------------------------------
4 4                                     ! 7-points scale variation
-----------------------------------------------------------------------
! Choice of PDF below! MMHT2014lo68cl,MSTW2008lo68cl,CT10nnlo,ABMP16_5_nnlo,PDF4LHC15_nnlo_30,NNPDF23_nnlo_as_0118
 'NNPDF30_lo_as_0118'
 'NNPDF30_nlo_as_0118'
 'NNPDF30_nnlo_as_0118'
-----------------------------------------------------------------------
0 0					! PDF variation: eg. 1 50 for MMHT (0 0 is central)
-----------------------------------------------------------------------
'loSMqqb_ZZ_res_mz_muR_muF.dat'				! output file name LO
'nloSMqqb_ZZ_res_mz_muR_muF.dat'				! output file name NLO
'nnloSMqqb_ZZ_res_mz_muR_muF.dat'			! output file name NNLO
'n3loSMqqb_ZZ_res_mz_muR_muF.dat'			! output file name N3LO
-----------------------------------------------------------------------
!  'MMHT2014lo68cl'
!  'MMHT2014nlo68cl'
!  'MMHT2014nnlo68cl'

  <=  VEGAS INPUT  => 

1d+4  			! vegas points     LO 2 body
6			! vegas iterations LO 2 body

  <=  DATA  => 

 ******************************************************
 INVARIANT MASS DISTRIBUTION OF ZZ AT THE LHC 
 ******************************************************
 CENTRE OF ENERGY =   13600.000000000000      TEV
 MASS OF HIGGS =   125.09999999999999      MASS OF Z =   91.187600000000003     
 FERMI CONSTANT =   1.1663790246529970E-005 FINE STRUCTURE CONSTANT=   128.00000000000000     
 SIN^2(THETA_w) =  0.22289722252391819      COS^2(THETA_w)  0.77710277747608181     
 ******************************************************
LHAPDF 6.5.1 loading /home/vaibhav/work/LHAPDF/share/LHAPDF/NNPDF30_nnlo_as_0118/NNPDF30_nnlo_as_0118_0000.dat
NNPDF30_nnlo_as_0118 PDF set, member #0, version 2; LHAPDF ID = 261000
 Qmin, Qmax =    190.00000000000000        200.00000000000000     
 ******************************************************
 Running Order           2 with PDF=NNPDF30_nnlo_as_0118                              
 Q=   195.00000000000000      MUR=   91.187600000000003      MUF=   91.187600000000003     
 ******************************************************
 RM48 INITIALIZED:        40           0         0



 INPUT PARAMETERS FOR VEGAS:  NDIM=  5  NCALL=       9375.
                              IT=    0  ITMX=    6
                              MDS=  1   ND=  50
   1       179.9621      86.76       179.9621      86.76      0.000    
   2       132.5165      9.908       133.6308      11.68     0.3787    
   3       137.0823      2.873       136.8253      3.052     0.2505    
   4       139.6378      1.467       139.0372      1.384     0.4047    
   5       136.5334      1.161       137.6708     0.9181     0.7742    
   6       138.9772     0.8579       138.3352     0.6384     0.8388    



 INPUT PARAMETERS FOR VEGAS:  NDIM=  5  NCALL=      98304.
                              IT=    0  ITMX=   12
                              MDS=  1   ND=  50
   1       139.4139     0.2724       139.4139     0.2724      0.000    
   2       139.5876     0.2629       139.5039     0.1892     0.2104    
   3       139.1588     0.2619       139.3860     0.1533     0.6752    
   4       139.5619     0.2442       139.4358     0.1299     0.5740    
   5       139.0595     0.2695       139.3652     0.1170     0.8254    
   6       139.4871     0.2440       139.3880     0.1055     0.7007    
   7       138.8763     0.2779       139.3240     0.9861E-01  1.076    
   8       139.7015     0.2693       139.3689     0.9260E-01  1.170    
   9       138.8368     0.2939       139.3211     0.8832E-01  1.395    
  10       139.6536     0.2748       139.3524     0.8408E-01  1.387    
  11       139.6313     0.2396       139.3831     0.7934E-01  1.369    
  12       139.4480     0.2655       139.3884     0.7601E-01  1.250    
 answer , counts=   139.38842300954718                0
 error =   7.6014935841019413E-002
 XSECT-02 =   199.86327826495432        91.187600000000003        91.187600000000003        139.38842300954718        7.6014935841019413E-002
Thanks for using LHAPDF 6.5.1. Please make sure to cite the paper:
  Eur.Phys.J. C75 (2015) 3, 132  (http://arxiv.org/abs/1412.7420)
Wednesday 01 May 2024 04:21:30 PM IST
