Wednesday 01 May 2024 04:17:35 PM IST
----------------------------------------------------------------------
13600.0D0				! ECM in GeV
-----------------------------------------------------------------------
1					! MODP=1 LHC; MODP=2 TEVATRON
-----------------------------------------------------------------------
0					! MODL=0 DY
-----------------------------------------------------------------------
1					! Channel(DY): 1=qqbar
-----------------------------------------------------------------------
0					! Process for 0=Neutral Full DY, 1=Only Z, Charge DY 2=W+, 3=W-, 4=(W+ and W-)
-----------------------------------------------------------------------
0					! Associated Higgs Production 0 = OFF, 1 = ON
-----------------------------------------------------------------------
1					! SV=1, RESUM=2
-----------------------------------------------------------------------
0 1 					! LO=0, NLO=1, NNLO=2, N3LO=3
-----------------------------------------------------------------------
1 					! m11 on(1) off(0)
-----------------------------------------------------------------------
1 1 185.0 10.0				! Q variation: IQI, IQF ,Qbase, stepsize
-----------------------------------------------------------------------
6 6					! MuR/Q Variation (1:Q/10, 2:Q/8, 3:Q/6, 4:Q/4, 5:Q/2, 6:Q, 7:2Q, 8:4Q, 9:6Q, 10:8Q, 11:10Q) 
-----------------------------------------------------------------------
6 6					! MuF/Q Variation (1:Q/10, 2:Q/8, 3:Q/6, 4:Q/4, 5:Q/2, 6:Q, 7:2Q, 8:4Q, 9:6Q, 10:8Q, 11:10Q) 
-----------------------------------------------------------------------
4 4                                     ! 7-points scale variation
-----------------------------------------------------------------------
! Choice of PDF below! MMHT2014lo68cl,MSTW2008lo68cl,CT10nnlo,ABMP16_5_nnlo,PDF4LHC15_nnlo_30,NNPDF23_nnlo_as_0118
 'NNPDF30_lo_as_0118'
 'NNPDF30_nlo_as_0118'
 'NNPDF30_nnlo_as_0118'
-----------------------------------------------------------------------
0 0					! PDF variation: eg. 1 50 for MMHT (0 0 is central)
-----------------------------------------------------------------------
'loSMqqb_ZZ_res_mz_muR_muF.dat'				! output file name LO
'nloSMqqb_ZZ_res_mz_muR_muF.dat'				! output file name NLO
'nnloSMqqb_ZZ_res_mz_muR_muF.dat'			! output file name NNLO
'n3loSMqqb_ZZ_res_mz_muR_muF.dat'			! output file name N3LO
-----------------------------------------------------------------------
!  'MMHT2014lo68cl'
!  'MMHT2014nlo68cl'
!  'MMHT2014nnlo68cl'

  <=  VEGAS INPUT  => 

1d+4  			! vegas points     LO 2 body
6			! vegas iterations LO 2 body

  <=  DATA  => 

 ******************************************************
 INVARIANT MASS DISTRIBUTION OF ZZ AT THE LHC 
 ******************************************************
 CENTRE OF ENERGY =   13600.000000000000      TEV
 MASS OF HIGGS =   125.09999999999999      MASS OF Z =   91.187600000000003     
 FERMI CONSTANT =   1.1663790246529970E-005 FINE STRUCTURE CONSTANT=   128.00000000000000     
 SIN^2(THETA_w) =  0.22289722252391819      COS^2(THETA_w)  0.77710277747608181     
 ******************************************************
LHAPDF 6.5.1 loading /home/vaibhav/work/LHAPDF/share/LHAPDF/NNPDF30_lo_as_0118/NNPDF30_lo_as_0118_0000.dat
NNPDF30_lo_as_0118 PDF set, member #0, version 2; LHAPDF ID = 262000
 Qmin, Qmax =    190.00000000000000        200.00000000000000     
 ******************************************************
 Running Order           0 with PDF=NNPDF30_lo_as_0118                                
 Q=   195.00000000000000      MUR=   91.187600000000003      MUF=   91.187600000000003     
 ******************************************************
 RM48 INITIALIZED:        40           0         0



 INPUT PARAMETERS FOR VEGAS:  NDIM=  5  NCALL=       9375.
                              IT=    0  ITMX=    6
                              MDS=  1   ND=  50
   1       149.8560      70.09       149.8560      70.09      0.000    
   2       107.0345      8.806       108.3197      10.55     0.4795    
   3       108.9122      2.467       108.8692      2.695     0.2681    
   4       111.7418      1.297       111.1083      1.236     0.4966    
   5       108.9231     0.9172       109.8043     0.7704     0.8708    
   6       110.9636     0.7066       110.3963     0.5334     0.9473    



 INPUT PARAMETERS FOR VEGAS:  NDIM=  5  NCALL=      98304.
                              IT=    0  ITMX=   12
                              MDS=  1   ND=  50
   1       111.2077     0.1968       111.2077     0.1968      0.000    
   2       111.4606     0.1920       111.3376     0.1374     0.8462    
   3       111.2791     0.1903       111.3176     0.1114     0.4542    
   4       111.4839     0.1826       111.3628     0.9510E-01 0.5045    
   5       111.0740     0.1942       111.3072     0.8541E-01 0.8232    
   6       111.4562     0.1812       111.3343     0.7725E-01 0.7692    
   7       110.9986     0.1972       111.2899     0.7193E-01  1.058    
   8       111.5524     0.1940       111.3217     0.6744E-01  1.137    
   9       110.9757     0.2065       111.2886     0.6411E-01  1.311    
  10       111.5101     0.1946       111.3103     0.6089E-01  1.296    
  11       111.4737     0.1807       111.3271     0.5770E-01  1.239    
  12       111.5236     0.1874       111.3441     0.5515E-01  1.218    
 answer , counts=   111.34412506050067                0
 error =   5.5147477248665783E-002
 XSECT-00 =   199.86281180995084        91.187600000000003        91.187600000000003        111.34412506050067        5.5147477248665783E-002
LHAPDF 6.5.1 loading /home/vaibhav/work/LHAPDF/share/LHAPDF/NNPDF30_nlo_as_0118/NNPDF30_nlo_as_0118_0000.dat
NNPDF30_nlo_as_0118 PDF set, member #0, version 2; LHAPDF ID = 260000
 Qmin, Qmax =    190.00000000000000        200.00000000000000     
 ******************************************************
 Running Order           1 with PDF=NNPDF30_nlo_as_0118                               
 Q=   195.00000000000000      MUR=   91.187600000000003      MUF=   91.187600000000003     
 ******************************************************
 RM48 INITIALIZED:        40           0         0



 INPUT PARAMETERS FOR VEGAS:  NDIM=  5  NCALL=       9375.
                              IT=    0  ITMX=    6
                              MDS=  1   ND=  50
   1       176.8742      83.90       176.8742      83.90      0.000    
   2       130.9330      10.11       132.1179      11.85     0.3774    
   3       134.8022      2.903       134.6036      3.087     0.2317    
   4       137.3173      1.548       136.6974      1.448     0.3670    
   5       134.1459      1.149       135.2380     0.9320     0.7430    
   6       136.4411     0.8452       135.8665     0.6386     0.7816    



 INPUT PARAMETERS FOR VEGAS:  NDIM=  5  NCALL=      98304.
                              IT=    0  ITMX=   12
                              MDS=  1   ND=  50
   1       136.8329     0.2640       136.8329     0.2640      0.000    
   2       137.0547     0.2551       136.9478     0.1834     0.3648    
   3       136.7000     0.2545       136.8633     0.1488     0.4942    
   4       137.0251     0.2388       136.9086     0.1263     0.4397    
   5       136.5433     0.2618       136.8399     0.1138     0.7237    
   6       136.9539     0.2390       136.8610     0.1027     0.6160    
   7       136.3738     0.2702       136.7999     0.9600E-01 0.9849    
   8       137.1538     0.2621       136.8419     0.9015E-01  1.074    
   9       136.3286     0.2845       136.7954     0.8593E-01  1.308    
  10       137.0896     0.2646       136.8236     0.8173E-01  1.287    
  11       137.0966     0.2342       136.8534     0.7716E-01  1.279    
  12       136.9412     0.2569       136.8606     0.7390E-01  1.173    
 answer , counts=   136.86063984811818                0
 error =   7.3900537008401157E-002
 XSECT-01 =   199.86271810253339        91.187600000000003        91.187600000000003        136.86063984811818        7.3900537008401157E-002
Thanks for using LHAPDF 6.5.1. Please make sure to cite the paper:
  Eur.Phys.J. C75 (2015) 3, 132  (http://arxiv.org/abs/1412.7420)
Wednesday 01 May 2024 04:17:45 PM IST
