Wednesday 01 May 2024 04:28:00 PM IST
----------------------------------------------------------------------
13600.0D0				! ECM in GeV
-----------------------------------------------------------------------
1					! MODP=1 LHC; MODP=2 TEVATRON
-----------------------------------------------------------------------
0					! MODL=0 DY
-----------------------------------------------------------------------
1					! Channel(DY): 1=qqbar
-----------------------------------------------------------------------
0					! Process for 0=Neutral Full DY, 1=Only Z, Charge DY 2=W+, 3=W-, 4=(W+ and W-)
-----------------------------------------------------------------------
0					! Associated Higgs Production 0 = OFF, 1 = ON
-----------------------------------------------------------------------
1					! SV=1, RESUM=2
-----------------------------------------------------------------------
2 2 					! LO=0, NLO=1, NNLO=2, N3LO=3
-----------------------------------------------------------------------
1 					! m11 on(1) off(0)
-----------------------------------------------------------------------
1 1 185.0 10.0				! Q variation: IQI, IQF ,Qbase, stepsize
-----------------------------------------------------------------------
6 6					! MuR/Q Variation (1:Q/10, 2:Q/8, 3:Q/6, 4:Q/4, 5:Q/2, 6:Q, 7:2Q, 8:4Q, 9:6Q, 10:8Q, 11:10Q) 
-----------------------------------------------------------------------
6 6					! MuF/Q Variation (1:Q/10, 2:Q/8, 3:Q/6, 4:Q/4, 5:Q/2, 6:Q, 7:2Q, 8:4Q, 9:6Q, 10:8Q, 11:10Q) 
-----------------------------------------------------------------------
4 4                                     ! 7-points scale variation
-----------------------------------------------------------------------
! Choice of PDF below! MMHT2014lo68cl,MSTW2008lo68cl,CT10nnlo,ABMP16_5_nnlo,PDF4LHC15_nnlo_30,NNPDF23_nnlo_as_0118
 'NNPDF30_lo_as_0118'
 'NNPDF30_nlo_as_0118'
 'NNPDF30_nnlo_as_0118'
-----------------------------------------------------------------------
0 0					! PDF variation: eg. 1 50 for MMHT (0 0 is central)
-----------------------------------------------------------------------
'loSMqqb_ZZ_res_mz_muR_muF.dat'				! output file name LO
'nloSMqqb_ZZ_res_mz_muR_muF.dat'				! output file name NLO
'nnloSMqqb_ZZ_res_mz_muR_muF.dat'			! output file name NNLO
'n3loSMqqb_ZZ_res_mz_muR_muF.dat'			! output file name N3LO
-----------------------------------------------------------------------
!  'MMHT2014lo68cl'
!  'MMHT2014nlo68cl'
!  'MMHT2014nnlo68cl'

  <=  VEGAS INPUT  => 

1d+4  			! vegas points     LO 2 body
6			! vegas iterations LO 2 body

  <=  DATA  => 

 ******************************************************
 INVARIANT MASS DISTRIBUTION OF ZZ AT THE LHC 
 ******************************************************
 CENTRE OF ENERGY =   13600.000000000000      TEV
 MASS OF HIGGS =   125.09999999999999      MASS OF Z =   91.187600000000003     
 FERMI CONSTANT =   1.1663790246529970E-005 FINE STRUCTURE CONSTANT=   128.00000000000000     
 SIN^2(THETA_w) =  0.22289722252391819      COS^2(THETA_w)  0.77710277747608181     
 ******************************************************
LHAPDF 6.5.1 loading /home/vaibhav/work/LHAPDF/share/LHAPDF/NNPDF30_nnlo_as_0118/NNPDF30_nnlo_as_0118_0000.dat
NNPDF30_nnlo_as_0118 PDF set, member #0, version 2; LHAPDF ID = 261000
 Qmin, Qmax =    190.00000000000000        200.00000000000000     
 ******************************************************
 Running Order           2 with PDF=NNPDF30_nnlo_as_0118                              
 Q=   195.00000000000000      MUR=   91.187600000000003      MUF=   91.187600000000003     
 ******************************************************
 RM48 INITIALIZED:        40           0         0



 INPUT PARAMETERS FOR VEGAS:  NDIM=  5  NCALL=       9375.
                              IT=    0  ITMX=    6
                              MDS=  1   ND=  50
   1       182.3513      87.87       182.3513      87.87      0.000    
   2       134.3567      10.06       135.4874      11.85     0.3776    
   3       138.9352      2.910       138.6792      3.092     0.2485    
   4       141.5637      1.492       140.9445      1.406     0.4087    
   5       138.4003      1.178       139.5552     0.9324     0.7777    
   6       140.8811     0.8692       140.2311     0.6476     0.8418    



 INPUT PARAMETERS FOR VEGAS:  NDIM=  5  NCALL=      98304.
                              IT=    0  ITMX=   12
                              MDS=  1   ND=  50
   1       141.3109     0.2762       141.3109     0.2762      0.000    
   2       141.4859     0.2665       141.4017     0.1918     0.2080    
   3       141.0508     0.2657       141.2819     0.1555     0.6766    
   4       141.4640     0.2475       141.3335     0.1317     0.5802    
   5       140.9567     0.2731       141.2627     0.1186     0.8205    
   6       141.3830     0.2474       141.2852     0.1069     0.6947    
   7       140.7657     0.2818       141.2203     0.9998E-01  1.072    
   8       141.6025     0.2729       141.2657     0.9388E-01  1.166    
   9       140.7270     0.2979       141.2174     0.8953E-01  1.391    
  10       141.5539     0.2787       141.2490     0.8524E-01  1.383    
  11       141.5343     0.2428       141.2804     0.8043E-01  1.368    
  12       141.3487     0.2691       141.2860     0.7706E-01  1.249    
 answer , counts=   141.28603838331728                0
 error =   7.7058176800783765E-002
 XSECT-02 =   199.86322672847314        91.187600000000003        91.187600000000003        141.28603838331728        7.7058176800783765E-002
Thanks for using LHAPDF 6.5.1. Please make sure to cite the paper:
  Eur.Phys.J. C75 (2015) 3, 132  (http://arxiv.org/abs/1412.7420)
Wednesday 01 May 2024 04:28:07 PM IST
