Wednesday 01 May 2024 04:20:57 PM IST
----------------------------------------------------------------------
13600.0D0				! ECM in GeV
-----------------------------------------------------------------------
1					! MODP=1 LHC; MODP=2 TEVATRON
-----------------------------------------------------------------------
0					! MODL=0 DY
-----------------------------------------------------------------------
1					! Channel(DY): 1=qqbar
-----------------------------------------------------------------------
0					! Process for 0=Neutral Full DY, 1=Only Z, Charge DY 2=W+, 3=W-, 4=(W+ and W-)
-----------------------------------------------------------------------
0					! Associated Higgs Production 0 = OFF, 1 = ON
-----------------------------------------------------------------------
1					! SV=1, RESUM=2
-----------------------------------------------------------------------
2 2 					! LO=0, NLO=1, NNLO=2, N3LO=3
-----------------------------------------------------------------------
1 					! m11 on(1) off(0)
-----------------------------------------------------------------------
1 1 185.0 10.0				! Q variation: IQI, IQF ,Qbase, stepsize
-----------------------------------------------------------------------
6 6					! MuR/Q Variation (1:Q/10, 2:Q/8, 3:Q/6, 4:Q/4, 5:Q/2, 6:Q, 7:2Q, 8:4Q, 9:6Q, 10:8Q, 11:10Q) 
-----------------------------------------------------------------------
6 6					! MuF/Q Variation (1:Q/10, 2:Q/8, 3:Q/6, 4:Q/4, 5:Q/2, 6:Q, 7:2Q, 8:4Q, 9:6Q, 10:8Q, 11:10Q) 
-----------------------------------------------------------------------
4 4                                     ! 7-points scale variation
-----------------------------------------------------------------------
! Choice of PDF below! MMHT2014lo68cl,MSTW2008lo68cl,CT10nnlo,ABMP16_5_nnlo,PDF4LHC15_nnlo_30,NNPDF23_nnlo_as_0118
 'NNPDF30_lo_as_0118'
 'NNPDF30_nlo_as_0118'
 'NNPDF30_nnlo_as_0118'
-----------------------------------------------------------------------
0 0					! PDF variation: eg. 1 50 for MMHT (0 0 is central)
-----------------------------------------------------------------------
'loSMqqb_ZZ_res_mz_muR_muF.dat'				! output file name LO
'nloSMqqb_ZZ_res_mz_muR_muF.dat'				! output file name NLO
'nnloSMqqb_ZZ_res_mz_muR_muF.dat'			! output file name NNLO
'n3loSMqqb_ZZ_res_mz_muR_muF.dat'			! output file name N3LO
-----------------------------------------------------------------------
!  'MMHT2014lo68cl'
!  'MMHT2014nlo68cl'
!  'MMHT2014nnlo68cl'

  <=  VEGAS INPUT  => 

1d+4  			! vegas points     LO 2 body
6			! vegas iterations LO 2 body

  <=  DATA  => 

Wednesday 01 May 2024 04:20:58 PM IST
