Tuesday 30 April 2024 10:54:04 AM IST
----------------------------------------------------------------------
13600.0D0				! ECM in GeV
-----------------------------------------------------------------------
1					! MODP=1 LHC; MODP=2 TEVATRON
-----------------------------------------------------------------------
0					! MODL=0 DY
-----------------------------------------------------------------------
1					! Channel(DY): 1=qqbar
-----------------------------------------------------------------------
0					! Process for 0=Neutral Full DY, 1=Only Z, Charge DY 2=W+, 3=W-, 4=(W+ and W-)
-----------------------------------------------------------------------
0					! Associated Higgs Production 0 = OFF, 1 = ON
-----------------------------------------------------------------------
1					! SV=1, RESUM=2
-----------------------------------------------------------------------
0 0 					! LO=0, NLO=1, NNLO=2, N3LO=3
-----------------------------------------------------------------------
0 					! m11 on(1) off(0)
-----------------------------------------------------------------------
1 1 185.0 10.0				! Q variation: IQI, IQF ,Qbase, stepsize
-----------------------------------------------------------------------
6 6					! MuR/Q Variation (1:Q/10, 2:Q/8, 3:Q/6, 4:Q/4, 5:Q/2, 6:Q, 7:2Q, 8:4Q, 9:6Q, 10:8Q, 11:10Q) 
-----------------------------------------------------------------------
6 6					! MuF/Q Variation (1:Q/10, 2:Q/8, 3:Q/6, 4:Q/4, 5:Q/2, 6:Q, 7:2Q, 8:4Q, 9:6Q, 10:8Q, 11:10Q) 
-----------------------------------------------------------------------
4 4                                     ! 7-points scale variation
-----------------------------------------------------------------------
! Choice of PDF below! MMHT2014lo68cl,MSTW2008lo68cl,CT10nnlo,ABMP16_5_nnlo,PDF4LHC15_nnlo_30,NNPDF23_nnlo_as_0118
 'NNPDF30_lo_as_0118'
 'NNPDF30_nlo_as_0118'
 'NNPDF30_nnlo_as_0118'
-----------------------------------------------------------------------
0 0					! PDF variation: eg. 1 50 for MMHT (0 0 is central)
-----------------------------------------------------------------------
'loSMqqb_ZZ_res_mz_muR_muF.dat'				! output file name LO
'nloSMqqb_ZZ_res_mz_muR_muF.dat'				! output file name NLO
'nnloSMqqb_ZZ_res_mz_muR_muF.dat'			! output file name NNLO
'n3loSMqqb_ZZ_res_mz_muR_muF.dat'			! output file name N3LO
-----------------------------------------------------------------------
!  'MMHT2014lo68cl'
!  'MMHT2014nlo68cl'
!  'MMHT2014nnlo68cl'

  <=  VEGAS INPUT  => 

1d+3  			! vegas points     LO 2 body
6			! vegas iterations LO 2 body

  <=  DATA  => 

 ******************************************************
 INVARIANT MASS DISTRIBUTION OF ZZ AT THE LHC 
 ******************************************************
 CENTRE OF ENERGY =   13600.000000000000      TEV
 MASS OF HIGGS =   125.09999999999999      MASS OF Z =   91.187600000000003     
 FERMI CONSTANT =   1.1663790246529970E-005 FINE STRUCTURE CONSTANT=   128.00000000000000     
 SIN^2(THETA_w) =  0.22289722252391819      COS^2(THETA_w)  0.77710277747608181     
 ******************************************************
LHAPDF 6.5.1 loading /home/vaibhav/work/LHAPDF/share/LHAPDF/NNPDF30_lo_as_0118/NNPDF30_lo_as_0118_0000.dat
NNPDF30_lo_as_0118 PDF set, member #0, version 2; LHAPDF ID = 262000
 Qmin, Qmax =    190.00000000000000        200.00000000000000     
 ******************************************************
 Running Order           0 with PDF=NNPDF30_lo_as_0118                                
 Q=   195.00000000000000      MUR=   91.187600000000003      MUF=   91.187600000000003     
 ******************************************************
 RM48 INITIALIZED:        40           0         0



 INPUT PARAMETERS FOR VEGAS:  NDIM=  5  NCALL=        972.
                              IT=    0  ITMX=    6
                              MDS=  1   ND=  50
   1       5.534510      4.827       5.534510      4.827      0.000    
   2       62.00023      17.12       56.85830      11.58      1.967    
   3       120.2226      29.43       90.83237      14.01      2.855    
   4       102.7682      8.035       100.8602      6.090      1.782    
   5       116.3551      5.556       111.5904      3.661      2.091    
   6       110.7828      3.342       111.0781      2.294      1.563    



 INPUT PARAMETERS FOR VEGAS:  NDIM=  5  NCALL=       9375.
                              IT=    0  ITMX=   12
                              MDS=  1   ND=  50
   1       110.4942      2.793       110.4942      2.793      0.000    
   2       114.9177      1.440       114.0454      1.265      1.934    
   3       113.6124      1.833       113.9042      1.041     0.9812    
   4       108.7406      3.329       113.4753     0.9879      1.360    
   5       111.4824      1.404       112.8194     0.8085      1.357    
   6       108.8262      1.925       112.2484     0.7451      1.799    
   7       111.5744      1.665       112.1357     0.6801      1.522    
   8       110.9116      1.555       111.9406     0.6232      1.379    
   9       111.1446      1.180       111.7673     0.5511      1.252    
  10       109.1901      3.379       111.7030     0.5432      1.178    
  11       112.0103      1.388       111.7444     0.5057      1.063    
  12       108.6579      2.174       111.5928     0.4922      1.137    
 answer , counts=   111.59279537094811                0
 error =  0.49217661763780191     
 XSECT-00 =   199.15413499407296        91.187600000000003        91.187600000000003        111.59279537094811       0.49217661763780191     
Thanks for using LHAPDF 6.5.1. Please make sure to cite the paper:
  Eur.Phys.J. C75 (2015) 3, 132  (http://arxiv.org/abs/1412.7420)
Tuesday 30 April 2024 10:54:05 AM IST
