Wednesday 01 May 2024 03:36:05 PM IST
----------------------------------------------------------------------
13600.0D0				! ECM in GeV
-----------------------------------------------------------------------
1					! MODP=1 LHC; MODP=2 TEVATRON
-----------------------------------------------------------------------
0					! MODL=0 DY
-----------------------------------------------------------------------
1					! Channel(DY): 1=qqbar
-----------------------------------------------------------------------
0					! Process for 0=Neutral Full DY, 1=Only Z, Charge DY 2=W+, 3=W-, 4=(W+ and W-)
-----------------------------------------------------------------------
0					! Associated Higgs Production 0 = OFF, 1 = ON
-----------------------------------------------------------------------
1					! SV=1, RESUM=2
-----------------------------------------------------------------------
0 0 					! LO=0, NLO=1, NNLO=2, N3LO=3
-----------------------------------------------------------------------
1 					! m11 on(1) off(0)
-----------------------------------------------------------------------
1 1 185.0 10.0				! Q variation: IQI, IQF ,Qbase, stepsize
-----------------------------------------------------------------------
6 6					! MuR/Q Variation (1:Q/10, 2:Q/8, 3:Q/6, 4:Q/4, 5:Q/2, 6:Q, 7:2Q, 8:4Q, 9:6Q, 10:8Q, 11:10Q) 
-----------------------------------------------------------------------
6 6					! MuF/Q Variation (1:Q/10, 2:Q/8, 3:Q/6, 4:Q/4, 5:Q/2, 6:Q, 7:2Q, 8:4Q, 9:6Q, 10:8Q, 11:10Q) 
-----------------------------------------------------------------------
4 4                                     ! 7-points scale variation
-----------------------------------------------------------------------
! Choice of PDF below! MMHT2014lo68cl,MSTW2008lo68cl,CT10nnlo,ABMP16_5_nnlo,PDF4LHC15_nnlo_30,NNPDF23_nnlo_as_0118
 'NNPDF30_nnlo_as_0118'
 'NNPDF30_nlo_as_0118'
 'NNPDF30_nnlo_as_0118'
-----------------------------------------------------------------------
0 0					! PDF variation: eg. 1 50 for MMHT (0 0 is central)
-----------------------------------------------------------------------
'loSMqqb_ZZ_res_mz_muR_muF.dat'				! output file name LO
'nloSMqqb_ZZ_res_mz_muR_muF.dat'				! output file name NLO
'nnloSMqqb_ZZ_res_mz_muR_muF.dat'			! output file name NNLO
'n3loSMqqb_ZZ_res_mz_muR_muF.dat'			! output file name N3LO
-----------------------------------------------------------------------
!  'MMHT2014lo68cl'
!  'MMHT2014nlo68cl'
!  'MMHT2014nnlo68cl'

  <=  VEGAS INPUT  => 

1d+3  			! vegas points     LO 2 body
6			! vegas iterations LO 2 body

  <=  DATA  => 

 ******************************************************
 INVARIANT MASS DISTRIBUTION OF ZZ AT THE LHC 
 ******************************************************
 CENTRE OF ENERGY =   13600.000000000000      TEV
 MASS OF HIGGS =   125.09999999999999      MASS OF Z =   91.187600000000003     
 FERMI CONSTANT =   1.1663790246529970E-005 FINE STRUCTURE CONSTANT=   128.00000000000000     
 SIN^2(THETA_w) =  0.22289722252391819      COS^2(THETA_w)  0.77710277747608181     
 ******************************************************
LHAPDF 6.5.1 loading /home/vaibhav/work/LHAPDF/share/LHAPDF/NNPDF30_nnlo_as_0118/NNPDF30_nnlo_as_0118_0000.dat
NNPDF30_nnlo_as_0118 PDF set, member #0, version 2; LHAPDF ID = 261000
 Qmin, Qmax =    190.00000000000000        200.00000000000000     
 ******************************************************
 Running Order           0 with PDF=NNPDF30_nnlo_as_0118                              
 Q=   195.00000000000000      MUR=   91.187600000000003      MUF=   91.187600000000003     
 ******************************************************
 RM48 INITIALIZED:        40           0         0



 INPUT PARAMETERS FOR VEGAS:  NDIM=  5  NCALL=        972.
                              IT=    0  ITMX=    6
                              MDS=  1   ND=  50
   1       2.728701      2.399       2.728701      2.399      0.000    
   2       52.77418      13.65       48.78897      9.269      2.136    
   3       94.97300      18.01       77.94068      9.453      3.157    
   4       120.1668      8.591       112.4050      5.232      4.520    
   5       140.4093      8.033       128.0973      4.106      5.285    
   6       122.3948      4.069       124.5391      2.647      4.044    



 INPUT PARAMETERS FOR VEGAS:  NDIM=  5  NCALL=       9375.
                              IT=    0  ITMX=   12
                              MDS=  1   ND=  50
   1       128.1943      3.119       128.1943      3.119      0.000    
   2       124.9616      2.289       126.1314      1.852     0.7032    
   3       128.2074      1.257       127.5643      1.035     0.7783    
   4       127.5900     0.8600       127.5796     0.6608     0.5181    
   5       124.5069      2.916       127.4356     0.6424     0.6474    
   6       126.6945      1.508       127.3217     0.5910     0.5588    
   7       128.3002      1.321       127.4883     0.5393     0.5415    
   8       127.3885     0.8803       127.4610     0.4596     0.4651    
   9       118.0854      5.589       127.4065     0.4548     0.7202    
  10       123.0465      3.934       127.3516     0.4509     0.7722    
  11       126.5605      1.339       127.2701     0.4273     0.7258    
  12       126.2615      2.286       127.2359     0.4201     0.6766    
 answer , counts=   127.23585863404517                0
 error =  0.42007655809967015     
 XSECT-00 =   199.04289604607843        91.187600000000003        91.187600000000003        127.23585863404517       0.42007655809967015     
Thanks for using LHAPDF 6.5.1. Please make sure to cite the paper:
  Eur.Phys.J. C75 (2015) 3, 132  (http://arxiv.org/abs/1412.7420)
Wednesday 01 May 2024 03:36:06 PM IST
