Tuesday 30 April 2024 10:54:45 AM IST
----------------------------------------------------------------------
13600.0D0				! ECM in GeV
-----------------------------------------------------------------------
1					! MODP=1 LHC; MODP=2 TEVATRON
-----------------------------------------------------------------------
0					! MODL=0 DY
-----------------------------------------------------------------------
1					! Channel(DY): 1=qqbar
-----------------------------------------------------------------------
0					! Process for 0=Neutral Full DY, 1=Only Z, Charge DY 2=W+, 3=W-, 4=(W+ and W-)
-----------------------------------------------------------------------
0					! Associated Higgs Production 0 = OFF, 1 = ON
-----------------------------------------------------------------------
1					! SV=1, RESUM=2
-----------------------------------------------------------------------
2 2 					! LO=0, NLO=1, NNLO=2, N3LO=3
-----------------------------------------------------------------------
0 					! m11 on(1) off(0)
-----------------------------------------------------------------------
1 1 185.0 10.0				! Q variation: IQI, IQF ,Qbase, stepsize
-----------------------------------------------------------------------
6 6					! MuR/Q Variation (1:Q/10, 2:Q/8, 3:Q/6, 4:Q/4, 5:Q/2, 6:Q, 7:2Q, 8:4Q, 9:6Q, 10:8Q, 11:10Q) 
-----------------------------------------------------------------------
6 6					! MuF/Q Variation (1:Q/10, 2:Q/8, 3:Q/6, 4:Q/4, 5:Q/2, 6:Q, 7:2Q, 8:4Q, 9:6Q, 10:8Q, 11:10Q) 
-----------------------------------------------------------------------
4 4                                     ! 7-points scale variation
-----------------------------------------------------------------------
! Choice of PDF below! MMHT2014lo68cl,MSTW2008lo68cl,CT10nnlo,ABMP16_5_nnlo,PDF4LHC15_nnlo_30,NNPDF23_nnlo_as_0118
 'NNPDF30_lo_as_0118'
 'NNPDF30_nlo_as_0118'
 'NNPDF30_nnlo_as_0118'
-----------------------------------------------------------------------
0 0					! PDF variation: eg. 1 50 for MMHT (0 0 is central)
-----------------------------------------------------------------------
'loSMqqb_ZZ_res_mz_muR_muF.dat'				! output file name LO
'nloSMqqb_ZZ_res_mz_muR_muF.dat'				! output file name NLO
'nnloSMqqb_ZZ_res_mz_muR_muF.dat'			! output file name NNLO
'n3loSMqqb_ZZ_res_mz_muR_muF.dat'			! output file name N3LO
-----------------------------------------------------------------------
!  'MMHT2014lo68cl'
!  'MMHT2014nlo68cl'
!  'MMHT2014nnlo68cl'

  <=  VEGAS INPUT  => 

1d+3  			! vegas points     LO 2 body
6			! vegas iterations LO 2 body

  <=  DATA  => 

 ******************************************************
 INVARIANT MASS DISTRIBUTION OF ZZ AT THE LHC 
 ******************************************************
 CENTRE OF ENERGY =   13600.000000000000      TEV
 MASS OF HIGGS =   125.09999999999999      MASS OF Z =   91.187600000000003     
 FERMI CONSTANT =   1.1663790246529970E-005 FINE STRUCTURE CONSTANT=   128.00000000000000     
 SIN^2(THETA_w) =  0.22289722252391819      COS^2(THETA_w)  0.77710277747608181     
 ******************************************************
LHAPDF 6.5.1 loading /home/vaibhav/work/LHAPDF/share/LHAPDF/NNPDF30_nnlo_as_0118/NNPDF30_nnlo_as_0118_0000.dat
NNPDF30_nnlo_as_0118 PDF set, member #0, version 2; LHAPDF ID = 261000
 Qmin, Qmax =    190.00000000000000        200.00000000000000     
 ******************************************************
 Running Order           2 with PDF=NNPDF30_nnlo_as_0118                              
 Q=   195.00000000000000      MUR=   91.187600000000003      MUF=   91.187600000000003     
 ******************************************************
 RM48 INITIALIZED:        40           0         0



 INPUT PARAMETERS FOR VEGAS:  NDIM=  5  NCALL=        972.
                              IT=    0  ITMX=    6
                              MDS=  1   ND=  50
   1       3.184831      2.792       3.184831      2.792      0.000    
   2       61.91395      16.87       56.74242      11.41      2.129    
   3       130.4134      34.06       93.43618      15.37      3.167    
   4       152.0120      18.34       134.4468      10.58      3.480    
   5       148.5729      8.192       145.3262      5.561      2.458    
   6       146.9216      5.592       146.3117      3.615      1.787    



 INPUT PARAMETERS FOR VEGAS:  NDIM=  5  NCALL=       9375.
                              IT=    0  ITMX=   12
                              MDS=  1   ND=  50
   1       148.5175      2.392       148.5175      2.392      0.000    
   2       148.7163      1.357       148.6680      1.180     0.5220E-02
   3       149.2955      2.467       148.7857      1.065     0.2905E-01
   4       134.2811      7.528       148.5532      1.032      1.060    
   5       143.4587      5.191       148.3645      1.010      1.026    
   6       147.4051      2.417       148.2178     0.9320     0.8435    
   7       144.8783      4.858       148.1001     0.9149     0.7792    
   8       143.6457      2.573       147.6103     0.8619      1.043    
   9       148.3304      1.832       147.7456     0.7787     0.9245    
  10       143.1805      5.931       147.6706     0.7711     0.8873    
  11       147.1401      1.702       147.5783     0.7016     0.8048    
  12       142.1913      3.097       147.3263     0.6838     0.9860    
 answer , counts=   147.32625871020321                0
 error =  0.68375867366960308     
 XSECT-02 =   198.97728052631939        91.187600000000003        91.187600000000003        147.32625871020321       0.68375867366960308     
Thanks for using LHAPDF 6.5.1. Please make sure to cite the paper:
  Eur.Phys.J. C75 (2015) 3, 132  (http://arxiv.org/abs/1412.7420)
Tuesday 30 April 2024 11:04:37 AM IST
