******************************************************
 INVARIANT MASS DISTRIBUTION OF ZZ AT THE LHC 
 ******************************************************
 CENTRE OF ENERGY =   13600.000000000000      TEV
 MASS OF HIGGS =   125.09999999999999      MASS OF Z =   91.187600000000003     
 FERMI CONSTANT =   1.1663790246529970E-005 FINE STRUCTURE CONSTANT=   128.00000000000000     
 SIN^2(THETA_w) =  0.22289722252391819      COS^2(THETA_w)  0.77710277747608181     
 ******************************************************
LHAPDF 6.5.1 loading /home/vaibhav/work/LHAPDF/share/LHAPDF/NNPDF30_nnlo_as_0118/NNPDF30_nnlo_as_0118_0000.dat
NNPDF30_nnlo_as_0118 PDF set, member #0, version 2; LHAPDF ID = 261000
 Qmin, Qmax =    190.00000000000000        200.00000000000000     
 ******************************************************
 Running Order           2 with PDF=NNPDF30_nnlo_as_0118                              
 Q=   195.00000000000000      MUR=   91.187600000000003      MUF=   91.187600000000003     
 ******************************************************
 RM48 INITIALIZED:        40           0         0



 INPUT PARAMETERS FOR VEGAS:  NDIM=  5  NCALL=        972.
                              IT=    0  ITMX=    6
                              MDS=  1   ND=  50
   1       3.255168      2.854       3.255168      2.854      0.000    
   2       61.80755      16.17       57.01899      10.97      2.139    
   3       116.0002      24.53       91.48511      12.27      3.162    
   4       144.8288      12.05       133.6527      7.235      4.271    
   5       160.8944      10.95       148.4053      5.674      3.819    
   6       147.6197      5.938       147.9278      3.754      2.739    



 INPUT PARAMETERS FOR VEGAS:  NDIM=  5  NCALL=       9375.
                              IT=    0  ITMX=   12
                              MDS=  1   ND=  50
   1       150.9183      2.915       150.9183      2.915      0.000    
   2       151.8946      1.277       151.7392      1.167     0.9369E-01
   3       152.8500      1.993       152.0268      1.008     0.1631    
   4       142.0218      5.321       151.7226     0.9765      1.144    
   5       147.1935      2.365       151.0800     0.9018      1.631    
   6       149.0713      2.065       150.7582     0.8265      1.463    
   7       148.6352      3.892       150.6671     0.8082      1.268    
   8       148.6867      1.833       150.3459     0.7396      1.226    
   9       151.3383      2.163       150.4528     0.6999      1.093    
  10       143.9297      7.149       150.3951     0.6944      1.065    
  11       151.5789      1.410       150.6333     0.6217      1.013    
  12       147.2284      2.590       150.4519     0.6043      1.068    
 answer , counts=   150.45189893249190                0
 error =  0.60432518109677913     
 XSECT-02 =   199.02599732650236        91.187600000000003        91.187600000000003        150.45189893249190       0.60432518109677913     
Thanks for using LHAPDF 6.5.1. Please make sure to cite the paper:
  Eur.Phys.J. C75 (2015) 3, 132  (http://arxiv.org/abs/1412.7420)
