Thursday 20 June 2024 09:04:24 PM IST
$
<=  INPUT FILE  =>  

----------------------------------------------------------------------
13600.0D0				! ECM in GeV
-----------------------------------------------------------------------
1					! MODP=1 LHC; MODP=2 TEVATRON
-----------------------------------------------------------------------
0					! MODL=0 DY
-----------------------------------------------------------------------
1					! Channel(DY): 1=qqbar
-----------------------------------------------------------------------
0					! Process for 0=Neutral Full DY, 1=Only Z, Charge DY 2=W+, 3=W-, 4=(W+ and W-)
-----------------------------------------------------------------------
0					! Associated Higgs Production 0 = OFF, 1 = ON
-----------------------------------------------------------------------
1					! SV=1, RESUM=2
-----------------------------------------------------------------------
0 1 					! LO=0, NLO=1, NNLO=2, N3LO=3
-----------------------------------------------------------------------
0 					! m11 on(1) off(0)
-----------------------------------------------------------------------
1 10 500.0 500.0			! Q variation: IQI, IQF ,Qbase, stepsize
-----------------------------------------------------------------------
6 6					! MuR/Q Variation (1:Q/10, 2:Q/8, 3:Q/6, 4:Q/4, 5:Q/2, 6:Q, 7:2Q, 8:4Q, 9:6Q, 10:8Q, 11:10Q) 
-----------------------------------------------------------------------
6 6					! MuF/Q Variation (1:Q/10, 2:Q/8, 3:Q/6, 4:Q/4, 5:Q/2, 6:Q, 7:2Q, 8:4Q, 9:6Q, 10:8Q, 11:10Q) 
-----------------------------------------------------------------------
4 4                                     ! 7-points scale variation
-----------------------------------------------------------------------
! Choice of PDF below! MMHT2014lo68cl,MSTW2008lo68cl,CT10nnlo,ABMP16_5_nnlo,PDF4LHC15_nnlo_30,NNPDF23_nnlo_as_0118
 'NNPDF30_nlo_as_0118'
 'NNPDF30_nlo_as_0118'
 'NNPDF30_nnlo_as_0118'
-----------------------------------------------------------------------
0 0					! PDF variation: eg. 1 50 for MMHT (0 0 is central)
-----------------------------------------------------------------------
'loSMqqb_ZZ_res_Q_muR_muF.dat'				! output file name LO
'nloSMqqb_ZZ_res_Q_muR_muF.dat'				! output file name NLO
'nnloSMqqb_ZZ_res_Q_muR_muF.dat'			! output file name NNLO
'n3loSMqqb_ZZ_res_Q_muR_muF.dat'			! output file name N3LO
-----------------------------------------------------------------------
!  'MMHT2014lo68cl'
!  'MMHT2014nlo68cl'
!  'MMHT2014nnlo68cl'
$
  <=  VEGAS INPUT  => 

5d+5  			! vegas points     LO 2 body
6			! vegas iterations LO 2 body
$
  <=  DATA  => 

 ******************************************************
 INVARIANT MASS DISTRIBUTION OF ZZ AT THE LHC 
 ******************************************************
 CENTRE OF ENERGY =   13600.000000000000      TEV
 MASS OF HIGGS =   125.09999999999999      MASS OF Z =   0.0000000000000000     
 FERMI CONSTANT =   1.1663790246529970E-005 FINE STRUCTURE CONSTANT=   128.00000000000000     
 SIN^2(THETA_w) =                 -Infinity COS^2(THETA_w)                  Infinity
 ******************************************************
LHAPDF 6.5.4 loading /hdd1/Packages/install/share/LHAPDF/NNPDF30_nlo_as_0118/NNPDF30_nlo_as_0118_0000.dat
NNPDF30_nlo_as_0118 PDF set, member #0, version 2; LHAPDF ID = 260000
 Qmin, Qmax =    999.50000000000000        1000.5000000000000     
 Alphas(mZ) =   6.9529466880150077E-310
 ******************************************************
 Running Order           0 with PDF=NNPDF30_nlo_as_0118                               
 Q=   1000.0000000000000      MUR=   1000.0000000000000      MUF=   1000.0000000000000     
 ******************************************************
 RM48 INITIALIZED:        40           0         0



 INPUT PARAMETERS FOR VEGAS:  NDIM=  5  NCALL=     497664.
                              IT=    0  ITMX=    6
                              MDS=  1   ND=  50
   1      0.1744750E-01 0.5470E-03  0.1744750E-01 0.5470E-03  0.000    
   2      0.1785624E-01 0.2231E-04  0.1785559E-01 0.2204E-04 0.5447    
   3      0.1785931E-01 0.1017E-04  0.1785867E-01 0.9179E-05 0.2819    
   4      0.1784509E-01 0.9715E-05  0.1785222E-01 0.6662E-05 0.5327    
   5      0.1785079E-01 0.1060E-04  0.1785181E-01 0.5638E-05 0.4019    
   6      0.1784297E-01 0.1078E-04  0.1784990E-01 0.4995E-05 0.4272    



 INPUT PARAMETERS FOR VEGAS:  NDIM=  5  NCALL=    4952198.
                              IT=    0  ITMX=   12
                              MDS=  1   ND=  50
   1      0.1785608E-01 0.3045E-05  0.1785608E-01 0.3045E-05  0.000    
   2      0.1785623E-01 0.3046E-05  0.1785616E-01 0.2154E-05 0.1211E-02
   3      0.1785137E-01 0.3023E-05  0.1785455E-01 0.1754E-05 0.8339    
   4      0.1785792E-01 0.3020E-05  0.1785540E-01 0.1517E-05 0.8676    
   5      0.1785480E-01 0.3033E-05  0.1785528E-01 0.1356E-05 0.6584    
   6      0.1785412E-01 0.3034E-05  0.1785509E-01 0.1238E-05 0.5512    
   7      0.1785838E-01 0.3033E-05  0.1785556E-01 0.1146E-05 0.6281    
   8      0.1785844E-01 0.3009E-05  0.1785592E-01 0.1071E-05 0.6530    
   9      0.1785847E-01 0.3040E-05  0.1785620E-01 0.1010E-05 0.6495    
  10      0.1785671E-01 0.3028E-05  0.1785625E-01 0.9584E-06 0.5801    
  11      0.1785745E-01 0.3031E-05  0.1785636E-01 0.9138E-06 0.5362    
  12      0.1785216E-01 0.3034E-05  0.1785601E-01 0.8750E-06 0.6476    
 answer , counts=   1.7856013533503606E-002           0
 error =   8.7500380777875154E-007
 XSECT-00 =   1000.4588916784794        1000.0000000000000        1000.0000000000000        1.7856013533503606E-002   8.7500380777875154E-007
 Qmin, Qmax =    1499.5000000000000        1500.5000000000000     
 Alphas(mZ) =   6.9529466880150077E-310
 ******************************************************
 Running Order           0 with PDF=NNPDF30_nlo_as_0118                               
 Q=   1500.0000000000000      MUR=   1500.0000000000000      MUF=   1500.0000000000000     
 ******************************************************
 RM48 INITIALIZED:        40           0         0



 INPUT PARAMETERS FOR VEGAS:  NDIM=  5  NCALL=     497664.
                              IT=    0  ITMX=    6
                              MDS=  1   ND=  50
   1      0.2040698E-02 0.6549E-04  0.2040698E-02 0.6549E-04  0.000    
   2      0.2084034E-02 0.2652E-05  0.2083966E-02 0.2623E-05 0.4280    
   3      0.2084832E-02 0.1202E-05  0.2084684E-02 0.1087E-05 0.2573    
   4      0.2082721E-02 0.1231E-05  0.2083819E-02 0.8136E-06 0.6493    
   5      0.2084556E-02 0.1304E-05  0.2084027E-02 0.6900E-06 0.5438    
   6      0.2083578E-02 0.1362E-05  0.2083935E-02 0.6154E-06 0.4518    



 INPUT PARAMETERS FOR VEGAS:  NDIM=  5  NCALL=    4952198.
                              IT=    0  ITMX=   12
                              MDS=  1   ND=  50
   1      0.2084802E-02 0.3841E-06  0.2084802E-02 0.3841E-06  0.000    
   2      0.2084866E-02 0.3839E-06  0.2084834E-02 0.2715E-06 0.1355E-01
   3      0.2084148E-02 0.3826E-06  0.2084604E-02 0.2214E-06  1.077    
   4      0.2084793E-02 0.3822E-06  0.2084652E-02 0.1916E-06 0.7788    
   5      0.2084568E-02 0.3835E-06  0.2084635E-02 0.1714E-06 0.5937    
   6      0.2084362E-02 0.3837E-06  0.2084590E-02 0.1565E-06 0.5591    
   7      0.2084938E-02 0.3830E-06  0.2084639E-02 0.1449E-06 0.5843    
   8      0.2084854E-02 0.3808E-06  0.2084667E-02 0.1354E-06 0.5403    
   9      0.2084658E-02 0.3847E-06  0.2084666E-02 0.1277E-06 0.4728    
  10      0.2084726E-02 0.3828E-06  0.2084672E-02 0.1212E-06 0.4228    
  11      0.2084701E-02 0.3837E-06  0.2084674E-02 0.1155E-06 0.3810    
  12      0.2084315E-02 0.3840E-06  0.2084645E-02 0.1106E-06 0.4192    
 answer , counts=   2.0846446290915146E-003           0
 error =   1.1063239667541920E-007
 XSECT-00 =   1500.4590670635705        1500.0000000000000        1500.0000000000000        2.0846446290915146E-003   1.1063239667541920E-007
 Qmin, Qmax =    1999.5000000000000        2000.5000000000000     
 Alphas(mZ) =   6.9529466880150077E-310
 ******************************************************
 Running Order           0 with PDF=NNPDF30_nlo_as_0118                               
 Q=   2000.0000000000000      MUR=   2000.0000000000000      MUF=   2000.0000000000000     
 ******************************************************
 RM48 INITIALIZED:        40           0         0



 INPUT PARAMETERS FOR VEGAS:  NDIM=  5  NCALL=     497664.
                              IT=    0  ITMX=    6
                              MDS=  1   ND=  50
   1      0.3753356E-03 0.1304E-04  0.3753356E-03 0.1304E-04  0.000    
   2      0.3811564E-03 0.5114E-06  0.3811477E-03 0.5072E-06 0.1959    
   3      0.3813534E-03 0.2376E-06  0.3813169E-03 0.2143E-06 0.1647    
   4      0.3810350E-03 0.2491E-06  0.3811964E-03 0.1623E-06 0.3555    
   5      0.3814639E-03 0.2671E-06  0.3812690E-03 0.1387E-06 0.4501    
   6      0.3813503E-03 0.2670E-06  0.3812864E-03 0.1231E-06 0.3744    



 INPUT PARAMETERS FOR VEGAS:  NDIM=  5  NCALL=    4952198.
                              IT=    0  ITMX=   12
                              MDS=  1   ND=  50
   1      0.3814753E-03 0.7810E-07  0.3814753E-03 0.7810E-07  0.000    
   2      0.3814439E-03 0.7796E-07  0.3814596E-03 0.5517E-07 0.8139E-01
   3      0.3813031E-03 0.7793E-07  0.3814073E-03 0.4503E-07  1.384    
   4      0.3814095E-03 0.7782E-07  0.3814079E-03 0.3898E-07 0.9226    
   5      0.3813551E-03 0.7803E-07  0.3813974E-03 0.3487E-07 0.7834    
   6      0.3813481E-03 0.7810E-07  0.3813892E-03 0.3184E-07 0.6931    
   7      0.3814292E-03 0.7797E-07  0.3813949E-03 0.2948E-07 0.6153    
   8      0.3814203E-03 0.7758E-07  0.3813981E-03 0.2755E-07 0.5407    
   9      0.3813624E-03 0.7824E-07  0.3813942E-03 0.2599E-07 0.4963    
  10      0.3814277E-03 0.7783E-07  0.3813975E-03 0.2465E-07 0.4597    
  11      0.3813322E-03 0.7813E-07  0.3813916E-03 0.2351E-07 0.4772    
  12      0.3813208E-03 0.7816E-07  0.3813857E-03 0.2251E-07 0.5023    
 answer , counts=   3.8138573056442805E-004           0
 error =   2.2512711090416699E-008
 XSECT-00 =   2000.4591863521036        2000.0000000000000        2000.0000000000000        3.8138573056442805E-004   2.2512711090416699E-008
 Qmin, Qmax =    2499.5000000000000        2500.5000000000000     
 Alphas(mZ) =   6.9529466880150077E-310
 ******************************************************
 Running Order           0 with PDF=NNPDF30_nlo_as_0118                               
 Q=   2500.0000000000000      MUR=   2500.0000000000000      MUF=   2500.0000000000000     
 ******************************************************
 RM48 INITIALIZED:        40           0         0



 INPUT PARAMETERS FOR VEGAS:  NDIM=  5  NCALL=     497664.
                              IT=    0  ITMX=    6
                              MDS=  1   ND=  50
   1      0.8756967E-04 0.3352E-05  0.8756967E-04 0.3352E-05  0.000    
   2      0.8843309E-04 0.1291E-06  0.8843184E-04 0.1283E-06 0.6560E-01
   3      0.8848865E-04 0.6455E-07  0.8847728E-04 0.5752E-07 0.1108    
   4      0.8844485E-04 0.6259E-07  0.8846238E-04 0.4232E-07 0.1223    
   5      0.8861137E-04 0.7353E-07  0.8849969E-04 0.3667E-07 0.8661    
   6      0.8858642E-04 0.7491E-07  0.8851655E-04 0.3294E-07 0.9093    



 INPUT PARAMETERS FOR VEGAS:  NDIM=  5  NCALL=    4952198.
                              IT=    0  ITMX=   12
                              MDS=  1   ND=  50
   1      0.8855937E-04 0.2045E-07  0.8855937E-04 0.2045E-07  0.000    
   2      0.8853086E-04 0.2042E-07  0.8854510E-04 0.1445E-07 0.9734    
   3      0.8850301E-04 0.2042E-07  0.8853106E-04 0.1179E-07  1.902    
   4      0.8852694E-04 0.2040E-07  0.8853003E-04 0.1021E-07  1.278    
   5      0.8850294E-04 0.2045E-07  0.8852463E-04 0.9135E-08  1.310    
   6      0.8850826E-04 0.2045E-07  0.8852191E-04 0.8341E-08  1.155    
   7      0.8852019E-04 0.2043E-07  0.8852166E-04 0.7723E-08 0.9632    
   8      0.8852433E-04 0.2033E-07  0.8852200E-04 0.7219E-08 0.8278    
   9      0.8850861E-04 0.2049E-07  0.8852052E-04 0.6809E-08 0.7718    
  10      0.8853412E-04 0.2039E-07  0.8852188E-04 0.6459E-08 0.7305    
  11      0.8850786E-04 0.2047E-07  0.8852061E-04 0.6159E-08 0.7001    
  12      0.8850119E-04 0.2050E-07  0.8851901E-04 0.5899E-08 0.7114    
 answer , counts=   8.8519006540754643E-005           0
 error =   5.8988412481073978E-009
 XSECT-00 =   2500.4592233040730        2500.0000000000000        2500.0000000000000        8.8519006540754643E-005   5.8988412481073978E-009
 Qmin, Qmax =    2999.5000000000000        3000.5000000000000     
 Alphas(mZ) =   6.9529466880150077E-310
 ******************************************************
 Running Order           0 with PDF=NNPDF30_nlo_as_0118                               
 Q=   3000.0000000000000      MUR=   3000.0000000000000      MUF=   3000.0000000000000     
 ******************************************************
 RM48 INITIALIZED:        40           0         0



 INPUT PARAMETERS FOR VEGAS:  NDIM=  5  NCALL=     497664.
                              IT=    0  ITMX=    6
                              MDS=  1   ND=  50
   1      0.2355605E-04 0.9974E-06  0.2355605E-04 0.9974E-06  0.000    
   2      0.2371273E-04 0.3862E-07  0.2371250E-04 0.3846E-07 0.2448E-01
   3      0.2372293E-04 0.2003E-07  0.2372072E-04 0.1774E-07 0.4111E-01
   4      0.2372009E-04 0.2100E-07  0.2372046E-04 0.1355E-07 0.2755E-01
   5      0.2377681E-04 0.2104E-07  0.2373707E-04 0.1139E-07  1.294    
   6      0.2377709E-04 0.2277E-07  0.2374511E-04 0.1018E-07  1.530    



 INPUT PARAMETERS FOR VEGAS:  NDIM=  5  NCALL=    4952198.
                              IT=    0  ITMX=   12
                              MDS=  1   ND=  50
   1      0.2375037E-04 0.6291E-08  0.2375037E-04 0.6291E-08  0.000    
   2      0.2374173E-04 0.6286E-08  0.2374604E-04 0.4447E-08 0.9435    
   3      0.2373639E-04 0.6288E-08  0.2374283E-04 0.3631E-08  1.257    
   4      0.2374184E-04 0.6286E-08  0.2374258E-04 0.3144E-08 0.8446    
   5      0.2373339E-04 0.6300E-08  0.2374075E-04 0.2813E-08  1.059    
   6      0.2373562E-04 0.6292E-08  0.2373989E-04 0.2568E-08 0.9581    
   7      0.2373743E-04 0.6297E-08  0.2373954E-04 0.2378E-08 0.8204    
   8      0.2373947E-04 0.6264E-08  0.2373953E-04 0.2223E-08 0.7032    
   9      0.2373591E-04 0.6313E-08  0.2373913E-04 0.2097E-08 0.6520    
  10      0.2374054E-04 0.6278E-08  0.2373928E-04 0.1989E-08 0.5846    
  11      0.2373599E-04 0.6306E-08  0.2373898E-04 0.1897E-08 0.5508    
  12      0.2373200E-04 0.6308E-08  0.2373840E-04 0.1816E-08 0.6028    
 answer , counts=   2.3738399897460244E-005           0
 error =   1.8164436621573910E-009
 XSECT-00 =   3000.4592205838735        3000.0000000000000        3000.0000000000000        2.3738399897460244E-005   1.8164436621573910E-009
 Qmin, Qmax =    3499.5000000000000        3500.5000000000000     
 Alphas(mZ) =   6.9529466880150077E-310
 ******************************************************
 Running Order           0 with PDF=NNPDF30_nlo_as_0118                               
 Q=   3500.0000000000000      MUR=   3500.0000000000000      MUF=   3500.0000000000000     
 ******************************************************
 RM48 INITIALIZED:        40           0         0



 INPUT PARAMETERS FOR VEGAS:  NDIM=  5  NCALL=     497664.
                              IT=    0  ITMX=    6
                              MDS=  1   ND=  50
   1      0.6950341E-05 0.3260E-06  0.6950341E-05 0.3260E-06  0.000    
   2      0.6990452E-05 0.1283E-07  0.6990391E-05 0.1279E-07 0.1502E-01
   3      0.6986970E-05 0.6557E-08  0.6987679E-05 0.5829E-08 0.3581E-01
   4      0.6993442E-05 0.7605E-08  0.6989818E-05 0.4625E-08 0.1446    
   5      0.7002588E-05 0.7133E-08  0.6993615E-05 0.3879E-08 0.6743    
   6      0.7002554E-05 0.7245E-08  0.6995614E-05 0.3419E-08 0.7763    



 INPUT PARAMETERS FOR VEGAS:  NDIM=  5  NCALL=    4952198.
                              IT=    0  ITMX=   12
                              MDS=  1   ND=  50
   1      0.6998011E-05 0.2156E-08  0.6998011E-05 0.2156E-08  0.000    
   2      0.6995409E-05 0.2156E-08  0.6996710E-05 0.1525E-08 0.7278    
   3      0.6995448E-05 0.2155E-08  0.6996289E-05 0.1245E-08 0.4782    
   4      0.6996707E-05 0.2158E-08  0.6996394E-05 0.1078E-08 0.3282    
   5      0.6994667E-05 0.2159E-08  0.6996049E-05 0.9645E-09 0.3741    
   6      0.6993703E-05 0.2155E-08  0.6995658E-05 0.8804E-09 0.4966    
   7      0.6995532E-05 0.2162E-08  0.6995640E-05 0.8154E-09 0.4143    
   8      0.6995883E-05 0.2150E-08  0.6995671E-05 0.7624E-09 0.3567    
   9      0.6995878E-05 0.2163E-08  0.6995693E-05 0.7190E-09 0.3132    
  10      0.6994559E-05 0.2152E-08  0.6995580E-05 0.6820E-09 0.3061    
  11      0.6994386E-05 0.2160E-08  0.6995471E-05 0.6503E-09 0.3033    
  12      0.6993018E-05 0.2161E-08  0.6995268E-05 0.6227E-09 0.3831    
 answer , counts=   6.9952677563756922E-006           0
 error =   6.2273153120710040E-010
 XSECT-00 =   3500.4591847732599        3500.0000000000000        3500.0000000000000        6.9952677563756922E-006   6.2273153120710040E-010
 Qmin, Qmax =    3999.5000000000000        4000.5000000000000     
 Alphas(mZ) =   6.9529466880150077E-310
 ******************************************************
 Running Order           0 with PDF=NNPDF30_nlo_as_0118                               
 Q=   4000.0000000000000      MUR=   4000.0000000000000      MUF=   4000.0000000000000     
 ******************************************************
 RM48 INITIALIZED:        40           0         0



 INPUT PARAMETERS FOR VEGAS:  NDIM=  5  NCALL=     497664.
                              IT=    0  ITMX=    6
                              MDS=  1   ND=  50
   1      0.2184402E-05 0.1131E-06  0.2184402E-05 0.1131E-06  0.000    
   2      0.2196165E-05 0.4578E-08  0.2196146E-05 0.4562E-08 0.1073E-01
   3      0.2192159E-05 0.2278E-08  0.2192953E-05 0.2037E-08 0.3110    
   4      0.2197527E-05 0.2715E-08  0.2194607E-05 0.1629E-08 0.8136    
   5      0.2195940E-05 0.2884E-08  0.2194930E-05 0.1418E-08 0.6504    
   6      0.2196151E-05 0.2788E-08  0.2195181E-05 0.1264E-08 0.5506    



 INPUT PARAMETERS FOR VEGAS:  NDIM=  5  NCALL=    4952198.
                              IT=    0  ITMX=   12
                              MDS=  1   ND=  50
   1      0.2196560E-05 0.8347E-09  0.2196560E-05 0.8347E-09  0.000    
   2      0.2195676E-05 0.8357E-09  0.2196119E-05 0.5906E-09 0.5596    
   3      0.2196648E-05 0.8339E-09  0.2196296E-05 0.4819E-09 0.4140    
   4      0.2197140E-05 0.8361E-09  0.2196506E-05 0.4175E-09 0.5312    
   5      0.2196725E-05 0.8345E-09  0.2196550E-05 0.3734E-09 0.4122    
   6      0.2195564E-05 0.8337E-09  0.2196386E-05 0.3408E-09 0.5626    
   7      0.2196902E-05 0.8363E-09  0.2196459E-05 0.3156E-09 0.5232    
   8      0.2197571E-05 0.8337E-09  0.2196599E-05 0.2952E-09 0.6708    
   9      0.2196833E-05 0.8359E-09  0.2196625E-05 0.2783E-09 0.5957    
  10      0.2195910E-05 0.8328E-09  0.2196553E-05 0.2640E-09 0.6031    
  11      0.2195987E-05 0.8354E-09  0.2196502E-05 0.2517E-09 0.5845    
  12      0.2195696E-05 0.8359E-09  0.2196435E-05 0.2410E-09 0.6087    
 answer , counts=   2.1964347194894996E-006           0
 error =   2.4100845765362536E-010
 XSECT-00 =   4000.4591749286342        4000.0000000000000        4000.0000000000000        2.1964347194894996E-006   2.4100845765362536E-010
 Qmin, Qmax =    4499.5000000000000        4500.5000000000000     
 Alphas(mZ) =   6.9529466880150077E-310
 ******************************************************
 Running Order           0 with PDF=NNPDF30_nlo_as_0118                               
 Q=   4500.0000000000000      MUR=   4500.0000000000000      MUF=   4500.0000000000000     
 ******************************************************
 RM48 INITIALIZED:        40           0         0



 INPUT PARAMETERS FOR VEGAS:  NDIM=  5  NCALL=     497664.
                              IT=    0  ITMX=    6
                              MDS=  1   ND=  50
   1      0.7166958E-06 0.4078E-07  0.7166958E-06 0.4078E-07  0.000    
   2      0.7201409E-06 0.1686E-08  0.7201351E-06 0.1681E-08 0.7092E-02
   3      0.7187165E-06 0.8795E-09  0.7190213E-06 0.7791E-09 0.2832    
   4      0.7212348E-06 0.9894E-09  0.7198725E-06 0.6118E-09  1.221    
   5      0.7195308E-06 0.1178E-08  0.7197998E-06 0.5429E-09 0.9323    
   6      0.7195865E-06 0.1172E-08  0.7197621E-06 0.4926E-09 0.7512    



 INPUT PARAMETERS FOR VEGAS:  NDIM=  5  NCALL=    4952198.
                              IT=    0  ITMX=   12
                              MDS=  1   ND=  50
   1      0.7203685E-06 0.3124E-09  0.7203685E-06 0.3124E-09  0.000    
   2      0.7199492E-06 0.3132E-09  0.7201595E-06 0.2212E-09 0.8982    
   3      0.7204439E-06 0.3127E-09  0.7202544E-06 0.1806E-09 0.7246    
   4      0.7209033E-06 0.3131E-09  0.7204166E-06 0.1564E-09  1.558    
   5      0.7207706E-06 0.3127E-09  0.7204875E-06 0.1399E-09  1.425    
   6      0.7198126E-06 0.3123E-09  0.7203749E-06 0.1277E-09  1.917    
   7      0.7208732E-06 0.3126E-09  0.7204462E-06 0.1182E-09  1.960    
   8      0.7211865E-06 0.3125E-09  0.7205391E-06 0.1106E-09  2.382    
   9      0.7204754E-06 0.3130E-09  0.7205320E-06 0.1042E-09  2.089    
  10      0.7201748E-06 0.3127E-09  0.7204963E-06 0.9889E-10  1.988    
  11      0.7203077E-06 0.3131E-09  0.7204792E-06 0.9430E-10  1.822    
  12      0.7203304E-06 0.3131E-09  0.7204668E-06 0.9029E-10  1.675    
 answer , counts=   7.2046680651729054E-007           0
 error =   9.0293568983328929E-011
 XSECT-00 =   4500.4592078185324        4500.0000000000000        4500.0000000000000        7.2046680651729054E-007   9.0293568983328929E-011
 Qmin, Qmax =    4999.5000000000000        5000.5000000000000     
 Alphas(mZ) =   6.9529466880150077E-310
 ******************************************************
 Running Order           0 with PDF=NNPDF30_nlo_as_0118                               
 Q=   5000.0000000000000      MUR=   5000.0000000000000      MUF=   5000.0000000000000     
 ******************************************************
 RM48 INITIALIZED:        40           0         0



 INPUT PARAMETERS FOR VEGAS:  NDIM=  5  NCALL=     497664.
                              IT=    0  ITMX=    6
                              MDS=  1   ND=  50
   1      0.2419682E-06 0.1505E-07  0.2419682E-06 0.1505E-07  0.000    
   2      0.2432670E-06 0.6623E-09  0.2432645E-06 0.6599E-09 0.7391E-02
   3      0.2433028E-06 0.3802E-09  0.2432933E-06 0.3290E-09 0.4950E-02
   4      0.2437417E-06 0.3919E-09  0.2434795E-06 0.2518E-09 0.2599    
   5      0.2433041E-06 0.4701E-09  0.2434403E-06 0.2220E-09 0.2219    
   6      0.2437725E-06 0.4831E-09  0.2434985E-06 0.2017E-09 0.2557    



 INPUT PARAMETERS FOR VEGAS:  NDIM=  5  NCALL=    4952198.
                              IT=    0  ITMX=   12
                              MDS=  1   ND=  50
   1      0.2439570E-06 0.1181E-09  0.2439570E-06 0.1181E-09  0.000    
   2      0.2437824E-06 0.1181E-09  0.2438698E-06 0.8353E-10  1.092    
   3      0.2438321E-06 0.1182E-09  0.2438572E-06 0.6822E-10 0.5797    
   4      0.2440985E-06 0.1180E-09  0.2439177E-06 0.5906E-10  1.431    
   5      0.2439336E-06 0.1182E-09  0.2439209E-06 0.5284E-10  1.077    
   6      0.2436178E-06 0.1180E-09  0.2438704E-06 0.4822E-10  1.960    
   7      0.2440016E-06 0.1182E-09  0.2438891E-06 0.4465E-10  1.809    
   8      0.2440565E-06 0.1178E-09  0.2439101E-06 0.4175E-10  1.803    
   9      0.2439584E-06 0.1182E-09  0.2439155E-06 0.3937E-10  1.596    
  10      0.2438495E-06 0.1182E-09  0.2439089E-06 0.3735E-10  1.450    
  11      0.2437770E-06 0.1182E-09  0.2438970E-06 0.3561E-10  1.418    
  12      0.2439058E-06 0.1181E-09  0.2438977E-06 0.3410E-10  1.290    
 answer , counts=   2.4389768946569966E-007           0
 error =   3.4096033245282195E-011
 XSECT-00 =   5000.4592634894507        5000.0000000000000        5000.0000000000000        2.4389768946569966E-007   3.4096033245282195E-011
 Qmin, Qmax =    5499.5000000000000        5500.5000000000000     
 Alphas(mZ) =   6.9529466880150077E-310
 ******************************************************
 Running Order           0 with PDF=NNPDF30_nlo_as_0118                               
 Q=   5500.0000000000000      MUR=   5500.0000000000000      MUF=   5500.0000000000000     
 ******************************************************
 RM48 INITIALIZED:        40           0         0



 INPUT PARAMETERS FOR VEGAS:  NDIM=  5  NCALL=     497664.
                              IT=    0  ITMX=    6
                              MDS=  1   ND=  50
   1      0.8378293E-07 0.5645E-08  0.8378293E-07 0.5645E-08  0.000    
   2      0.8420953E-07 0.2822E-09  0.8420848E-07 0.2811E-09 0.5668E-02
   3      0.8466088E-07 0.1547E-09  0.8455698E-07 0.1351E-09 0.9951    
   4      0.8446292E-07 0.1610E-09  0.8451798E-07 0.1034E-09 0.7293    
   5      0.8459135E-07 0.1856E-09  0.8453547E-07 0.9033E-10 0.5761    
   6      0.8484034E-07 0.1943E-09  0.8459017E-07 0.8190E-10 0.8680    



 INPUT PARAMETERS FOR VEGAS:  NDIM=  5  NCALL=    4952198.
                              IT=    0  ITMX=   12
                              MDS=  1   ND=  50
   1      0.8471323E-07 0.4970E-10  0.8471323E-07 0.4970E-10  0.000    
   2      0.8466565E-07 0.4975E-10  0.8468948E-07 0.3516E-10 0.4577    
   3      0.8472411E-07 0.4976E-10  0.8470102E-07 0.2872E-10 0.3905    
   4      0.8470282E-07 0.4973E-10  0.8470147E-07 0.2487E-10 0.2606    
   5      0.8464551E-07 0.4974E-10  0.8469029E-07 0.2224E-10 0.4485    
   6      0.8461126E-07 0.4973E-10  0.8467713E-07 0.2030E-10 0.7792    
   7      0.8476124E-07 0.4979E-10  0.8468915E-07 0.1880E-10  1.057    
   8      0.8472459E-07 0.4961E-10  0.8469360E-07 0.1758E-10 0.9701    
   9      0.8466404E-07 0.4975E-10  0.8469032E-07 0.1658E-10 0.8881    
  10      0.8473852E-07 0.4985E-10  0.8469512E-07 0.1573E-10 0.8829    
  11      0.8469521E-07 0.4980E-10  0.8469513E-07 0.1500E-10 0.7947    
  12      0.8465861E-07 0.4976E-10  0.8469209E-07 0.1436E-10 0.7673    
 answer , counts=   8.4692092009753629E-008           0
 error =   1.4360913218211573E-011
 XSECT-00 =   5500.4593054506531        5500.0000000000000        5500.0000000000000        8.4692092009753629E-008   1.4360913218211573E-011
 Qmin, Qmax =    999.50000000000000        1000.5000000000000     
 Alphas(mZ) =   6.9529466880150077E-310
 ******************************************************
 Running Order           1 with PDF=NNPDF30_nlo_as_0118                               
 Q=   1000.0000000000000      MUR=   1000.0000000000000      MUF=   1000.0000000000000     
 ******************************************************
 RM48 INITIALIZED:        40           0         0



 INPUT PARAMETERS FOR VEGAS:  NDIM=  5  NCALL=     497664.
                              IT=    0  ITMX=    6
                              MDS=  1   ND=  50
   1      0.2004457E-01 0.6034E-03  0.2004457E-01 0.6034E-03  0.000    
   2      0.2052581E-01 0.2488E-04  0.2052503E-01 0.2457E-04 0.6200    
   3      0.2052633E-01 0.1117E-04  0.2052612E-01 0.1011E-04 0.3087    
   4      0.2051964E-01 0.1073E-04  0.2052304E-01 0.7345E-05 0.2697    
   5      0.2052123E-01 0.1158E-04  0.2052252E-01 0.6199E-05 0.2062    
   6      0.2050648E-01 0.1194E-04  0.2051910E-01 0.5501E-05 0.4501    



 INPUT PARAMETERS FOR VEGAS:  NDIM=  5  NCALL=    4952198.
                              IT=    0  ITMX=   12
                              MDS=  1   ND=  50
   1      0.2052554E-01 0.3349E-05  0.2052554E-01 0.3349E-05  0.000    
   2      0.2052447E-01 0.3354E-05  0.2052500E-01 0.2370E-05 0.5079E-01
   3      0.2051894E-01 0.3330E-05  0.2052297E-01 0.1931E-05  1.124    
   4      0.2052749E-01 0.3321E-05  0.2052411E-01 0.1669E-05  1.212    
   5      0.2052299E-01 0.3327E-05  0.2052388E-01 0.1492E-05 0.9313    
   6      0.2052291E-01 0.3349E-05  0.2052372E-01 0.1363E-05 0.7590    
   7      0.2052654E-01 0.3343E-05  0.2052412E-01 0.1262E-05 0.7340    
   8      0.2052608E-01 0.3312E-05  0.2052437E-01 0.1179E-05 0.6726    
   9      0.2052727E-01 0.3336E-05  0.2052469E-01 0.1112E-05 0.6721    
  10      0.2052495E-01 0.3328E-05  0.2052472E-01 0.1055E-05 0.5981    
  11      0.2052554E-01 0.3343E-05  0.2052479E-01 0.1006E-05 0.5437    
  12      0.2052090E-01 0.3337E-05  0.2052447E-01 0.9630E-06 0.6075    
 answer , counts=   2.0524470562389967E-002           0
 error =   9.6296258747310396E-007
 XSECT-01 =   1000.4588926018594        1000.0000000000000        1000.0000000000000        2.0524470562389967E-002   9.6296258747310396E-007
 Qmin, Qmax =    1499.5000000000000        1500.5000000000000     
 Alphas(mZ) =   6.9529466880150077E-310
 ******************************************************
 Running Order           1 with PDF=NNPDF30_nlo_as_0118                               
 Q=   1500.0000000000000      MUR=   1500.0000000000000      MUF=   1500.0000000000000     
 ******************************************************
 RM48 INITIALIZED:        40           0         0



 INPUT PARAMETERS FOR VEGAS:  NDIM=  5  NCALL=     497664.
                              IT=    0  ITMX=    6
                              MDS=  1   ND=  50
   1      0.2383725E-02 0.7188E-04  0.2383725E-02 0.7188E-04  0.000    
   2      0.2436056E-02 0.2956E-05  0.2435971E-02 0.2922E-05 0.5177    
   3      0.2436395E-02 0.1326E-05  0.2436324E-02 0.1201E-05 0.2657    
   4      0.2434647E-02 0.1312E-05  0.2435554E-02 0.8848E-06 0.4738    
   5      0.2436416E-02 0.1454E-05  0.2435789E-02 0.7555E-06 0.4190    
   6      0.2434881E-02 0.1495E-05  0.2435603E-02 0.6742E-06 0.3938    



 INPUT PARAMETERS FOR VEGAS:  NDIM=  5  NCALL=    4952198.
                              IT=    0  ITMX=   12
                              MDS=  1   ND=  50
   1      0.2436404E-02 0.4180E-06  0.2436404E-02 0.4180E-06  0.000    
   2      0.2436394E-02 0.4180E-06  0.2436399E-02 0.2956E-06 0.2407E-03
   3      0.2435713E-02 0.4160E-06  0.2436169E-02 0.2410E-06 0.9045    
   4      0.2436595E-02 0.4157E-06  0.2436276E-02 0.2085E-06 0.8660    
   5      0.2436281E-02 0.4162E-06  0.2436277E-02 0.1864E-06 0.6495    
   6      0.2436107E-02 0.4174E-06  0.2436249E-02 0.1702E-06 0.5473    
   7      0.2436669E-02 0.4177E-06  0.2436309E-02 0.1576E-06 0.6010    
   8      0.2436459E-02 0.4145E-06  0.2436328E-02 0.1473E-06 0.5315    
   9      0.2436594E-02 0.4174E-06  0.2436357E-02 0.1389E-06 0.5105    
  10      0.2436439E-02 0.4162E-06  0.2436365E-02 0.1318E-06 0.4576    
  11      0.2436582E-02 0.4178E-06  0.2436385E-02 0.1257E-06 0.4362    
  12      0.2435977E-02 0.4175E-06  0.2436351E-02 0.1203E-06 0.4762    
 answer , counts=   2.4363509999395416E-003           0
 error =   1.2033643974474282E-007
 XSECT-01 =   1500.4590156659019        1500.0000000000000        1500.0000000000000        2.4363509999395416E-003   1.2033643974474282E-007
 Qmin, Qmax =    1999.5000000000000        2000.5000000000000     
 Alphas(mZ) =   6.9529466880150077E-310
 ******************************************************
 Running Order           1 with PDF=NNPDF30_nlo_as_0118                               
 Q=   2000.0000000000000      MUR=   2000.0000000000000      MUF=   2000.0000000000000     
 ******************************************************
 RM48 INITIALIZED:        40           0         0



 INPUT PARAMETERS FOR VEGAS:  NDIM=  5  NCALL=     497664.
                              IT=    0  ITMX=    6
                              MDS=  1   ND=  50
   1      0.4464788E-03 0.1426E-04  0.4464788E-03 0.1426E-04  0.000    
   2      0.4535439E-03 0.5686E-06  0.4535330E-03 0.5638E-06 0.2411    
   3      0.4536829E-03 0.2573E-06  0.4536574E-03 0.2331E-06 0.1491    
   4      0.4532687E-03 0.2743E-06  0.4534936E-03 0.1775E-06 0.4888    
   5      0.4538272E-03 0.2830E-06  0.4535884E-03 0.1503E-06 0.6164    
   6      0.4535806E-03 0.3001E-06  0.4535868E-03 0.1344E-06 0.4928    



 INPUT PARAMETERS FOR VEGAS:  NDIM=  5  NCALL=    4952198.
                              IT=    0  ITMX=   12
                              MDS=  1   ND=  50
   1      0.4538094E-03 0.8360E-07  0.4538094E-03 0.8360E-07  0.000    
   2      0.4537926E-03 0.8348E-07  0.4538010E-03 0.5907E-07 0.2016E-01
   3      0.4536450E-03 0.8334E-07  0.4537489E-03 0.4819E-07  1.176    
   4      0.4537785E-03 0.8327E-07  0.4537563E-03 0.4171E-07 0.8153    
   5      0.4537547E-03 0.8339E-07  0.4537560E-03 0.3730E-07 0.6116    
   6      0.4537058E-03 0.8354E-07  0.4537476E-03 0.3406E-07 0.5493    
   7      0.4538098E-03 0.8353E-07  0.4537565E-03 0.3154E-07 0.5369    
   8      0.4537554E-03 0.8303E-07  0.4537564E-03 0.2948E-07 0.4602    
   9      0.4537474E-03 0.8359E-07  0.4537554E-03 0.2781E-07 0.4040    
  10      0.4537617E-03 0.8330E-07  0.4537560E-03 0.2637E-07 0.3597    
  11      0.4537444E-03 0.8361E-07  0.4537550E-03 0.2515E-07 0.3254    
  12      0.4536968E-03 0.8361E-07  0.4537501E-03 0.2409E-07 0.3362    
 answer , counts=   4.5375013555015915E-004           0
 error =   2.4086725979303836E-008
 XSECT-01 =   2000.4591739254158        2000.0000000000000        2000.0000000000000        4.5375013555015915E-004   2.4086725979303836E-008
 Qmin, Qmax =    2499.5000000000000        2500.5000000000000     
 Alphas(mZ) =   6.9529466880150077E-310
 ******************************************************
 Running Order           1 with PDF=NNPDF30_nlo_as_0118                               
 Q=   2500.0000000000000      MUR=   2500.0000000000000      MUF=   2500.0000000000000     
 ******************************************************
 RM48 INITIALIZED:        40           0         0



 INPUT PARAMETERS FOR VEGAS:  NDIM=  5  NCALL=     497664.
                              IT=    0  ITMX=    6
                              MDS=  1   ND=  50
   1      0.1060700E-03 0.3657E-05  0.1060700E-03 0.3657E-05  0.000    
   2      0.1071241E-03 0.1442E-06  0.1071225E-03 0.1434E-06 0.8215E-01
   3      0.1071825E-03 0.6858E-07  0.1071714E-03 0.6170E-07 0.1119    
   4      0.1071046E-03 0.7088E-07  0.1071425E-03 0.4652E-07 0.2434    
   5      0.1072698E-03 0.7555E-07  0.1071777E-03 0.3960E-07 0.6993    
   6      0.1072244E-03 0.7455E-07  0.1071880E-03 0.3497E-07 0.6203    



 INPUT PARAMETERS FOR VEGAS:  NDIM=  5  NCALL=    4952198.
                              IT=    0  ITMX=   12
                              MDS=  1   ND=  50
   1      0.1072451E-03 0.2189E-07  0.1072451E-03 0.2189E-07  0.000    
   2      0.1072304E-03 0.2185E-07  0.1072377E-03 0.1546E-07 0.2275    
   3      0.1071986E-03 0.2184E-07  0.1072247E-03 0.1262E-07  1.181    
   4      0.1072250E-03 0.2183E-07  0.1072248E-03 0.1093E-07 0.7873    
   5      0.1072147E-03 0.2185E-07  0.1072227E-03 0.9773E-08 0.6332    
   6      0.1072145E-03 0.2188E-07  0.1072214E-03 0.8923E-08 0.5301    
   7      0.1072307E-03 0.2188E-07  0.1072227E-03 0.8263E-08 0.4677    
   8      0.1072161E-03 0.2176E-07  0.1072219E-03 0.7725E-08 0.4123    
   9      0.1072154E-03 0.2190E-07  0.1072212E-03 0.7285E-08 0.3705    
  10      0.1072263E-03 0.2181E-07  0.1072217E-03 0.6909E-08 0.3349    
  11      0.1072010E-03 0.2190E-07  0.1072198E-03 0.6589E-08 0.3827    
  12      0.1072036E-03 0.2190E-07  0.1072185E-03 0.6310E-08 0.3936    
 answer , counts=   1.0721846048704500E-004           0
 error =   6.3098654751080749E-009
 XSECT-01 =   2500.4592477300366        2500.0000000000000        2500.0000000000000        1.0721846048704500E-004   6.3098654751080749E-009
 Qmin, Qmax =    2999.5000000000000        3000.5000000000000     
 Alphas(mZ) =   6.9529466880150077E-310
 ******************************************************
 Running Order           1 with PDF=NNPDF30_nlo_as_0118                               
 Q=   3000.0000000000000      MUR=   3000.0000000000000      MUF=   3000.0000000000000     
 ******************************************************
 RM48 INITIALIZED:        40           0         0



 INPUT PARAMETERS FOR VEGAS:  NDIM=  5  NCALL=     497664.
                              IT=    0  ITMX=    6
                              MDS=  1   ND=  50
   1      0.2904495E-04 0.1086E-05  0.2904495E-04 0.1086E-05  0.000    
   2      0.2923926E-04 0.4310E-07  0.2923896E-04 0.4292E-07 0.3177E-01
   3      0.2924839E-04 0.2190E-07  0.2924645E-04 0.1948E-07 0.3498E-01
   4      0.2924417E-04 0.2047E-07  0.2924537E-04 0.1410E-07 0.2547E-01
   5      0.2930355E-04 0.2485E-07  0.2925962E-04 0.1226E-07  1.060    
   6      0.2928920E-04 0.2449E-07  0.2926557E-04 0.1096E-07  1.081    



 INPUT PARAMETERS FOR VEGAS:  NDIM=  5  NCALL=    4952198.
                              IT=    0  ITMX=   12
                              MDS=  1   ND=  50
   1      0.2927923E-04 0.6596E-08  0.2927923E-04 0.6596E-08  0.000    
   2      0.2926934E-04 0.6588E-08  0.2927428E-04 0.4661E-08  1.126    
   3      0.2926369E-04 0.6587E-08  0.2927075E-04 0.3805E-08  1.424    
   4      0.2927017E-04 0.6588E-08  0.2927061E-04 0.3295E-08 0.9514    
   5      0.2926278E-04 0.6596E-08  0.2926904E-04 0.2947E-08 0.9953    
   6      0.2926670E-04 0.6592E-08  0.2926865E-04 0.2691E-08 0.8173    
   7      0.2926670E-04 0.6599E-08  0.2926838E-04 0.2492E-08 0.6935    
   8      0.2926482E-04 0.6563E-08  0.2926793E-04 0.2329E-08 0.6310    
   9      0.2926602E-04 0.6609E-08  0.2926772E-04 0.2197E-08 0.5614    
  10      0.2927115E-04 0.6576E-08  0.2926806E-04 0.2084E-08 0.5262    
  11      0.2926214E-04 0.6603E-08  0.2926753E-04 0.1987E-08 0.5467    
  12      0.2926162E-04 0.6607E-08  0.2926704E-04 0.1903E-08 0.5636    
 answer , counts=   2.9267036032335352E-005           0
 error =   1.9029018534125798E-009
 XSECT-01 =   3000.4592441055656        3000.0000000000000        3000.0000000000000        2.9267036032335352E-005   1.9029018534125798E-009
 Qmin, Qmax =    3499.5000000000000        3500.5000000000000     
 Alphas(mZ) =   6.9529466880150077E-310
 ******************************************************
 Running Order           1 with PDF=NNPDF30_nlo_as_0118                               
 Q=   3500.0000000000000      MUR=   3500.0000000000000      MUF=   3500.0000000000000     
 ******************************************************
 RM48 INITIALIZED:        40           0         0



 INPUT PARAMETERS FOR VEGAS:  NDIM=  5  NCALL=     497664.
                              IT=    0  ITMX=    6
                              MDS=  1   ND=  50
   1      0.8721460E-05 0.3542E-06  0.8721460E-05 0.3542E-06  0.000    
   2      0.8771887E-05 0.1432E-07  0.8771806E-05 0.1426E-07 0.2011E-01
   3      0.8767603E-05 0.7422E-08  0.8768495E-05 0.6577E-08 0.4418E-01
   4      0.8775032E-05 0.7390E-08  0.8771393E-05 0.4911E-08 0.1752    
   5      0.8793862E-05 0.8175E-08  0.8777386E-05 0.4208E-08  1.525    
   6      0.8786736E-05 0.8726E-08  0.8779157E-05 0.3790E-08  1.406    



 INPUT PARAMETERS FOR VEGAS:  NDIM=  5  NCALL=    4952198.
                              IT=    0  ITMX=   12
                              MDS=  1   ND=  50
   1      0.8780499E-05 0.2369E-08  0.8780499E-05 0.2369E-08  0.000    
   2      0.8776857E-05 0.2367E-08  0.8778677E-05 0.1674E-08  1.183    
   3      0.8776638E-05 0.2367E-08  0.8777997E-05 0.1367E-08 0.8389    
   4      0.8778437E-05 0.2370E-08  0.8778107E-05 0.1184E-08 0.5679    
   5      0.8775277E-05 0.2370E-08  0.8777542E-05 0.1059E-08 0.7111    
   6      0.8776602E-05 0.2368E-08  0.8777385E-05 0.9668E-09 0.5952    
   7      0.8775559E-05 0.2371E-08  0.8777125E-05 0.8953E-09 0.5807    
   8      0.8776387E-05 0.2361E-08  0.8777032E-05 0.8371E-09 0.5100    
   9      0.8776012E-05 0.2374E-08  0.8776919E-05 0.7895E-09 0.4668    
  10      0.8778193E-05 0.2364E-08  0.8777047E-05 0.7488E-09 0.4439    
  11      0.8774892E-05 0.2375E-08  0.8776852E-05 0.7142E-09 0.4744    
  12      0.8773591E-05 0.2373E-08  0.8776582E-05 0.6839E-09 0.5886    
 answer , counts=   8.7765816743090851E-006           0
 error =   6.8387801012247748E-010
 XSECT-01 =   3500.4591937201617        3500.0000000000000        3500.0000000000000        8.7765816743090851E-006   6.8387801012247748E-010
 Qmin, Qmax =    3999.5000000000000        4000.5000000000000     
 Alphas(mZ) =   6.9529466880150077E-310
 ******************************************************
 Running Order           1 with PDF=NNPDF30_nlo_as_0118                               
 Q=   4000.0000000000000      MUR=   4000.0000000000000      MUF=   4000.0000000000000     
 ******************************************************
 RM48 INITIALIZED:        40           0         0



 INPUT PARAMETERS FOR VEGAS:  NDIM=  5  NCALL=     497664.
                              IT=    0  ITMX=    6
                              MDS=  1   ND=  50
   1      0.2788249E-05 0.1227E-06  0.2788249E-05 0.1227E-06  0.000    
   2      0.2803865E-05 0.5117E-08  0.2803839E-05 0.5098E-08 0.1607E-01
   3      0.2799311E-05 0.2623E-08  0.2800257E-05 0.2331E-08 0.3198    
   4      0.2805053E-05 0.2969E-08  0.2802092E-05 0.1833E-08 0.7523    
   5      0.2807640E-05 0.2778E-08  0.2803781E-05 0.1529E-08  1.260    
   6      0.2804535E-05 0.3056E-08  0.2803932E-05 0.1368E-08  1.017    



 INPUT PARAMETERS FOR VEGAS:  NDIM=  5  NCALL=    4952198.
                              IT=    0  ITMX=   12
                              MDS=  1   ND=  50
   1      0.2804420E-05 0.8494E-09  0.2804420E-05 0.8494E-09  0.000    
   2      0.2803006E-05 0.8500E-09  0.2803714E-05 0.6008E-09  1.384    
   3      0.2803797E-05 0.8489E-09  0.2803741E-05 0.4904E-09 0.6951    
   4      0.2804861E-05 0.8514E-09  0.2804021E-05 0.4250E-09 0.8961    
   5      0.2803636E-05 0.8488E-09  0.2803943E-05 0.3800E-09 0.7132    
   6      0.2803486E-05 0.8483E-09  0.2803867E-05 0.3468E-09 0.6190    
   7      0.2803924E-05 0.8514E-09  0.2803875E-05 0.3212E-09 0.5164    
   8      0.2804297E-05 0.8479E-09  0.2803928E-05 0.3003E-09 0.4736    
   9      0.2803685E-05 0.8508E-09  0.2803901E-05 0.2832E-09 0.4235    
  10      0.2803953E-05 0.8483E-09  0.2803906E-05 0.2686E-09 0.3768    
  11      0.2803266E-05 0.8513E-09  0.2803848E-05 0.2562E-09 0.3905    
  12      0.2802563E-05 0.8508E-09  0.2803742E-05 0.2453E-09 0.5451    
 answer , counts=   2.8037416836207295E-006           0
 error =   2.4530570181274995E-010
 XSECT-01 =   4000.4591316533929        4000.0000000000000        4000.0000000000000        2.8037416836207295E-006   2.4530570181274995E-010
 Qmin, Qmax =    4499.5000000000000        4500.5000000000000     
 Alphas(mZ) =   6.9529466880150077E-310
 ******************************************************
 Running Order           1 with PDF=NNPDF30_nlo_as_0118                               
 Q=   4500.0000000000000      MUR=   4500.0000000000000      MUF=   4500.0000000000000     
 ******************************************************
 RM48 INITIALIZED:        40           0         0



 INPUT PARAMETERS FOR VEGAS:  NDIM=  5  NCALL=     497664.
                              IT=    0  ITMX=    6
                              MDS=  1   ND=  50
   1      0.9300252E-06 0.4419E-07  0.9300252E-06 0.4419E-07  0.000    
   2      0.9349366E-06 0.1886E-08  0.9349278E-06 0.1879E-08 0.1227E-01
   3      0.9334457E-06 0.9814E-09  0.9337628E-06 0.8695E-09 0.2505    
   4      0.9361283E-06 0.1172E-08  0.9346060E-06 0.6981E-09  1.045    
   5      0.9350966E-06 0.1110E-08  0.9347454E-06 0.5908E-09 0.8180    
   6      0.9338308E-06 0.1126E-08  0.9345481E-06 0.5232E-09 0.7579    



 INPUT PARAMETERS FOR VEGAS:  NDIM=  5  NCALL=    4952198.
                              IT=    0  ITMX=   12
                              MDS=  1   ND=  50
   1      0.9354327E-06 0.3275E-09  0.9354327E-06 0.3275E-09  0.000    
   2      0.9346433E-06 0.3284E-09  0.9350394E-06 0.2319E-09  2.897    
   3      0.9350079E-06 0.3278E-09  0.9350289E-06 0.1893E-09  1.452    
   4      0.9358027E-06 0.3283E-09  0.9352222E-06 0.1640E-09  2.358    
   5      0.9352736E-06 0.3277E-09  0.9352325E-06 0.1467E-09  1.773    
   6      0.9344606E-06 0.3276E-09  0.9351038E-06 0.1339E-09  2.343    
   7      0.9355654E-06 0.3279E-09  0.9351698E-06 0.1239E-09  2.235    
   8      0.9355598E-06 0.3280E-09  0.9352186E-06 0.1159E-09  2.093    
   9      0.9351301E-06 0.3282E-09  0.9352087E-06 0.1093E-09  1.839    
  10      0.9347430E-06 0.3277E-09  0.9351622E-06 0.1037E-09  1.837    
  11      0.9351554E-06 0.3282E-09  0.9351615E-06 0.9888E-10  1.653    
  12      0.9348982E-06 0.3282E-09  0.9351396E-06 0.9468E-10  1.557    
 answer , counts=   9.3513963443317460E-007           0
 error =   9.4677059583953457E-011
 XSECT-01 =   4500.4591726086283        4500.0000000000000        4500.0000000000000        9.3513963443317460E-007   9.4677059583953457E-011
 Qmin, Qmax =    4999.5000000000000        5000.5000000000000     
 Alphas(mZ) =   6.9529466880150077E-310
 ******************************************************
 Running Order           1 with PDF=NNPDF30_nlo_as_0118                               
 Q=   5000.0000000000000      MUR=   5000.0000000000000      MUF=   5000.0000000000000     
 ******************************************************
 RM48 INITIALIZED:        40           0         0



 INPUT PARAMETERS FOR VEGAS:  NDIM=  5  NCALL=     497664.
                              IT=    0  ITMX=    6
                              MDS=  1   ND=  50
   1      0.3190510E-06 0.1630E-07  0.3190510E-06 0.1630E-07  0.000    
   2      0.3209328E-06 0.7399E-09  0.3209290E-06 0.7370E-09 0.1323E-01
   3      0.3210110E-06 0.4044E-09  0.3209921E-06 0.3541E-09 0.1136E-01
   4      0.3214991E-06 0.4635E-09  0.3211798E-06 0.2813E-09 0.2601    
   5      0.3210718E-06 0.4782E-09  0.3211520E-06 0.2424E-09 0.2044    
   6      0.3213169E-06 0.4615E-09  0.3211878E-06 0.2146E-09 0.1835    



 INPUT PARAMETERS FOR VEGAS:  NDIM=  5  NCALL=    4952198.
                              IT=    0  ITMX=   12
                              MDS=  1   ND=  50
   1      0.3218030E-06 0.1308E-09  0.3218030E-06 0.1308E-09  0.000    
   2      0.3214418E-06 0.1309E-09  0.3216227E-06 0.9253E-10  3.811    
   3      0.3214391E-06 0.1308E-09  0.3215615E-06 0.7553E-10  2.562    
   4      0.3218551E-06 0.1306E-09  0.3216352E-06 0.6539E-10  2.970    
   5      0.3215323E-06 0.1309E-09  0.3216146E-06 0.5850E-10  2.352    
   6      0.3212284E-06 0.1307E-09  0.3215503E-06 0.5339E-10  3.335    
   7      0.3216618E-06 0.1309E-09  0.3215662E-06 0.4944E-10  2.883    
   8      0.3216898E-06 0.1306E-09  0.3215817E-06 0.4624E-10  2.583    
   9      0.3216609E-06 0.1309E-09  0.3215905E-06 0.4360E-10  2.300    
  10      0.3213977E-06 0.1308E-09  0.3215712E-06 0.4136E-10  2.262    
  11      0.3215358E-06 0.1309E-09  0.3215680E-06 0.3944E-10  2.043    
  12      0.3214944E-06 0.1309E-09  0.3215619E-06 0.3776E-10  1.883    
 answer , counts=   3.2156188382321425E-007           0
 error =   3.7758905902100708E-011
 XSECT-01 =   5000.4592581685974        5000.0000000000000        5000.0000000000000        3.2156188382321425E-007   3.7758905902100708E-011
 Qmin, Qmax =    5499.5000000000000        5500.5000000000000     
 Alphas(mZ) =   6.9529466880150077E-310
 ******************************************************
 Running Order           1 with PDF=NNPDF30_nlo_as_0118                               
 Q=   5500.0000000000000      MUR=   5500.0000000000000      MUF=   5500.0000000000000     
 ******************************************************
 RM48 INITIALIZED:        40           0         0



 INPUT PARAMETERS FOR VEGAS:  NDIM=  5  NCALL=     497664.
                              IT=    0  ITMX=    6
                              MDS=  1   ND=  50
   1      0.1120258E-06 0.6105E-08  0.1120258E-06 0.6105E-08  0.000    
   2      0.1127282E-06 0.3150E-09  0.1127264E-06 0.3136E-09 0.1312E-01
   3      0.1132115E-06 0.1593E-09  0.1131132E-06 0.1416E-09 0.9558    
   4      0.1129854E-06 0.1815E-09  0.1130647E-06 0.1116E-09 0.7391    
   5      0.1130866E-06 0.2000E-09  0.1130699E-06 0.9744E-10 0.5560    
   6      0.1134163E-06 0.1925E-09  0.1131411E-06 0.8692E-10 0.9627    



 INPUT PARAMETERS FOR VEGAS:  NDIM=  5  NCALL=    4952198.
                              IT=    0  ITMX=   12
                              MDS=  1   ND=  50
   1      0.1132973E-06 0.5461E-10  0.1132973E-06 0.5461E-10  0.000    
   2      0.1132005E-06 0.5467E-10  0.1132490E-06 0.3863E-10  1.568    
   3      0.1132451E-06 0.5463E-10  0.1132477E-06 0.3154E-10 0.7857    
   4      0.1132899E-06 0.5459E-10  0.1132583E-06 0.2731E-10 0.6730    
   5      0.1131660E-06 0.5461E-10  0.1132398E-06 0.2443E-10  1.076    
   6      0.1131360E-06 0.5462E-10  0.1132225E-06 0.2230E-10  1.463    
   7      0.1133034E-06 0.5467E-10  0.1132341E-06 0.2065E-10  1.531    
   8      0.1132829E-06 0.5456E-10  0.1132402E-06 0.1931E-10  1.412    
   9      0.1132060E-06 0.5466E-10  0.1132364E-06 0.1821E-10  1.280    
  10      0.1132298E-06 0.5466E-10  0.1132358E-06 0.1727E-10  1.139    
  11      0.1132835E-06 0.5464E-10  0.1132401E-06 0.1647E-10  1.094    
  12      0.1131728E-06 0.5466E-10  0.1132345E-06 0.1577E-10  1.121    
 answer , counts=   1.1323449644615189E-007           0
 error =   1.5770582387705457E-011
 XSECT-01 =   5500.4592753702082        5500.0000000000000        5500.0000000000000        1.1323449644615189E-007   1.5770582387705457E-011
Thanks for using LHAPDF 6.5.4. Please make sure to cite the paper:
  Eur.Phys.J. C75 (2015) 3, 132  (http://arxiv.org/abs/1412.7420)
Friday 21 June 2024 12:00:26 AM IST
