Friday 03 May 2024 03:43:38 PM IST
----------------------------------------------------------------------
13600.0D0				! ECM in GeV
-----------------------------------------------------------------------
1					! MODP=1 LHC; MODP=2 TEVATRON
-----------------------------------------------------------------------
0					! MODL=0 DY
-----------------------------------------------------------------------
1					! Channel(DY): 1=qqbar
-----------------------------------------------------------------------
0					! Process for 0=Neutral Full DY, 1=Only Z, Charge DY 2=W+, 3=W-, 4=(W+ and W-)
-----------------------------------------------------------------------
0					! Associated Higgs Production 0 = OFF, 1 = ON
-----------------------------------------------------------------------
1					! SV=1, RESUM=2
-----------------------------------------------------------------------
0 0 					! LO=0, NLO=1, NNLO=2, N3LO=3
-----------------------------------------------------------------------
1 					! m11 on(1) off(0)
-----------------------------------------------------------------------
1 10 185.0 10.0				! Q variation: IQI, IQF ,Qbase, stepsize
-----------------------------------------------------------------------
6 6					! MuR/Q Variation (1:Q/10, 2:Q/8, 3:Q/6, 4:Q/4, 5:Q/2, 6:Q, 7:2Q, 8:4Q, 9:6Q, 10:8Q, 11:10Q) 
-----------------------------------------------------------------------
6 6					! MuF/Q Variation (1:Q/10, 2:Q/8, 3:Q/6, 4:Q/4, 5:Q/2, 6:Q, 7:2Q, 8:4Q, 9:6Q, 10:8Q, 11:10Q) 
-----------------------------------------------------------------------
4 4                                     ! 7-points scale variation
-----------------------------------------------------------------------
! Choice of PDF below! MMHT2014lo68cl,MSTW2008lo68cl,CT10nnlo,ABMP16_5_nnlo,PDF4LHC15_nnlo_30,NNPDF23_nnlo_as_0118
 'NNPDF30_lo_as_0118'
 'NNPDF30_nlo_as_0118'
 'NNPDF30_nnlo_as_0118'
-----------------------------------------------------------------------
0 0					! PDF variation: eg. 1 50 for MMHT (0 0 is central)
-----------------------------------------------------------------------
'loSMqqb_ZZ_res_mz_muR_muF.dat'				! output file name LO
'nloSMqqb_ZZ_res_mz_muR_muF.dat'				! output file name NLO
'nnloSMqqb_ZZ_res_mz_muR_muF.dat'			! output file name NNLO
'n3loSMqqb_ZZ_res_mz_muR_muF.dat'			! output file name N3LO
-----------------------------------------------------------------------
!  'MMHT2014lo68cl'
!  'MMHT2014nlo68cl'
!  'MMHT2014nnlo68cl'

  <=  VEGAS INPUT  => 

1d+5  			! vegas points     LO 2 body
6			! vegas iterations LO 2 body

  <=  DATA  => 

 ******************************************************
 INVARIANT MASS DISTRIBUTION OF ZZ AT THE LHC 
 ******************************************************
 CENTRE OF ENERGY =   13600.000000000000      TEV
 MASS OF HIGGS =   125.09999999999999      MASS OF Z =   91.187600000000003     
 FERMI CONSTANT =   1.1663790246529970E-005 FINE STRUCTURE CONSTANT=   128.00000000000000     
 SIN^2(THETA_w) =  0.22289722252391819      COS^2(THETA_w)  0.77710277747608181     
 ******************************************************
LHAPDF 6.5.1 loading /home/vaibhav/work/LHAPDF/share/LHAPDF/NNPDF30_lo_as_0118/NNPDF30_lo_as_0118_0000.dat
NNPDF30_lo_as_0118 PDF set, member #0, version 2; LHAPDF ID = 262000
 Qmin, Qmax =    190.00000000000000        200.00000000000000     
 ******************************************************
 Running Order           0 with PDF=NNPDF30_lo_as_0118                                
 Q=   195.00000000000000      MUR=   195.00000000000000      MUF=   195.00000000000000     
 ******************************************************
 RM48 INITIALIZED:        40           0         0



 INPUT PARAMETERS FOR VEGAS:  NDIM=  5  NCALL=      98304.
                              IT=    0  ITMX=    6
                              MDS=  1   ND=  50
   1       101.3309      13.30       101.3309      13.30      0.000    
   2       120.4198      1.357       120.2801      1.250      1.695    
   3       119.8623     0.3295       119.8859     0.3050     0.8547    
   4       120.0744     0.2198       120.0141     0.1747     0.6395    
   5       120.1409     0.2413       120.0599     0.1407     0.5191    
   6       119.7021     0.2031       119.9397     0.1152     0.8420    



 INPUT PARAMETERS FOR VEGAS:  NDIM=  5  NCALL=     742586.
                              IT=    0  ITMX=   12
                              MDS=  1   ND=  50
   1       120.0331     0.6256E-01   120.0331     0.6256E-01  0.000    
   2       119.8868     0.6268E-01   119.9601     0.4428E-01  2.731    
   3       119.8414     0.6187E-01   119.9200     0.3601E-01  2.583    
   4       119.8136     0.6415E-01   119.8945     0.3140E-01  2.419    
   5       119.9501     0.6059E-01   119.9063     0.2788E-01  1.980    
   6       119.7982     0.6279E-01   119.8885     0.2548E-01  2.079    
   7       119.8737     0.6333E-01   119.8865     0.2364E-01  1.741    
   8       119.8414     0.6335E-01   119.8810     0.2215E-01  1.556    
   9       119.9289     0.6153E-01   119.8865     0.2084E-01  1.428    
  10       119.9318     0.6351E-01   119.8909     0.1980E-01  1.321    
  11       119.8367     0.6261E-01   119.8860     0.1888E-01  1.257    
  12       119.8518     0.6438E-01   119.8832     0.1811E-01  1.166    
 answer , counts=   119.88324965118076                0
 error =   1.8114988621880004E-002
 XSECT-00 =   199.77448861427834        195.00000000000000        195.00000000000000        119.88324965118076        1.8114988621880004E-002
 Qmin, Qmax =    200.00000000000000        210.00000000000000     
 ******************************************************
 Running Order           0 with PDF=NNPDF30_lo_as_0118                                
 Q=   205.00000000000000      MUR=   205.00000000000000      MUF=   205.00000000000000     
 ******************************************************
 RM48 INITIALIZED:        40           0         0



 INPUT PARAMETERS FOR VEGAS:  NDIM=  5  NCALL=      98304.
                              IT=    0  ITMX=    6
                              MDS=  1   ND=  50
   1       97.13373      12.42       97.13373      12.42      0.000    
   2       116.8305      1.290       116.6848      1.182      2.041    
   3       115.7466     0.3093       115.7989     0.2863      1.251    
   4       116.1613     0.2079       116.0446     0.1647      1.164    
   5       116.1913     0.2273       116.0977     0.1326     0.9298    
   6       115.7468     0.1952       115.9828     0.1093      1.191    



 INPUT PARAMETERS FOR VEGAS:  NDIM=  5  NCALL=     742586.
                              IT=    0  ITMX=   12
                              MDS=  1   ND=  50
   1       116.1243     0.5974E-01   116.1243     0.5974E-01  0.000    
   2       115.9595     0.5951E-01   116.0417     0.4216E-01  3.817    
   3       115.9052     0.5888E-01   115.9955     0.3428E-01  3.685    
   4       115.9116     0.6101E-01   115.9754     0.2988E-01  2.936    
   5       116.0322     0.5754E-01   115.9875     0.2652E-01  2.393    
   6       115.9002     0.5970E-01   115.9731     0.2424E-01  2.272    
   7       115.9660     0.6003E-01   115.9721     0.2247E-01  1.895    
   8       115.9442     0.5997E-01   115.9687     0.2104E-01  1.652    
   9       116.0206     0.5833E-01   115.9747     0.1980E-01  1.533    
  10       116.0323     0.6023E-01   115.9803     0.1881E-01  1.454    
  11       115.9321     0.5972E-01   115.9759     0.1794E-01  1.368    
  12       115.9440     0.6140E-01   115.9734     0.1722E-01  1.267    
 answer , counts=   115.97343945180647                0
 error =   1.7217822285686420E-002
 XSECT-00 =   209.76347477644478        205.00000000000000        205.00000000000000        115.97343945180647        1.7217822285686420E-002
 Qmin, Qmax =    210.00000000000000        220.00000000000000     
 ******************************************************
 Running Order           0 with PDF=NNPDF30_lo_as_0118                                
 Q=   215.00000000000000      MUR=   215.00000000000000      MUF=   215.00000000000000     
 ******************************************************
 RM48 INITIALIZED:        40           0         0



 INPUT PARAMETERS FOR VEGAS:  NDIM=  5  NCALL=      98304.
                              IT=    0  ITMX=    6
                              MDS=  1   ND=  50
   1       86.22144      10.71       86.22144      10.71      0.000    
   2       104.1882      1.121       104.0543      1.025      2.272    
   3       102.9630     0.2703       103.0248     0.2502      1.586    
   4       103.3961     0.1824       103.2759     0.1443      1.513    
   5       103.4106     0.2004       103.3243     0.1165      1.193    
   6       103.0246     0.1724       103.2268     0.9612E-01  1.373    



 INPUT PARAMETERS FOR VEGAS:  NDIM=  5  NCALL=     742586.
                              IT=    0  ITMX=   12
                              MDS=  1   ND=  50
   1       103.3566     0.5261E-01   103.3566     0.5261E-01  0.000    
   2       103.2112     0.5238E-01   103.2837     0.3712E-01  3.838    
   3       103.1670     0.5191E-01   103.2443     0.3019E-01  3.590    
   4       103.1684     0.5372E-01   103.2261     0.2632E-01  2.900    
   5       103.2711     0.5071E-01   103.2356     0.2336E-01  2.330    
   6       103.1579     0.5261E-01   103.2229     0.2135E-01  2.228    
   7       103.2170     0.5292E-01   103.2221     0.1980E-01  1.859    
   8       103.1974     0.5280E-01   103.2190     0.1854E-01  1.621    
   9       103.2678     0.5141E-01   103.2246     0.1744E-01  1.518    
  10       103.2710     0.5300E-01   103.2292     0.1657E-01  1.426    
  11       103.1833     0.5262E-01   103.2250     0.1580E-01  1.352    
  12       103.1949     0.5405E-01   103.2227     0.1517E-01  1.255    
 answer , counts=   103.22265894089958                0
 error =   1.5166754365628558E-002
 XSECT-00 =   219.76053598100373        215.00000000000000        215.00000000000000        103.22265894089958        1.5166754365628558E-002
 Qmin, Qmax =    220.00000000000000        230.00000000000000     
 ******************************************************
 Running Order           0 with PDF=NNPDF30_lo_as_0118                                
 Q=   225.00000000000000      MUR=   225.00000000000000      MUF=   225.00000000000000     
 ******************************************************
 RM48 INITIALIZED:        40           0         0



 INPUT PARAMETERS FOR VEGAS:  NDIM=  5  NCALL=      98304.
                              IT=    0  ITMX=    6
                              MDS=  1   ND=  50
   1       74.90122      9.071       74.90122      9.071      0.000    
   2       90.55631     0.9402       90.44209     0.8596      2.402    
   3       89.42404     0.2309       89.48372     0.2135      1.768    
   4       89.81307     0.1567       89.70547     0.1237      1.667    
   5       89.81229     0.1715       89.74391     0.9978E-01  1.296    
   6       89.48343     0.1488       89.66005     0.8254E-01  1.462    



 INPUT PARAMETERS FOR VEGAS:  NDIM=  5  NCALL=     742586.
                              IT=    0  ITMX=   12
                              MDS=  1   ND=  50
   1       89.78095     0.4528E-01   89.78095     0.4528E-01  0.000    
   2       89.65145     0.4511E-01   89.71605     0.3195E-01  4.106    
   3       89.62490     0.4477E-01   89.68533     0.2601E-01  3.426    
   4       89.62167     0.4619E-01   89.67002     0.2266E-01  2.765    
   5       89.71239     0.4374E-01   89.67899     0.2012E-01  2.259    
   6       89.60918     0.4530E-01   89.66750     0.1839E-01  2.204    
   7       89.66719     0.4561E-01   89.66746     0.1706E-01  1.837    
   8       89.64617     0.4546E-01   89.66483     0.1597E-01  1.602    
   9       89.71007     0.4431E-01   89.67004     0.1502E-01  1.517    
  10       89.70498     0.4561E-01   89.67346     0.1427E-01  1.407    
  11       89.62386     0.4533E-01   89.66899     0.1361E-01  1.375    
  12       89.64103     0.4646E-01   89.66678     0.1306E-01  1.281    
 answer , counts=   89.666783048004106                0
 error =   1.3061322915704648E-002
 XSECT-00 =   229.76085930781281        225.00000000000000        225.00000000000000        89.666783048004106        1.3061322915704648E-002
 Qmin, Qmax =    230.00000000000000        240.00000000000000     
 ******************************************************
 Running Order           0 with PDF=NNPDF30_lo_as_0118                                
 Q=   235.00000000000000      MUR=   235.00000000000000      MUF=   235.00000000000000     
 ******************************************************
 RM48 INITIALIZED:        40           0         0



 INPUT PARAMETERS FOR VEGAS:  NDIM=  5  NCALL=      98304.
                              IT=    0  ITMX=    6
                              MDS=  1   ND=  50
   1       64.71506      7.689       64.71506      7.689      0.000    
   2       78.18076     0.7784       78.08685     0.7120      2.477    
   3       77.17584     0.1949       77.23125     0.1801      1.908    
   4       77.47774     0.1339       77.39572     0.1053      1.644    
   5       77.47950     0.1448       77.42615     0.8468E-01  1.271    
   6       77.20280     0.1274       77.35520     0.7026E-01  1.445    



 INPUT PARAMETERS FOR VEGAS:  NDIM=  5  NCALL=     742586.
                              IT=    0  ITMX=   12
                              MDS=  1   ND=  50
   1       77.45452     0.3872E-01   77.45452     0.3872E-01  0.000    
   2       77.34369     0.3857E-01   77.39897     0.2733E-01  4.113    
   3       77.32433     0.3835E-01   77.37386     0.2225E-01  3.313    
   4       77.32211     0.3943E-01   77.36137     0.1938E-01  2.645    
   5       77.40484     0.3747E-01   77.37056     0.1721E-01  2.249    
   6       77.31166     0.3872E-01   77.36085     0.1573E-01  2.185    
   7       77.36005     0.3905E-01   77.36074     0.1459E-01  1.821    
   8       77.34159     0.3885E-01   77.35837     0.1366E-01  1.591    
   9       77.39768     0.3793E-01   77.36289     0.1285E-01  1.511    
  10       77.39430     0.3897E-01   77.36597     0.1220E-01  1.408    
  11       77.31766     0.3880E-01   77.36163     0.1164E-01  1.409    
  12       77.33695     0.3967E-01   77.35967     0.1117E-01  1.313    
 answer , counts=   77.359670659706524                0
 error =   1.1171413189023535E-002
 XSECT-00 =   239.76193844779257        235.00000000000000        235.00000000000000        77.359670659706524        1.1171413189023535E-002
 Qmin, Qmax =    240.00000000000000        250.00000000000000     
 ******************************************************
 Running Order           0 with PDF=NNPDF30_lo_as_0118                                
 Q=   245.00000000000000      MUR=   245.00000000000000      MUF=   245.00000000000000     
 ******************************************************
 RM48 INITIALIZED:        40           0         0



 INPUT PARAMETERS FOR VEGAS:  NDIM=  5  NCALL=      98304.
                              IT=    0  ITMX=    6
                              MDS=  1   ND=  50
   1       55.96347      6.564       55.96347      6.564      0.000    
   2       67.42227     0.6525       67.34481     0.5975      2.469    
   3       66.60048     0.1650       66.64655     0.1525      1.866    
   4       66.83136     0.1134       66.76978     0.8917E-01  1.530    
   5       66.84365     0.1221       66.79675     0.7160E-01  1.191    
   6       66.61418     0.1082       66.73910     0.5950E-01  1.351    



 INPUT PARAMETERS FOR VEGAS:  NDIM=  5  NCALL=     742586.
                              IT=    0  ITMX=   12
                              MDS=  1   ND=  50
   1       66.80835     0.3286E-01   66.80835     0.3286E-01  0.000    
   2       66.71942     0.3274E-01   66.76379     0.2319E-01  3.676    
   3       66.70379     0.3256E-01   66.74362     0.1889E-01  2.965    
   4       66.69438     0.3348E-01   66.73174     0.1645E-01  2.524    
   5       66.76640     0.3182E-01   66.73906     0.1461E-01  2.127    
   6       66.68702     0.3286E-01   66.73048     0.1335E-01  2.120    
   7       66.72786     0.3321E-01   66.73011     0.1239E-01  1.768    
   8       66.71092     0.3302E-01   66.72775     0.1160E-01  1.558    
   9       66.76292     0.3224E-01   66.73178     0.1091E-01  1.494    
  10       66.75896     0.3310E-01   66.73445     0.1037E-01  1.396    
  11       66.69546     0.3297E-01   66.73095     0.9889E-02  1.384    
  12       66.71243     0.3365E-01   66.72948     0.9487E-02  1.283    
 answer , counts=   66.729475288676454                0
 error =   9.4874140104280451E-003
 XSECT-00 =   249.76204427910909        245.00000000000000        245.00000000000000        66.729475288676454        9.4874140104280451E-003
 Qmin, Qmax =    250.00000000000000        260.00000000000000     
 ******************************************************
 Running Order           0 with PDF=NNPDF30_lo_as_0118                                
 Q=   255.00000000000000      MUR=   255.00000000000000      MUF=   255.00000000000000     
 ******************************************************
 RM48 INITIALIZED:        40           0         0



 INPUT PARAMETERS FOR VEGAS:  NDIM=  5  NCALL=      98304.
                              IT=    0  ITMX=    6
                              MDS=  1   ND=  50
   1       48.55129      5.661       48.55129      5.661      0.000    
   2       58.19296     0.5444       58.13129     0.4997      2.366    
   3       57.60399     0.1402       57.63762     0.1294      1.620    
   4       57.81016     0.9609E-01   57.75279     0.7562E-01  1.437    
   5       57.82612     0.1033       57.77963     0.6068E-01  1.146    
   6       57.63062     0.9210E-01   57.73285     0.5048E-01  1.284    



 INPUT PARAMETERS FOR VEGAS:  NDIM=  5  NCALL=     742586.
                              IT=    0  ITMX=   12
                              MDS=  1   ND=  50
   1       57.77717     0.2806E-01   57.77717     0.2806E-01  0.000    
   2       57.70734     0.2802E-01   57.74225     0.1982E-01  3.102    
   3       57.69612     0.2787E-01   57.72677     0.1615E-01  2.461    
   4       57.67965     0.2864E-01   57.71541     0.1407E-01  2.325    
   5       57.74525     0.2726E-01   57.72169     0.1250E-01  1.980    
   6       57.67244     0.2811E-01   57.71357     0.1142E-01  2.097    
   7       57.71095     0.2848E-01   57.71321     0.1060E-01  1.748    
   8       57.69783     0.2831E-01   57.71132     0.9929E-02  1.536    
   9       57.74011     0.2766E-01   57.71461     0.9345E-02  1.464    
  10       57.73494     0.2842E-01   57.71659     0.8878E-02  1.352    
  11       57.68706     0.2822E-01   57.71393     0.8469E-02  1.317    
  12       57.70098     0.2874E-01   57.71290     0.8123E-02  1.214    
 answer , counts=   57.712899593820431                0
 error =   8.1232704598077250E-003
 XSECT-00 =   259.76238802633776        255.00000000000000        255.00000000000000        57.712899593820431        8.1232704598077250E-003
 Qmin, Qmax =    260.00000000000000        270.00000000000000     
 ******************************************************
 Running Order           0 with PDF=NNPDF30_lo_as_0118                                
 Q=   265.00000000000000      MUR=   265.00000000000000      MUF=   265.00000000000000     
 ******************************************************
 RM48 INITIALIZED:        40           0         0



 INPUT PARAMETERS FOR VEGAS:  NDIM=  5  NCALL=      98304.
                              IT=    0  ITMX=    6
                              MDS=  1   ND=  50
   1       42.30531      4.936       42.30531      4.936      0.000    
   2       50.44239     0.4613       50.39269     0.4245      2.231    
   3       50.00494     0.1202       50.03012     0.1109      1.432    
   4       50.19679     0.8244E-01   50.14127     0.6485E-01  1.419    
   5       50.21409     0.8889E-01   50.16782     0.5210E-01  1.161    
   6       50.03748     0.7957E-01   50.12725     0.4343E-01  1.307    



 INPUT PARAMETERS FOR VEGAS:  NDIM=  5  NCALL=     742586.
                              IT=    0  ITMX=   12
                              MDS=  1   ND=  50
   1       50.16057     0.2421E-01   50.16057     0.2421E-01  0.000    
   2       50.10202     0.2418E-01   50.13130     0.1711E-01  2.929    
   3       50.09308     0.2409E-01   50.11850     0.1395E-01  2.301    
   4       50.07895     0.2472E-01   50.10896     0.1215E-01  2.181    
   5       50.13960     0.2359E-01   50.11538     0.1080E-01  1.969    
   6       50.07335     0.2428E-01   50.10846     0.9867E-02  2.076    
   7       50.10722     0.2462E-01   50.10828     0.9159E-02  1.730    
   8       50.09897     0.2444E-01   50.10714     0.8577E-02  1.501    
   9       50.13318     0.2391E-01   50.11011     0.8073E-02  1.445    
  10       50.12537     0.2459E-01   50.11160     0.7670E-02  1.323    
  11       50.08431     0.2433E-01   50.10913     0.7315E-02  1.305    
  12       50.09752     0.2481E-01   50.10820     0.7016E-02  1.205    
 answer , counts=   50.108204772010325                0
 error =   7.0164719613051438E-003
 XSECT-00 =   269.76315405053003        265.00000000000000        265.00000000000000        50.108204772010325        7.0164719613051438E-003
 Qmin, Qmax =    270.00000000000000        280.00000000000000     
 ******************************************************
 Running Order           0 with PDF=NNPDF30_lo_as_0118                                
 Q=   275.00000000000000      MUR=   275.00000000000000      MUF=   275.00000000000000     
 ******************************************************
 RM48 INITIALIZED:        40           0         0



 INPUT PARAMETERS FOR VEGAS:  NDIM=  5  NCALL=      98304.
                              IT=    0  ITMX=    6
                              MDS=  1   ND=  50
   1       37.03108      4.349       37.03108      4.349      0.000    
   2       43.89295     0.3955       43.85279     0.3648      2.058    
   3       43.61596     0.1029       43.63125     0.9505E-01  1.166    
   4       43.76338     0.7128E-01   43.71881     0.5592E-01  1.174    
   5       43.77963     0.7611E-01   43.74118     0.4481E-01 0.9740    
   6       43.62872     0.6885E-01   43.70648     0.3743E-01  1.158    



 INPUT PARAMETERS FOR VEGAS:  NDIM=  5  NCALL=     742586.
                              IT=    0  ITMX=   12
                              MDS=  1   ND=  50
   1       43.73855     0.2082E-01   43.73855     0.2082E-01  0.000    
   2       43.69042     0.2079E-01   43.71448     0.1471E-01  2.675    
   3       43.67938     0.2077E-01   43.70276     0.1200E-01  2.289    
   4       43.66641     0.2125E-01   43.69398     0.1045E-01  2.265    
   5       43.71846     0.2033E-01   43.69911     0.9296E-02  1.986    
   6       43.66019     0.2090E-01   43.69269     0.8494E-02  2.167    
   7       43.68987     0.2120E-01   43.69230     0.7884E-02  1.808    
   8       43.68227     0.2102E-01   43.69107     0.7382E-02  1.579    
   9       43.71447     0.2058E-01   43.69374     0.6949E-02  1.524    
  10       43.70751     0.2112E-01   43.69508     0.6601E-02  1.398    
  11       43.67200     0.2096E-01   43.69300     0.6296E-02  1.368    
  12       43.68334     0.2134E-01   43.69223     0.6038E-02  1.261    
 answer , counts=   43.692228041451671                0
 error =   6.0383453024781273E-003
 XSECT-00 =   279.76269344278251        275.00000000000000        275.00000000000000        43.692228041451671        6.0383453024781273E-003
 Qmin, Qmax =    280.00000000000000        290.00000000000000     
 ******************************************************
 Running Order           0 with PDF=NNPDF30_lo_as_0118                                
 Q=   285.00000000000000      MUR=   285.00000000000000      MUF=   285.00000000000000     
 ******************************************************
 RM48 INITIALIZED:        40           0         0



 INPUT PARAMETERS FOR VEGAS:  NDIM=  5  NCALL=      98304.
                              IT=    0  ITMX=    6
                              MDS=  1   ND=  50
   1       32.55908      3.871       32.55908      3.871      0.000    
   2       38.42254     0.3455       38.38919     0.3193      1.907    
   3       38.19176     0.8987E-01   38.20448     0.8306E-01  1.078    
   4       38.32691     0.6211E-01   38.28573     0.4879E-01  1.169    
   5       38.32981     0.6570E-01   38.30214     0.3895E-01 0.9387    
   6       38.20945     0.5970E-01   38.27345     0.3251E-01  1.092    



 INPUT PARAMETERS FOR VEGAS:  NDIM=  5  NCALL=     742586.
                              IT=    0  ITMX=   12
                              MDS=  1   ND=  50
   1       38.30372     0.1810E-01   38.30372     0.1810E-01  0.000    
   2       38.26074     0.1806E-01   38.28221     0.1279E-01  2.825    
   3       38.25210     0.1810E-01   38.27220     0.1044E-01  2.335    
   4       38.24294     0.1847E-01   38.26511     0.9091E-02  2.191    
   5       38.28644     0.1770E-01   38.26957     0.8086E-02  1.930    
   6       38.23406     0.1818E-01   38.26371     0.7388E-02  2.181    
   7       38.26176     0.1843E-01   38.26344     0.6858E-02  1.819    
   8       38.25392     0.1829E-01   38.26227     0.6421E-02  1.593    
   9       38.28227     0.1789E-01   38.26455     0.6044E-02  1.532    
  10       38.27777     0.1834E-01   38.26585     0.5740E-02  1.414    
  11       38.24618     0.1824E-01   38.26408     0.5476E-02  1.378    
  12       38.25414     0.1853E-01   38.26328     0.5251E-02  1.277    
 answer , counts=   38.263282249988862                0
 error =   5.2510713341076213E-003
 XSECT-00 =   289.76142172516018        285.00000000000000        285.00000000000000        38.263282249988862        5.2510713341076213E-003
Thanks for using LHAPDF 6.5.1. Please make sure to cite the paper:
  Eur.Phys.J. C75 (2015) 3, 132  (http://arxiv.org/abs/1412.7420)
Friday 03 May 2024 03:49:37 PM IST
