Tuesday 18 June 2024 07:36:17 PM IST
$
<=  INPUT FILE  =>  

----------------------------------------------------------------------
13600.0D0				! ECM in GeV
-----------------------------------------------------------------------
1					! MODP=1 LHC; MODP=2 TEVATRON
-----------------------------------------------------------------------
0					! MODL=0 DY
-----------------------------------------------------------------------
1					! Channel(DY): 1=qqbar
-----------------------------------------------------------------------
0					! Process for 0=Neutral Full DY, 1=Only Z, Charge DY 2=W+, 3=W-, 4=(W+ and W-)
-----------------------------------------------------------------------
0					! Associated Higgs Production 0 = OFF, 1 = ON
-----------------------------------------------------------------------
1					! SV=1, RESUM=2
-----------------------------------------------------------------------
0 1 					! LO=0, NLO=1, NNLO=2, N3LO=3
-----------------------------------------------------------------------
0 					! m11 on(1) off(0)
-----------------------------------------------------------------------
1 20 505.0 500.0			! Q variation: IQI, IQF ,Qbase, stepsize
-----------------------------------------------------------------------
6 6					! MuR/Q Variation (1:Q/10, 2:Q/8, 3:Q/6, 4:Q/4, 5:Q/2, 6:Q, 7:2Q, 8:4Q, 9:6Q, 10:8Q, 11:10Q) 
-----------------------------------------------------------------------
6 6					! MuF/Q Variation (1:Q/10, 2:Q/8, 3:Q/6, 4:Q/4, 5:Q/2, 6:Q, 7:2Q, 8:4Q, 9:6Q, 10:8Q, 11:10Q) 
-----------------------------------------------------------------------
4 4                                     ! 7-points scale variation
-----------------------------------------------------------------------
! Choice of PDF below! MMHT2014lo68cl,MSTW2008lo68cl,CT10nnlo,ABMP16_5_nnlo,PDF4LHC15_nnlo_30,NNPDF23_nnlo_as_0118
 'NNPDF30_nlo_as_0118'
 'NNPDF30_nlo_as_0118'
 'NNPDF30_nnlo_as_0118'
-----------------------------------------------------------------------
0 0					! PDF variation: eg. 1 50 for MMHT (0 0 is central)
-----------------------------------------------------------------------
'loSMqqb_ZZ_res_Q_muR_muF.dat'				! output file name LO
'nloSMqqb_ZZ_res_Q_muR_muF.dat'				! output file name NLO
'nnloSMqqb_ZZ_res_Q_muR_muF.dat'			! output file name NNLO
'n3loSMqqb_ZZ_res_Q_muR_muF.dat'			! output file name N3LO
-----------------------------------------------------------------------
!  'MMHT2014lo68cl'
!  'MMHT2014nlo68cl'
!  'MMHT2014nnlo68cl'
$
  <=  VEGAS INPUT  => 

5d+5  			! vegas points     LO 2 body
6			! vegas iterations LO 2 body
$
  <=  DATA  => 

 ******************************************************
 INVARIANT MASS DISTRIBUTION OF ZZ AT THE LHC 
 ******************************************************
 CENTRE OF ENERGY =   13600.000000000000      TEV
 MASS OF HIGGS =   125.09999999999999      MASS OF Z =   91.187600000000003     
 FERMI CONSTANT =   1.1663790246529970E-005 FINE STRUCTURE CONSTANT=   128.00000000000000     
 SIN^2(THETA_w) =  0.22289722252391819      COS^2(THETA_w)  0.77710277747608181     
 ******************************************************
LHAPDF 6.5.4 loading /hdd1/Packages/install/share/LHAPDF/NNPDF30_nlo_as_0118/NNPDF30_nlo_as_0118_0000.dat
NNPDF30_nlo_as_0118 PDF set, member #0, version 2; LHAPDF ID = 260000
 Qmin, Qmax =    1000.0000000000000        1010.0000000000000     
 ******************************************************
 Running Order           0 with PDF=NNPDF30_nlo_as_0118                               
 Q=   1005.0000000000000      MUR=   1005.0000000000000      MUF=   1005.0000000000000     
 ******************************************************
 RM48 INITIALIZED:        40           0         0



 INPUT PARAMETERS FOR VEGAS:  NDIM=  5  NCALL=     497664.
                              IT=    0  ITMX=    6
                              MDS=  1   ND=  50
   1      0.2894280     0.8206E-01  0.2894280     0.8206E-01  0.000    
   2      0.2370921     0.3235E-02  0.2372130     0.3606E-02 0.4857    
   3      0.2383455     0.4738E-03  0.2383220     0.5038E-03 0.3106    
   4      0.2380258     0.2016E-03  0.2380721     0.1958E-03 0.3150    
   5      0.2382715     0.1607E-03  0.2381860     0.1269E-03 0.3925    
   6      0.2381205     0.1530E-03  0.2381607     0.9873E-04 0.3394    



 INPUT PARAMETERS FOR VEGAS:  NDIM=  5  NCALL=    4952198.
                              IT=    0  ITMX=   12
                              MDS=  1   ND=  50
   1      0.2383318     0.4371E-04  0.2383318     0.4371E-04  0.000    
   2      0.2383185     0.4375E-04  0.2383251     0.3092E-04 0.4620E-01
   3      0.2382822     0.4350E-04  0.2383107     0.2521E-04 0.3470    
   4      0.2383638     0.4343E-04  0.2383241     0.2180E-04 0.6041    
   5      0.2383091     0.4353E-04  0.2383211     0.1949E-04 0.4766    
   6      0.2383070     0.4356E-04  0.2383187     0.1779E-04 0.3986    
   7      0.2383659     0.4361E-04  0.2383255     0.1647E-04 0.4994    
   8      0.2383660     0.4338E-04  0.2383306     0.1540E-04 0.5369    
   9      0.2383568     0.4357E-04  0.2383335     0.1452E-04 0.5099    
  10      0.2383271     0.4351E-04  0.2383328     0.1377E-04 0.4554    
  11      0.2383292     0.4353E-04  0.2383325     0.1313E-04 0.4105    
  12      0.2382484     0.4363E-04  0.2383255     0.1257E-04 0.6832    
 answer , counts=  0.23832552967941878                0
 error =   1.2574564300879521E-005
 XSECT-00 =   1009.5851571389352        1005.0000000000000        1005.0000000000000       0.23832552967941878        1.2574564300879521E-005
 Qmin, Qmax =    1500.0000000000000        1510.0000000000000     
 ******************************************************
 Running Order           0 with PDF=NNPDF30_nlo_as_0118                               
 Q=   1505.0000000000000      MUR=   1505.0000000000000      MUF=   1505.0000000000000     
 ******************************************************
 RM48 INITIALIZED:        40           0         0



 INPUT PARAMETERS FOR VEGAS:  NDIM=  5  NCALL=     497664.
                              IT=    0  ITMX=    6
                              MDS=  1   ND=  50
   1      0.4030615E-01 0.1364E-01  0.4030615E-01 0.1364E-01  0.000    
   2      0.3147271E-01 0.8785E-03  0.3153240E-01 0.1006E-02 0.5175    
   3      0.3218236E-01 0.1535E-03  0.3216380E-01 0.1640E-03 0.4959    
   4      0.3221030E-01 0.4916E-04  0.3220587E-01 0.4970E-04 0.3684    
   5      0.3221986E-01 0.2852E-04  0.3221606E-01 0.2558E-04 0.2975    
   6      0.3220639E-01 0.2400E-04  0.3221116E-01 0.1782E-04 0.2566    



 INPUT PARAMETERS FOR VEGAS:  NDIM=  5  NCALL=    4952198.
                              IT=    0  ITMX=   12
                              MDS=  1   ND=  50
   1      0.3222589E-01 0.6753E-05  0.3222589E-01 0.6753E-05  0.000    
   2      0.3222497E-01 0.6760E-05  0.3222543E-01 0.4778E-05 0.9233E-02
   3      0.3222239E-01 0.6737E-05  0.3222441E-01 0.3897E-05 0.7224E-01
   4      0.3222978E-01 0.6727E-05  0.3222576E-01 0.3372E-05 0.2071    
   5      0.3222693E-01 0.6724E-05  0.3222600E-01 0.3014E-05 0.1613    
   6      0.3222864E-01 0.6744E-05  0.3222644E-01 0.2752E-05 0.1547    
   7      0.3223340E-01 0.6750E-05  0.3222743E-01 0.2548E-05 0.2810    
   8      0.3223401E-01 0.6717E-05  0.3222826E-01 0.2383E-05 0.3606    
   9      0.3222896E-01 0.6739E-05  0.3222834E-01 0.2246E-05 0.3168    
  10      0.3222625E-01 0.6735E-05  0.3222813E-01 0.2131E-05 0.2911    
  11      0.3222415E-01 0.6740E-05  0.3222777E-01 0.2032E-05 0.2937    
  12      0.3221086E-01 0.6759E-05  0.3222637E-01 0.1946E-05 0.7882    
 answer , counts=   3.2226367321688848E-002           0
 error =   1.9457887638384898E-006
 XSECT-00 =   1509.5863715327187        1505.0000000000000        1505.0000000000000        3.2226367321688848E-002   1.9457887638384898E-006
 Qmin, Qmax =    2000.0000000000000        2010.0000000000000     
 ******************************************************
 Running Order           0 with PDF=NNPDF30_nlo_as_0118                               
 Q=   2005.0000000000000      MUR=   2005.0000000000000      MUF=   2005.0000000000000     
 ******************************************************
 RM48 INITIALIZED:        40           0         0



 INPUT PARAMETERS FOR VEGAS:  NDIM=  5  NCALL=     497664.
                              IT=    0  ITMX=    6
                              MDS=  1   ND=  50
   1      0.7751590E-02 0.2683E-02  0.7751590E-02 0.2683E-02  0.000    
   2      0.6135538E-02 0.2805E-03  0.6163243E-02 0.3168E-03 0.4385    
   3      0.6338217E-02 0.6365E-04  0.6330026E-02 0.6648E-04 0.3877    
   4      0.6363301E-02 0.1777E-04  0.6360803E-02 0.1794E-04 0.3460    
   5      0.6372596E-02 0.8570E-05  0.6370233E-02 0.7959E-05 0.3522    
   6      0.6369957E-02 0.5983E-05  0.6370061E-02 0.4869E-05 0.2854    



 INPUT PARAMETERS FOR VEGAS:  NDIM=  5  NCALL=    4952198.
                              IT=    0  ITMX=   12
                              MDS=  1   ND=  50
   1      0.6374847E-02 0.1604E-05  0.6374847E-02 0.1604E-05  0.000    
   2      0.6373733E-02 0.1603E-05  0.6374290E-02 0.1134E-05 0.2412    
   3      0.6373147E-02 0.1601E-05  0.6373908E-02 0.9254E-06 0.2902    
   4      0.6373577E-02 0.1600E-05  0.6373825E-02 0.8010E-06 0.2042    
   5      0.6373714E-02 0.1597E-05  0.6373803E-02 0.7160E-06 0.1541    
   6      0.6372598E-02 0.1604E-05  0.6373603E-02 0.6538E-06 0.2174    
   7      0.6374449E-02 0.1601E-05  0.6373724E-02 0.6053E-06 0.2211    
   8      0.6374080E-02 0.1598E-05  0.6373768E-02 0.5660E-06 0.1957    
   9      0.6373354E-02 0.1600E-05  0.6373722E-02 0.5336E-06 0.1787    
  10      0.6373508E-02 0.1598E-05  0.6373701E-02 0.5062E-06 0.1606    
  11      0.6371058E-02 0.1599E-05  0.6373460E-02 0.4826E-06 0.3926    
  12      0.6370159E-02 0.1605E-05  0.6373187E-02 0.4621E-06 0.7094    
 answer , counts=   6.3731869598970536E-003           0
 error =   4.6213620549790744E-007
 XSECT-00 =   2009.5871420099945        2005.0000000000000        2005.0000000000000        6.3731869598970536E-003   4.6213620549790744E-007
 Qmin, Qmax =    2500.0000000000000        2510.0000000000000     
 ******************************************************
 Running Order           0 with PDF=NNPDF30_nlo_as_0118                               
 Q=   2505.0000000000000      MUR=   2505.0000000000000      MUF=   2505.0000000000000     
 ******************************************************
 RM48 INITIALIZED:        40           0         0



 INPUT PARAMETERS FOR VEGAS:  NDIM=  5  NCALL=     497664.
                              IT=    0  ITMX=    6
                              MDS=  1   ND=  50
   1      0.1770027E-02 0.6054E-03  0.1770027E-02 0.6054E-03  0.000    
   2      0.1545736E-02 0.1137E-03  0.1555646E-02 0.1195E-03 0.1489    
   3      0.1511419E-02 0.2536E-04  0.1513704E-02 0.2636E-04 0.1479    
   4      0.1534667E-02 0.7042E-05  0.1533135E-02 0.7041E-05 0.3012    
   5      0.1536811E-02 0.2937E-05  0.1536232E-02 0.2776E-05 0.2873    
   6      0.1533548E-02 0.1891E-05  0.1534436E-02 0.1589E-05 0.3586    



 INPUT PARAMETERS FOR VEGAS:  NDIM=  5  NCALL=    4952198.
                              IT=    0  ITMX=   12
                              MDS=  1   ND=  50
   1      0.1534221E-02 0.4529E-06  0.1534221E-02 0.4529E-06  0.000    
   2      0.1533214E-02 0.4531E-06  0.1533718E-02 0.3203E-06  2.471    
   3      0.1533558E-02 0.4526E-06  0.1533665E-02 0.2614E-06  1.277    
   4      0.1533663E-02 0.4524E-06  0.1533664E-02 0.2264E-06 0.8516    
   5      0.1533341E-02 0.4520E-06  0.1533599E-02 0.2024E-06 0.7410    
   6      0.1533118E-02 0.4519E-06  0.1533519E-02 0.1847E-06 0.7819    
   7      0.1533736E-02 0.4525E-06  0.1533550E-02 0.1710E-06 0.6845    
   8      0.1534022E-02 0.4516E-06  0.1533609E-02 0.1599E-06 0.7233    
   9      0.1533611E-02 0.4522E-06  0.1533609E-02 0.1508E-06 0.6329    
  10      0.1533333E-02 0.4524E-06  0.1533582E-02 0.1430E-06 0.6000    
  11      0.1533157E-02 0.4523E-06  0.1533543E-02 0.1364E-06 0.6201    
  12      0.1532324E-02 0.4538E-06  0.1533442E-02 0.1306E-06  1.165    
 answer , counts=   1.5334423172494731E-003           0
 error =   1.3061398162703455E-007
 XSECT-00 =   2509.5861014881384        2505.0000000000000        2505.0000000000000        1.5334423172494731E-003   1.3061398162703455E-007
 Qmin, Qmax =    3000.0000000000000        3010.0000000000000     
 ******************************************************
 Running Order           0 with PDF=NNPDF30_nlo_as_0118                               
 Q=   3005.0000000000000      MUR=   3005.0000000000000      MUF=   3005.0000000000000     
 ******************************************************
 RM48 INITIALIZED:        40           0         0



 INPUT PARAMETERS FOR VEGAS:  NDIM=  5  NCALL=     497664.
                              IT=    0  ITMX=    6
                              MDS=  1   ND=  50
   1      0.4509755E-03 0.1556E-03  0.4509755E-03 0.1556E-03  0.000    
   2      0.4414068E-03 0.4686E-04  0.4422346E-03 0.4527E-04 0.3530E-02
   3      0.3900787E-03 0.1158E-04  0.3941896E-03 0.1220E-04 0.6653    
   4      0.4136638E-03 0.3017E-05  0.4124655E-03 0.3001E-05  1.262    
   5      0.4127420E-03 0.1166E-05  0.4127039E-03 0.1108E-05 0.9588    
   6      0.4131437E-03 0.6337E-06  0.4130316E-03 0.5572E-06 0.7962    



 INPUT PARAMETERS FOR VEGAS:  NDIM=  5  NCALL=    4952198.
                              IT=    0  ITMX=   12
                              MDS=  1   ND=  50
   1      0.4130455E-03 0.1456E-06  0.4130455E-03 0.1456E-06  0.000    
   2      0.4129149E-03 0.1458E-06  0.4129803E-03 0.1030E-06 0.4017    
   3      0.4128908E-03 0.1457E-06  0.4129505E-03 0.8412E-07 0.3268    
   4      0.4131365E-03 0.1456E-06  0.4129970E-03 0.7284E-07 0.6257    
   5      0.4130101E-03 0.1454E-06  0.4129997E-03 0.6513E-07 0.4709    
   6      0.4126973E-03 0.1455E-06  0.4129493E-03 0.5945E-07  1.095    
   7      0.4130480E-03 0.1457E-06  0.4129634E-03 0.5504E-07 0.9784    
   8      0.4130430E-03 0.1454E-06  0.4129733E-03 0.5148E-07 0.8760    
   9      0.4130314E-03 0.1456E-06  0.4129798E-03 0.4853E-07 0.7841    
  10      0.4128890E-03 0.1455E-06  0.4129707E-03 0.4604E-07 0.7360    
  11      0.4127823E-03 0.1455E-06  0.4129536E-03 0.4389E-07 0.8147    
  12      0.4125847E-03 0.1459E-06  0.4129230E-03 0.4203E-07  1.273    
 answer , counts=   4.1292302880266364E-004           0
 error =   4.2032874116427679E-008
 XSECT-00 =   3009.5800017004822        3005.0000000000000        3005.0000000000000        4.1292302880266364E-004   4.2032874116427679E-008
 Qmin, Qmax =    3500.0000000000000        3510.0000000000000     
 ******************************************************
 Running Order           0 with PDF=NNPDF30_nlo_as_0118                               
 Q=   3505.0000000000000      MUR=   3505.0000000000000      MUF=   3505.0000000000000     
 ******************************************************
 RM48 INITIALIZED:        40           0         0



 INPUT PARAMETERS FOR VEGAS:  NDIM=  5  NCALL=     497664.
                              IT=    0  ITMX=    6
                              MDS=  1   ND=  50
   1      0.1223970E-03 0.4302E-04  0.1223970E-03 0.4302E-04  0.000    
   2      0.1524720E-03 0.3119E-04  0.1448610E-03 0.2444E-04 0.2862    
   3      0.1184254E-03 0.5091E-05  0.1199008E-03 0.5512E-05 0.7630    
   4      0.1185263E-03 0.1277E-05  0.1186120E-03 0.1343E-05 0.5549    
   5      0.1193558E-03 0.4772E-06  0.1192605E-03 0.4738E-06 0.4970    
   6      0.1187973E-03 0.2470E-06  0.1189070E-03 0.2281E-06 0.5550    



 INPUT PARAMETERS FOR VEGAS:  NDIM=  5  NCALL=    4952198.
                              IT=    0  ITMX=   12
                              MDS=  1   ND=  50
   1      0.1190869E-03 0.5395E-07  0.1190869E-03 0.5395E-07  0.000    
   2      0.1190856E-03 0.5402E-07  0.1190862E-03 0.3817E-07 0.3120E-03
   3      0.1190939E-03 0.5395E-07  0.1190888E-03 0.3116E-07 0.6979E-02
   4      0.1191238E-03 0.5397E-07  0.1190976E-03 0.2699E-07 0.1098    
   5      0.1191040E-03 0.5401E-07  0.1190988E-03 0.2414E-07 0.8517E-01
   6      0.1189859E-03 0.5395E-07  0.1190800E-03 0.2204E-07 0.7973    
   7      0.1191210E-03 0.5398E-07  0.1190859E-03 0.2040E-07 0.7467    
   8      0.1191416E-03 0.5384E-07  0.1190929E-03 0.1908E-07 0.7740    
   9      0.1191522E-03 0.5407E-07  0.1190995E-03 0.1799E-07 0.8110    
  10      0.1190322E-03 0.5391E-07  0.1190927E-03 0.1707E-07 0.8764    
  11      0.1190347E-03 0.5397E-07  0.1190875E-03 0.1627E-07 0.8939    
  12      0.1189811E-03 0.5406E-07  0.1190786E-03 0.1558E-07  1.135    
 answer , counts=   1.1907863303905931E-004           0
 error =   1.5580574489167359E-008
 XSECT-00 =   3509.5882907824071        3505.0000000000000        3505.0000000000000        1.1907863303905931E-004   1.5580574489167359E-008
 Qmin, Qmax =    4000.0000000000000        4010.0000000000000     
 ******************************************************
 Running Order           0 with PDF=NNPDF30_nlo_as_0118                               
 Q=   4005.0000000000000      MUR=   4005.0000000000000      MUF=   4005.0000000000000     
 ******************************************************
 RM48 INITIALIZED:        40           0         0



 INPUT PARAMETERS FOR VEGAS:  NDIM=  5  NCALL=     497664.
                              IT=    0  ITMX=    6
                              MDS=  1   ND=  50
   1      0.3503288E-04 0.1268E-04  0.3503288E-04 0.1268E-04  0.000    
   2      0.5450628E-04 0.1640E-04  0.4654640E-04 0.1060E-04 0.8159    
   3      0.3575840E-04 0.3103E-05  0.3708914E-04 0.3471E-05 0.9912    
   4      0.3531567E-04 0.7509E-06  0.3542936E-04 0.8434E-06 0.8061    
   5      0.3588524E-04 0.2615E-06  0.3583441E-04 0.2750E-06 0.7023    
   6      0.3585148E-04 0.1121E-06  0.3584855E-04 0.1120E-06 0.5817    



 INPUT PARAMETERS FOR VEGAS:  NDIM=  5  NCALL=    4952198.
                              IT=    0  ITMX=   12
                              MDS=  1   ND=  50
   1      0.3589917E-04 0.2063E-07  0.3589917E-04 0.2063E-07  0.000    
   2      0.3586211E-04 0.2066E-07  0.3588069E-04 0.1460E-07  1.611    
   3      0.3590342E-04 0.2068E-07  0.3588825E-04 0.1193E-07  1.209    
   4      0.3588724E-04 0.2063E-07  0.3588800E-04 0.1033E-07 0.8063    
   5      0.3589050E-04 0.2062E-07  0.3588850E-04 0.9233E-08 0.6076    
   6      0.3584943E-04 0.2062E-07  0.3588199E-04 0.8427E-08  1.083    
   7      0.3589645E-04 0.2065E-07  0.3588405E-04 0.7802E-08 0.9728    
   8      0.3591900E-04 0.2063E-07  0.3588843E-04 0.7298E-08  1.193    
   9      0.3592116E-04 0.2064E-07  0.3589208E-04 0.6880E-08  1.323    
  10      0.3587321E-04 0.2064E-07  0.3589019E-04 0.6527E-08  1.260    
  11      0.3586109E-04 0.2059E-07  0.3588754E-04 0.6222E-08  1.315    
  12      0.3583460E-04 0.2068E-07  0.3588316E-04 0.5958E-08  1.741    
 answer , counts=   3.5883158363148321E-005           0
 error =   5.9584041803747091E-009
 XSECT-00 =   4009.5982881790014        4005.0000000000000        4005.0000000000000        3.5883158363148321E-005   5.9584041803747091E-009
 Qmin, Qmax =    4500.0000000000000        4510.0000000000000     
 ******************************************************
 Running Order           0 with PDF=NNPDF30_nlo_as_0118                               
 Q=   4505.0000000000000      MUR=   4505.0000000000000      MUF=   4505.0000000000000     
 ******************************************************
 RM48 INITIALIZED:        40           0         0



 INPUT PARAMETERS FOR VEGAS:  NDIM=  5  NCALL=     497664.
                              IT=    0  ITMX=    6
                              MDS=  1   ND=  50
   1      0.1041387E-04 0.3964E-05  0.1041387E-04 0.3964E-05  0.000    
   2      0.1534078E-04 0.4272E-05  0.1362326E-04 0.2946E-05 0.6349    
   3      0.1223918E-04 0.1494E-05  0.1255444E-04 0.1376E-05 0.4207    
   4      0.1128777E-04 0.2865E-06  0.1135492E-04 0.3077E-06 0.5808    
   5      0.1120751E-04 0.9255E-07  0.1122234E-04 0.9570E-07 0.5066    
   6      0.1116515E-04 0.4171E-07  0.1117575E-04 0.4063E-07 0.4765    



 INPUT PARAMETERS FOR VEGAS:  NDIM=  5  NCALL=    4952198.
                              IT=    0  ITMX=   12
                              MDS=  1   ND=  50
   1      0.1115116E-04 0.7378E-08  0.1115116E-04 0.7378E-08  0.000    
   2      0.1114438E-04 0.7391E-08  0.1114778E-04 0.5222E-08 0.4216    
   3      0.1115681E-04 0.7401E-08  0.1115078E-04 0.4267E-08 0.7075    
   4      0.1115810E-04 0.7383E-08  0.1115262E-04 0.3694E-08 0.7170    
   5      0.1115495E-04 0.7372E-08  0.1115308E-04 0.3303E-08 0.5577    
   6      0.1113130E-04 0.7380E-08  0.1114946E-04 0.3015E-08  1.895    
   7      0.1115538E-04 0.7391E-08  0.1115031E-04 0.2791E-08  1.670    
   8      0.1116749E-04 0.7375E-08  0.1115246E-04 0.2611E-08  2.111    
   9      0.1116013E-04 0.7393E-08  0.1115332E-04 0.2462E-08  1.967    
  10      0.1114953E-04 0.7391E-08  0.1115294E-04 0.2336E-08  1.774    
  11      0.1114371E-04 0.7376E-08  0.1115210E-04 0.2227E-08  1.739    
  12      0.1114132E-04 0.7392E-08  0.1115120E-04 0.2132E-08  1.758    
 answer , counts=   1.1151204229818030E-005           0
 error =   2.1319430662575038E-009
 XSECT-00 =   4509.6146478656538        4505.0000000000000        4505.0000000000000        1.1151204229818030E-005   2.1319430662575038E-009
 Qmin, Qmax =    5000.0000000000000        5010.0000000000000     
 ******************************************************
 Running Order           0 with PDF=NNPDF30_nlo_as_0118                               
 Q=   5005.0000000000000      MUR=   5005.0000000000000      MUF=   5005.0000000000000     
 ******************************************************
 RM48 INITIALIZED:        40           0         0



 INPUT PARAMETERS FOR VEGAS:  NDIM=  5  NCALL=     497664.
                              IT=    0  ITMX=    6
                              MDS=  1   ND=  50
   1      0.3118467E-05 0.1242E-05  0.3118467E-05 0.1242E-05  0.000    
   2      0.4060213E-05 0.1301E-05  0.3690171E-05 0.9041E-06 0.2588    
   3      0.4723858E-05 0.1045E-05  0.4269362E-05 0.6660E-06 0.4016    
   4      0.3717025E-05 0.1678E-06  0.3755231E-05 0.1719E-06 0.4993    
   5      0.3488532E-05 0.4559E-07  0.3510557E-05 0.4832E-07 0.9687    
   6      0.3575724E-05 0.1842E-07  0.3566285E-05 0.1817E-07  1.112    



 INPUT PARAMETERS FOR VEGAS:  NDIM=  5  NCALL=    4952198.
                              IT=    0  ITMX=   12
                              MDS=  1   ND=  50
   1      0.3559296E-05 0.3002E-08  0.3559296E-05 0.3002E-08  0.000    
   2      0.3557704E-05 0.3012E-08  0.3558503E-05 0.2126E-08 0.1402    
   3      0.3560142E-05 0.3014E-08  0.3559048E-05 0.1737E-08 0.1690    
   4      0.3558754E-05 0.2999E-08  0.3558974E-05 0.1503E-08 0.1150    
   5      0.3555908E-05 0.2996E-08  0.3558358E-05 0.1344E-08 0.2952    
   6      0.3550486E-05 0.3004E-08  0.3557051E-05 0.1227E-08  1.377    
   7      0.3560312E-05 0.3005E-08  0.3557517E-05 0.1136E-08  1.316    
   8      0.3560992E-05 0.2998E-08  0.3557954E-05 0.1062E-08  1.296    
   9      0.3560659E-05 0.3009E-08  0.3558254E-05 0.1001E-08  1.224    
  10      0.3559996E-05 0.3010E-08  0.3558428E-05 0.9502E-09  1.121    
  11      0.3554177E-05 0.3005E-08  0.3558042E-05 0.9060E-09  1.191    
  12      0.3552118E-05 0.3006E-08  0.3557550E-05 0.8674E-09  1.406    
 answer , counts=   3.5575503946963728E-006           0
 error =   8.6744756140330728E-010
 XSECT-00 =   5009.6030447754956        5005.0000000000000        5005.0000000000000        3.5575503946963728E-006   8.6744756140330728E-010
 Qmin, Qmax =    5500.0000000000000        5510.0000000000000     
 ******************************************************
 Running Order           0 with PDF=NNPDF30_nlo_as_0118                               
 Q=   5505.0000000000000      MUR=   5505.0000000000000      MUF=   5505.0000000000000     
 ******************************************************
 RM48 INITIALIZED:        40           0         0



 INPUT PARAMETERS FOR VEGAS:  NDIM=  5  NCALL=     497664.
                              IT=    0  ITMX=    6
                              MDS=  1   ND=  50
   1      0.9594639E-06 0.4012E-06  0.9594639E-06 0.4012E-06  0.000    
   2      0.1265254E-05 0.6317E-06  0.1085538E-05 0.3599E-06 0.1749    
   3      0.1688736E-05 0.5744E-06  0.1369255E-05 0.3122E-06 0.5265    
   4      0.1108965E-05 0.9966E-07  0.1142597E-05 0.1077E-06 0.5997    
   5      0.1130463E-05 0.2484E-07  0.1131242E-05 0.2668E-07 0.4742    
   6      0.1175826E-05 0.8693E-08  0.1171014E-05 0.8676E-08 0.8958    



 INPUT PARAMETERS FOR VEGAS:  NDIM=  5  NCALL=    4952198.
                              IT=    0  ITMX=   12
                              MDS=  1   ND=  50
   1      0.1168787E-05 0.1292E-08  0.1168787E-05 0.1292E-08  0.000    
   2      0.1169977E-05 0.1294E-08  0.1169382E-05 0.9143E-09 0.4232    
   3      0.1169808E-05 0.1298E-08  0.1169523E-05 0.7474E-09 0.2476    
   4      0.1167177E-05 0.1294E-08  0.1168938E-05 0.6472E-09 0.9852    
   5      0.1168762E-05 0.1291E-08  0.1168903E-05 0.5785E-09 0.7426    
   6      0.1166396E-05 0.1295E-08  0.1168487E-05 0.5282E-09  1.217    
   7      0.1168792E-05 0.1294E-08  0.1168531E-05 0.4890E-09  1.022    
   8      0.1168633E-05 0.1291E-08  0.1168544E-05 0.4573E-09 0.8771    
   9      0.1167723E-05 0.1295E-08  0.1168453E-05 0.4312E-09 0.8121    
  10      0.1170042E-05 0.1297E-08  0.1168612E-05 0.4092E-09 0.8722    
  11      0.1168524E-05 0.1292E-08  0.1168604E-05 0.3901E-09 0.7854    
  12      0.1166421E-05 0.1292E-08  0.1168422E-05 0.3734E-09 0.9514    
 answer , counts=   1.1684217642669673E-006           0
 error =   3.7344090037518667E-010
 XSECT-00 =   5509.6243861284229        5505.0000000000000        5505.0000000000000        1.1684217642669673E-006   3.7344090037518667E-010
 Qmin, Qmax =    6000.0000000000000        6010.0000000000000     
 ******************************************************
 Running Order           0 with PDF=NNPDF30_nlo_as_0118                               
 Q=   6005.0000000000000      MUR=   6005.0000000000000      MUF=   6005.0000000000000     
 ******************************************************
 RM48 INITIALIZED:        40           0         0



 INPUT PARAMETERS FOR VEGAS:  NDIM=  5  NCALL=     497664.
                              IT=    0  ITMX=    6
                              MDS=  1   ND=  50
   1      0.3176421E-06 0.1415E-06  0.3176421E-06 0.1415E-06  0.000    
   2      0.6658224E-06 0.4761E-06  0.4150089E-06 0.1972E-06 0.6277    
   3      0.4137823E-06 0.1605E-06  0.4144113E-06 0.1322E-06 0.3581    
   4      0.3818529E-06 0.2857E-07  0.3841620E-06 0.3346E-07 0.2853    
   5      0.3615525E-06 0.1099E-07  0.3649643E-06 0.1248E-07 0.3374    
   6      0.4087505E-06 0.3833E-08  0.4043371E-06 0.3909E-08  2.552    



 INPUT PARAMETERS FOR VEGAS:  NDIM=  5  NCALL=    4952198.
                              IT=    0  ITMX=   12
                              MDS=  1   ND=  50
   1      0.3994044E-06 0.5212E-09  0.3994044E-06 0.5212E-09  0.000    
   2      0.3995240E-06 0.5209E-09  0.3994643E-06 0.3685E-09 0.2632E-01
   3      0.3998407E-06 0.5237E-09  0.3995891E-06 0.3013E-09 0.1861    
   4      0.3998866E-06 0.5209E-09  0.3996638E-06 0.2608E-09 0.2055    
   5      0.4004324E-06 0.5181E-09  0.3998197E-06 0.2330E-09 0.5940    
   6      0.3989204E-06 0.5211E-09  0.3996704E-06 0.2127E-09 0.9704    
   7      0.3997782E-06 0.5222E-09  0.3996858E-06 0.1970E-09 0.8147    
   8      0.3998969E-06 0.5210E-09  0.3997122E-06 0.1843E-09 0.7188    
   9      0.3998448E-06 0.5210E-09  0.3997269E-06 0.1737E-09 0.6361    
  10      0.4000522E-06 0.5220E-09  0.3997594E-06 0.1648E-09 0.6042    
  11      0.3998044E-06 0.5226E-09  0.3997635E-06 0.1572E-09 0.5445    
  12      0.3988344E-06 0.5217E-09  0.3996865E-06 0.1505E-09 0.7584    
 answer , counts=   3.9968650284346563E-007           0
 error =   1.5050427252195971E-010
 XSECT-00 =   6009.5539659782626        6005.0000000000000        6005.0000000000000        3.9968650284346563E-007   1.5050427252195971E-010
 Qmin, Qmax =    6500.0000000000000        6510.0000000000000     
 ******************************************************
 Running Order           0 with PDF=NNPDF30_nlo_as_0118                               
 Q=   6505.0000000000000      MUR=   6505.0000000000000      MUF=   6505.0000000000000     
 ******************************************************
 RM48 INITIALIZED:        40           0         0



 INPUT PARAMETERS FOR VEGAS:  NDIM=  5  NCALL=     497664.
                              IT=    0  ITMX=    6
                              MDS=  1   ND=  50
   1      0.1179288E-06 0.5638E-07  0.1179288E-06 0.5638E-07  0.000    
   2      0.2451940E-06 0.1317E-06  0.1742037E-06 0.6870E-07 0.8466    
   3      0.1371771E-06 0.3411E-07  0.1492710E-06 0.3590E-07 0.6232    
   4      0.1170602E-06 0.1365E-07  0.1249913E-06 0.1653E-07 0.7177    
   5      0.1402663E-06 0.4650E-08  0.1387875E-06 0.5006E-08 0.7715    
   6      0.1481293E-06 0.1652E-08  0.1470888E-06 0.1652E-08  1.264    



 INPUT PARAMETERS FOR VEGAS:  NDIM=  5  NCALL=    4952198.
                              IT=    0  ITMX=   12
                              MDS=  1   ND=  50
   1      0.1451875E-06 0.2451E-09  0.1451875E-06 0.2451E-09  0.000    
   2      0.1452545E-06 0.2462E-09  0.1452209E-06 0.1737E-09 0.3724E-01
   3      0.1453878E-06 0.2476E-09  0.1452760E-06 0.1422E-09 0.1711    
   4      0.1451738E-06 0.2465E-09  0.1452505E-06 0.1232E-09 0.1571    
   5      0.1456656E-06 0.2447E-09  0.1453348E-06 0.1100E-09 0.6936    
   6      0.1450604E-06 0.2460E-09  0.1452892E-06 0.1004E-09 0.7621    
   7      0.1453310E-06 0.2486E-09  0.1452951E-06 0.9311E-10 0.6391    
   8      0.1451956E-06 0.2478E-09  0.1452828E-06 0.8717E-10 0.5681    
   9      0.1455946E-06 0.2450E-09  0.1453180E-06 0.8212E-10 0.6771    
  10      0.1453861E-06 0.2452E-09  0.1453248E-06 0.7787E-10 0.6095    
  11      0.1450959E-06 0.2468E-09  0.1453042E-06 0.7426E-10 0.6268    
  12      0.1448598E-06 0.2480E-09  0.1452678E-06 0.7114E-10 0.8366    
 answer , counts=   1.4526782025983697E-007           0
 error =   7.1141145209606308E-011
 XSECT-00 =   6509.5401395113877        6505.0000000000000        6505.0000000000000        1.4526782025983697E-007   7.1141145209606308E-011
 Qmin, Qmax =    7000.0000000000000        7010.0000000000000     
 ******************************************************
 Running Order           0 with PDF=NNPDF30_nlo_as_0118                               
 Q=   7005.0000000000000      MUR=   7005.0000000000000      MUF=   7005.0000000000000     
 ******************************************************
 RM48 INITIALIZED:        40           0         0



 INPUT PARAMETERS FOR VEGAS:  NDIM=  5  NCALL=     497664.
                              IT=    0  ITMX=    6
                              MDS=  1   ND=  50
   1      0.5221899E-07 0.2535E-07  0.5221899E-07 0.2535E-07  0.000    
   2      0.1023256E-06 0.5614E-07  0.7422204E-07 0.2953E-07 0.7090    
   3      0.6611592E-07 0.1725E-07  0.6887086E-07 0.1622E-07 0.4275    
   4      0.7128616E-07 0.2162E-07  0.6966343E-07 0.1307E-07 0.2972    
   5      0.6335391E-07 0.3185E-08  0.6384151E-07 0.3527E-08 0.2938    
   6      0.5755674E-07 0.9773E-09  0.5824818E-07 0.1132E-08 0.8542    



 INPUT PARAMETERS FOR VEGAS:  NDIM=  5  NCALL=    4952198.
                              IT=    0  ITMX=   12
                              MDS=  1   ND=  50
   1      0.5747167E-07 0.1217E-09  0.5747167E-07 0.1217E-09  0.000    
   2      0.5750098E-07 0.1224E-09  0.5748625E-07 0.8629E-10 0.2886E-01
   3      0.5740996E-07 0.1229E-09  0.5746112E-07 0.7063E-10 0.1433    
   4      0.5739965E-07 0.1218E-09  0.5744568E-07 0.6110E-10 0.1590    
   5      0.5758157E-07 0.1221E-09  0.5747300E-07 0.5464E-10 0.3675    
   6      0.5752636E-07 0.1222E-09  0.5748190E-07 0.4988E-10 0.3257    
   7      0.5724792E-07 0.1244E-09  0.5744972E-07 0.4630E-10 0.7768    
   8      0.5743306E-07 0.1234E-09  0.5744766E-07 0.4335E-10 0.6681    
   9      0.5753653E-07 0.1216E-09  0.5745770E-07 0.4083E-10 0.6437    
  10      0.5746021E-07 0.1228E-09  0.5745795E-07 0.3875E-10 0.5723    
  11      0.5736907E-07 0.1231E-09  0.5744996E-07 0.3696E-10 0.5625    
  12      0.5714305E-07 0.1241E-09  0.5742521E-07 0.3542E-10  1.018    
 answer , counts=   5.7425209233954103E-008           0
 error =   3.5421171791655257E-011
 XSECT-00 =   7009.4599225983184        7005.0000000000000        7005.0000000000000        5.7425209233954103E-008   3.5421171791655257E-011
 Qmin, Qmax =    7500.0000000000000        7510.0000000000000     
 ******************************************************
 Running Order           0 with PDF=NNPDF30_nlo_as_0118                               
 Q=   7505.0000000000000      MUR=   7505.0000000000000      MUF=   7505.0000000000000     
 ******************************************************
 RM48 INITIALIZED:        40           0         0



 INPUT PARAMETERS FOR VEGAS:  NDIM=  5  NCALL=     497664.
                              IT=    0  ITMX=    6
                              MDS=  1   ND=  50
   1      0.2499472E-07 0.1213E-07  0.2499472E-07 0.1213E-07  0.000    
   2      0.3617385E-07 0.1963E-07  0.2996301E-07 0.1125E-07 0.2438    
   3      0.3096250E-07 0.1113E-07  0.3046610E-07 0.7917E-08 0.1242    
   4      0.2205469E-07 0.4944E-08  0.2572112E-07 0.4893E-08 0.3368    
   5      0.2651176E-07 0.1749E-08  0.2640647E-07 0.1755E-08 0.2672    
   6      0.2413248E-07 0.4623E-09  0.2433401E-07 0.5099E-09 0.5458    



 INPUT PARAMETERS FOR VEGAS:  NDIM=  5  NCALL=    4952198.
                              IT=    0  ITMX=   12
                              MDS=  1   ND=  50
   1      0.2485106E-07 0.6018E-10  0.2485106E-07 0.6018E-10  0.000    
   2      0.2489579E-07 0.6354E-10  0.2487225E-07 0.4369E-10 0.2613    
   3      0.2486408E-07 0.6080E-10  0.2486947E-07 0.3548E-10 0.1366    
   4      0.2485245E-07 0.6073E-10  0.2486514E-07 0.3064E-10 0.1106    
   5      0.2489813E-07 0.6067E-10  0.2487186E-07 0.2735E-10 0.1419    
   6      0.2477353E-07 0.6080E-10  0.2485542E-07 0.2494E-10 0.5464    
   7      0.2491417E-07 0.6075E-10  0.2486393E-07 0.2307E-10 0.5889    
   8      0.2480870E-07 0.6091E-10  0.2485703E-07 0.2158E-10 0.6074    
   9      0.2494844E-07 0.6071E-10  0.2486735E-07 0.2033E-10 0.7841    
  10      0.2492095E-07 0.6062E-10  0.2487279E-07 0.1928E-10 0.7750    
  11      0.2484245E-07 0.6044E-10  0.2486999E-07 0.1836E-10 0.7205    
  12      0.2477855E-07 0.6025E-10  0.2486227E-07 0.1757E-10 0.8458    
 answer , counts=   2.4862269637370152E-008           0
 error =   1.7565991450183642E-011
 XSECT-00 =   7509.5097904226923        7505.0000000000000        7505.0000000000000        2.4862269637370152E-008   1.7565991450183642E-011
 Qmin, Qmax =    8000.0000000000000        8010.0000000000000     
 ******************************************************
 Running Order           0 with PDF=NNPDF30_nlo_as_0118                               
 Q=   8005.0000000000000      MUR=   8005.0000000000000      MUF=   8005.0000000000000     
 ******************************************************
 RM48 INITIALIZED:        40           0         0



 INPUT PARAMETERS FOR VEGAS:  NDIM=  5  NCALL=     497664.
                              IT=    0  ITMX=    6
                              MDS=  1   ND=  50
   1      0.1250699E-07 0.5649E-08  0.1250699E-07 0.5649E-08  0.000    
   2      0.1799222E-07 0.5866E-08  0.1611291E-07 0.4096E-08 0.4039    
   3      0.1286746E-07 0.2618E-08  0.1407496E-07 0.2366E-08 0.4451    
   4      0.1107310E-07 0.1718E-08  0.1251617E-07 0.1549E-08 0.6448    
   5      0.1053343E-07 0.5939E-09  0.1093546E-07 0.6676E-09 0.8847    
   6      0.1146169E-07 0.2093E-09  0.1140051E-07 0.2228E-09 0.8536    



 INPUT PARAMETERS FOR VEGAS:  NDIM=  5  NCALL=    4952198.
                              IT=    0  ITMX=   12
                              MDS=  1   ND=  50
   1      0.1141146E-07 0.8484E-10  0.1141146E-07 0.8484E-10  0.000    
   2      0.1150967E-07 0.3088E-10  0.1149835E-07 0.2893E-10  1.175    
   3      0.1149302E-07 0.3674E-10  0.1149630E-07 0.2272E-10 0.5931    
   4      0.1151025E-07 0.4895E-10  0.1149879E-07 0.2062E-10 0.4171    
   5      0.1152822E-07 0.3297E-10  0.1150711E-07 0.1747E-10 0.4562    
   6      0.1146896E-07 0.3113E-10  0.1149799E-07 0.1524E-10 0.5931    
   7      0.1151651E-07 0.3168E-10  0.1150149E-07 0.1373E-10 0.5403    
   8      0.1146484E-07 0.3112E-10  0.1149554E-07 0.1256E-10 0.6287    
   9      0.1154606E-07 0.3082E-10  0.1150280E-07 0.1163E-10 0.8397    
  10      0.1153445E-07 0.4424E-10  0.1150486E-07 0.1125E-10 0.7994    
  11      0.1146443E-07 0.3353E-10  0.1150079E-07 0.1067E-10 0.8499    
  12      0.1141353E-07 0.4750E-10  0.1149666E-07 0.1041E-10  1.062    
 answer , counts=   1.1496655255327378E-008           0
 error =   1.0405484082069644E-011
 XSECT-00 =   8009.5501800825514        8005.0000000000000        8005.0000000000000        1.1496655255327378E-008   1.0405484082069644E-011
 Qmin, Qmax =    8500.0000000000000        8510.0000000000000     
 ******************************************************
 Running Order           0 with PDF=NNPDF30_nlo_as_0118                               
 Q=   8505.0000000000000      MUR=   8505.0000000000000      MUF=   8505.0000000000000     
 ******************************************************
 RM48 INITIALIZED:        40           0         0



 INPUT PARAMETERS FOR VEGAS:  NDIM=  5  NCALL=     497664.
                              IT=    0  ITMX=    6
                              MDS=  1   ND=  50
   1      0.6228504E-08 0.2661E-08  0.6228504E-08 0.2661E-08  0.000    
   2      0.1136757E-07 0.3325E-08  0.9727612E-08 0.2212E-08  1.173    
   3      0.7468529E-08 0.1855E-08  0.8630239E-08 0.1495E-08 0.9456    
   4      0.6092734E-08 0.1241E-08  0.7566706E-08 0.1065E-08  1.181    
   5      0.5231281E-08 0.3657E-09  0.5743330E-08 0.4690E-09  2.064    
   6      0.5744748E-08 0.2146E-09  0.5744368E-08 0.2339E-09  1.778    



 INPUT PARAMETERS FOR VEGAS:  NDIM=  5  NCALL=    4952198.
                              IT=    0  ITMX=   12
                              MDS=  1   ND=  50
   1      0.4773645E-08 0.6518E-09  0.4773645E-08 0.6518E-09  0.000    
   2      0.5504923E-08 0.4506E-10  0.5502304E-08 0.4210E-10  1.077    
   3      0.5488674E-08 0.8159E-10  0.5499141E-08 0.3771E-10 0.5268    
   4      0.2772001E-08 0.2582E-08  0.5498980E-08 0.3414E-10 0.5544    
   5      0.5539195E-08 0.4926E-10  0.5514799E-08 0.2750E-10 0.5161    
   6      0.5431057E-08 0.3223E-10  0.5475524E-08 0.2039E-10  1.239    
   7     -0.1015174E-07 0.1578E-07  0.5475417E-08 0.2449E-10  1.180    
   8      0.5440798E-08 0.6594E-10  0.5471918E-08 0.2295E-10  1.065    
   9      0.5449610E-08 0.1058E-09  0.5471073E-08 0.2230E-10 0.9533    
  10      0.5515842E-08 0.9132E-10  0.5473290E-08 0.2161E-10 0.8807    
  11      0.5246069E-08 0.2177E-09  0.5471514E-08 0.2133E-10 0.8954    
  12      0.5481489E-08 0.7964E-10  0.5472112E-08 0.2058E-10 0.8227    
 answer , counts=   5.4721119600941605E-009           0
 error =   2.0581534777486789E-011
 XSECT-00 =   8509.5205251164989        8505.0000000000000        8505.0000000000000        5.4721119600941605E-009   2.0581534777486789E-011
 Qmin, Qmax =    9000.0000000000000        9010.0000000000000     
 ******************************************************
 Running Order           0 with PDF=NNPDF30_nlo_as_0118                               
 Q=   9005.0000000000000      MUR=   9005.0000000000000      MUF=   9005.0000000000000     
 ******************************************************
 RM48 INITIALIZED:        40           0         0



 INPUT PARAMETERS FOR VEGAS:  NDIM=  5  NCALL=     497664.
                              IT=    0  ITMX=    6
                              MDS=  1   ND=  50
   1      0.2758976E-08 0.1170E-08  0.2758976E-08 0.1170E-08  0.000    
   2      0.4981369E-08 0.1528E-08  0.4218129E-08 0.1001E-08  1.111    
   3      0.1287937E-08 0.1425E-08  0.4077297E-08 0.8176E-09  1.087    
   4      0.3119297E-08 0.8468E-09  0.3652001E-08 0.5986E-09 0.9623    
   5      0.2317674E-08 0.2351E-09  0.2636862E-08 0.2775E-09  1.856    
   6      0.2420420E-08 0.1749E-09  0.2507017E-08 0.1695E-09  1.670    



 INPUT PARAMETERS FOR VEGAS:  NDIM=  5  NCALL=    4952198.
                              IT=    0  ITMX=   12
                              MDS=  1   ND=  50
   1      0.2455468E-08 0.6250E-10  0.2455468E-08 0.6250E-10  0.000    
   2      0.2172469E-08 0.3427E-09  0.2448287E-08 0.5825E-10 0.5836    
   3      0.2487046E-08 0.8111E-10  0.2462724E-08 0.4729E-10 0.3563    
   4      0.2355875E-08 0.1093E-09  0.2446118E-08 0.4337E-10 0.5041    
   5      0.2520052E-08 0.7428E-10  0.2466675E-08 0.3733E-10 0.5654    
   6      0.2648670E-08 0.8786E-10  0.2499441E-08 0.3440E-10  1.263    
   7      0.2334437E-08 0.2508E-09  0.2496657E-08 0.3390E-10  1.131    
   8      0.2526898E-08 0.4024E-10  0.2509795E-08 0.2562E-10  1.009    
   9      0.2525136E-08 0.4015E-10  0.2514450E-08 0.2147E-10 0.8893    
  10      0.2591090E-08 0.4979E-10  0.2527635E-08 0.1965E-10  1.022    
  11      0.2747350E-08 0.1847E-09  0.2530681E-08 0.1973E-10  1.070    
  12      0.2575171E-08 0.3946E-10  0.2540050E-08 0.1758E-10  1.064    
 answer , counts=   2.5400496758380465E-009           0
 error =   1.7575511432694355E-011
 XSECT-00 =   9009.3234117360880        9005.0000000000000        9005.0000000000000        2.5400496758380465E-009   1.7575511432694355E-011
 Qmin, Qmax =    9500.0000000000000        9510.0000000000000     
 ******************************************************
 Running Order           0 with PDF=NNPDF30_nlo_as_0118                               
 Q=   9505.0000000000000      MUR=   9505.0000000000000      MUF=   9505.0000000000000     
 ******************************************************
 RM48 INITIALIZED:        40           0         0



 INPUT PARAMETERS FOR VEGAS:  NDIM=  5  NCALL=     497664.
                              IT=    0  ITMX=    6
                              MDS=  1   ND=  50
   1      0.1001004E-08 0.4786E-09  0.1001004E-08 0.4786E-09  0.000    
   2      0.2065472E-08 0.6418E-09  0.1749416E-08 0.4228E-09  1.323    
   3      0.1182178E-08 0.4981E-09  0.1592522E-08 0.3303E-09  1.079    
   4      0.9175532E-09 0.2117E-09  0.1268729E-08 0.2190E-09  1.642    
   5      0.1269625E-08 0.1593E-09  0.1269283E-08 0.1333E-09  1.267    
   6      0.1104435E-08 0.7237E-10  0.1154862E-08 0.7166E-10  1.298    



 INPUT PARAMETERS FOR VEGAS:  NDIM=  5  NCALL=    4952198.
                              IT=    0  ITMX=   12
                              MDS=  1   ND=  50
   1      0.1244759E-08 0.7216E-10  0.1244759E-08 0.7216E-10  0.000    
   2      0.1143791E-08 0.5755E-10  0.1187176E-08 0.4542E-10  1.211    
   3      0.1243787E-08 0.7458E-10  0.1203397E-08 0.3889E-10 0.8058    
   4      0.1065376E-08 0.4200E-10  0.1148385E-08 0.2929E-10  2.343    
   5      0.1139997E-08 0.9059E-10  0.1147635E-08 0.2778E-10  1.781    
   6      0.2051961E-08 0.9998E-09  0.1149779E-08 0.3220E-10  1.432    
   7      0.1122017E-08 0.4256E-10  0.1141973E-08 0.2667E-10  1.286    
   8      0.1123946E-08 0.4248E-10  0.1137994E-08 0.2313E-10  1.157    
   9      0.4900438E-09 0.7044E-09  0.1137895E-08 0.2200E-10  1.136    
  10      0.1406514E-08 0.2190E-09  0.1141344E-08 0.2217E-10  1.188    
  11      0.8944745E-09 0.1919E-09  0.1139686E-08 0.2159E-10  1.207    
  12      0.1421311E-09 0.9250E-09  0.1139679E-08 0.2069E-10  1.197    
 answer , counts=   1.1396786302180558E-009           0
 error =   2.0685525306102293E-011
 XSECT-00 =   9509.5119546208243        9505.0000000000000        9505.0000000000000        1.1396786302180558E-009   2.0685525306102293E-011
 Qmin, Qmax =    10000.000000000000        10010.000000000000     
 ******************************************************
 Running Order           0 with PDF=NNPDF30_nlo_as_0118                               
 Q=   10005.000000000000      MUR=   10005.000000000000      MUF=   10005.000000000000     
 ******************************************************
 RM48 INITIALIZED:        40           0         0



 INPUT PARAMETERS FOR VEGAS:  NDIM=  5  NCALL=     497664.
                              IT=    0  ITMX=    6
                              MDS=  1   ND=  50
   1      0.2707081E-09 0.1765E-09  0.2707081E-09 0.1765E-09  0.000    
   2      0.5721701E-09 0.1940E-09  0.5080046E-09 0.1347E-09 0.8397    
   3      0.6332894E-09 0.2248E-09  0.5603849E-09 0.1186E-09 0.4504    
   4      0.5920756E-09 0.1244E-09  0.5776296E-09 0.8317E-10 0.2905    
   5      0.4179041E-09 0.3831E-10  0.4593141E-09 0.4064E-10 0.9780    
   6      0.9574540E-09 0.5319E-09  0.4691634E-09 0.4777E-10 0.9768    



 INPUT PARAMETERS FOR VEGAS:  NDIM=  5  NCALL=    4952198.
                              IT=    0  ITMX=   12
                              MDS=  1   ND=  50
   1      0.4274730E-09 0.1882E-10  0.4274730E-09 0.1882E-10  0.000    
   2      0.8531056E-09 0.3517E-09  0.4322753E-09 0.2954E-10  2.315    
   3      0.4196290E-09 0.1654E-10  0.4252903E-09 0.1763E-10  1.519    
   4      0.4326783E-09 0.1534E-10  0.4282878E-09 0.1274E-10  1.179    
   5      0.4891830E-09 0.1154E-09  0.4288404E-09 0.1237E-10 0.9847    
   6      0.4305989E-09 0.1954E-10  0.4291869E-09 0.1072E-10 0.8430    
   7      0.4533371E-09 0.2848E-10  0.4314382E-09 0.1000E-10 0.8132    
   8      0.4182972E-09 0.2184E-10  0.4298759E-09 0.9179E-11 0.7602    
   9      0.4609591E-09 0.3837E-10  0.4312652E-09 0.8881E-11 0.7443    
  10      0.4650887E-09 0.1271E-10  0.4411804E-09 0.7410E-11  1.151    
  11      0.4230651E-09 0.1742E-10  0.4391079E-09 0.6882E-11  1.134    
  12      0.5421157E-09 0.8975E-10  0.4398314E-09 0.6915E-11  1.155    
 answer , counts=   4.3983144682970676E-010           0
 error =   6.9154230497382811E-012
 XSECT-00 =   10009.196492907629        10005.000000000000        10005.000000000000        4.3983144682970676E-010   6.9154230497382811E-012
 Qmin, Qmax =    10500.000000000000        10510.000000000000     
 ******************************************************
 Running Order           0 with PDF=NNPDF30_nlo_as_0118                               
 Q=   10505.000000000000      MUR=   10505.000000000000      MUF=   10505.000000000000     
 ******************************************************
 RM48 INITIALIZED:        40           0         0



 INPUT PARAMETERS FOR VEGAS:  NDIM=  5  NCALL=     497664.
                              IT=    0  ITMX=    6
                              MDS=  1   ND=  50
   1      0.4072692E-10 0.6106E-10  0.4072692E-10 0.6106E-10  0.000    
   2      0.1392198E-09 0.1108E-09  0.1175649E-09 0.7210E-10 0.3201    
   3      0.1667405E-09 0.1707E-09  0.1333253E-09 0.7394E-10 0.1516    
   4      0.1316243E-09 0.4736E-10  0.1320977E-09 0.3932E-10 0.9958E-01
   5      0.2126987E-09 0.4711E-10  0.1849501E-09 0.2677E-10 0.5669    
   6      0.1392114E-09 0.1835E-10  0.1552508E-09 0.1568E-10 0.8510    



 INPUT PARAMETERS FOR VEGAS:  NDIM=  5  NCALL=    4952198.
                              IT=    0  ITMX=   12
                              MDS=  1   ND=  50
   1      0.2607691E-10 0.1293E-09  0.2607691E-10 0.1293E-09  0.000    
   2      0.1287802E-09 0.1191E-10  0.1287445E-09 0.8593E-11 0.4967E-01
   3      0.1270582E-09 0.8584E-11  0.1276449E-09 0.5757E-11 0.2898E-01
   4      0.1313124E-09 0.6339E-11  0.1297017E-09 0.4068E-11 0.8371E-01
   5      0.1732101E-09 0.3283E-10  0.1312293E-09 0.4510E-11 0.8373    
   6      0.1504991E-09 0.7333E-11  0.1379143E-09 0.3766E-11  1.814    
   7      0.1384420E-09 0.5311E-11  0.1381037E-09 0.3040E-11  1.489    
   8      0.1520925E-09 0.1858E-10  0.1385818E-09 0.3047E-11  1.326    
   9      0.1407214E-09 0.7829E-11  0.1388844E-09 0.2837E-11  1.158    
  10      0.1286276E-09 0.1231E-10  0.1384166E-09 0.2758E-11  1.106    
  11      0.1443954E-09 0.1196E-10  0.1387596E-09 0.2695E-11  1.009    
  12      0.1023525E-09 0.3862E-10  0.1386592E-09 0.2642E-11 0.9993    
 answer , counts=   1.3865919763201638E-010           0
 error =   2.6423950025494143E-012
 XSECT-00 =   10509.883861864808        10505.000000000000        10505.000000000000        1.3865919763201638E-010   2.6423950025494143E-012
 Qmin, Qmax =    1000.0000000000000        1010.0000000000000     
 ******************************************************
 Running Order           1 with PDF=NNPDF30_nlo_as_0118                               
 Q=   1005.0000000000000      MUR=   1005.0000000000000      MUF=   1005.0000000000000     
 ******************************************************
 RM48 INITIALIZED:        40           0         0



 INPUT PARAMETERS FOR VEGAS:  NDIM=  5  NCALL=     497664.
                              IT=    0  ITMX=    6
                              MDS=  1   ND=  50
   1      0.3301109     0.9052E-01  0.3301109     0.9052E-01  0.000    
   2      0.2733094     0.3607E-02  0.2734407     0.3994E-02 0.4662    
   3      0.2750727     0.5279E-03  0.2750388     0.5584E-03 0.3345    
   4      0.2746821     0.2200E-03  0.2747360     0.2135E-03 0.3496    
   5      0.2749236     0.1761E-03  0.2748430     0.1386E-03 0.3797    
   6      0.2747551     0.1672E-03  0.2748090     0.1077E-03 0.3395    



 INPUT PARAMETERS FOR VEGAS:  NDIM=  5  NCALL=    4952198.
                              IT=    0  ITMX=   12
                              MDS=  1   ND=  50
   1      0.2749953     0.4751E-04  0.2749953     0.4751E-04  0.000    
   2      0.2749864     0.4760E-04  0.2749908     0.3363E-04 0.1749E-01
   3      0.2749356     0.4727E-04  0.2749723     0.2740E-04 0.4627    
   4      0.2750480     0.4715E-04  0.2749914     0.2369E-04 0.9517    
   5      0.2749699     0.4721E-04  0.2749871     0.2117E-04 0.7553    
   6      0.2749855     0.4738E-04  0.2749868     0.1933E-04 0.6044    
   7      0.2750291     0.4743E-04  0.2749928     0.1790E-04 0.6172    
   8      0.2750184     0.4712E-04  0.2749961     0.1673E-04 0.5657    
   9      0.2750218     0.4735E-04  0.2749989     0.1578E-04 0.5280    
  10      0.2749978     0.4721E-04  0.2749988     0.1496E-04 0.4694    
  11      0.2749878     0.4743E-04  0.2749978     0.1427E-04 0.4273    
  12      0.2749183     0.4735E-04  0.2749912     0.1366E-04 0.6232    
 answer , counts=  0.27499119856191212                0
 error =   1.3663895952386705E-005
 XSECT-01 =   1009.5830546224231        1005.0000000000000        1005.0000000000000       0.27499119856191212        1.3663895952386705E-005
 Qmin, Qmax =    1500.0000000000000        1510.0000000000000     
 ******************************************************
 Running Order           1 with PDF=NNPDF30_nlo_as_0118                               
 Q=   1505.0000000000000      MUR=   1505.0000000000000      MUF=   1505.0000000000000     
 ******************************************************
 RM48 INITIALIZED:        40           0         0



 INPUT PARAMETERS FOR VEGAS:  NDIM=  5  NCALL=     497664.
                              IT=    0  ITMX=    6
                              MDS=  1   ND=  50
   1      0.4605053E-01 0.1509E-01  0.4605053E-01 0.1509E-01  0.000    
   2      0.3678666E-01 0.9750E-03  0.3684687E-01 0.1101E-02 0.4571    
   3      0.3778955E-01 0.1706E-03  0.3776281E-01 0.1799E-03 0.6215    
   4      0.3780407E-01 0.5404E-04  0.3780021E-01 0.5415E-04 0.4442    
   5      0.3781878E-01 0.3159E-04  0.3781370E-01 0.2805E-04 0.3614    
   6      0.3779742E-01 0.2665E-04  0.3780548E-01 0.1961E-04 0.3275    



 INPUT PARAMETERS FOR VEGAS:  NDIM=  5  NCALL=    4952198.
                              IT=    0  ITMX=   12
                              MDS=  1   ND=  50
   1      0.3782444E-01 0.7330E-05  0.3782444E-01 0.7330E-05  0.000    
   2      0.3782379E-01 0.7349E-05  0.3782412E-01 0.5190E-05 0.3995E-02
   3      0.3781913E-01 0.7309E-05  0.3782245E-01 0.4232E-05 0.1566    
   4      0.3783125E-01 0.7299E-05  0.3782466E-01 0.3661E-05 0.4675    
   5      0.3782822E-01 0.7287E-05  0.3782538E-01 0.3271E-05 0.3981    
   6      0.3783249E-01 0.7317E-05  0.3782656E-01 0.2986E-05 0.4761    
   7      0.3783480E-01 0.7341E-05  0.3782773E-01 0.2766E-05 0.5770    
   8      0.3783640E-01 0.7292E-05  0.3782882E-01 0.2586E-05 0.6711    
   9      0.3783189E-01 0.7313E-05  0.3782917E-01 0.2438E-05 0.6067    
  10      0.3782713E-01 0.7309E-05  0.3782896E-01 0.2313E-05 0.5471    
  11      0.3782832E-01 0.7322E-05  0.3782890E-01 0.2206E-05 0.4930    
  12      0.3781253E-01 0.7335E-05  0.3782755E-01 0.2112E-05 0.8636    
 answer , counts=   3.7827547392715551E-002           0
 error =   2.1122048977961002E-006
 XSECT-01 =   1509.5850948506625        1505.0000000000000        1505.0000000000000        3.7827547392715551E-002   2.1122048977961002E-006
 Qmin, Qmax =    2000.0000000000000        2010.0000000000000     
 ******************************************************
 Running Order           1 with PDF=NNPDF30_nlo_as_0118                               
 Q=   2005.0000000000000      MUR=   2005.0000000000000      MUF=   2005.0000000000000     
 ******************************************************
 RM48 INITIALIZED:        40           0         0



 INPUT PARAMETERS FOR VEGAS:  NDIM=  5  NCALL=     497664.
                              IT=    0  ITMX=    6
                              MDS=  1   ND=  50
   1      0.8880043E-02 0.2968E-02  0.8880043E-02 0.2968E-02  0.000    
   2      0.7395835E-02 0.2981E-03  0.7417106E-02 0.3270E-03 0.2911    
   3      0.7585142E-02 0.7011E-04  0.7576629E-02 0.7187E-04 0.2840    
   4      0.7620163E-02 0.1876E-04  0.7617136E-02 0.1874E-04 0.3100    
   5      0.7622969E-02 0.8642E-05  0.7621886E-02 0.8020E-05 0.2556    
   6      0.7618425E-02 0.6291E-05  0.7619790E-02 0.5014E-05 0.2292    



 INPUT PARAMETERS FOR VEGAS:  NDIM=  5  NCALL=    4952198.
                              IT=    0  ITMX=   12
                              MDS=  1   ND=  50
   1      0.7629190E-02 0.1695E-05  0.7629190E-02 0.1695E-05  0.000    
   2      0.7628658E-02 0.1694E-05  0.7628924E-02 0.1198E-05 0.4932E-01
   3      0.7627720E-02 0.1691E-05  0.7628522E-02 0.9777E-06 0.1932    
   4      0.7628882E-02 0.1690E-05  0.7628612E-02 0.8463E-06 0.1401    
   5      0.7628997E-02 0.1688E-05  0.7628689E-02 0.7565E-06 0.1155    
   6      0.7628439E-02 0.1692E-05  0.7628648E-02 0.6906E-06 0.9601E-01
   7      0.7630195E-02 0.1691E-05  0.7628869E-02 0.6394E-06 0.1997    
   8      0.7629047E-02 0.1688E-05  0.7628891E-02 0.5979E-06 0.1726    
   9      0.7628552E-02 0.1692E-05  0.7628854E-02 0.5637E-06 0.1555    
  10      0.7627441E-02 0.1689E-05  0.7628712E-02 0.5347E-06 0.2082    
  11      0.7625888E-02 0.1691E-05  0.7628456E-02 0.5099E-06 0.4406    
  12      0.7625742E-02 0.1696E-05  0.7628231E-02 0.4883E-06 0.6140    
 answer , counts=   7.6282307134012180E-003           0
 error =   4.8826049512346945E-007
 XSECT-01 =   2009.5860922285847        2005.0000000000000        2005.0000000000000        7.6282307134012180E-003   4.8826049512346945E-007
 Qmin, Qmax =    2500.0000000000000        2510.0000000000000     
 ******************************************************
 Running Order           1 with PDF=NNPDF30_nlo_as_0118                               
 Q=   2505.0000000000000      MUR=   2505.0000000000000      MUF=   2505.0000000000000     
 ******************************************************
 RM48 INITIALIZED:        40           0         0



 INPUT PARAMETERS FOR VEGAS:  NDIM=  5  NCALL=     497664.
                              IT=    0  ITMX=    6
                              MDS=  1   ND=  50
   1      0.2038398E-02 0.6691E-03  0.2038398E-02 0.6691E-03  0.000    
   2      0.1894530E-02 0.1312E-03  0.1900661E-02 0.1333E-03 0.4749E-01
   3      0.1825452E-02 0.3217E-04  0.1830218E-02 0.3278E-04 0.1812    
   4      0.1867711E-02 0.7912E-05  0.1865533E-02 0.7845E-05 0.5390    
   5      0.1876293E-02 0.3183E-05  0.1874728E-02 0.2982E-05 0.8116    
   6      0.1872085E-02 0.1984E-05  0.1872914E-02 0.1666E-05 0.7610    



 INPUT PARAMETERS FOR VEGAS:  NDIM=  5  NCALL=    4952198.
                              IT=    0  ITMX=   12
                              MDS=  1   ND=  50
   1      0.1874250E-02 0.4722E-06  0.1874250E-02 0.4722E-06  0.000    
   2      0.1873461E-02 0.4719E-06  0.1873855E-02 0.3338E-06  1.398    
   3      0.1873820E-02 0.4714E-06  0.1873843E-02 0.2724E-06 0.7008    
   4      0.1873853E-02 0.4713E-06  0.1873846E-02 0.2358E-06 0.4673    
   5      0.1873668E-02 0.4709E-06  0.1873810E-02 0.2109E-06 0.3787    
   6      0.1873846E-02 0.4708E-06  0.1873816E-02 0.1925E-06 0.3039    
   7      0.1874280E-02 0.4715E-06  0.1873882E-02 0.1782E-06 0.3916    
   8      0.1874260E-02 0.4702E-06  0.1873930E-02 0.1666E-06 0.4164    
   9      0.1873843E-02 0.4713E-06  0.1873920E-02 0.1571E-06 0.3682    
  10      0.1873820E-02 0.4713E-06  0.1873910E-02 0.1490E-06 0.3318    
  11      0.1872973E-02 0.4715E-06  0.1873825E-02 0.1421E-06 0.6572    
  12      0.1872566E-02 0.4723E-06  0.1873721E-02 0.1361E-06  1.189    
 answer , counts=   1.8737207093329157E-003           0
 error =   1.3607561144040147E-007
 XSECT-01 =   2509.5885026733999        2505.0000000000000        2505.0000000000000        1.8737207093329157E-003   1.3607561144040147E-007
 Qmin, Qmax =    3000.0000000000000        3010.0000000000000     
 ******************************************************
 Running Order           1 with PDF=NNPDF30_nlo_as_0118                               
 Q=   3005.0000000000000      MUR=   3005.0000000000000      MUF=   3005.0000000000000     
 ******************************************************
 RM48 INITIALIZED:        40           0         0



 INPUT PARAMETERS FOR VEGAS:  NDIM=  5  NCALL=     497664.
                              IT=    0  ITMX=    6
                              MDS=  1   ND=  50
   1      0.5233692E-03 0.1718E-03  0.5233692E-03 0.1718E-03  0.000    
   2      0.5485439E-03 0.5343E-04  0.5465058E-03 0.5006E-04 0.1882E-01
   3      0.4848329E-03 0.1438E-04  0.4904865E-03 0.1469E-04 0.7439    
   4      0.5142925E-03 0.3357E-05  0.5130881E-03 0.3296E-05  1.334    
   5      0.5154161E-03 0.1223E-05  0.5151317E-03 0.1151E-05  1.112    
   6      0.5153380E-03 0.7043E-06  0.5152814E-03 0.6022E-06 0.8959    



 INPUT PARAMETERS FOR VEGAS:  NDIM=  5  NCALL=    4952198.
                              IT=    0  ITMX=   12
                              MDS=  1   ND=  50
   1      0.5153856E-03 0.1555E-06  0.5153856E-03 0.1555E-06  0.000    
   2      0.5152213E-03 0.1558E-06  0.5153036E-03 0.1100E-06 0.5576    
   3      0.5151234E-03 0.1553E-06  0.5152434E-03 0.8979E-07 0.7268    
   4      0.5153642E-03 0.1554E-06  0.5152737E-03 0.7775E-07 0.6355    
   5      0.5151273E-03 0.1555E-06  0.5152444E-03 0.6955E-07 0.6538    
   6      0.5150933E-03 0.1555E-06  0.5152193E-03 0.6348E-07 0.6805    
   7      0.5152678E-03 0.1554E-06  0.5152262E-03 0.5877E-07 0.5810    
   8      0.5152453E-03 0.1552E-06  0.5152286E-03 0.5496E-07 0.4999    
   9      0.5151645E-03 0.1556E-06  0.5152215E-03 0.5182E-07 0.4562    
  10      0.5152966E-03 0.1554E-06  0.5152290E-03 0.4916E-07 0.4289    
  11      0.5149353E-03 0.1556E-06  0.5152024E-03 0.4688E-07 0.7096    
  12      0.5147777E-03 0.1558E-06  0.5151672E-03 0.4489E-07  1.264    
 answer , counts=   5.1516719863279009E-004           0
 error =   4.4888877274789674E-008
 XSECT-01 =   3009.5812114746113        3005.0000000000000        3005.0000000000000        5.1516719863279009E-004   4.4888877274789674E-008
 Qmin, Qmax =    3500.0000000000000        3510.0000000000000     
 ******************************************************
 Running Order           1 with PDF=NNPDF30_nlo_as_0118                               
 Q=   3505.0000000000000      MUR=   3505.0000000000000      MUF=   3505.0000000000000     
 ******************************************************
 RM48 INITIALIZED:        40           0         0



 INPUT PARAMETERS FOR VEGAS:  NDIM=  5  NCALL=     497664.
                              IT=    0  ITMX=    6
                              MDS=  1   ND=  50
   1      0.1434966E-03 0.4745E-04  0.1434966E-03 0.4745E-04  0.000    
   2      0.1861155E-03 0.3259E-04  0.1767805E-03 0.2572E-04 0.4697    
   3      0.1441037E-03 0.5533E-05  0.1459981E-03 0.5931E-05  1.085    
   4      0.1492485E-03 0.1466E-05  0.1490374E-03 0.1489E-05 0.8423    
   5      0.1516305E-03 0.5195E-06  0.1513319E-03 0.5019E-06  1.320    
   6      0.1513088E-03 0.2716E-06  0.1513143E-03 0.2431E-06  1.066    



 INPUT PARAMETERS FOR VEGAS:  NDIM=  5  NCALL=    4952198.
                              IT=    0  ITMX=   12
                              MDS=  1   ND=  50
   1      0.1516711E-03 0.5512E-07  0.1516711E-03 0.5512E-07  0.000    
   2      0.1516170E-03 0.5533E-07  0.1516442E-03 0.3905E-07 0.4813    
   3      0.1516509E-03 0.5519E-07  0.1516464E-03 0.3188E-07 0.2457    
   4      0.1517346E-03 0.5518E-07  0.1516685E-03 0.2760E-07 0.8030    
   5      0.1516625E-03 0.5524E-07  0.1516673E-03 0.2469E-07 0.6046    
   6      0.1515905E-03 0.5524E-07  0.1516545E-03 0.2254E-07 0.8058    
   7      0.1516957E-03 0.5513E-07  0.1516604E-03 0.2086E-07 0.7511    
   8      0.1516729E-03 0.5503E-07  0.1516620E-03 0.1951E-07 0.6502    
   9      0.1516524E-03 0.5539E-07  0.1516609E-03 0.1840E-07 0.5723    
  10      0.1516584E-03 0.5508E-07  0.1516607E-03 0.1745E-07 0.5089    
  11      0.1515541E-03 0.5526E-07  0.1516510E-03 0.1664E-07 0.7958    
  12      0.1515328E-03 0.5524E-07  0.1516412E-03 0.1594E-07  1.105    
 answer , counts=   1.5164121122431912E-004           0
 error =   1.5935314102829318E-008
 XSECT-01 =   3509.5908227163800        3505.0000000000000        3505.0000000000000        1.5164121122431912E-004   1.5935314102829318E-008
 Qmin, Qmax =    4000.0000000000000        4010.0000000000000     
 ******************************************************
 Running Order           1 with PDF=NNPDF30_nlo_as_0118                               
 Q=   4005.0000000000000      MUR=   4005.0000000000000      MUF=   4005.0000000000000     
 ******************************************************
 RM48 INITIALIZED:        40           0         0



 INPUT PARAMETERS FOR VEGAS:  NDIM=  5  NCALL=     497664.
                              IT=    0  ITMX=    6
                              MDS=  1   ND=  50
   1      0.4155431E-04 0.1397E-04  0.4155431E-04 0.1397E-04  0.000    
   2      0.6415927E-04 0.1624E-04  0.5598713E-04 0.1093E-04 0.9874    
   3      0.4535655E-04 0.3285E-05  0.4656557E-04 0.3499E-05  1.013    
   4      0.4596797E-04 0.7272E-06  0.4599849E-04 0.7711E-06 0.7200    
   5      0.4671275E-04 0.2510E-06  0.4663532E-04 0.2506E-06 0.7506    
   6      0.4653323E-04 0.1119E-06  0.4655197E-04 0.1064E-06 0.6395    



 INPUT PARAMETERS FOR VEGAS:  NDIM=  5  NCALL=    4952198.
                              IT=    0  ITMX=   12
                              MDS=  1   ND=  50
   1      0.4661304E-04 0.2184E-07  0.4661304E-04 0.2184E-07  0.000    
   2      0.4656578E-04 0.2184E-07  0.4658944E-04 0.1544E-07  2.341    
   3      0.4661096E-04 0.2187E-07  0.4659661E-04 0.1262E-07  1.493    
   4      0.4661351E-04 0.2187E-07  0.4660083E-04 0.1093E-07  1.145    
   5      0.4661002E-04 0.2177E-07  0.4660268E-04 0.9767E-08 0.8941    
   6      0.4654916E-04 0.2180E-07  0.4659375E-04 0.8913E-08  1.718    
   7      0.4661897E-04 0.2187E-07  0.4659735E-04 0.8254E-08  1.622    
   8      0.4660691E-04 0.2186E-07  0.4659854E-04 0.7721E-08  1.414    
   9      0.4663183E-04 0.2183E-07  0.4660225E-04 0.7279E-08  1.496    
  10      0.4657920E-04 0.2182E-07  0.4659994E-04 0.6905E-08  1.441    
  11      0.4658054E-04 0.2182E-07  0.4659818E-04 0.6583E-08  1.369    
  12      0.4654679E-04 0.2190E-07  0.4659392E-04 0.6304E-08  1.703    
 answer , counts=   4.6593924362132999E-005           0
 error =   6.3044559752914148E-009
 XSECT-01 =   4009.5917093239409        4005.0000000000000        4005.0000000000000        4.6593924362132999E-005   6.3044559752914148E-009
 Qmin, Qmax =    4500.0000000000000        4510.0000000000000     
 ******************************************************
 Running Order           1 with PDF=NNPDF30_nlo_as_0118                               
 Q=   4505.0000000000000      MUR=   4505.0000000000000      MUF=   4505.0000000000000     
 ******************************************************
 RM48 INITIALIZED:        40           0         0



 INPUT PARAMETERS FOR VEGAS:  NDIM=  5  NCALL=     497664.
                              IT=    0  ITMX=    6
                              MDS=  1   ND=  50
   1      0.1251081E-04 0.4369E-05  0.1251081E-04 0.4369E-05  0.000    
   2      0.1843065E-04 0.4194E-05  0.1666615E-04 0.3003E-05 0.8129    
   3      0.1532932E-04 0.1494E-05  0.1560613E-04 0.1355E-05 0.4937    
   4      0.1474033E-04 0.3227E-06  0.1479213E-04 0.3268E-06 0.4699    
   5      0.1479808E-04 0.1031E-06  0.1479750E-04 0.1012E-06 0.3580    
   6      0.1474454E-04 0.4466E-07  0.1475370E-04 0.4184E-07 0.3356    



 INPUT PARAMETERS FOR VEGAS:  NDIM=  5  NCALL=    4952198.
                              IT=    0  ITMX=   12
                              MDS=  1   ND=  50
   1      0.1474708E-04 0.8076E-08  0.1474708E-04 0.8076E-08  0.000    
   2      0.1473168E-04 0.8086E-08  0.1473940E-04 0.5714E-08  1.817    
   3      0.1474341E-04 0.8095E-08  0.1474073E-04 0.4668E-08 0.9901    
   4      0.1475489E-04 0.8077E-08  0.1474428E-04 0.4042E-08  1.429    
   5      0.1474170E-04 0.8068E-08  0.1474376E-04 0.3614E-08  1.092    
   6      0.1471574E-04 0.8080E-08  0.1473911E-04 0.3299E-08  2.874    
   7      0.1474881E-04 0.8078E-08  0.1474050E-04 0.3054E-08  2.601    
   8      0.1475164E-04 0.8070E-08  0.1474189E-04 0.2856E-08  2.467    
   9      0.1474935E-04 0.8087E-08  0.1474272E-04 0.2693E-08  2.253    
  10      0.1473618E-04 0.8080E-08  0.1474207E-04 0.2555E-08  2.068    
  11      0.1473644E-04 0.8071E-08  0.1474156E-04 0.2436E-08  1.906    
  12      0.1473060E-04 0.8085E-08  0.1474064E-04 0.2332E-08  1.886    
 answer , counts=   1.4740644654637007E-005           0
 error =   2.3322926958094137E-009
 XSECT-01 =   4509.6117859963497        4505.0000000000000        4505.0000000000000        1.4740644654637007E-005   2.3322926958094137E-009
 Qmin, Qmax =    5000.0000000000000        5010.0000000000000     
 ******************************************************
 Running Order           1 with PDF=NNPDF30_nlo_as_0118                               
 Q=   5005.0000000000000      MUR=   5005.0000000000000      MUF=   5005.0000000000000     
 ******************************************************
 RM48 INITIALIZED:        40           0         0



 INPUT PARAMETERS FOR VEGAS:  NDIM=  5  NCALL=     497664.
                              IT=    0  ITMX=    6
                              MDS=  1   ND=  50
   1      0.3803435E-05 0.1372E-05  0.3803435E-05 0.1372E-05  0.000    
   2      0.5126266E-05 0.1389E-05  0.4649109E-05 0.9778E-06 0.4220    
   3      0.5328004E-05 0.8325E-06  0.5095681E-05 0.6084E-06 0.3267    
   4      0.4683630E-05 0.1625E-06  0.4712345E-05 0.1596E-06 0.3644    
   5      0.4694144E-05 0.4819E-07  0.4695711E-05 0.4668E-07 0.2781    
   6      0.4800344E-05 0.1981E-07  0.4784619E-05 0.1812E-07  1.073    



 INPUT PARAMETERS FOR VEGAS:  NDIM=  5  NCALL=    4952198.
                              IT=    0  ITMX=   12
                              MDS=  1   ND=  50
   1      0.4776584E-05 0.3290E-08  0.4776584E-05 0.3290E-08  0.000    
   2      0.4774567E-05 0.3300E-08  0.4775579E-05 0.2330E-08 0.1873    
   3      0.4775528E-05 0.3299E-08  0.4775562E-05 0.1903E-08 0.9372E-01
   4      0.4776125E-05 0.3294E-08  0.4775703E-05 0.1648E-08 0.6979E-01
   5      0.4772757E-05 0.3290E-08  0.4775113E-05 0.1473E-08 0.2124    
   6      0.4764132E-05 0.3293E-08  0.4773288E-05 0.1345E-08  2.017    
   7      0.4777646E-05 0.3293E-08  0.4773912E-05 0.1245E-08  1.931    
   8      0.4779042E-05 0.3291E-08  0.4774556E-05 0.1164E-08  1.959    
   9      0.4779157E-05 0.3297E-08  0.4775067E-05 0.1098E-08  1.930    
  10      0.4772119E-05 0.3296E-08  0.4774773E-05 0.1042E-08  1.796    
  11      0.4773477E-05 0.3297E-08  0.4774655E-05 0.9933E-09  1.631    
  12      0.4769709E-05 0.3297E-08  0.4774245E-05 0.9511E-09  1.670    
 answer , counts=   4.7742445441243713E-006           0
 error =   9.5110308397707448E-010
 XSECT-01 =   5009.6208589819980        5005.0000000000000        5005.0000000000000        4.7742445441243713E-006   9.5110308397707448E-010
 Qmin, Qmax =    5500.0000000000000        5510.0000000000000     
 ******************************************************
 Running Order           1 with PDF=NNPDF30_nlo_as_0118                               
 Q=   5505.0000000000000      MUR=   5505.0000000000000      MUF=   5505.0000000000000     
 ******************************************************
 RM48 INITIALIZED:        40           0         0



 INPUT PARAMETERS FOR VEGAS:  NDIM=  5  NCALL=     497664.
                              IT=    0  ITMX=    6
                              MDS=  1   ND=  50
   1      0.1190283E-05 0.4454E-06  0.1190283E-05 0.4454E-06  0.000    
   2      0.1552093E-05 0.5744E-06  0.1373178E-05 0.3639E-06 0.2471    
   3      0.2127595E-05 0.5509E-06  0.1756475E-05 0.3079E-06 0.8349    
   4      0.1561923E-05 0.8111E-07  0.1576195E-05 0.8211E-07 0.7016    
   5      0.1564140E-05 0.2342E-07  0.1565132E-05 0.2334E-07 0.5412    
   6      0.1589474E-05 0.9027E-08  0.1586175E-05 0.8560E-08 0.6258    



 INPUT PARAMETERS FOR VEGAS:  NDIM=  5  NCALL=    4952198.
                              IT=    0  ITMX=   12
                              MDS=  1   ND=  50
   1      0.1586798E-05 0.1363E-08  0.1586798E-05 0.1363E-08  0.000    
   2      0.1586690E-05 0.1367E-08  0.1586744E-05 0.9654E-09 0.3132E-02
   3      0.1586506E-05 0.1367E-08  0.1586665E-05 0.7887E-09 0.1169E-01
   4      0.1584669E-05 0.1365E-08  0.1586166E-05 0.6829E-09 0.5414    
   5      0.1586338E-05 0.1361E-08  0.1586201E-05 0.6104E-09 0.4093    
   6      0.1581714E-05 0.1364E-08  0.1585456E-05 0.5571E-09  2.124    
   7      0.1585812E-05 0.1365E-08  0.1585507E-05 0.5158E-09  1.779    
   8      0.1586723E-05 0.1363E-08  0.1585659E-05 0.4824E-09  1.625    
   9      0.1584686E-05 0.1364E-08  0.1585551E-05 0.4548E-09  1.478    
  10      0.1586041E-05 0.1368E-08  0.1585600E-05 0.4316E-09  1.327    
  11      0.1585158E-05 0.1364E-08  0.1585560E-05 0.4115E-09  1.204    
  12      0.1582569E-05 0.1362E-08  0.1585311E-05 0.3939E-09  1.495    
 answer , counts=   1.5853105835721793E-006           0
 error =   3.9389800896831974E-010
 XSECT-01 =   5509.6292302750635        5505.0000000000000        5505.0000000000000        1.5853105835721793E-006   3.9389800896831974E-010
 Qmin, Qmax =    6000.0000000000000        6010.0000000000000     
 ******************************************************
 Running Order           1 with PDF=NNPDF30_nlo_as_0118                               
 Q=   6005.0000000000000      MUR=   6005.0000000000000      MUF=   6005.0000000000000     
 ******************************************************
 RM48 INITIALIZED:        40           0         0



 INPUT PARAMETERS FOR VEGAS:  NDIM=  5  NCALL=     497664.
                              IT=    0  ITMX=    6
                              MDS=  1   ND=  50
   1      0.4003243E-06 0.1583E-06  0.4003243E-06 0.1583E-06  0.000    
   2      0.8769425E-06 0.5169E-06  0.5481921E-06 0.2238E-06 0.9705    
   3      0.6371977E-06 0.2037E-06  0.5938738E-06 0.1528E-06 0.5489    
   4      0.5649229E-06 0.5543E-07  0.5694109E-06 0.5800E-07 0.4047    
   5      0.5178753E-06 0.1545E-07  0.5229564E-06 0.1756E-07 0.5178    
   6      0.5531314E-06 0.4497E-08  0.5508340E-06 0.4762E-08 0.9936    



 INPUT PARAMETERS FOR VEGAS:  NDIM=  5  NCALL=    4952198.
                              IT=    0  ITMX=   12
                              MDS=  1   ND=  50
   1      0.5448832E-06 0.5833E-09  0.5448832E-06 0.5833E-09  0.000    
   2      0.5449139E-06 0.5831E-09  0.5448986E-06 0.4124E-09 0.1382E-02
   3      0.5453334E-06 0.5858E-09  0.5450428E-06 0.3372E-09 0.1850    
   4      0.5456345E-06 0.5839E-09  0.5451910E-06 0.2920E-09 0.3802    
   5      0.5452677E-06 0.5806E-09  0.5452065E-06 0.2609E-09 0.2886    
   6      0.5444890E-06 0.5838E-09  0.5450873E-06 0.2382E-09 0.4824    
   7      0.5449606E-06 0.5843E-09  0.5450693E-06 0.2206E-09 0.4087    
   8      0.5456259E-06 0.5837E-09  0.5451389E-06 0.2063E-09 0.4641    
   9      0.5454825E-06 0.5841E-09  0.5451771E-06 0.1945E-09 0.4445    
  10      0.5444755E-06 0.5840E-09  0.5451072E-06 0.1846E-09 0.5393    
  11      0.5452763E-06 0.5840E-09  0.5451225E-06 0.1760E-09 0.4929    
  12      0.5443450E-06 0.5830E-09  0.5450578E-06 0.1685E-09 0.5961    
 answer , counts=   5.4505777136031066E-007           0
 error =   1.6847995499872651E-010
 XSECT-01 =   6009.5494733105807        6005.0000000000000        6005.0000000000000        5.4505777136031066E-007   1.6847995499872651E-010
 Qmin, Qmax =    6500.0000000000000        6510.0000000000000     
 ******************************************************
 Running Order           1 with PDF=NNPDF30_nlo_as_0118                               
 Q=   6505.0000000000000      MUR=   6505.0000000000000      MUF=   6505.0000000000000     
 ******************************************************
 RM48 INITIALIZED:        40           0         0



 INPUT PARAMETERS FOR VEGAS:  NDIM=  5  NCALL=     497664.
                              IT=    0  ITMX=    6
                              MDS=  1   ND=  50
   1      0.1497118E-06 0.6345E-07  0.1497118E-06 0.6345E-07  0.000    
   2      0.3242524E-06 0.1540E-06  0.2270886E-06 0.7986E-07  1.179    
   3      0.1874702E-06 0.3821E-07  0.1990986E-06 0.3990E-07 0.7954    
   4      0.1699957E-06 0.1542E-07  0.1763696E-06 0.1755E-07 0.7572    
   5      0.1926081E-06 0.5724E-08  0.1906462E-06 0.5960E-08 0.7919    
   6      0.1994314E-06 0.1929E-08  0.1984873E-06 0.1932E-08  1.044    



 INPUT PARAMETERS FOR VEGAS:  NDIM=  5  NCALL=    4952198.
                              IT=    0  ITMX=   12
                              MDS=  1   ND=  50
   1      0.1978261E-06 0.2569E-09  0.1978261E-06 0.2569E-09  0.000    
   2      0.1976752E-06 0.2566E-09  0.1977506E-06 0.1816E-09 0.1728    
   3      0.1977389E-06 0.2577E-09  0.1977467E-06 0.1484E-09 0.8708E-01
   4      0.1975209E-06 0.2564E-09  0.1976901E-06 0.1285E-09 0.2516    
   5      0.1979360E-06 0.2553E-09  0.1977399E-06 0.1148E-09 0.3738    
   6      0.1974853E-06 0.2567E-09  0.1976976E-06 0.1048E-09 0.4628    
   7      0.1977863E-06 0.2573E-09  0.1977102E-06 0.9703E-10 0.4026    
   8      0.1979829E-06 0.2567E-09  0.1977444E-06 0.9076E-10 0.4864    
   9      0.1982818E-06 0.2566E-09  0.1978044E-06 0.8557E-10 0.9147    
  10      0.1974913E-06 0.2567E-09  0.1977732E-06 0.8117E-10 0.9619    
  11      0.1975852E-06 0.2565E-09  0.1977561E-06 0.7739E-10 0.9146    
  12      0.1975452E-06 0.2567E-09  0.1977386E-06 0.7410E-10 0.8878    
 answer , counts=   1.9773856986459969E-007           0
 error =   7.4095708330993581E-011
 XSECT-01 =   6509.5004025482058        6505.0000000000000        6505.0000000000000        1.9773856986459969E-007   7.4095708330993581E-011
 Qmin, Qmax =    7000.0000000000000        7010.0000000000000     
 ******************************************************
 Running Order           1 with PDF=NNPDF30_nlo_as_0118                               
 Q=   7005.0000000000000      MUR=   7005.0000000000000      MUF=   7005.0000000000000     
 ******************************************************
 RM48 INITIALIZED:        40           0         0



 INPUT PARAMETERS FOR VEGAS:  NDIM=  5  NCALL=     497664.
                              IT=    0  ITMX=    6
                              MDS=  1   ND=  50
   1      0.6580307E-07 0.2858E-07  0.6580307E-07 0.2858E-07  0.000    
   2      0.1368454E-06 0.6224E-07  0.9968547E-07 0.3373E-07  1.107    
   3      0.8679054E-07 0.1961E-07  0.9118632E-07 0.1852E-07 0.6802    
   4      0.9267486E-07 0.1978E-07  0.9181856E-07 0.1377E-07 0.4730    
   5      0.8221971E-07 0.4107E-08  0.8331614E-07 0.4506E-08 0.4930    
   6      0.7816717E-07 0.1047E-08  0.7855358E-07 0.1199E-08 0.6735    



 INPUT PARAMETERS FOR VEGAS:  NDIM=  5  NCALL=    4952198.
                              IT=    0  ITMX=   12
                              MDS=  1   ND=  50
   1      0.7763925E-07 0.1267E-09  0.7763925E-07 0.1267E-09  0.000    
   2      0.7764752E-07 0.1268E-09  0.7764338E-07 0.8962E-10 0.2132E-02
   3      0.7755499E-07 0.1271E-09  0.7761406E-07 0.7323E-10 0.1625    
   4      0.7758483E-07 0.1268E-09  0.7760675E-07 0.6342E-10 0.1217    
   5      0.7759618E-07 0.1266E-09  0.7760463E-07 0.5670E-10 0.9265E-01
   6      0.7746832E-07 0.1266E-09  0.7758194E-07 0.5175E-10 0.2667    
   7      0.7751804E-07 0.1272E-09  0.7757288E-07 0.4793E-10 0.2584    
   8      0.7750629E-07 0.1264E-09  0.7756452E-07 0.4482E-10 0.2561    
   9      0.7763058E-07 0.1268E-09  0.7757187E-07 0.4226E-10 0.2543    
  10      0.7756974E-07 0.1273E-09  0.7757166E-07 0.4011E-10 0.2260    
  11      0.7756814E-07 0.1269E-09  0.7757134E-07 0.3824E-10 0.2035    
  12      0.7727179E-07 0.1269E-09  0.7754656E-07 0.3662E-10 0.6468    
 answer , counts=   7.7546558497952072E-008           0
 error =   3.6615859019148500E-011
 XSECT-01 =   7009.4349695451147        7005.0000000000000        7005.0000000000000        7.7546558497952072E-008   3.6615859019148500E-011
 Qmin, Qmax =    7500.0000000000000        7510.0000000000000     
 ******************************************************
 Running Order           1 with PDF=NNPDF30_nlo_as_0118                               
 Q=   7505.0000000000000      MUR=   7505.0000000000000      MUF=   7505.0000000000000     
 ******************************************************
 RM48 INITIALIZED:        40           0         0



 INPUT PARAMETERS FOR VEGAS:  NDIM=  5  NCALL=     497664.
                              IT=    0  ITMX=    6
                              MDS=  1   ND=  50
   1      0.3130401E-07 0.1363E-07  0.3130401E-07 0.1363E-07  0.000    
   2      0.4509575E-07 0.2121E-07  0.3767152E-07 0.1240E-07 0.3073    
   3      0.3514297E-07 0.1071E-07  0.3634719E-07 0.8298E-08 0.1751    
   4      0.2865081E-07 0.5449E-08  0.3193370E-07 0.5127E-08 0.3141    
   5      0.3748234E-07 0.2534E-08  0.3648033E-07 0.2202E-08 0.4654    
   6      0.3290463E-07 0.5603E-09  0.3316156E-07 0.5822E-09 0.8859    



 INPUT PARAMETERS FOR VEGAS:  NDIM=  5  NCALL=    4952198.
                              IT=    0  ITMX=   12
                              MDS=  1   ND=  50
   1      0.3335043E-07 0.6462E-10  0.3335043E-07 0.6462E-10  0.000    
   2      0.3339911E-07 0.6483E-10  0.3337473E-07 0.4576E-10 0.2828    
   3      0.3337537E-07 0.6532E-10  0.3337494E-07 0.3748E-10 0.1415    
   4      0.3337257E-07 0.6502E-10  0.3337435E-07 0.3247E-10 0.9464E-01
   5      0.3339512E-07 0.6499E-10  0.3337850E-07 0.2905E-10 0.9141E-01
   6      0.3327973E-07 0.6505E-10  0.3336217E-07 0.2652E-10 0.4561    
   7      0.3339878E-07 0.6543E-10  0.3336734E-07 0.2458E-10 0.4248    
   8      0.3334732E-07 0.6547E-10  0.3336487E-07 0.2301E-10 0.3759    
   9      0.3343551E-07 0.6500E-10  0.3337277E-07 0.2169E-10 0.4604    
  10      0.3334652E-07 0.6513E-10  0.3337015E-07 0.2058E-10 0.4255    
  11      0.3328385E-07 0.6504E-10  0.3336233E-07 0.1962E-10 0.5425    
  12      0.3316269E-07 0.6469E-10  0.3334570E-07 0.1878E-10  1.279    
 answer , counts=   3.3345697539350399E-008           0
 error =   1.8777521662617491E-011
 XSECT-01 =   7509.5446786477969        7505.0000000000000        7505.0000000000000        3.3345697539350399E-008   1.8777521662617491E-011
 Qmin, Qmax =    8000.0000000000000        8010.0000000000000     
 ******************************************************
 Running Order           1 with PDF=NNPDF30_nlo_as_0118                               
 Q=   8005.0000000000000      MUR=   8005.0000000000000      MUF=   8005.0000000000000     
 ******************************************************
 RM48 INITIALIZED:        40           0         0



 INPUT PARAMETERS FOR VEGAS:  NDIM=  5  NCALL=     497664.
                              IT=    0  ITMX=    6
                              MDS=  1   ND=  50
   1      0.1556159E-07 0.6276E-08  0.1556159E-07 0.6276E-08  0.000    
   2      0.2147143E-07 0.6169E-08  0.1948199E-07 0.4388E-08 0.4052    
   3      0.1655919E-07 0.3131E-08  0.1771395E-07 0.2655E-08 0.3635    
   4      0.1617199E-07 0.1731E-08  0.1670602E-07 0.1523E-08 0.3322    
   5      0.1561656E-07 0.6088E-09  0.1580030E-07 0.6121E-09 0.3713    
   6      0.1524379E-07 0.2384E-09  0.1533407E-07 0.2421E-09 0.4518    



 INPUT PARAMETERS FOR VEGAS:  NDIM=  5  NCALL=    4952198.
                              IT=    0  ITMX=   12
                              MDS=  1   ND=  50
   1      0.1546612E-07 0.3571E-10  0.1546612E-07 0.3571E-10  0.000    
   2      0.1545601E-07 0.3694E-10  0.1546124E-07 0.2567E-10 0.3878E-01
   3      0.1564137E-07 0.1704E-09  0.1546533E-07 0.2548E-10 0.5740    
   4      0.1573214E-07 0.2295E-09  0.1546867E-07 0.2541E-10 0.8339    
   5      0.1550999E-07 0.3464E-10  0.1548304E-07 0.2050E-10 0.8569    
   6      0.1545888E-07 0.3724E-10  0.1547748E-07 0.1797E-10 0.7511    
   7      0.1553713E-07 0.3709E-10  0.1548881E-07 0.1617E-10 0.9750    
   8      0.1548814E-07 0.3427E-10  0.1548869E-07 0.1463E-10 0.8365    
   9      0.1541213E-07 0.9295E-10  0.1548687E-07 0.1444E-10 0.8149    
  10      0.1560578E-07 0.9063E-10  0.1548984E-07 0.1426E-10 0.9118    
  11      0.1548035E-07 0.3442E-10  0.1548846E-07 0.1318E-10 0.8276    
  12      0.1541835E-07 0.4080E-10  0.1548192E-07 0.1254E-10 0.9936    
 answer , counts=   1.5481917531637807E-008           0
 error =   1.2542438659548970E-011
 XSECT-01 =   8009.5443471931512        8005.0000000000000        8005.0000000000000        1.5481917531637807E-008   1.2542438659548970E-011
 Qmin, Qmax =    8500.0000000000000        8510.0000000000000     
 ******************************************************
 Running Order           1 with PDF=NNPDF30_nlo_as_0118                               
 Q=   8505.0000000000000      MUR=   8505.0000000000000      MUF=   8505.0000000000000     
 ******************************************************
 RM48 INITIALIZED:        40           0         0



 INPUT PARAMETERS FOR VEGAS:  NDIM=  5  NCALL=     497664.
                              IT=    0  ITMX=    6
                              MDS=  1   ND=  50
   1      0.7730157E-08 0.2921E-08  0.7730157E-08 0.2921E-08  0.000    
   2      0.1378971E-07 0.3905E-08  0.1161041E-07 0.2533E-08  1.318    
   3      0.9588539E-08 0.3038E-08  0.1092628E-07 0.1968E-08 0.8408    
   4      0.1121478E-07 0.3567E-08  0.1099881E-07 0.1724E-08 0.5481    
   5      0.7086798E-08 0.5224E-09  0.7775581E-08 0.6810E-09  1.661    
   6      0.7486883E-08 0.1981E-09  0.7525935E-08 0.2407E-09  1.472    



 INPUT PARAMETERS FOR VEGAS:  NDIM=  5  NCALL=    4952198.
                              IT=    0  ITMX=   12
                              MDS=  1   ND=  50
   1      0.7602218E-08 0.6833E-10  0.7602218E-08 0.6833E-10  0.000    
   2      0.7102473E-08 0.3465E-09  0.7585813E-08 0.6502E-10  1.875    
   3      0.7340197E-08 0.2346E-09  0.7568367E-08 0.6263E-10  1.447    
   4      0.7377795E-08 0.7589E-10  0.7490830E-08 0.4827E-10  2.216    
   5      0.7560058E-08 0.5138E-10  0.7524228E-08 0.3492E-10  1.889    
   6      0.7455949E-08 0.4786E-10  0.7500266E-08 0.2817E-10  1.775    
   7      0.7486732E-08 0.9041E-10  0.7499045E-08 0.2691E-10  1.478    
   8      0.7521489E-08 0.6918E-10  0.7502066E-08 0.2508E-10  1.276    
   9      0.7381591E-08 0.2002E-09  0.7500229E-08 0.2487E-10  1.162    
  10      0.7492838E-08 0.8701E-10  0.7499662E-08 0.2392E-10  1.032    
  11      0.7508154E-08 0.1097E-09  0.7500055E-08 0.2338E-10 0.9277    
  12      0.7343276E-08 0.8907E-10  0.7490195E-08 0.2261E-10  1.103    
 answer , counts=   7.4901951909133355E-009           0
 error =   2.2605932146423765E-011
 XSECT-01 =   8509.5104176654750        8505.0000000000000        8505.0000000000000        7.4901951909133355E-009   2.2605932146423765E-011
 Qmin, Qmax =    9000.0000000000000        9010.0000000000000     
 ******************************************************
 Running Order           1 with PDF=NNPDF30_nlo_as_0118                               
 Q=   9005.0000000000000      MUR=   9005.0000000000000      MUF=   9005.0000000000000     
 ******************************************************
 RM48 INITIALIZED:        40           0         0



 INPUT PARAMETERS FOR VEGAS:  NDIM=  5  NCALL=     497664.
                              IT=    0  ITMX=    6
                              MDS=  1   ND=  50
   1      0.3478076E-08 0.1280E-08  0.3478076E-08 0.1280E-08  0.000    
   2      0.6277892E-08 0.1852E-08  0.5183252E-08 0.1168E-08  1.368    
   3      0.2515732E-08 0.1149E-08  0.4642703E-08 0.9025E-09  1.620    
   4      0.3781036E-08 0.6704E-09  0.4148665E-08 0.5701E-09  1.341    
   5      0.3733645E-08 0.4362E-09  0.3912491E-08 0.3657E-09  1.132    
   6      0.3682909E-08 0.1086E-09  0.3706029E-08 0.1140E-09  1.012    



 INPUT PARAMETERS FOR VEGAS:  NDIM=  5  NCALL=    4952198.
                              IT=    0  ITMX=   12
                              MDS=  1   ND=  50
   1      0.3634359E-08 0.3890E-10  0.3634359E-08 0.3890E-10  0.000    
   2      0.3565198E-08 0.5000E-10  0.3608905E-08 0.3063E-10  1.186    
   3      0.3653704E-08 0.6133E-10  0.3618064E-08 0.2746E-10 0.8035    
   4      0.3500395E-08 0.5332E-10  0.3594662E-08 0.2438E-10  1.782    
   5      0.3542727E-08 0.3816E-10  0.3579884E-08 0.2057E-10  1.668    
   6      0.3737417E-08 0.1367E-09  0.3583680E-08 0.2047E-10  1.593    
   7      0.3606045E-08 0.6096E-10  0.3585946E-08 0.1941E-10  1.348    
   8      0.3527708E-08 0.7391E-10  0.3582342E-08 0.1874E-10  1.241    
   9      0.3567453E-08 0.5705E-10  0.3580913E-08 0.1781E-10  1.096    
  10      0.3586984E-08 0.4319E-10  0.3581792E-08 0.1646E-10 0.9763    
  11      0.3514361E-08 0.2364E-09  0.3581481E-08 0.1639E-10 0.8899    
  12      0.3591987E-08 0.4762E-09  0.3581493E-08 0.1639E-10 0.8088    
 answer , counts=   3.5814930773288261E-009           0
 error =   1.6385842660353458E-011
 XSECT-01 =   9009.4973897500404        9005.0000000000000        9005.0000000000000        3.5814930773288261E-009   1.6385842660353458E-011
 Qmin, Qmax =    9500.0000000000000        9510.0000000000000     
 ******************************************************
 Running Order           1 with PDF=NNPDF30_nlo_as_0118                               
 Q=   9505.0000000000000      MUR=   9505.0000000000000      MUF=   9505.0000000000000     
 ******************************************************
 RM48 INITIALIZED:        40           0         0



 INPUT PARAMETERS FOR VEGAS:  NDIM=  5  NCALL=     497664.
                              IT=    0  ITMX=    6
                              MDS=  1   ND=  50
   1      0.1324154E-08 0.5239E-09  0.1324154E-08 0.5239E-09  0.000    
   2      0.2594568E-08 0.7009E-09  0.2190678E-08 0.4595E-09  1.657    
   3      0.1457698E-08 0.5213E-09  0.1985359E-08 0.3560E-09  1.422    
   4      0.2677570E-08 0.1300E-08  0.2076707E-08 0.3718E-09 0.8865    
   5      0.1975190E-08 0.2744E-09  0.2014069E-08 0.2273E-09 0.6933    
   6      0.2115972E-08 0.4208E-09  0.2037655E-08 0.1998E-09 0.5609    



 INPUT PARAMETERS FOR VEGAS:  NDIM=  5  NCALL=    4952198.
                              IT=    0  ITMX=   12
                              MDS=  1   ND=  50
   1      0.1601151E-08 0.8342E-10  0.1601151E-08 0.8342E-10  0.000    
   2      0.1815700E-08 0.1082E-09  0.1694108E-08 0.6714E-10  2.507    
   3      0.1024741E-08 0.5852E-09  0.1690965E-08 0.5939E-10  1.892    
   4      0.1714216E-08 0.9827E-10  0.1698355E-08 0.5071E-10  1.195    
   5      0.1654812E-08 0.2404E-10  0.1662131E-08 0.2102E-10  1.026    
   6      0.1720700E-08 0.5275E-10  0.1671351E-08 0.1958E-10  1.035    
   7      0.1912522E-08 0.3134E-09  0.1672672E-08 0.2009E-10 0.9455    
   8      0.1430453E-08 0.1027E-09  0.1665954E-08 0.1949E-10  1.432    
   9      0.1461156E-08 0.1034E-09  0.1660271E-08 0.1901E-10  1.672    
  10      0.1622664E-08 0.3711E-10  0.1652372E-08 0.1691E-10  1.576    
  11      0.1437664E-08 0.1526E-09  0.1650299E-08 0.1667E-10  1.604    
  12      0.1502931E-08 0.9700E-10  0.1646548E-08 0.1637E-10  1.655    
 answer , counts=   1.6465483523458443E-009           0
 error =   1.6374788115307638E-011
 XSECT-01 =   9509.6096743420039        9505.0000000000000        9505.0000000000000        1.6465483523458443E-009   1.6374788115307638E-011
 Qmin, Qmax =    10000.000000000000        10010.000000000000     
 ******************************************************
 Running Order           1 with PDF=NNPDF30_nlo_as_0118                               
 Q=   10005.000000000000      MUR=   10005.000000000000      MUF=   10005.000000000000     
 ******************************************************
 RM48 INITIALIZED:        40           0         0



 INPUT PARAMETERS FOR VEGAS:  NDIM=  5  NCALL=     497664.
                              IT=    0  ITMX=    6
                              MDS=  1   ND=  50
   1      0.3967946E-09 0.1911E-09  0.3967946E-09 0.1911E-09  0.000    
   2      0.8931952E-09 0.2370E-09  0.7776408E-09 0.1606E-09  1.706    
   3      0.7502231E-09 0.2576E-09  0.7690268E-09 0.1369E-09 0.8096    
   4      0.7012799E-09 0.1259E-09  0.7328081E-09 0.9306E-10 0.5875    
   5      0.8068960E-09 0.1438E-09  0.7588585E-09 0.7712E-10 0.4686    
   6      0.8423067E-09 0.1684E-09  0.7770959E-09 0.7004E-10 0.4037    



 INPUT PARAMETERS FOR VEGAS:  NDIM=  5  NCALL=    4952198.
                              IT=    0  ITMX=   12
                              MDS=  1   ND=  50
   1      0.6213722E-09 0.4102E-10  0.6213722E-09 0.4102E-10  0.000    
   2      0.7233393E-09 0.6867E-10  0.6546131E-09 0.3655E-10  1.710    
   3      0.6332011E-09 0.4900E-10  0.6475649E-09 0.2934E-10 0.9490    
   4      0.6812615E-09 0.1612E-10  0.6738061E-09 0.1391E-10 0.9601    
   5      0.6669377E-09 0.1600E-10  0.6708452E-09 0.1049E-10 0.7459    
   6      0.8773692E-09 0.1623E-09  0.6723311E-09 0.1108E-10  1.028    
   7      0.6518703E-09 0.2791E-10  0.6699083E-09 0.1029E-10 0.9441    
   8      0.7447564E-09 0.8817E-10  0.6710502E-09 0.1030E-10 0.9089    
   9      0.6739500E-09 0.4082E-10  0.6712099E-09 0.9964E-11 0.8034    
  10      0.7156496E-09 0.4390E-10  0.6734744E-09 0.9728E-11 0.8233    
  11      0.6215754E-09 0.2588E-10  0.6683055E-09 0.9139E-11  1.045    
  12      0.6325944E-09 0.4525E-10  0.6671400E-09 0.8924E-11  1.010    
 answer , counts=   6.6714001162632950E-010           0
 error =   8.9235831299085734E-012
 XSECT-01 =   10009.665046460726        10005.000000000000        10005.000000000000        6.6714001162632950E-010   8.9235831299085734E-012
 Qmin, Qmax =    10500.000000000000        10510.000000000000     
 ******************************************************
 Running Order           1 with PDF=NNPDF30_nlo_as_0118                               
 Q=   10505.000000000000      MUR=   10505.000000000000      MUF=   10505.000000000000     
 ******************************************************
 RM48 INITIALIZED:        40           0         0



 INPUT PARAMETERS FOR VEGAS:  NDIM=  5  NCALL=     497664.
                              IT=    0  ITMX=    6
                              MDS=  1   ND=  50
   1      0.8092919E-10 0.6414E-10  0.8092919E-10 0.6414E-10  0.000    
   2      0.2557387E-09 0.9275E-10  0.2254755E-09 0.6255E-10  1.118    
   3      0.3648883E-09 0.1851E-09  0.2668818E-09 0.7230E-10 0.6824    
   4      0.2085913E-09 0.5771E-10  0.2377545E-09 0.4876E-10 0.6195    
   5      0.2153392E-09 0.2556E-10  0.2213720E-09 0.2464E-10 0.5302    
   6      0.2467427E-09 0.2406E-10  0.2345627E-09 0.1712E-10 0.5315    



 INPUT PARAMETERS FOR VEGAS:  NDIM=  5  NCALL=    4952198.
                              IT=    0  ITMX=   12
                              MDS=  1   ND=  50
   1      0.2328935E-09 0.1203E-10  0.2328935E-09 0.1203E-10  0.000    
   2      0.2127929E-09 0.1083E-10  0.2226959E-09 0.8088E-11  1.544    
   3      0.2241458E-09 0.9495E-11  0.2233089E-09 0.6155E-11 0.7761    
   4      0.1297982E-09 0.7655E-10  0.2231054E-09 0.5616E-11 0.8209    
   5      0.2234486E-09 0.1742E-10  0.2231434E-09 0.5400E-11 0.5923    
   6      0.2518460E-09 0.2926E-10  0.2245072E-09 0.5470E-11 0.6890    
   7      0.2143868E-09 0.1077E-10  0.2224558E-09 0.4879E-11 0.6912    
   8      0.2040100E-09 0.3154E-10  0.2220694E-09 0.4796E-11 0.6438    
   9      0.4416181E-09 0.2147E-09  0.2225336E-09 0.5588E-11 0.8212    
  10      0.4085057E-09 0.2007E-09  0.2229176E-09 0.6030E-11 0.8433    
  11      0.2455459E-09 0.2217E-10  0.2242214E-09 0.5808E-11 0.8535    
  12      0.2300949E-09 0.5462E-11  0.2268920E-09 0.4241E-11 0.8365    
 answer , counts=   2.2689195919758419E-010           0
 error =   4.2414516858651660E-012
 XSECT-01 =   10509.336402841293        10505.000000000000        10505.000000000000        2.2689195919758419E-010   4.2414516858651660E-012
Thanks for using LHAPDF 6.5.4. Please make sure to cite the paper:
  Eur.Phys.J. C75 (2015) 3, 132  (http://arxiv.org/abs/1412.7420)
Wednesday 19 June 2024 02:16:30 AM IST
