LHAPDF 6.5.4 loading /home/niraj/1TB-Disc/Workspace-IITG/Packages/Install/LHAPDF-6.5.4/install/share/LHAPDF/CT10nlo/CT10nlo_0000.dat
CT10nlo PDF set, member #0, version 4; LHAPDF ID = 11000
LHAPDF 6.5.4 loading /home/niraj/1TB-Disc/Workspace-IITG/Packages/Install/LHAPDF-6.5.4/install/share/LHAPDF/CT10nlo/CT10nlo_0001.dat
CT10nlo PDF set, member #1, version 4; LHAPDF ID = 11001
Note: The following floating-point exceptions are signalling: IEEE_INVALID_FLAG
Thanks for using LHAPDF 6.5.4. Please make sure to cite the paper:
  Eur.Phys.J. C75 (2015) 3, 132  (http://arxiv.org/abs/1412.7420)
   
 Press 1 to initialise VEGAS:
 Press 2 to initialise CUBA-VEGAS:
 ----------------------------------
 |Initializing Dipole Subtraction  |
 ----------------------------------
  
 1. real - Dipole Over 3body phasespace
 ``````````````````````````````````````
  
  
 RM48 INITIALIZED:        40           0         0



 INPUT PARAMETERS FOR VEGAS:  NDIM=  6  NCALL=    9653618.
                              IT=    0  ITMX=   10
                              MDS=  1   ND=  50
   1     -0.2918867E-04 0.1278E-04 -0.2918867E-04 0.1278E-04  0.000    
   2     -0.3023265E-04 0.3714E-05 -0.3015646E-04 0.3514E-05 0.5970E-02
   3     -0.6468962E-04 0.1806E-04 -0.3541323E-04 0.4850E-05  3.273    
   4     -0.7471664E-04 0.1544E-04 -0.4395321E-04 0.5173E-05  4.773    
   5     -0.7652540E-04 0.1416E-04 -0.5089988E-04 0.5039E-05  4.720    
   6     -0.1586374E-03 0.6957E-04 -0.5484101E-04 0.7064E-05  3.491    
   7     -0.5438092E-04 0.6861E-04 -0.5483899E-04 0.6748E-05  3.174    
   8     -0.1114887E-03 0.1289E-04 -0.7431626E-04 0.5769E-05  5.549    
   9     -0.1217160E-03 0.9094E-05 -0.9572044E-04 0.4514E-05  7.764    
  10     -0.2246461E-03 0.5413E-04 -0.1010841E-03 0.5456E-05  7.001    



 INPUT PARAMETERS FOR VEGAS:  NDIM=  6  NCALL=   94091762.
                              IT=    0  ITMX=   20
                              MDS=  1   ND=  50
   1     -0.2545328E-03 0.3435E-04 -0.2545328E-03 0.3435E-04  0.000    
   2     -0.1953014E-03 0.1207E-04 -0.2055638E-03 0.1274E-04  3.094    
   3     -0.1967854E-03 0.1381E-04 -0.2021362E-03 0.9530E-05  1.787    
   4     -0.9731882E-03 0.7720E-03 -0.2044861E-03 0.2285E-04  1.360    
   5     -0.7923339E-03 0.5578E-03 -0.2067521E-03 0.2561E-04  1.315    
   6     -0.5004266E-03 0.3045E-03 -0.2082598E-03 0.2496E-04  1.243    
   7     -0.2967030E-03 0.8374E-04 -0.2103206E-03 0.2334E-04  1.211    
   8     -0.2085418E-03 0.2870E-04 -0.2101618E-03 0.2106E-04  1.162    
   9     -0.5722024E-03 0.3578E-03 -0.2117205E-03 0.2130E-04  1.144    
  10     -0.3031531E-03 0.8363E-04 -0.2136991E-03 0.2036E-04  1.136    
  11     -0.2196123E-03 0.1901E-04 -0.2147643E-03 0.1775E-04  1.105    
  12     -0.1953020E-03 0.1109E-04 -0.2090224E-03 0.1437E-04  1.115    
  13     -0.1874919E-03 0.9714E-05 -0.2033861E-03 0.1194E-04  1.145    
  14     -0.9973389E-03 0.7440E-03 -0.2043873E-03 0.1350E-04  1.162    
  15     -0.1934256E-03 0.1350E-04 -0.2030073E-03 0.1225E-04  1.150    
  16     -0.2056179E-03 0.1201E-04 -0.2034052E-03 0.1099E-04  1.133    
  17     -0.1988061E-03 0.9537E-05 -0.2025575E-03 0.9677E-05  1.118    
  18     -0.2133319E-03 0.1821E-04 -0.2031500E-03 0.9197E-05  1.105    
  19     -0.8298024E-03 0.5731E-03 -0.2036762E-03 0.9725E-05  1.126    
  20     -0.2484997E-03 0.2569E-04 -0.2052952E-03 0.9370E-05  1.150    
   
 The answer is =  -2.0529524926136402E-004
 Integral      =  -2.0529524926136402E-004 +-   9.3699683844623518E-006
 with chisq    =   1.1499092640978701     
 Unphysical count =   599387254
  
  
