gfortran -O -c ../vsup.f -o vsup.o
gfortran -O  -c ../vsup.f -o vsup.o
gfortran -O -c ../vsup.f -o vsup.o
gfortran main.f -O  -o runPK alphaS.o PK_new.o pdf_lha.o lum.o integrand.o phasespace.o vsup.o -lc -L./../ -lfile -L/home/niraj/1TB-Disc/Workspace-IITG/Packages/Install/LHAPDF-6.5.4/install/lib -lLHAPDF  
gfortran main.f -O -o runDipole dipole.o lum.o pdf_lha.o vsup.o mat.amp.o integrand.o misc.o phasespace.o   -L/home/niraj/1TB-Disc/Workspace-IITG/Packages/Install/LHAPDF-6.5.4/install/lib -lLHAPDF -L./../ -lfile 
gfortran main.f -O -o runVir alphaS.o misc.o cuba.o lum.o pdf_lha.o vsup.o integrand.o phasespace.o -lm  -lcuba -L/home/niraj/1TB-Disc/Workspace-IITG/Packages/Install/LHAPDF-6.5.4/install/lib -lLHAPDF -lc -L./../ -lfile 
LHAPDF 6.5.4 loading /home/niraj/1TB-Disc/Workspace-IITG/Packages/Install/LHAPDF-6.5.4/install/share/LHAPDF/MMHT2014nlo68cl/MMHT2014nlo68cl_0000.dat
MMHT2014nlo68cl PDF set, member #0, version 3; LHAPDF ID = 25100
   
 ____________________________________
     Calculating P and K terms       
 ____________________________________
 ````````````````````````````````````
 Directory not found ../summary/run_test3                                                                                
 Making new directory..
LHAPDF 6.5.4 loading /home/niraj/1TB-Disc/Workspace-IITG/Packages/Install/LHAPDF-6.5.4/install/share/LHAPDF/MMHT2014nlo68cl/MMHT2014nlo68cl_0000.dat
MMHT2014nlo68cl PDF set, member #0, version 3; LHAPDF ID = 25100
   
   ----------------------------------
   |Initializing Dipole Subtraction  |
   ----------------------------------
  
  
  
 Directory not found ../summary/run_test3                                                                                
 Making new directory..
LHAPDF 6.5.4 loading /home/niraj/1TB-Disc/Workspace-IITG/Packages/Install/LHAPDF-6.5.4/install/share/LHAPDF/MMHT2014nlo68cl/MMHT2014nlo68cl_0000.dat
MMHT2014nlo68cl PDF set, member #0, version 3; LHAPDF ID = 25100
  
  
 ____________________________________
     Calculating Virtual Contribution
 ____________________________________
 ````````````````````````````````````
     Virtual + Dipole over 2-Body PS
  
  
 Directory not found ../summary/run_test3                                                                                
 Making new directory..
/home/niraj/OneDrive/WorkSpaceIITG/Generalfiles/integrators/DY1/summary/run_test3
 Directory constructed successfully🤩
/home/niraj/OneDrive/WorkSpaceIITG/Generalfiles/integrators/DY1/summary/run_test3
 Directory constructed successfully🤩
/home/niraj/OneDrive/WorkSpaceIITG/Generalfiles/integrators/DY1/summary/run_test3
 Directory constructed successfully🤩
  
  
  
  
 [1;32mFor xq =         2500 [0m
  
 RM48 INITIALIZED:        40           0         0
  
 [1;32mFor xq =         2500 [0m
  
 RM48 INITIALIZED:        40           0         0
  
 [1;32mFor xq =         2500 [0m
  
 RM48 INITIALIZED:        40           0         0
   
   
 [1;32mIntegral [P+K]=   4.9960352588412556E-009 [0m+-   1.5367743728910270E-011
 with chisq    =  0.75771534841870225     
  
  
  
 [1;32mFor xq =         2700 [0m
  
 RM48 INITIALIZED:        40           0         0
   
   
 [1;32mIntegral[real-dipole] =  -1.4447172191454383E-010 [0m+-   1.0579447721305894E-012
 with chisq    =   1.7044632581446548     
  
  
  
 [1;32mFor xq =         2700 [0m
  
 RM48 INITIALIZED:        40           0         0
   
   
 [1;32mIntegral [virtual+eikonal]=   2.1746048256990816E-009 [0m+-   5.1351295363871621E-012
 with chisq    =   1.3383361920672430     
  
  
  
 [1;32mFor xq =         2700 [0m
  
 RM48 INITIALIZED:        40           0         0
   
   
 [1;32mIntegral [P+K]=   2.7585808395613017E-009 [0m+-   8.6425300122531673E-012
 with chisq    =   1.0997683713205517     
  
  
  
 [1;32mFor xq =         2900 [0m
  
 RM48 INITIALIZED:        40           0         0
   
   
 [1;32mIntegral[real-dipole] =  -7.5394402124217576E-011 [0m+-   8.9948013325088436E-013
 with chisq    =   1.3088206744322490     
  
  
  
 [1;32mFor xq =         2900 [0m
  
 RM48 INITIALIZED:        40           0         0
   
   
 [1;32mIntegral [virtual+eikonal]=   1.2415807542190668E-009 [0m+-   2.9820289033690724E-012
 with chisq    =   1.4439276854354888     
  
  
  
 [1;32mFor xq =         2900 [0m
  
 RM48 INITIALIZED:        40           0         0
   
   
 [1;32mIntegral [P+K]=   1.5463645426641881E-009 [0m+-   4.8660665317207747E-012
 with chisq    =  0.91661919655148771     
  
  
  
 [1;32mFor xq =         3100 [0m
  
 RM48 INITIALIZED:        40           0         0
   
   
 [1;32mIntegral[real-dipole] =  -3.8759895308168626E-011 [0m+-   2.9945841911600689E-013
 with chisq    =  0.77922013410921587     
  
  
  
 [1;32mFor xq =         3100 [0m
  
 RM48 INITIALIZED:        40           0         0
   
   
 [1;32mIntegral [virtual+eikonal]=   7.1567798489569498E-010 [0m+-   1.7482842667809056E-012
 with chisq    =   1.2413870230984070     
  
  
  
 [1;32mFor xq =         3100 [0m
  
 RM48 INITIALIZED:        40           0         0
   
   
 [1;32mIntegral [P+K]=   8.8001632046713709E-010 [0m+-   2.8231156567806649E-012
 with chisq    =  0.89215040846447191     
  
  
  
 [1;32mFor xq =         3300 [0m
  
 RM48 INITIALIZED:        40           0         0
   
   
 [1;32mIntegral[real-dipole] =  -2.0523315010525943E-011 [0m+-   3.0569409222817808E-013
 with chisq    =  0.74301816832507372     
  
  
  
 [1;32mFor xq =         3300 [0m
  
 RM48 INITIALIZED:        40           0         0
   
   
 [1;32mIntegral [virtual+eikonal]=   4.1987784529022187E-010 [0m+-   1.0353158793478470E-012
 with chisq    =  0.81719124709164970     
  
  
  
 [1;32mFor xq =         3300 [0m
  
 RM48 INITIALIZED:        40           0         0
   
   
 [1;32mIntegral [P+K]=   5.0973721887087971E-010 [0m+-   1.6579506916599069E-012
 with chisq    =  0.55440074826625807     
  
  
  
 [1;32mFor xq =         3500 [0m
  
 RM48 INITIALIZED:        40           0         0
   
   
 [1;32mIntegral[real-dipole] =  -1.1126872405494740E-011 [0m+-   9.8749419447637448E-014
 with chisq    =   1.7548658837486861     
  
  
  
 [1;32mFor xq =         3500 [0m
  
 RM48 INITIALIZED:        40           0         0
   
   
 [1;32mIntegral [virtual+eikonal]=   2.4796264224481481E-010 [0m+-   6.1928367167663070E-013
 with chisq    =   1.0563988682078154     
  
  
  
 [1;32mFor xq =         3500 [0m
  
 RM48 INITIALIZED:        40           0         0
   
   
 [1;32mIntegral [P+K]=   2.9543664613273173E-010 [0m+-   9.5686476991759527E-013
 with chisq    =  0.66769290270191461     
  
  
 [1;32m   xq    Integral PK                     error[0m
   2500      0.499603525884126E-08      0.153677437289103E-10
   2700      0.275858083956130E-08      0.864253001225317E-11
   2900      0.154636454266419E-08      0.486606653172077E-11
   3100      0.880016320467137E-09      0.282311565678066E-11
   3300      0.509737218870880E-09      0.165795069165991E-11
   3500      0.295436646132732E-09      0.956864769917595E-12
Thanks for using LHAPDF 6.5.4. Please make sure to cite the paper:
  Eur.Phys.J. C75 (2015) 3, 132  (http://arxiv.org/abs/1412.7420)
   
   
 [1;32mIntegral[real-dipole] =  -6.0371591016220987E-012 [0m+-   6.4488658558209690E-014
 with chisq    =   1.0527221138619920     
  
  
 [1;92m   xq            Integral         error[0m
   2500     -0.144471721914544E-09      0.105794477213059E-11
   2700     -0.753944021242176E-10      0.899480133250884E-12
   2900     -0.387598953081686E-10      0.299458419116007E-12
   3100     -0.205233150105259E-10      0.305694092228178E-12
   3300     -0.111268724054947E-10      0.987494194476374E-13
   3500     -0.603715910162210E-11      0.644886585582097E-13
Thanks for using LHAPDF 6.5.4. Please make sure to cite the paper:
  Eur.Phys.J. C75 (2015) 3, 132  (http://arxiv.org/abs/1412.7420)
   
   
 [1;32mIntegral [virtual+eikonal]=   1.4846426266424437E-010 [0m+-   3.6865326163905434E-013
 with chisq    =  0.67570320629719471     
  
  
 [1;32m   xq            Integral         error[0m
   2500      0.217460482569908E-08      0.513512953638716E-11
   2700      0.124158075421907E-08      0.298202890336907E-11
   2900      0.715677984895695E-09      0.174828426678091E-11
   3100      0.419877845290222E-09      0.103531587934785E-11
   3300      0.247962642244815E-09      0.619283671676631E-12
   3500      0.148464262664244E-09      0.368653261639054E-12
Thanks for using LHAPDF 6.5.4. Please make sure to cite the paper:
  Eur.Phys.J. C75 (2015) 3, 132  (http://arxiv.org/abs/1412.7420)
