LHAPDF 6.4.0 loading /home/workplace/Packages/LHAPDF-6.4.0/install/share/LHAPDF/MMHT2014nlo68cl/MMHT2014nlo68cl_0000.dat
MMHT2014nlo68cl PDF set, member #0, version 3; LHAPDF ID = 25100
 Writing your data in ../summary/run_niraj/real.dat
   
   ----------------------------------
   |Initializing Dipole Subtraction  |
   ----------------------------------
  
  
  
 ~~~~~~~~~~~~~~~~~~~~~~~~~~~~~~~~~~~~~~~~
Using Vegas points:                   1.E+08
         Iteration:                   25
 ~~~~~~~~~~~~~~~~~~~~~~~~~~~~~~~~~~~~~~~~
  
 [1;32mFor xq =          100 [0m
  
 RM48 INITIALIZED:        40           0         0



 INPUT PARAMETERS FOR VEGAS:  NDIM=  6  NCALL=   94091762.
                              IT=    0  ITMX=   25
                              MDS=  1   ND=  50
   1     -0.2413726E-02 0.3188E-02 -0.2413726E-02 0.3188E-02  0.000    
   2     -0.1708072E-01 0.6284E-03 -0.1706936E-01 0.4486E-03 0.8280    
   3      -8.739820     0.2039      -6.236971     0.9939E-01  787.9    
   4     -0.8497331E-01 0.1982E-01  -6.193397     0.8578E-01  712.3    
   5     -0.2173346E-01 0.1355E-02  -5.636593     0.7318E-01  813.8    
   6     -0.4577803E-01 0.3265E-02  -5.276143     0.6461E-01  871.5    
   7     -0.4143800E-01 0.1591E-02  -4.323759     0.5411E-01  1079.    
   8     -0.6854561E-01 0.4501E-02  -4.074526     0.4911E-01  1117.    
   9     -0.1764151     0.4079E-01  -4.056196     0.4620E-01  1103.    
  10     -0.3985755E-01 0.5151E-02  -3.996652     0.4350E-01  1103.    
  11     -0.1320417     0.6104E-02  -3.595343     0.3927E-01  1182.    
  12     -0.8269561E-01 0.6372E-02  -3.468789     0.3692E-01  1201.    
  13     -0.3288154E-01 0.1389E-02  -3.100927     0.3352E-01  1276.    
  14     -0.6742286E-01 0.4932E-02  -2.996388     0.3174E-01  1292.    
  15     -0.1108649     0.8800E-02  -2.914329     0.3022E-01  1303.    
  16     -0.1300838     0.8791E-02  -2.809219     0.2871E-01  1320.    
  17     -0.2621754     0.2754E-01  -2.770039     0.2765E-01  1321.    
  18     -0.6360810E-01 0.2465E-02  -2.495178     0.2547E-01  1377.    
  19     -0.1544199     0.9009E-02  -2.394792     0.2426E-01  1394.    
  20     -0.1029740     0.1014E-01  -2.360770     0.2347E-01  1397.    
  21     -0.1837108     0.1169E-01  -2.286122     0.2251E-01  1408.    
  22     -0.1317636     0.1240E-01  -2.252847     0.2183E-01  1412.    
  23     -0.1193904     0.1140E-01  -2.221346     0.2119E-01  1415.    
  24     -0.6874743E-01 0.4466E-02  -2.154768     0.2042E-01  1427.    
  25     -0.4984412     0.8724E-01  -2.147739     0.2000E-01  1421.    



 INPUT PARAMETERS FOR VEGAS:  NDIM=  6  NCALL=  963780608.
                              IT=    0  ITMX=   50
                              MDS= -1   ND=  28
   1     -0.4863629E-01 0.1495E-02 -0.4863629E-01 0.1495E-02  0.000    
   2     -0.6058313E-01 0.6536E-03 -0.5927287E-01 0.5592E-03  44.57    
   3     -0.5333268E-01 0.4521E-02 -0.5918844E-01 0.5499E-03  23.54    
   4     -0.3878422E-01 0.1719E-02 -0.5817939E-01 0.5021E-03  43.77    
   5     -0.9739467E-01 0.2431E-02 -0.6346639E-01 0.5778E-03  155.8    
   6     -0.5234703E-01 0.9334E-02 -0.6343709E-01 0.5619E-03  131.6    
   7     -0.5833218E-01 0.2640E-02 -0.6323645E-01 0.5469E-03  111.8    
   8     -0.3560752E-01 0.7135E-03 -0.5862248E-01 0.4782E-03  170.8    
   9     -0.4519714E-01 0.1202E-02 -0.5745945E-01 0.4467E-03  165.3    
  10     -0.6891885E-01 0.1757E-02 -0.5844634E-01 0.4367E-03  146.5    
  11     -0.4297815E-01 0.4506E-03 -0.5322851E-01 0.3480E-03  181.8    
  12     -0.1414333     0.1728E-02 -0.7078861E-01 0.3721E-03  930.5    
  13     -0.3130781     0.2656     -0.7079861E-01 0.5931E-03  336.2    
  14     -0.1835870     0.2189E-02 -0.9029027E-01 0.5739E-03  699.0    
  15     -0.5603969E-01 0.2258E-02 -0.8977948E-01 0.5548E-03  688.0    
  16     -0.5716753E-01 0.9912E-02 -0.8975325E-01 0.5416E-03  673.6    
  17     -0.4859408E-01 0.1072E-02 -0.8780614E-01 0.5159E-03  680.8    
  18     -0.4702491E-01 0.2187E-02 -0.8737622E-01 0.5016E-03  675.0    
  19     -0.4891650E-01 0.1176E-02 -0.8591575E-01 0.4817E-03  677.8    
  20     -0.7850019E-01 0.2263E-02 -0.8572514E-01 0.4705E-03  656.1    
  21     -0.5453923E-01 0.6913E-02 -0.8568372E-01 0.4621E-03  645.5    
  22     -0.5741209E-01 0.8780E-03 -0.8332003E-01 0.4356E-03  649.5    
  23     -0.1149134     0.4646E-02 -0.8369351E-01 0.4364E-03  613.2    
  24     -0.5182910E-01 0.8511E-03 -0.8156296E-01 0.4151E-03  620.8    
  25     -0.4813581E-01 0.1038E-02 -0.8031529E-01 0.4011E-03  624.0    
  26     -0.8822385E-01 0.3433E-02 -0.8040494E-01 0.3976E-03  602.9    
  27     -0.4483329E-01 0.2060E-02 -0.8011821E-01 0.3902E-03  599.5    
  28     -0.3813428E-01 0.1803E-02 -0.7980101E-01 0.3828E-03  598.5    
  29     -0.4972457E-01 0.7944E-02 -0.7978111E-01 0.3780E-03  591.8    
  30     -0.3954734E-01 0.1464E-02 -0.7929124E-01 0.3705E-03  592.3    
  31     -0.6999140E-01 0.9989E-02 -0.7928363E-01 0.3679E-03  580.1    
  32     -0.3789768E-01 0.9221E-03 -0.7815062E-01 0.3582E-03  587.7    
  33     -0.5001946E-01 0.2240E-02 -0.7792508E-01 0.3530E-03  583.0    
  34     -0.5330967E-01 0.1458E-02 -0.7740692E-01 0.3460E-03  579.2    
  35     -0.3738285E-01 0.1958E-02 -0.7717849E-01 0.3410E-03  577.9    
  36     -0.3642179E-01 0.9640E-03 -0.7628788E-01 0.3334E-03  583.6    
  37     -0.5097747E-01 0.1177E-02 -0.7558117E-01 0.3258E-03  582.0    
  38     -0.4251718E-01 0.1425E-02 -0.7514884E-01 0.3205E-03  581.3    
  39     -0.4468853E-01 0.1062E-02 -0.7437716E-01 0.3135E-03  582.7    
  40     -0.5788870E-01 0.1967E-02 -0.7417524E-01 0.3096E-03  576.0    
  41     -0.7341932E-01 0.5045E-02 -0.7417298E-01 0.3083E-03  564.4    
  42     -0.4450876E-01 0.5495E-02 -0.7414557E-01 0.3056E-03  560.3    
  43     -0.5679319E-01 0.2962E-02 -0.7405616E-01 0.3030E-03  554.0    
  44     -0.1466723     0.1738E-02 -0.8064360E-01 0.2963E-03  629.6    
  45     -0.6388737E-01 0.1875E-02 -0.8039929E-01 0.2928E-03  622.0    
  46     -0.1932592     0.1123E-01 -0.8081724E-01 0.3061E-03  565.4    
  47     -0.4339129     0.1713E-01 -0.8362868E-01 0.3751E-03  517.7    
  48     -0.4692043E-01 0.3378E-02 -0.8354102E-01 0.3715E-03  515.8    
  49     -0.2183012     0.7111E-03 -0.1561012     0.2607E-03  1857.    
  50     -0.7335299E-01 0.1262E-02 -0.1545340     0.2568E-03  1879.    
   
   
 [1;32mIntegral [real-dipole]: -0.15453396182697685      [0m+-   2.5677915909554149E-004
 with chisq    =   1878.7375332124582     
  
  
  
 [1;32mFor xq =          400 [0m
  
 RM48 INITIALIZED:        40           0         0



 INPUT PARAMETERS FOR VEGAS:  NDIM=  6  NCALL=   94091762.
                              IT=    0  ITMX=   25
                              MDS=  1   ND=  50
   1     -0.1657616E-03 0.8713E-04 -0.1657616E-03 0.8713E-04  0.000    
   2     -0.1777427E-03 0.2840E-04 -0.1767292E-03 0.2627E-04 0.1610E-01
   3     -0.1309515E-03 0.1239E-04 -0.1436298E-03 0.1282E-04  1.285    
   4     -0.2709193E-03 0.1582E-04 -0.2270168E-03 0.9138E-05  15.20    
   5     -0.4545716E-03 0.4036E-04 -0.2772347E-03 0.1113E-04  23.94    
   6     -0.3827386E-03 0.6559E-04 -0.2831357E-03 0.1173E-04  17.14    
   7     -0.3208961E-03 0.2556E-04 -0.2908993E-03 0.1063E-04  14.18    
   8     -0.6241393E-01 0.3078E-01 -0.6225087E-03 0.7950E-03  4.634    
   9     -0.9174369E-04 0.4388E-04 -0.6195149E-03 0.7474E-03  4.561    
  10     -0.5090817E-03 0.7451E-04 -0.6132404E-03 0.6887E-03  4.505    
  11     -0.3600826E-03 0.3383E-04 -0.5825634E-03 0.6156E-03  4.462    
  12     -0.4153979E-03 0.3245E-04 -0.5576335E-03 0.5436E-03  4.426    
  13     -0.3846578E-03 0.2492E-04 -0.5267978E-03 0.4735E-03  4.396    
  14     -0.4647569E-03 0.4613E-04 -0.5224204E-03 0.4399E-03  4.370    
  15     -0.1460253E-02 0.4636E-03 -0.5288437E-03 0.4236E-03  4.348    
  16     -0.1152163E-02 0.2944E-03 -0.5353639E-03 0.4081E-03  4.329    
  17     -0.7900518E-03 0.7182E-04 -0.5548095E-03 0.3805E-03  4.313    
  18     -0.6178361E-03 0.5035E-04 -0.5602788E-03 0.3534E-03  4.298    
  19     -0.7267611E-03 0.1257E-03 -0.5634247E-03 0.3407E-03  4.284    
  20     -0.6780330E-03 0.1048E-03 -0.5660756E-03 0.3283E-03  4.272    
  21     -0.1161123E-02 0.6094E-03 -0.5672662E-03 0.3201E-03  4.260    
  22     -0.1387970E-02 0.4810E-03 -0.5710159E-03 0.3121E-03  4.250    
  23     -0.6352414E-03 0.8509E-04 -0.5729214E-03 0.3007E-03  4.241    
  24     -0.3924697E-02 0.2989E-02 -0.5759953E-03 0.2948E-03  4.221    
  25     -0.3137141E-03 0.1141E-03 -0.5749446E-03 0.2883E-03  4.214    



 INPUT PARAMETERS FOR VEGAS:  NDIM=  6  NCALL=  963780608.
                              IT=    0  ITMX=   50
                              MDS= -1   ND=  28
   1     -0.4956179E-03 0.1240E-04 -0.4956179E-03 0.1240E-04  0.000    
   2     -0.4304992E-03 0.3444E-04 -0.4898149E-03 0.1108E-04  2.801    
   3     -0.3537013E-03 0.3326E-04 -0.4815692E-03 0.9964E-05  6.938    
   4     -0.3995516E-03 0.3224E-04 -0.4753359E-03 0.9411E-05  6.569    
   5     -0.4399264E-03 0.1349E-03 -0.4751506E-03 0.9462E-05  4.866    
   6     -0.1140193E-02 0.1926E-04 -0.8962467E-03 0.8155E-05  310.9    
   7     -0.3355424E-03 0.1629E-04 -0.8563446E-03 0.7459E-05  349.8    
   8     -0.3968577E-03 0.9559E-05 -0.7532910E-03 0.6351E-05  451.0    
   9     -0.2828323E-03 0.8849E-05 -0.6980904E-03 0.5715E-05  517.8    
  10     -0.4279630E-03 0.6377E-04 -0.6967004E-03 0.5598E-05  478.6    
  11     -0.4598678E-03 0.1870E-03 -0.6965369E-03 0.5538E-05  440.0    
  12     -0.4169248E-03 0.1633E-04 -0.6771602E-03 0.5263E-05  428.7    
  13     -0.1407789E-02 0.1091E-02 -0.6772896E-03 0.6463E-05  260.8    
  14     -0.3420900E-03 0.1710E-04 -0.6636202E-03 0.6169E-05  262.3    
  15     -0.3044404E-03 0.1506E-04 -0.6492512E-03 0.5891E-05  266.6    
  16     -0.4542939E-03 0.1537E-04 -0.6338925E-03 0.5579E-05  261.4    
  17     -0.3359992E-03 0.1057E-04 -0.6090311E-03 0.5235E-05  270.7    
  18     -0.3390486E-03 0.4762E-04 -0.6079050E-03 0.5128E-05  265.0    
  19     -0.2666558E-03 0.2074E-04 -0.6033268E-03 0.4988E-05  264.4    
  20     -0.4534489E-03 0.1423E-03 -0.6032034E-03 0.4945E-05  254.7    
  21     -0.2979773E-03 0.3633E-04 -0.6015473E-03 0.4848E-05  251.5    
  22     -0.4826401E-03 0.1305E-03 -0.6014162E-03 0.4823E-05  241.8    
  23     -0.3418942E-03 0.2741E-04 -0.5982023E-03 0.4731E-05  238.6    
  24     -0.3592068E-02 0.1005E-04 -0.3323792E-02 0.2399E-05  5603.    
  25     -0.3412312E-03 0.1529E-04 -0.3313242E-02 0.2353E-05  5796.    
  26     -0.5263689E-03 0.7414E-04 -0.3312244E-02 0.2324E-05  5726.    
  27     -0.4403814E-03 0.1316E-04 -0.3289582E-02 0.2282E-05  6139.    
  28     -0.2755459E-03 0.1652E-04 -0.3283688E-02 0.2243E-05  6238.    
  29     -0.2878202E-03 0.1887E-04 -0.3278793E-02 0.2207E-05  6311.    
  30     -0.3364607E-03 0.2573E-04 -0.3275265E-02 0.2175E-05  6344.    
  31     -0.4024545E-03 0.9370E-04 -0.3274893E-02 0.2148E-05  6295.    
  32     -0.3759950E-03 0.3219E-04 -0.3272123E-02 0.2120E-05  6302.    
  33     -0.3842695E-03 0.2755E-04 -0.3268193E-02 0.2094E-05  6332.    
  34     -0.5900115E-03 0.5447E-04 -0.3265996E-02 0.2079E-05  6263.    
  35     -0.2993389E-03 0.1033E-04 -0.3248676E-02 0.2048E-05  6589.    
  36     -0.4257266E-03 0.3310E-04 -0.3245434E-02 0.2027E-05  6591.    
  37     -0.2952362E-03 0.1531E-04 -0.3237842E-02 0.2001E-05  6714.    
  38     -0.3742731E-03 0.2681E-04 -0.3233982E-02 0.1979E-05  6742.    
  39     -0.3560041E-03 0.2439E-04 -0.3229750E-02 0.1958E-05  6781.    
  40     -0.5027032E-03 0.7565E-04 -0.3228919E-02 0.1944E-05  6714.    
  41     -0.2823838E-03 0.1078E-04 -0.3215038E-02 0.1919E-05  6962.    
  42     -0.3662869E-03 0.7335E-04 -0.3214550E-02 0.1902E-05  6925.    
  43     -0.3881828E-03 0.9968E-04 -0.3214255E-02 0.1886E-05  6880.    
  44     -0.2757701E-03 0.1119E-04 -0.3202045E-02 0.1864E-05  7092.    
  45     -0.4014892E-03 0.3181E-04 -0.3198998E-02 0.1849E-05  7094.    
  46     -0.1259103E-02 0.9331E-03 -0.3198974E-02 0.1892E-05  6624.    
  47     -0.2938007E-03 0.3019E-04 -0.3197095E-02 0.1874E-05  6631.    
  48     -0.3077026E-03 0.1192E-04 -0.3184009E-02 0.1854E-05  6835.    
  49     -0.6763339E-03 0.5305E-04 -0.3181242E-02 0.1851E-05  6748.    
  50     -0.2622525E-03 0.1551E-04 -0.3175590E-02 0.1833E-05  6827.    
   
   
 [1;32mIntegral [real-dipole]:  -3.1755895388337011E-003 [0m+-   1.8332932268280072E-006
 with chisq    =   6826.6327279506922     
  
  
  
 [1;32mFor xq =          700 [0m
  
 RM48 INITIALIZED:        40           0         0



 INPUT PARAMETERS FOR VEGAS:  NDIM=  6  NCALL=   94091762.
                              IT=    0  ITMX=   25
                              MDS=  1   ND=  50
   1      0.1191627E-05 0.1189E-05  0.1191627E-05 0.1189E-05  0.000    
   2     -0.1639424E-04 0.1940E-05 -0.1615057E-04 0.1366E-05  2.266    
   3     -0.6628039E-04 0.4028E-05 -0.5569789E-04 0.2128E-05  46.30    
   4     -0.6431545E-04 0.1362E-04 -0.5622385E-04 0.2453E-05  22.04    
   5     -0.1859170E-04 0.3015E-05 -0.5267817E-04 0.2129E-05  26.55    
   6     -0.2571696E-04 0.3494E-05 -0.4948667E-04 0.1890E-05  28.02    
   7     -0.3870591E-04 0.2895E-05 -0.4645913E-04 0.1593E-05  25.17    
   8     -0.8385362E-04 0.6836E-05 -0.5360924E-04 0.1707E-05  25.81    
   9     -0.3622850E-04 0.4446E-05 -0.5225655E-04 0.1600E-05  24.77    
  10     -0.3915233E-04 0.3502E-05 -0.5058219E-04 0.1472E-05  23.67    
  11     -0.5512436E-04 0.5720E-05 -0.5097599E-04 0.1434E-05  20.57    
  12     -0.4111184E-04 0.4835E-05 -0.5035228E-04 0.1374E-05  19.35    
  13     -0.2447150E-04 0.2203E-05 -0.4783109E-04 0.1269E-05  21.83    
  14     -0.4281932E-04 0.2433E-05 -0.4684637E-04 0.1133E-05  20.54    
  15     -0.4636506E-04 0.3634E-05 -0.4680133E-04 0.1081E-05  18.99    
  16     -0.1016111E-03 0.2324E-04 -0.4739696E-04 0.1204E-05  15.61    
  17     -0.7449560E-04 0.1231E-04 -0.4794953E-04 0.1233E-05  14.29    
  18     -0.5872566E-04 0.1643E-04 -0.4802565E-04 0.1237E-05  13.29    
  19     -0.2853923E-04 0.3169E-05 -0.4718882E-04 0.1188E-05  13.65    
  20     -0.7448733E-04 0.5982E-05 -0.4925944E-04 0.1172E-05  14.27    
  21     -0.5658029E-04 0.6038E-05 -0.4956098E-04 0.1152E-05  13.54    
  22     -0.5130650E-04 0.6054E-05 -0.4961787E-04 0.1131E-05  12.94    
  23     -0.1088432E-04 0.1014E-04 -0.4959764E-04 0.1107E-05  12.92    
  24     -0.1026254E-03 0.2048E-04 -0.5019468E-04 0.1165E-05  12.03    
  25     -0.5498302E-04 0.6967E-05 -0.5032479E-04 0.1149E-05  11.55    



 INPUT PARAMETERS FOR VEGAS:  NDIM=  6  NCALL=  963780608.
                              IT=    0  ITMX=   50
                              MDS= -1   ND=  28
   1     -0.3015589E-04 0.1565E-05 -0.3015589E-04 0.1565E-05  0.000    
   2     -0.3251872E-04 0.2384E-05 -0.3094464E-04 0.1328E-05 0.7037    
   3     -0.5069622E-04 0.2572E-05 -0.3905730E-04 0.1264E-05  29.76    
   4     -0.3875107E-04 0.1223E-04 -0.3905408E-04 0.1257E-05  19.87    
   5     -0.2591079E-04 0.1046E-05 -0.3391298E-04 0.9245E-06  28.80    
   6     -0.3128274E-04 0.1193E-05 -0.3311206E-04 0.7534E-06  24.65    
   7     -0.2603043E-04 0.1327E-05 -0.3208026E-04 0.6725E-06  24.32    
   8     -0.4189045E-04 0.1398E-05 -0.3456914E-04 0.5977E-06  26.98    
   9     -0.2719950E-04 0.6609E-06 -0.3218437E-04 0.4801E-06  31.20    
  10     -0.3869974E-04 0.4845E-05 -0.3226281E-04 0.4829E-06  27.32    
  11     -0.3137185E-04 0.1168E-05 -0.3215608E-04 0.4489E-06  25.09    
  12     -0.3449934E-04 0.5582E-05 -0.3217085E-04 0.4471E-06  22.86    
  13     -0.3160423E-04 0.4744E-05 -0.3216673E-04 0.4425E-06  21.24    
  14     -0.3179937E-04 0.3200E-05 -0.3216088E-04 0.4365E-06  19.83    
  15     -0.3143322E-04 0.1252E-05 -0.3209372E-04 0.4136E-06  18.63    
  16     -0.3674596E-04 0.5185E-05 -0.3212767E-04 0.4141E-06  17.28    
  17     -0.4637271E-04 0.1796E-05 -0.3338524E-04 0.4048E-06  21.69    
  18     -0.3876178E-04 0.8014E-05 -0.3340185E-04 0.4066E-06  20.20    
  19     -0.4367762E-04 0.1153E-04 -0.3342130E-04 0.4118E-06  18.63    
  20     -0.3879202E-04 0.1130E-04 -0.3342963E-04 0.4132E-06  17.52    
  21     -0.8510398E-04 0.5452E-04 -0.3344619E-04 0.4560E-06  13.87    
  22     -0.6452572E-04 0.1355E-04 -0.3353860E-04 0.4719E-06  12.90    
  23     -0.2712295E-04 0.9123E-06 -0.3287201E-04 0.4412E-06  13.52    
  24     -0.3140609E-04 0.1213E-05 -0.3276485E-04 0.4212E-06  13.19    
  25     -0.2934822E-04 0.6319E-06 -0.3211459E-04 0.3754E-06  13.42    
  26     -0.2742831E-04 0.1190E-05 -0.3190484E-04 0.3632E-06  13.43    
  27     -0.2875210E-04 0.9603E-06 -0.3168338E-04 0.3471E-06  13.35    
  28     -0.3526979E-04 0.9291E-06 -0.3204722E-04 0.3279E-06  13.35    
  29     -0.4387724E-04 0.2800E-05 -0.3224824E-04 0.3266E-06  13.54    
  30     -0.2697891E-04 0.9614E-06 -0.3197589E-04 0.3152E-06  13.78    
  31     -0.4782439E-04 0.4584E-05 -0.3208832E-04 0.3167E-06  13.70    
  32     -0.3869746E-04 0.3543E-05 -0.3213930E-04 0.3153E-06  13.37    
  33     -0.2867760E-04 0.7343E-06 -0.3182854E-04 0.2987E-06  13.48    
  34     -0.3965552E-04 0.2998E-05 -0.3190832E-04 0.2973E-06  13.27    
  35     -0.8623164E-04 0.1516E-04 -0.3201058E-04 0.3132E-06  13.25    
  36     -0.7919865E-04 0.3129E-05 -0.3370509E-04 0.3189E-06  33.63    
  37     -0.2759476E-04 0.1691E-05 -0.3361520E-04 0.3140E-06  33.37    
  38     -0.3830510E-04 0.1253E-05 -0.3384531E-04 0.3055E-06  32.92    
  39     -0.3080090E-04 0.6988E-06 -0.3356338E-04 0.2893E-06  32.68    
  40     -0.3250036E-04 0.1008E-05 -0.3351320E-04 0.2810E-06  32.18    
  41     -0.5201491E-04 0.1403E-04 -0.3352474E-04 0.2828E-06  31.02    
  42     -0.2763502E-04 0.1448E-05 -0.3342899E-04 0.2786E-06  30.86    
  43     -0.3144625E-04 0.1956E-05 -0.3340638E-04 0.2756E-06  30.44    
  44     -0.1717215E-03 0.2114E-04 -0.3380805E-04 0.3217E-06  34.20    
  45     -0.3092317E-04 0.1410E-05 -0.3374826E-04 0.3163E-06  33.91    
  46     -0.3094871E-04 0.3989E-05 -0.3374101E-04 0.3138E-06  33.59    
  47     -0.3556169E-04 0.1082E-05 -0.3382185E-04 0.3053E-06  33.21    
  48     -0.3144807E-04 0.9959E-06 -0.3372844E-04 0.2975E-06  32.94    
  49     -0.2729652E-04 0.1122E-05 -0.3358178E-04 0.2921E-06  32.92    
  50     -0.2893173E-04 0.6393E-06 -0.3324142E-04 0.2794E-06  33.04    
   
   
 [1;32mIntegral [real-dipole]:  -3.3241416405798483E-005 [0m+-   2.7941511887809981E-007
 with chisq    =   33.040944821151626     
  
  
  
 [1;32mFor xq =         1000 [0m
  
 RM48 INITIALIZED:        40           0         0



 INPUT PARAMETERS FOR VEGAS:  NDIM=  6  NCALL=   94091762.
                              IT=    0  ITMX=   25
                              MDS=  1   ND=  50
   1      0.1710905E-06 0.1907E-06  0.1710905E-06 0.1907E-06  0.000    
   2     -0.6812961E-06 0.1205E-06 -0.6603676E-06 0.8675E-07  2.312    
   3     -0.1913198E-04 0.1562E-04 -0.1468628E-05 0.1888E-05  2.005    
   4     -0.3659928E-05 0.8810E-06 -0.2202330E-05 0.1357E-05  1.913    
   5     -0.4046492E-05 0.4152E-06 -0.3397746E-05 0.7355E-06  2.078    
   6     -0.4063640E-05 0.4091E-06 -0.3665692E-05 0.5297E-06  1.991    
   7     -0.1083737E-04 0.5779E-05 -0.3767118E-05 0.5519E-06  1.899    
   8     -0.5764887E-05 0.1054E-05 -0.3981675E-05 0.5028E-06  1.967    
   9     -0.9638367E-05 0.1519E-05 -0.4695758E-05 0.4783E-06  3.591    
  10     -0.7603792E-05 0.6111E-06 -0.5646318E-05 0.3883E-06  4.631    
  11     -0.4124514E-05 0.3957E-06 -0.5362434E-05 0.3379E-06  4.786    
  12     -0.6690058E-05 0.4860E-06 -0.5688359E-05 0.2895E-06  4.827    
  13     -0.8464206E-05 0.3811E-06 -0.6770592E-05 0.2270E-06  7.351    
  14     -0.5484586E-05 0.8432E-06 -0.6728974E-05 0.2190E-06  7.140    
  15     -0.2507043E-03 0.2450E-03 -0.6924267E-05 0.1802E-05  1.145    
  16     -0.7776332E-05 0.2422E-05 -0.6930930E-05 0.1739E-05  1.139    
  17     -0.8823008E-05 0.2561E-05 -0.6947815E-05 0.1680E-05  1.134    
  18     -0.9713723E-05 0.1636E-05 -0.7019179E-05 0.1613E-05  1.133    
  19     -0.9326281E-05 0.9992E-06 -0.7157522E-05 0.1523E-05  1.135    
  20     -0.4961600E-05 0.6452E-06 -0.7071644E-05 0.1456E-05  1.136    
  21     -0.3690480E-05 0.3337E-06 -0.6818574E-05 0.1366E-05  1.154    
  22     -0.6122545E-05 0.7525E-06 -0.6791478E-05 0.1309E-05  1.151    
  23     -0.8919783E-05 0.1805E-05 -0.6821593E-05 0.1272E-05  1.149    
  24     -0.5310826E-05 0.1028E-05 -0.6798589E-05 0.1236E-05  1.147    
  25     -0.6875075E-05 0.8309E-06 -0.6801466E-05 0.1189E-05  1.144    



 INPUT PARAMETERS FOR VEGAS:  NDIM=  6  NCALL=  963780608.
                              IT=    0  ITMX=   50
                              MDS= -1   ND=  28
   1     -0.5377156E-05 0.4294E-06 -0.5377156E-05 0.4294E-06  0.000    
   2     -0.7335898E-05 0.1734E-05 -0.5577883E-05 0.4865E-06  1.491    
   3     -0.5558436E-05 0.2429E-06 -0.5563302E-05 0.2329E-06 0.8147    
   4     -0.6417413E-05 0.2724E-06 -0.5941508E-05 0.1757E-06  2.474    
   5     -0.5892282E-05 0.1629E-06 -0.5916363E-05 0.1216E-06  1.905    
   6     -0.7071661E-05 0.7384E-06 -0.5956289E-05 0.1227E-06  2.039    
   7     -0.8963601E-05 0.1708E-06 -0.7487450E-05 0.9194E-07  46.05    
   8     -0.1126603E-04 0.7394E-06 -0.7643025E-05 0.9952E-07  40.43    
   9     -0.3160169E-03 0.3108E-03 -0.7699572E-05 0.1406E-05  1.280    
  10     -0.4930385E-05 0.1671E-06 -0.7329409E-05 0.1241E-05  1.328    
  11     -0.7457498E-05 0.4841E-06 -0.7333915E-05 0.1163E-05  1.314    
  12     -0.4372709E-05 0.4450E-06 -0.7292141E-05 0.1106E-05  1.312    
  13     -0.5797929E-05 0.3277E-06 -0.7226800E-05 0.1039E-05  1.310    
  14     -0.5404895E-05 0.1823E-06 -0.7027583E-05 0.9451E-06  1.329    
  15     -0.5405601E-05 0.1295E-06 -0.6738546E-05 0.8278E-06  1.362    
  16     -0.5025300E-05 0.1513E-06 -0.6564938E-05 0.7599E-06  1.387    
  17     -0.4385152E-05 0.9622E-07 -0.6215533E-05 0.6756E-06  1.469    
  18     -0.5269948E-05 0.2350E-06 -0.6180199E-05 0.6443E-06  1.468    
  19     -0.5405117E-05 0.2954E-06 -0.6161382E-05 0.6195E-06  1.465    
  20     -0.9992640E-05 0.4469E-05 -0.6162770E-05 0.6040E-06  1.460    
  21     -0.5618494E-05 0.4350E-06 -0.6156268E-05 0.5860E-06  1.456    
  22     -0.6397031E-05 0.9150E-06 -0.6157108E-05 0.5717E-06  1.453    
  23     -0.8199979E-05 0.5668E-06 -0.6187161E-05 0.5552E-06  1.458    
  24     -0.5894597E-05 0.1879E-06 -0.6168225E-05 0.5257E-06  1.455    
  25     -0.4595292E-05 0.2527E-06 -0.6134765E-05 0.5096E-06  1.460    
  26     -0.9203530E-05 0.5039E-06 -0.6199263E-05 0.4947E-06  1.489    
  27     -0.7066160E-05 0.5303E-06 -0.6208852E-05 0.4828E-06  1.487    
  28     -0.5785976E-05 0.2638E-06 -0.6196547E-05 0.4673E-06  1.485    
  29     -0.5371477E-05 0.2516E-06 -0.6174418E-05 0.4530E-06  1.486    
  30     -0.8179698E-05 0.1152E-05 -0.6180352E-05 0.4449E-06  1.485    
  31     -0.5446934E-05 0.2635E-06 -0.6162415E-05 0.4323E-06  1.486    
  32     -0.9065120E-05 0.3962E-06 -0.6246904E-05 0.4194E-06  1.527    
  33     -0.4903330E-05 0.6923E-06 -0.6243167E-05 0.4125E-06  1.526    
  34     -0.2224305E-04 0.7836E-06 -0.6927299E-05 0.3986E-06  3.515    
  35     -0.6506104E-05 0.1504E-05 -0.6926882E-05 0.3927E-06  3.511    
  36     -0.1000753E-04 0.4727E-05 -0.6927613E-05 0.3874E-06  3.505    
  37     -0.3756435E-05 0.1192E-06 -0.6769040E-05 0.3725E-06  3.597    
  38     -0.4158581E-05 0.1366E-06 -0.6652577E-05 0.3593E-06  3.655    
  39     -0.5185408E-05 0.2929E-06 -0.6630790E-05 0.3520E-06  3.658    
  40     -0.4585298E-05 0.3133E-06 -0.6610232E-05 0.3459E-06  3.664    
  41     -0.5784643E-05 0.1253E-05 -0.6609407E-05 0.3415E-06  3.661    
  42     -0.4523736E-05 0.1878E-06 -0.6554198E-05 0.3330E-06  3.682    
  43     -0.4567369E-05 0.3218E-06 -0.6536107E-05 0.3276E-06  3.687    
  44     -0.6434273E-05 0.3840E-06 -0.6534831E-05 0.3219E-06  3.684    
  45     -0.6112207E-05 0.4526E-06 -0.6531419E-05 0.3171E-06  3.681    
  46     -0.5372527E-05 0.1888E-06 -0.6491293E-05 0.3082E-06  3.689    
  47     -0.1019028E-04 0.7538E-06 -0.6519968E-05 0.3039E-06  3.708    
  48     -0.5223346E-05 0.1886E-06 -0.6479127E-05 0.2959E-06  3.718    
  49     -0.5607010E-05 0.2326E-06 -0.6458789E-05 0.2895E-06  3.719    
  50     -0.4774210E-05 0.2613E-06 -0.6436530E-05 0.2847E-06  3.726    
   
   
 [1;32mIntegral [real-dipole]:  -6.4365304194622534E-006 [0m+-   2.8473696525866199E-007
 with chisq    =   3.7263056458694677     
  
  
  
 [1;32mFor xq =         1300 [0m
  
 RM48 INITIALIZED:        40           0         0



 INPUT PARAMETERS FOR VEGAS:  NDIM=  6  NCALL=   94091762.
                              IT=    0  ITMX=   25
                              MDS=  1   ND=  50
   1     -0.5995002E-09 0.8134E-07 -0.5995002E-09 0.8134E-07  0.000    
   2     -0.3403170E-06 0.5561E-07 -0.3403165E-06 0.3932E-07 0.1083E-03
   3     -0.8574682E-06 0.1394E-06 -0.6001576E-06 0.6139E-07  8.870    
   4     -0.1384300E-05 0.5172E-06 -0.6683027E-06 0.9161E-07  4.363    
   5     -0.9963506E-06 0.4649E-06 -0.6856122E-06 0.9296E-07  3.166    
   6     -0.1274815E-05 0.3295E-06 -0.7720641E-06 0.9381E-07  3.110    
   7     -0.1754866E-05 0.2893E-06 -0.1032625E-05 0.9334E-07  5.523    
   8     -0.7220892E-06 0.1904E-06 -0.1003458E-05 0.8563E-07  5.257    
   9     -0.1499186E-05 0.1267E-06 -0.1240175E-05 0.6525E-07  5.939    
  10     -0.2929285E-05 0.5546E-06 -0.1386936E-05 0.7856E-07  7.401    
  11     -0.3721012E-05 0.9517E-06 -0.1493015E-05 0.9538E-07  6.911    
  12     -0.1641099E-05 0.4467E-06 -0.1498727E-05 0.9305E-07  6.355    
  13     -0.1371376E-05 0.2403E-06 -0.1487880E-05 0.8770E-07  6.014    
  14     -0.1526763E-05 0.2176E-06 -0.1492316E-05 0.8193E-07  5.637    
  15     -0.3502948E-05 0.7368E-06 -0.1592357E-05 0.8806E-07  6.066    
  16     -0.9919406E-05 0.7764E-05 -0.1622174E-05 0.1440E-06  2.905    
  17     -0.2112193E-07 0.7706E-06 -0.1622171E-05 0.1397E-06  2.894    
  18     -0.1724179E-05 0.7597E-06 -0.1623311E-05 0.1363E-06  2.829    
  19     -0.2126583E-05 0.3180E-06 -0.1667812E-05 0.1285E-06  2.808    
  20     -0.2807239E-05 0.4370E-06 -0.1753767E-05 0.1234E-06  2.981    
  21     -0.9919409E-06 0.9898E-07 -0.1635607E-05 0.1110E-06  3.265    
  22     -0.1661858E-05 0.2581E-06 -0.1637187E-05 0.1060E-06  3.205    
  23     -0.4781244E-05 0.1697E-05 -0.1672989E-05 0.1098E-06  3.239    
  24     -0.1036560E-05 0.2226E-06 -0.1653789E-05 0.1061E-06  3.261    
  25     -0.1767228E-05 0.6536E-06 -0.1654931E-05 0.1043E-06  3.204    



 INPUT PARAMETERS FOR VEGAS:  NDIM=  6  NCALL=  963780608.
                              IT=    0  ITMX=   50
                              MDS= -1   ND=  28
   1     -0.1021775E-05 0.4412E-07 -0.1021775E-05 0.4412E-07  0.000    
   2     -0.3507479E-05 0.1687E-05 -0.1041641E-05 0.1111E-06  3.970    
   3     -0.1368047E-05 0.3141E-07 -0.1295630E-05 0.4562E-07  7.030    
   4     -0.1002332E-05 0.3769E-07 -0.1229672E-05 0.3591E-07  9.737    
   5     -0.2097943E-05 0.9632E-07 -0.1343488E-05 0.3376E-07  26.02    
   6     -0.1130980E-05 0.1289E-06 -0.1339063E-05 0.3143E-07  23.70    
   7     -0.1463520E-05 0.5024E-07 -0.1362303E-05 0.2749E-07  21.51    
   8     -0.1081375E-05 0.4558E-07 -0.1331346E-05 0.2484E-07  21.89    
   9     -0.1141794E-05 0.1317E-06 -0.1328598E-05 0.2384E-07  20.60    
  10     -0.1024638E-05 0.4137E-07 -0.1296422E-05 0.2181E-07  21.61    
  11     -0.9994641E-06 0.5800E-07 -0.1281948E-05 0.2065E-07  21.61    
  12     -0.1166028E-05 0.8742E-07 -0.1278659E-05 0.1994E-07  20.54    
  13     -0.1076995E-05 0.2333E-06 -0.1277976E-05 0.1949E-07  19.67    
  14     -0.1171126E-05 0.6130E-07 -0.1272119E-05 0.1866E-07  18.85    
  15     -0.3063279E-05 0.9267E-07 -0.1524642E-05 0.1897E-07  91.66    
  16     -0.1005456E-05 0.2490E-07 -0.1434422E-05 0.1690E-07  98.13    
  17     -0.1637751E-05 0.1891E-06 -0.1436035E-05 0.1683E-07  92.06    
  18     -0.1067095E-05 0.6548E-07 -0.1425954E-05 0.1633E-07  90.30    
  19     -0.1287385E-05 0.6124E-07 -0.1419928E-05 0.1582E-07  87.11    
  20     -0.1978711E-05 0.1337E-06 -0.1431716E-05 0.1586E-07  81.71    
  21     -0.1372675E-05 0.1030E-06 -0.1430723E-05 0.1562E-07  78.68    
  22     -0.1392785E-05 0.6329E-07 -0.1429060E-05 0.1519E-07  75.80    
  23     -0.1707354E-05 0.2365E-06 -0.1430367E-05 0.1520E-07  71.98    
  24     -0.1101426E-05 0.9382E-07 -0.1426331E-05 0.1494E-07  70.65    
  25     -0.2309534E-05 0.8425E-06 -0.1426922E-05 0.1527E-07  64.88    
  26     -0.9228189E-06 0.7411E-07 -0.1420063E-05 0.1497E-07  64.55    
  27     -0.1468360E-05 0.9526E-07 -0.1421050E-05 0.1477E-07  62.44    
  28     -0.1296402E-05 0.3774E-07 -0.1409569E-05 0.1399E-07  61.11    
  29     -0.1370246E-05 0.7356E-07 -0.1408532E-05 0.1374E-07  59.45    
  30     -0.1562763E-05 0.2977E-06 -0.1408855E-05 0.1373E-07  57.44    
  31     -0.9124068E-06 0.2793E-07 -0.1371682E-05 0.1306E-07  60.08    
  32     -0.1036924E-05 0.8051E-07 -0.1367831E-05 0.1287E-07  59.42    
  33     -0.1018187E-05 0.1435E-06 -0.1366614E-05 0.1274E-07  58.65    
  34     -0.1174807E-05 0.4645E-07 -0.1358495E-05 0.1239E-07  57.86    
  35     -0.1757210E-05 0.3733E-06 -0.1359079E-05 0.1244E-07  55.68    
  36     -0.1231808E-05 0.8049E-07 -0.1357139E-05 0.1228E-07  54.67    
Thanks for using LHAPDF 6.4.0. Please make sure to cite the paper:
  Eur.Phys.J. C75 (2015) 3, 132  (http://arxiv.org/abs/1412.7420)
  37     -0.1062840E-05 0.3676E-07 -0.1341955E-05 0.1188E-07  54.73    
  38     -0.1096516E-05 0.1423E-06 -0.1341059E-05 0.1178E-07  53.97    
  39     -0.1813722E-05 0.2201E-06 -0.1343024E-05 0.1183E-07  52.11    
  40     -0.1092437E-05 0.8571E-07 -0.1340556E-05 0.1170E-07  51.51    
  41     -0.1200058E-05 0.2031E-06 -0.1340259E-05 0.1163E-07  50.67    
  42     -0.9578344E-05 0.1805E-05 -0.1354268E-05 0.1624E-07  35.97    
  43     -0.3317929E-05 0.5809E-06 -0.1358130E-05 0.1651E-07  34.57    
  44     -0.1224090E-05 0.2671E-06 -0.1357960E-05 0.1638E-07  34.29    
  45     -0.1037588E-05 0.6346E-07 -0.1352886E-05 0.1611E-07  34.23    
  46     -0.1495420E-05 0.6011E-07 -0.1357928E-05 0.1574E-07  33.89    
  47     -0.4531891E-05 0.4074E-06 -0.1380218E-05 0.1629E-07  36.46    
  48     -0.9361781E-06 0.8715E-07 -0.1377329E-05 0.1610E-07  36.41    
  49     -0.7462451E-06 0.2746E-07 -0.1352106E-05 0.1563E-07  37.60    
  50     -0.1433684E-05 0.7265E-07 -0.1353790E-05 0.1539E-07  37.25    
   
   
 [1;32mIntegral [real-dipole]:  -1.3537897191422388E-006 [0m+-   1.5387525659669490E-008
 with chisq    =   37.250565819640443     
  
  
  
 [1;32m   xq         Integral [real-dipole]                 error[0m
    100     -0.154533961826977E+00      0.256779159095541E-03
    400     -0.317558953883370E-02      0.183329322682801E-05
    700     -0.332414164057985E-04      0.279415118878100E-06
   1000     -0.643653041946225E-05      0.284736965258662E-06
   1300     -0.135378971914224E-05      0.153875256596695E-07
