At line 45 of file filehandle.f (unit = 5, file = 'stdin')
Fortran runtime error: End of file

Error termination. Backtrace:
#0  0x78b1b0065984 in list_formatted_read_scalar
	at ../../../gcc-12.2.0/libgfortran/io/list_read.c:2308
#1  0x409823 in ???
#2  0x402f3c in ???
#3  0x4031c7 in ???
#4  0x78b1b0229d8f in __libc_start_call_main
	at ../sysdeps/nptl/libc_start_call_main.h:58
#5  0x78b1b0229e3f in __libc_start_main_impl
	at ../csu/libc-start.c:392
#6  0x4022b4 in ???
#7  0xffffffffffffffff in ???
 File  already exist  ../summary/run_12/PKplus.dat                                                                        
 All previous data for this run will be lost. Overwrite ?     [y/n]
LHAPDF 6.5.4 loading /home/niraj/1TB-Disc/Workspace-IITG/Packages/Install/LHAPDF-6.5.4/install/share/LHAPDF/MMHT2014nlo68cl/MMHT2014nlo68cl_0000.dat
MMHT2014nlo68cl PDF set, member #0, version 3; LHAPDF ID = 25100
 Writing your data in ../summary/run_13/PKplus.dat
   
   
 ~~~~~~~~~~~~~~~~~~~~~~~~~~~~~~~~~~~~~~~~~~~~
     Calculating P and K terms
 ~~~~~~~~~~~~~~~~~~~~~~~~~~~~~~~~~~~~~~~~~~~~
   
   
   
 ~~~~~~~~~~~~~~~~~~~~~~~~~~~~~~~~~~~~~~~~~~~~
     Calculating [+] distribution
 ~~~~~~~~~~~~~~~~~~~~~~~~~~~~~~~~~~~~~~~~~~~~
   
 ~~~~~~~~~~~~~~~~~~~~~~~~~~~~~~~~~~~~~~~~
Using Vegas points:                   1.E+08
         Iteration:                    5
 ~~~~~~~~~~~~~~~~~~~~~~~~~~~~~~~~~~~~~~~~
  
 [1;32mFor xq =          100 [0m
  
   
   
 ~~~~~~~~~~~~~~~~~~~~~~~~~~~~~~~~~~~~~~~~~~~~
     Calculating PlusA distribution
 ~~~~~~~~~~~~~~~~~~~~~~~~~~~~~~~~~~~~~~~~~~~~
   
 RM48 INITIALIZED:        40           0         0



 INPUT PARAMETERS FOR VEGAS:  NDIM=  4  NCALL=   99574272.
                              IT=    0  ITMX=    5
                              MDS= -1   ND=  42
   1      -172.0367      6.825      -172.0367      6.825      0.000    
   2      -182.4402      1.562      -181.9772      1.484      2.090    
   3      -184.9845     0.8191      -184.3268     0.7041      2.573    
   4      -184.8648     0.5465      -184.6694     0.4274      1.814    
   5      -183.2283     0.4433      -183.9671     0.3067      2.733    



 INPUT PARAMETERS FOR VEGAS:  NDIM=  4  NCALL=  933897762.
                              IT=    0  ITMX=   10
                              MDS= -1   ND=  49
   1      -184.1268     0.1268      -184.1268     0.1268      0.000    
   2      -184.1883     0.1268      -184.1576     0.8964E-01 0.1177    
   3      -183.9483     0.1267      -184.0878     0.7318E-01 0.9674    
   4      -184.0329     0.1267      -184.0741     0.6336E-01 0.6921    
   5      -184.1080     0.1267      -184.0809     0.5667E-01 0.5333    
   6      -184.0875     0.1267      -184.0820     0.5173E-01 0.4271    
   7      -184.1634     0.1268      -184.0936     0.4790E-01 0.4148    
   8      -184.2135     0.1267      -184.1086     0.4481E-01 0.4674    
   9      -184.1511     0.1268      -184.1133     0.4224E-01 0.4215    
  10      -183.9359     0.1267      -184.0956     0.4008E-01 0.5705    
   
   
 ~~~~~~~~~~~~~~~~~~~~~~~~~~~~~~~~~~~~~~~~~~~~
     Calculating PlusB distribution
 ~~~~~~~~~~~~~~~~~~~~~~~~~~~~~~~~~~~~~~~~~~~~
   
 RM48 INITIALIZED:        40           0         0



 INPUT PARAMETERS FOR VEGAS:  NDIM=  4  NCALL=   99574272.
                              IT=    0  ITMX=    5
                              MDS= -1   ND=  42
   1      -175.3837      6.880      -175.3837      6.880      0.000    
   2      -183.6667      1.589      -183.2827      1.517      1.318    
   3      -185.1253     0.8317      -184.7190     0.7197      1.209    
   4      -185.4016     0.5533      -185.1549     0.4350     0.9867    
   5      -184.0718     0.4480      -184.6244     0.3113      1.494    



 INPUT PARAMETERS FOR VEGAS:  NDIM=  4  NCALL=  933897762.
                              IT=    0  ITMX=   10
                              MDS= -1   ND=  49
   1      -184.6619     0.1282      -184.6619     0.1282      0.000    
   2      -184.7340     0.1281      -184.6980     0.9062E-01 0.1582    
   3      -184.5513     0.1281      -184.6491     0.7398E-01 0.5156    
   4      -184.3740     0.1280      -184.5804     0.6406E-01  1.496    
   5      -184.5935     0.1281      -184.5830     0.5729E-01  1.124    
   6      -184.5831     0.1281      -184.5831     0.5230E-01 0.8993    
   7      -184.6971     0.1282      -184.5993     0.4842E-01 0.8625    
   8      -184.5864     0.1281      -184.5977     0.4529E-01 0.7406    
   9      -184.5622     0.1281      -184.5938     0.4270E-01 0.6566    
  10      -184.4941     0.1280      -184.5838     0.4051E-01 0.6442    
   
   
 [1;32mIntegral Plus:  0.48819823609224500      [0m+-   0.0000000000000000     
 with chisq    =  0.64423945661017945     
  
  
  
 [1;32mFor xq =          200 [0m
  
   
   
 ~~~~~~~~~~~~~~~~~~~~~~~~~~~~~~~~~~~~~~~~~~~~
     Calculating PlusA distribution
 ~~~~~~~~~~~~~~~~~~~~~~~~~~~~~~~~~~~~~~~~~~~~
   
 RM48 INITIALIZED:        40           0         0



 INPUT PARAMETERS FOR VEGAS:  NDIM=  4  NCALL=   99574272.
                              IT=    0  ITMX=    5
                              MDS= -1   ND=  42
   1      -11.83650     0.3503      -11.83650     0.3503      0.000    
   2      -11.94734     0.8445E-01  -11.94136     0.8176E-01 0.9382E-01
   3      -12.04684     0.4929E-01  -12.01926     0.4199E-01 0.6558    
   4      -11.92109     0.3877E-01  -11.96635     0.2850E-01  1.420    
   5      -11.84835     0.3518E-01  -11.92003     0.2218E-01  2.756    



 INPUT PARAMETERS FOR VEGAS:  NDIM=  4  NCALL=  933897762.
                              IT=    0  ITMX=   10
                              MDS= -1   ND=  49
   1      -11.90895     0.1071E-01  -11.90895     0.1071E-01  0.000    
   2      -11.92114     0.1071E-01  -11.91505     0.7574E-02 0.6483    
   3      -11.94658     0.1072E-01  -11.92558     0.6186E-02  3.214    
   4      -11.91420     0.1071E-01  -11.92274     0.5357E-02  2.425    
   5      -11.92053     0.1071E-01  -11.92230     0.4791E-02  1.828    
   6      -11.92120     0.1072E-01  -11.92211     0.4374E-02  1.464    
   7      -11.92058     0.1072E-01  -11.92190     0.4050E-02  1.223    
   8      -11.92010     0.1072E-01  -11.92167     0.3788E-02  1.052    
   9      -11.92277     0.1072E-01  -11.92179     0.3572E-02 0.9215    
  10      -11.91721     0.1071E-01  -11.92134     0.3388E-02 0.8375    
   
   
 ~~~~~~~~~~~~~~~~~~~~~~~~~~~~~~~~~~~~~~~~~~~~
     Calculating PlusB distribution
 ~~~~~~~~~~~~~~~~~~~~~~~~~~~~~~~~~~~~~~~~~~~~
   
 RM48 INITIALIZED:        40           0         0



 INPUT PARAMETERS FOR VEGAS:  NDIM=  4  NCALL=   99574272.
                              IT=    0  ITMX=    5
                              MDS= -1   ND=  42
   1      -12.01427     0.3525      -12.01427     0.3525      0.000    
   2      -12.01172     0.8615E-01  -12.01186     0.8370E-01 0.4937E-04
   3      -11.96572     0.4980E-01  -11.97786     0.4287E-01 0.1123    
   4      -11.98331     0.3927E-01  -11.98082     0.2897E-01 0.7784E-01
   5      -11.91637     0.3558E-01  -11.95533     0.2249E-01 0.5493    



 INPUT PARAMETERS FOR VEGAS:  NDIM=  4  NCALL=  933897762.
                              IT=    0  ITMX=   10
                              MDS= -1   ND=  49
   1      -11.95377     0.1085E-01  -11.95377     0.1085E-01  0.000    
   2      -11.97987     0.1085E-01  -11.96685     0.7673E-02  2.892    
   3      -11.97706     0.1087E-01  -11.97025     0.6268E-02  1.740    
   4      -11.96850     0.1086E-01  -11.96982     0.5428E-02  1.166    
   5      -11.95738     0.1085E-01  -11.96733     0.4855E-02  1.137    
   6      -11.96303     0.1085E-01  -11.96662     0.4431E-02 0.9360    
   7      -11.95658     0.1084E-01  -11.96518     0.4102E-02 0.9023    
   8      -11.95772     0.1085E-01  -11.96425     0.3837E-02 0.8325    
   9      -11.94126     0.1084E-01  -11.96170     0.3617E-02  1.227    
  10      -11.94496     0.1085E-01  -11.96003     0.3431E-02  1.328    
   
   
 [1;32mIntegral Plus:   3.8693934661262475E-002 [0m+-   0.0000000000000000     
 with chisq    =   1.3282036461850375     
  
  
  
 [1;32mFor xq =          300 [0m
  
   
   
 ~~~~~~~~~~~~~~~~~~~~~~~~~~~~~~~~~~~~~~~~~~~~
     Calculating PlusA distribution
 ~~~~~~~~~~~~~~~~~~~~~~~~~~~~~~~~~~~~~~~~~~~~
   
 RM48 INITIALIZED:        40           0         0



 INPUT PARAMETERS FOR VEGAS:  NDIM=  4  NCALL=   99574272.
                              IT=    0  ITMX=    5
                              MDS= -1   ND=  42
   1      -2.156539     0.5609E-01  -2.156539     0.5609E-01  0.000    
   2      -2.221159     0.1454E-01  -2.217308     0.1390E-01  1.211    
   3      -2.234780     0.9328E-02  -2.229507     0.7689E-02  1.141    
   4      -2.218514     0.7967E-02  -2.224171     0.5524E-02  1.088    
   5      -2.230471     0.7501E-02  -2.226416     0.4441E-02 0.9282    



 INPUT PARAMETERS FOR VEGAS:  NDIM=  4  NCALL=  933897762.
                              IT=    0  ITMX=   10
                              MDS= -1   ND=  49
   1      -2.227998     0.2327E-02  -2.227998     0.2327E-02  0.000    
   2      -2.231841     0.2327E-02  -2.229923     0.1645E-02  1.363    
   3      -2.233256     0.2329E-02  -2.231035     0.1344E-02  1.365    
   4      -2.230085     0.2329E-02  -2.230797     0.1164E-02 0.9516    
   5      -2.227553     0.2326E-02  -2.230149     0.1041E-02  1.103    
   6      -2.229446     0.2328E-02  -2.230032     0.9502E-03 0.8974    
   7      -2.232817     0.2328E-02  -2.230430     0.8798E-03 0.9524    
   8      -2.234348     0.2328E-02  -2.230922     0.8229E-03  1.171    
   9      -2.236103     0.2329E-02  -2.231499     0.7759E-03  1.576    
  10      -2.235789     0.2330E-02  -2.231929     0.7362E-03  1.740    
   
   
 ~~~~~~~~~~~~~~~~~~~~~~~~~~~~~~~~~~~~~~~~~~~~
     Calculating PlusB distribution
 ~~~~~~~~~~~~~~~~~~~~~~~~~~~~~~~~~~~~~~~~~~~~
   
 RM48 INITIALIZED:        40           0         0



 INPUT PARAMETERS FOR VEGAS:  NDIM=  4  NCALL=   99574272.
                              IT=    0  ITMX=    5
                              MDS= -1   ND=  42
   1      -2.219265     0.5681E-01  -2.219265     0.5681E-01  0.000    
   2      -2.242383     0.1484E-01  -2.240935     0.1429E-01 0.1536    
   3      -2.237834     0.9439E-02  -2.238772     0.7867E-02 0.9304E-01
   4      -2.229766     0.8085E-02  -2.234398     0.5640E-02 0.2744    
   5      -2.241870     0.7589E-02  -2.237071     0.4524E-02 0.3621    



 INPUT PARAMETERS FOR VEGAS:  NDIM=  4  NCALL=  933897762.
                              IT=    0  ITMX=   10
                              MDS= -1   ND=  49
   1      -2.241523     0.2353E-02  -2.241523     0.2353E-02  0.000    
   2      -2.239634     0.2353E-02  -2.240579     0.1664E-02 0.3219    
   3      -2.239765     0.2354E-02  -2.240308     0.1359E-02 0.2009    
   4      -2.242338     0.2355E-02  -2.240816     0.1177E-02 0.3199    
   5      -2.240776     0.2353E-02  -2.240808     0.1053E-02 0.2400    
   6      -2.238274     0.2353E-02  -2.240386     0.9608E-03 0.3851    
   7      -2.242555     0.2354E-02  -2.240696     0.8896E-03 0.4423    
   8      -2.238871     0.2354E-02  -2.240469     0.8322E-03 0.4543    
   9      -2.241775     0.2354E-02  -2.240614     0.7846E-03 0.4317    
  10      -2.241472     0.2355E-02  -2.240700     0.7444E-03 0.3970    
   
   
 [1;32mIntegral Plus:   8.7711033976818342E-003 [0m+-   0.0000000000000000     
 with chisq    =  0.39697025620879645     
  
  
  
 [1;32mFor xq =          400 [0m
  
   
   
 ~~~~~~~~~~~~~~~~~~~~~~~~~~~~~~~~~~~~~~~~~~~~
     Calculating PlusA distribution
 ~~~~~~~~~~~~~~~~~~~~~~~~~~~~~~~~~~~~~~~~~~~~
   
 RM48 INITIALIZED:        40           0         0



 INPUT PARAMETERS FOR VEGAS:  NDIM=  4  NCALL=   99574272.
                              IT=    0  ITMX=    5
                              MDS= -1   ND=  42
   1     -0.6549386     0.1521E-01 -0.6549386     0.1521E-01  0.000    
   2     -0.6574587     0.4131E-02 -0.6572868     0.3980E-02 0.2548E-01
   3     -0.6527483     0.2851E-02 -0.6542980     0.2321E-02 0.4425    
   4     -0.6544332     0.2530E-02 -0.6543598     0.1711E-02 0.2957    
   5     -0.6526389     0.2411E-02 -0.6537861     0.1396E-02 0.3065    



 INPUT PARAMETERS FOR VEGAS:  NDIM=  4  NCALL=  933897762.
                              IT=    0  ITMX=   10
                              MDS= -1   ND=  49
   1     -0.6544604     0.7542E-03 -0.6544604     0.7542E-03  0.000    
   2     -0.6535852     0.7537E-03 -0.6540231     0.5331E-03 0.6736    
   3     -0.6539903     0.7538E-03 -0.6540122     0.4353E-03 0.3375    
   4     -0.6524351     0.7532E-03 -0.6536188     0.3769E-03  1.318    
   5     -0.6527197     0.7533E-03 -0.6534392     0.3370E-03  1.273    
   6     -0.6521934     0.7531E-03 -0.6532320     0.3076E-03  1.474    
   7     -0.6527380     0.7533E-03 -0.6531615     0.2848E-03  1.290    
   8     -0.6537209     0.7541E-03 -0.6532314     0.2664E-03  1.175    
   9     -0.6540273     0.7541E-03 -0.6533199     0.2512E-03  1.151    
  10     -0.6546993     0.7540E-03 -0.6534582     0.2383E-03  1.359    
   
   
 ~~~~~~~~~~~~~~~~~~~~~~~~~~~~~~~~~~~~~~~~~~~~
     Calculating PlusB distribution
 ~~~~~~~~~~~~~~~~~~~~~~~~~~~~~~~~~~~~~~~~~~~~
   
 RM48 INITIALIZED:        40           0         0



 INPUT PARAMETERS FOR VEGAS:  NDIM=  4  NCALL=   99574272.
                              IT=    0  ITMX=    5
                              MDS= -1   ND=  42
   1     -0.6552372     0.1525E-01 -0.6552372     0.1525E-01  0.000    
   2     -0.6631897     0.4203E-02 -0.6626408     0.4031E-02 0.2501    
   3     -0.6605619     0.2898E-02 -0.6612683     0.2351E-02 0.2125    
   4     -0.6560986     0.2554E-02 -0.6589102     0.1732E-02 0.8790    
   5     -0.6557881     0.2438E-02 -0.6578697     0.1413E-02 0.9317    



 INPUT PARAMETERS FOR VEGAS:  NDIM=  4  NCALL=  933897762.
                              IT=    0  ITMX=   10
                              MDS= -1   ND=  49
   1     -0.6566069     0.7619E-03 -0.6566069     0.7619E-03  0.000    
   2     -0.6569943     0.7627E-03 -0.6568005     0.5390E-03 0.1292    
   3     -0.6564255     0.7620E-03 -0.6566755     0.4401E-03 0.1453    
   4     -0.6580944     0.7634E-03 -0.6570306     0.3813E-03 0.9629    
   5     -0.6569872     0.7625E-03 -0.6570219     0.3410E-03 0.7228    
   6     -0.6557246     0.7620E-03 -0.6568061     0.3113E-03  1.060    
   7     -0.6556490     0.7620E-03 -0.6566412     0.2881E-03  1.213    
   8     -0.6568377     0.7632E-03 -0.6566657     0.2696E-03  1.048    
   9     -0.6554612     0.7615E-03 -0.6565320     0.2541E-03  1.194    
  10     -0.6566199     0.7624E-03 -0.6565408     0.2411E-03  1.063    
   
   
 [1;32mIntegral Plus:   3.0825430869505510E-003 [0m+-   0.0000000000000000     
 with chisq    =   1.0627743309233368     
  
  
  
 [1;32mFor xq =          500 [0m
  
   
   
 ~~~~~~~~~~~~~~~~~~~~~~~~~~~~~~~~~~~~~~~~~~~~
     Calculating PlusA distribution
 ~~~~~~~~~~~~~~~~~~~~~~~~~~~~~~~~~~~~~~~~~~~~
   
 RM48 INITIALIZED:        40           0         0



 INPUT PARAMETERS FOR VEGAS:  NDIM=  4  NCALL=   99574272.
                              IT=    0  ITMX=    5
                              MDS= -1   ND=  42
   1     -0.2404220     0.5250E-02 -0.2404220     0.5250E-02  0.000    
   2     -0.2470804     0.1505E-02 -0.2465996     0.1430E-02  1.452    
   3     -0.2435401     0.1107E-02 -0.2446869     0.8755E-03  2.157    
   4     -0.2452368     0.1002E-02 -0.2449266     0.6586E-03  1.491    
   5     -0.2471614     0.9686E-03 -0.2456453     0.5438E-03  2.033    



 INPUT PARAMETERS FOR VEGAS:  NDIM=  4  NCALL=  933897762.
                              IT=    0  ITMX=   10
                              MDS= -1   ND=  49
   1     -0.2455639     0.3046E-03 -0.2455639     0.3046E-03  0.000    
   2     -0.2456777     0.3047E-03 -0.2456208     0.2154E-03 0.6989E-01
   3     -0.2452846     0.3045E-03 -0.2455089     0.1758E-03 0.4409    
   4     -0.2451802     0.3045E-03 -0.2454268     0.1523E-03 0.5850    
   5     -0.2455427     0.3047E-03 -0.2454500     0.1362E-03 0.4676    
   6     -0.2456665     0.3046E-03 -0.2454862     0.1243E-03 0.4583    
   7     -0.2457021     0.3048E-03 -0.2455170     0.1151E-03 0.4536    
   8     -0.2453242     0.3044E-03 -0.2454929     0.1077E-03 0.4390    
   9     -0.2457083     0.3047E-03 -0.2455169     0.1015E-03 0.4396    
  10     -0.2454788     0.3043E-03 -0.2455131     0.9632E-04 0.3923    
   
   
 ~~~~~~~~~~~~~~~~~~~~~~~~~~~~~~~~~~~~~~~~~~~~
     Calculating PlusB distribution
 ~~~~~~~~~~~~~~~~~~~~~~~~~~~~~~~~~~~~~~~~~~~~
   
 RM48 INITIALIZED:        40           0         0



 INPUT PARAMETERS FOR VEGAS:  NDIM=  4  NCALL=   99574272.
                              IT=    0  ITMX=    5
                              MDS= -1   ND=  42
   1     -0.2432046     0.5275E-02 -0.2432046     0.5275E-02  0.000    
   2     -0.2468953     0.1533E-02 -0.2466157     0.1463E-02 0.4456    
   3     -0.2464140     0.1126E-02 -0.2464885     0.8911E-03 0.2280    
   4     -0.2456698     0.1017E-02 -0.2461327     0.6702E-03 0.2741    
   5     -0.2477255     0.9805E-03 -0.2466461     0.5527E-03 0.6583    



 INPUT PARAMETERS FOR VEGAS:  NDIM=  4  NCALL=  933897762.
                              IT=    0  ITMX=   10
                              MDS= -1   ND=  49
   1     -0.2473522     0.3085E-03 -0.2473522     0.3085E-03  0.000    
   2     -0.2461925     0.3078E-03 -0.2467738     0.2179E-03  7.082    
   3     -0.2467786     0.3079E-03 -0.2467754     0.1779E-03  3.541    
   4     -0.2464535     0.3078E-03 -0.2466950     0.1540E-03  2.635    
   5     -0.2465471     0.3079E-03 -0.2466654     0.1377E-03  2.023    
   6     -0.2465487     0.3079E-03 -0.2466460     0.1257E-03  1.643    
   7     -0.2467818     0.3081E-03 -0.2466654     0.1164E-03  1.396    
   8     -0.2468662     0.3081E-03 -0.2466905     0.1089E-03  1.250    
   9     -0.2464919     0.3079E-03 -0.2466684     0.1027E-03  1.140    
  10     -0.2465712     0.3080E-03 -0.2466587     0.9740E-04  1.023    
   
   
 [1;32mIntegral Plus:   1.1456711605793701E-003 [0m+-   0.0000000000000000     
 with chisq    =   1.0233236857056434     
  
  
  
 [1;32mFor xq =          600 [0m
  
   
   
 ~~~~~~~~~~~~~~~~~~~~~~~~~~~~~~~~~~~~~~~~~~~~
     Calculating PlusA distribution
 ~~~~~~~~~~~~~~~~~~~~~~~~~~~~~~~~~~~~~~~~~~~~
   
 RM48 INITIALIZED:        40           0         0



 INPUT PARAMETERS FOR VEGAS:  NDIM=  4  NCALL=   99574272.
                              IT=    0  ITMX=    5
                              MDS= -1   ND=  42
   1     -0.1118570     0.2269E-02 -0.1118570     0.2269E-02  0.000    
   2     -0.1087800     0.6610E-03 -0.1090334     0.6422E-03  1.735    
   3     -0.1080257     0.5058E-03 -0.1084216     0.3998E-03  1.637    
   4     -0.1076945     0.4623E-03 -0.1081166     0.3033E-03  1.567    
   5     -0.1073659     0.4474E-03 -0.1078854     0.2515E-03  1.658    



 INPUT PARAMETERS FOR VEGAS:  NDIM=  4  NCALL=  933897762.
                              IT=    0  ITMX=   10
                              MDS= -1   ND=  49
   1     -0.1080795     0.1418E-03 -0.1080795     0.1418E-03  0.000    
   2     -0.1082320     0.1419E-03 -0.1081558     0.1003E-03 0.5784    
   3     -0.1080101     0.1419E-03 -0.1081073     0.8190E-04 0.6410    
   4     -0.1080771     0.1418E-03 -0.1080998     0.7092E-04 0.4387    
   5     -0.1077328     0.1416E-03 -0.1080266     0.6342E-04  1.667    
   6     -0.1079344     0.1418E-03 -0.1080113     0.5789E-04  1.404    
   7     -0.1078680     0.1418E-03 -0.1079908     0.5360E-04  1.316    
   8     -0.1079716     0.1418E-03 -0.1079884     0.5014E-04  1.130    
   9     -0.1081172     0.1419E-03 -0.1080027     0.4728E-04  1.080    
  10     -0.1079478     0.1418E-03 -0.1079972     0.4485E-04 0.9755    
   
   
 ~~~~~~~~~~~~~~~~~~~~~~~~~~~~~~~~~~~~~~~~~~~~
     Calculating PlusB distribution
 ~~~~~~~~~~~~~~~~~~~~~~~~~~~~~~~~~~~~~~~~~~~~
   
 RM48 INITIALIZED:        40           0         0



 INPUT PARAMETERS FOR VEGAS:  NDIM=  4  NCALL=   99574272.
                              IT=    0  ITMX=    5
                              MDS= -1   ND=  42
   1     -0.1104637     0.2267E-02 -0.1104637     0.2267E-02  0.000    
   2     -0.1089965     0.6698E-03 -0.1091172     0.6460E-03 0.3894    
   3     -0.1080817     0.5125E-03 -0.1084891     0.4032E-03 0.9838    
   4     -0.1091216     0.4706E-03 -0.1087567     0.3062E-03  1.003    
   5     -0.1087666     0.4552E-03 -0.1087597     0.2542E-03 0.7535    



 INPUT PARAMETERS FOR VEGAS:  NDIM=  4  NCALL=  933897762.
                              IT=    0  ITMX=   10
                              MDS= -1   ND=  49
   1     -0.1086660     0.1440E-03 -0.1086660     0.1440E-03  0.000    
   2     -0.1084963     0.1439E-03 -0.1085812     0.1018E-03 0.6948    
   3     -0.1083775     0.1438E-03 -0.1085133     0.8308E-04  1.016    
   4     -0.1087645     0.1441E-03 -0.1085762     0.7197E-04  1.438    
   5     -0.1083738     0.1437E-03 -0.1085358     0.6436E-04  1.475    
   6     -0.1083956     0.1439E-03 -0.1085125     0.5875E-04  1.338    
   7     -0.1087026     0.1440E-03 -0.1085397     0.5440E-04  1.364    
   8     -0.1083925     0.1439E-03 -0.1085213     0.5088E-04  1.300    
   9     -0.1085633     0.1440E-03 -0.1085260     0.4798E-04  1.147    
  10     -0.1084417     0.1439E-03 -0.1085176     0.4551E-04  1.054    
   
   
 [1;32mIntegral Plus:   5.2031078234558714E-004 [0m+-   0.0000000000000000     
 with chisq    =   1.0541540716363393     
  
  
  
 [1;32mFor xq =          700 [0m
  
   
   
 ~~~~~~~~~~~~~~~~~~~~~~~~~~~~~~~~~~~~~~~~~~~~
     Calculating PlusA distribution
 ~~~~~~~~~~~~~~~~~~~~~~~~~~~~~~~~~~~~~~~~~~~~
   
 RM48 INITIALIZED:        40           0         0



 INPUT PARAMETERS FOR VEGAS:  NDIM=  4  NCALL=   99574272.
                              IT=    0  ITMX=    5
                              MDS= -1   ND=  42
   1     -0.5262169E-01 0.1043E-02 -0.5262169E-01 0.1043E-02  0.000    
   2     -0.5311906E-01 0.3244E-03 -0.5307591E-01 0.3086E-03 0.2058    
   3     -0.5273752E-01 0.2537E-03 -0.5287443E-01 0.1961E-03 0.4617    
   4     -0.5292813E-01 0.2368E-03 -0.5289633E-01 0.1510E-03 0.3177    
   5     -0.5288845E-01 0.2299E-03 -0.5289395E-01 0.1262E-03 0.2384    



 INPUT PARAMETERS FOR VEGAS:  NDIM=  4  NCALL=  933897762.
                              IT=    0  ITMX=   10
                              MDS= -1   ND=  49
   1     -0.5282559E-01 0.7295E-04 -0.5282559E-01 0.7295E-04  0.000    
   2     -0.5304938E-01 0.7311E-04 -0.5293772E-01 0.5164E-04  4.695    
   3     -0.5298879E-01 0.7306E-04 -0.5295475E-01 0.4217E-04  2.509    
   4     -0.5299460E-01 0.7310E-04 -0.5296471E-01 0.3653E-04  1.747    
   5     -0.5299887E-01 0.7303E-04 -0.5297156E-01 0.3267E-04  1.353    
   6     -0.5289362E-01 0.7305E-04 -0.5295860E-01 0.2982E-04  1.273    
   7     -0.5285011E-01 0.7299E-04 -0.5294313E-01 0.2761E-04  1.376    
   8     -0.5295226E-01 0.7304E-04 -0.5294427E-01 0.2582E-04  1.181    
   9     -0.5297741E-01 0.7304E-04 -0.5294796E-01 0.2435E-04  1.056    
  10     -0.5297304E-01 0.7303E-04 -0.5295047E-01 0.2310E-04 0.9506    
   
   
 ~~~~~~~~~~~~~~~~~~~~~~~~~~~~~~~~~~~~~~~~~~~~
     Calculating PlusB distribution
 ~~~~~~~~~~~~~~~~~~~~~~~~~~~~~~~~~~~~~~~~~~~~
   
 RM48 INITIALIZED:        40           0         0



 INPUT PARAMETERS FOR VEGAS:  NDIM=  4  NCALL=   99574272.
                              IT=    0  ITMX=    5
                              MDS= -1   ND=  42
   1     -0.5370418E-01 0.1051E-02 -0.5370418E-01 0.1051E-02  0.000    
   2     -0.5321946E-01 0.3291E-03 -0.5326344E-01 0.3153E-03 0.1950    
   3     -0.5334985E-01 0.2587E-03 -0.5331499E-01 0.2001E-03 0.1201    
   4     -0.5333081E-01 0.2400E-03 -0.5332147E-01 0.1537E-03 0.8097E-01
   5     -0.5347567E-01 0.2331E-03 -0.5336829E-01 0.1283E-03 0.1370    



 INPUT PARAMETERS FOR VEGAS:  NDIM=  4  NCALL=  933897762.
                              IT=    0  ITMX=   10
                              MDS= -1   ND=  49
   1     -0.5326203E-01 0.7412E-04 -0.5326203E-01 0.7412E-04  0.000    
   2     -0.5324187E-01 0.7408E-04 -0.5325195E-01 0.5240E-04 0.3702E-01
   3     -0.5320238E-01 0.7409E-04 -0.5323544E-01 0.4278E-04 0.1676    
   4     -0.5327647E-01 0.7403E-04 -0.5324572E-01 0.3704E-04 0.1885    
   5     -0.5324698E-01 0.7407E-04 -0.5324598E-01 0.3313E-04 0.1414    
   6     -0.5319054E-01 0.7407E-04 -0.5323675E-01 0.3024E-04 0.2064    
   7     -0.5337287E-01 0.7420E-04 -0.5325622E-01 0.2800E-04 0.6546    
   8     -0.5324164E-01 0.7403E-04 -0.5325440E-01 0.2619E-04 0.5660    
   9     -0.5312240E-01 0.7398E-04 -0.5323976E-01 0.2469E-04 0.8478    
  10     -0.5321868E-01 0.7402E-04 -0.5323765E-01 0.2342E-04 0.7618    
   
   
 [1;32mIntegral Plus:   2.8718022952645833E-004 [0m+-   0.0000000000000000     
 with chisq    =  0.76178766702186451     
  
  
  
 [1;32mFor xq =          800 [0m
  
   
   
 ~~~~~~~~~~~~~~~~~~~~~~~~~~~~~~~~~~~~~~~~~~~~
     Calculating PlusA distribution
 ~~~~~~~~~~~~~~~~~~~~~~~~~~~~~~~~~~~~~~~~~~~~
   
 RM48 INITIALIZED:        40           0         0



 INPUT PARAMETERS FOR VEGAS:  NDIM=  4  NCALL=   99574272.
                              IT=    0  ITMX=    5
                              MDS= -1   ND=  42
   1     -0.2844209E-01 0.5434E-03 -0.2844209E-01 0.5434E-03  0.000    
   2     -0.2813491E-01 0.1737E-03 -0.2816396E-01 0.1662E-03 0.2924    
   3     -0.2832056E-01 0.1389E-03 -0.2825627E-01 0.1065E-03 0.4076    
   4     -0.2817836E-01 0.1298E-03 -0.2822507E-01 0.8240E-04 0.3438    
   5     -0.2822829E-01 0.1271E-03 -0.2822602E-01 0.6914E-04 0.2581    



 INPUT PARAMETERS FOR VEGAS:  NDIM=  4  NCALL=  933897762.
                              IT=    0  ITMX=   10
                              MDS= -1   ND=  49
   1     -0.2816744E-01 0.4037E-04 -0.2816744E-01 0.4037E-04  0.000    
   2     -0.2815967E-01 0.4037E-04 -0.2816355E-01 0.2855E-04 0.1850E-01
   3     -0.2821605E-01 0.4039E-04 -0.2818109E-01 0.2331E-04 0.5733    
   4     -0.2817165E-01 0.4037E-04 -0.2817873E-01 0.2019E-04 0.3959    
   5     -0.2809351E-01 0.4031E-04 -0.2816172E-01 0.1805E-04  1.187    
   6     -0.2815882E-01 0.4040E-04 -0.2816124E-01 0.1648E-04 0.9508    
   7     -0.2814933E-01 0.4036E-04 -0.2815954E-01 0.1526E-04 0.8048    
   8     -0.2809412E-01 0.4031E-04 -0.2815137E-01 0.1427E-04  1.018    
   9     -0.2817975E-01 0.4039E-04 -0.2815453E-01 0.1345E-04 0.9456    
  10     -0.2812245E-01 0.4035E-04 -0.2815132E-01 0.1276E-04 0.9038    
   
   
 ~~~~~~~~~~~~~~~~~~~~~~~~~~~~~~~~~~~~~~~~~~~~
     Calculating PlusB distribution
 ~~~~~~~~~~~~~~~~~~~~~~~~~~~~~~~~~~~~~~~~~~~~
   
 RM48 INITIALIZED:        40           0         0



 INPUT PARAMETERS FOR VEGAS:  NDIM=  4  NCALL=   99574272.
                              IT=    0  ITMX=    5
                              MDS= -1   ND=  42
   1     -0.2901509E-01 0.5498E-03 -0.2901509E-01 0.5498E-03  0.000    
   2     -0.2840882E-01 0.1768E-03 -0.2846783E-01 0.1697E-03  1.121    
   3     -0.2835410E-01 0.1410E-03 -0.2840124E-01 0.1088E-03 0.6977    
   4     -0.2851208E-01 0.1320E-03 -0.2844592E-01 0.8401E-04 0.6054    
   5     -0.2856520E-01 0.1290E-03 -0.2848142E-01 0.7040E-04 0.6041    



 INPUT PARAMETERS FOR VEGAS:  NDIM=  4  NCALL=  933897762.
                              IT=    0  ITMX=   10
                              MDS= -1   ND=  49
   1     -0.2836642E-01 0.4100E-04 -0.2836642E-01 0.4100E-04  0.000    
   2     -0.2833188E-01 0.4100E-04 -0.2834917E-01 0.2899E-04 0.3549    
   3     -0.2839902E-01 0.4101E-04 -0.2836582E-01 0.2367E-04 0.6705    
   4     -0.2834181E-01 0.4099E-04 -0.2835983E-01 0.2050E-04 0.5329    
   5     -0.2830726E-01 0.4099E-04 -0.2834934E-01 0.1833E-04 0.7282    
   6     -0.2833135E-01 0.4097E-04 -0.2834634E-01 0.1674E-04 0.6147    
   7     -0.2829946E-01 0.4094E-04 -0.2833965E-01 0.1549E-04 0.6993    
   8     -0.2834587E-01 0.4094E-04 -0.2834043E-01 0.1449E-04 0.6023    
   9     -0.2836273E-01 0.4101E-04 -0.2834291E-01 0.1366E-04 0.5598    
  10     -0.2841297E-01 0.4102E-04 -0.2834993E-01 0.1296E-04 0.7903    
   
   
 [1;32mIntegral Plus:   1.9860808665383978E-004 [0m+-   0.0000000000000000     
 with chisq    =  0.79029201601454524     
  
  
  
 [1;32mFor xq =          900 [0m
  
   
   
 ~~~~~~~~~~~~~~~~~~~~~~~~~~~~~~~~~~~~~~~~~~~~
     Calculating PlusA distribution
 ~~~~~~~~~~~~~~~~~~~~~~~~~~~~~~~~~~~~~~~~~~~~
   
 RM48 INITIALIZED:        40           0         0



 INPUT PARAMETERS FOR VEGAS:  NDIM=  4  NCALL=   99574272.
                              IT=    0  ITMX=    5
                              MDS= -1   ND=  42
   1     -0.1543932E-01 0.2907E-03 -0.1543932E-01 0.2907E-03  0.000    
   2     -0.1588170E-01 0.9907E-04 -0.1583794E-01 0.9274E-04  2.028    
   3     -0.1605496E-01 0.8028E-04 -0.1596462E-01 0.6034E-04  2.569    
   4     -0.1591363E-01 0.7560E-04 -0.1594459E-01 0.4711E-04  1.799    
   5     -0.1576564E-01 0.7336E-04 -0.1589262E-01 0.3965E-04  2.401    



 INPUT PARAMETERS FOR VEGAS:  NDIM=  4  NCALL=  933897762.
                              IT=    0  ITMX=   10
                              MDS= -1   ND=  49
   1     -0.1590092E-01 0.2361E-04 -0.1590092E-01 0.2361E-04  0.000    
   2     -0.1592624E-01 0.2363E-04 -0.1591360E-01 0.1670E-04 0.5745    
   3     -0.1595819E-01 0.2365E-04 -0.1592849E-01 0.1364E-04  1.475    
   4     -0.1589759E-01 0.2360E-04 -0.1592077E-01 0.1181E-04  1.412    
   5     -0.1589348E-01 0.2359E-04 -0.1591531E-01 0.1056E-04  1.327    
   6     -0.1593901E-01 0.2364E-04 -0.1591926E-01 0.9643E-05  1.229    
   7     -0.1587255E-01 0.2356E-04 -0.1591260E-01 0.8925E-05  1.583    
   8     -0.1591165E-01 0.2362E-04 -0.1591248E-01 0.8349E-05  1.357    
   9     -0.1591500E-01 0.2361E-04 -0.1591276E-01 0.7871E-05  1.189    
  10     -0.1592300E-01 0.2362E-04 -0.1591378E-01 0.7467E-05  1.076    
   
   
 ~~~~~~~~~~~~~~~~~~~~~~~~~~~~~~~~~~~~~~~~~~~~
     Calculating PlusB distribution
 ~~~~~~~~~~~~~~~~~~~~~~~~~~~~~~~~~~~~~~~~~~~~
   
 RM48 INITIALIZED:        40           0         0



 INPUT PARAMETERS FOR VEGAS:  NDIM=  4  NCALL=   99574272.
                              IT=    0  ITMX=    5
                              MDS= -1   ND=  42
   1     -0.1567770E-01 0.2930E-03 -0.1567770E-01 0.2930E-03  0.000    
   2     -0.1612981E-01 0.1013E-03 -0.1608396E-01 0.9466E-04  2.079    
   3     -0.1604512E-01 0.8144E-04 -0.1606148E-01 0.6160E-04  1.082    
   4     -0.1600996E-01 0.7661E-04 -0.1604116E-01 0.4798E-04 0.8117    
   5     -0.1601722E-01 0.7478E-04 -0.1603414E-01 0.4037E-04 0.6262    



 INPUT PARAMETERS FOR VEGAS:  NDIM=  4  NCALL=  933897762.
                              IT=    0  ITMX=   10
                              MDS= -1   ND=  49
   1     -0.1600853E-01 0.2391E-04 -0.1600853E-01 0.2391E-04  0.000    
   2     -0.1604643E-01 0.2395E-04 -0.1602750E-01 0.1692E-04  1.254    
   3     -0.1606513E-01 0.2397E-04 -0.1604006E-01 0.1382E-04  1.450    
   4     -0.1605654E-01 0.2397E-04 -0.1604418E-01 0.1198E-04  1.085    
   5     -0.1604253E-01 0.2395E-04 -0.1604385E-01 0.1071E-04 0.8144    
   6     -0.1604363E-01 0.2395E-04 -0.1604381E-01 0.9778E-05 0.6515    
   7     -0.1604487E-01 0.2394E-04 -0.1604396E-01 0.9052E-05 0.5432    
   8     -0.1601318E-01 0.2392E-04 -0.1604012E-01 0.8466E-05 0.6721    
   9     -0.1602190E-01 0.2394E-04 -0.1603810E-01 0.7981E-05 0.6525    
  10     -0.1605941E-01 0.2395E-04 -0.1604023E-01 0.7572E-05 0.6591    
   
   
 [1;32mIntegral Plus:   1.2645042470538909E-004 [0m+-   0.0000000000000000     
 with chisq    =  0.65914113997933665     
  
  
  
 [1;32mFor xq =         1000 [0m
  
   
   
 ~~~~~~~~~~~~~~~~~~~~~~~~~~~~~~~~~~~~~~~~~~~~
     Calculating PlusA distribution
 ~~~~~~~~~~~~~~~~~~~~~~~~~~~~~~~~~~~~~~~~~~~~
   
 RM48 INITIALIZED:        40           0         0



 INPUT PARAMETERS FOR VEGAS:  NDIM=  4  NCALL=   99574272.
                              IT=    0  ITMX=    5
                              MDS= -1   ND=  42
   1     -0.9042517E-02 0.1646E-03 -0.9042517E-02 0.1646E-03  0.000    
   2     -0.9390879E-02 0.5977E-04 -0.9352948E-02 0.5538E-04  3.839    
   3     -0.9388557E-02 0.4822E-04 -0.9373524E-02 0.3621E-04  2.014    
   4     -0.9384397E-02 0.4578E-04 -0.9377769E-02 0.2835E-04  1.346    
   5     -0.9424085E-02 0.4511E-04 -0.9391129E-02 0.2398E-04  1.196    



 INPUT PARAMETERS FOR VEGAS:  NDIM=  4  NCALL=  933897762.
                              IT=    0  ITMX=   10
                              MDS= -1   ND=  49
   1     -0.9423118E-02 0.1442E-04 -0.9423118E-02 0.1442E-04  0.000    
   2     -0.9422193E-02 0.1440E-04 -0.9422655E-02 0.1019E-04 0.2059E-02
   3     -0.9431809E-02 0.1441E-04 -0.9425710E-02 0.8321E-05 0.1356    
   4     -0.9424337E-02 0.1442E-04 -0.9425367E-02 0.7207E-05 0.9268E-01
   5     -0.9427508E-02 0.1441E-04 -0.9425795E-02 0.6446E-05 0.7392E-01
   6     -0.9434797E-02 0.1443E-04 -0.9427296E-02 0.5885E-05 0.1241    
   7     -0.9439175E-02 0.1443E-04 -0.9428994E-02 0.5449E-05 0.2004    
   8     -0.9425781E-02 0.1442E-04 -0.9428592E-02 0.5097E-05 0.1780    
   9     -0.9443440E-02 0.1443E-04 -0.9430245E-02 0.4806E-05 0.2737    
  10     -0.9437400E-02 0.1443E-04 -0.9430961E-02 0.4560E-05 0.2679    
   
   
 ~~~~~~~~~~~~~~~~~~~~~~~~~~~~~~~~~~~~~~~~~~~~
     Calculating PlusB distribution
 ~~~~~~~~~~~~~~~~~~~~~~~~~~~~~~~~~~~~~~~~~~~~
   
 RM48 INITIALIZED:        40           0         0



 INPUT PARAMETERS FOR VEGAS:  NDIM=  4  NCALL=   99574272.
                              IT=    0  ITMX=    5
                              MDS= -1   ND=  42
   1     -0.8984694E-02 0.1647E-03 -0.8984694E-02 0.1647E-03  0.000    
   2     -0.9626319E-02 0.6139E-04 -0.9557041E-02 0.5608E-04  12.61    
   3     -0.9426915E-02 0.4901E-04 -0.9482480E-02 0.3680E-04  7.782    
Thanks for using LHAPDF 6.5.4. Please make sure to cite the paper:
  Eur.Phys.J. C75 (2015) 3, 132  (http://arxiv.org/abs/1412.7420)
   4     -0.9547130E-02 0.4669E-04 -0.9507889E-02 0.2882E-04  5.533    
   5     -0.9577574E-02 0.4611E-04 -0.9527998E-02 0.2440E-04  4.537    



 INPUT PARAMETERS FOR VEGAS:  NDIM=  4  NCALL=  933897762.
                              IT=    0  ITMX=   10
                              MDS= -1   ND=  49
   1     -0.9506781E-02 0.1466E-04 -0.9506781E-02 0.1466E-04  0.000    
   2     -0.9492864E-02 0.1464E-04 -0.9499822E-02 0.1036E-04 0.4513    
   3     -0.9496928E-02 0.1464E-04 -0.9498857E-02 0.8456E-05 0.2387    
   4     -0.9491503E-02 0.1464E-04 -0.9497020E-02 0.7323E-05 0.2222    
   5     -0.9494683E-02 0.1464E-04 -0.9496553E-02 0.6550E-05 0.1718    
   6     -0.9490747E-02 0.1464E-04 -0.9495585E-02 0.5979E-05 0.1636    
   7     -0.9518235E-02 0.1467E-04 -0.9498825E-02 0.5536E-05 0.4782    
   8     -0.9513582E-02 0.1466E-04 -0.9500672E-02 0.5179E-05 0.5367    
   9     -0.9481358E-02 0.1464E-04 -0.9498532E-02 0.4883E-05 0.6626    
  10     -0.9503832E-02 0.1466E-04 -0.9499062E-02 0.4633E-05 0.6020    
   
   
 [1;32mIntegral Plus:   6.8100693596131676E-005 [0m+-   0.0000000000000000     
 with chisq    =  0.60196531280851440     
  
  
  
 [1;32m   xq         Integral Plus                 error[0m
    100      0.488198236092245E+00      0.000000000000000E+00
    200      0.386939346612625E-01      0.000000000000000E+00
    300      0.877110339768183E-02      0.000000000000000E+00
    400      0.308254308695055E-02      0.000000000000000E+00
    500      0.114567116057937E-02      0.000000000000000E+00
    600      0.520310782345587E-03      0.000000000000000E+00
    700      0.287180229526458E-03      0.000000000000000E+00
    800      0.198608086653840E-03      0.000000000000000E+00
    900      0.126450424705389E-03      0.000000000000000E+00
   1000      0.681006935961317E-04      0.000000000000000E+00
