LHAPDF 6.5.4 loading /home/niraj/1TB-Disc/Workspace-IITG/Packages/Install/LHAPDF-6.5.4/install/share/LHAPDF/CT10nlo/CT10nlo_0000.dat
CT10nlo PDF set, member #0, version 4; LHAPDF ID = 11000
LHAPDF 6.5.4 loading /home/niraj/1TB-Disc/Workspace-IITG/Packages/Install/LHAPDF-6.5.4/install/share/LHAPDF/CT10nlo/CT10nlo_0001.dat
CT10nlo PDF set, member #1, version 4; LHAPDF ID = 11001
   
 Press 1 to initialise VEGAS:
 Press 2 to initialise CUBA-VEGAS:
 ----------------------------------
 |Initializing Dipole Subtraction  |
 ----------------------------------
  
 1. real - Dipole Over 3body phasespace
 ``````````````````````````````````````
  
  
 RM48 INITIALIZED:        40           0         0



 INPUT PARAMETERS FOR VEGAS:  NDIM=  6  NCALL=    9653618.
                              IT=    0  ITMX=   20
                              MDS=  1   ND=  50
   1     -0.2257740E-03 0.1148E-05 -0.2257740E-03 0.1148E-05  0.000    
   2     -0.2247075E-03 0.2929E-06 -0.2247732E-03 0.2844E-06 0.8132    
   3     -0.2246303E-03 0.2111E-06 -0.2246813E-03 0.1697E-06 0.4888    
   4     -0.2244086E-03 0.2190E-06 -0.2245793E-03 0.1342E-06 0.6485    
   5     -0.2243587E-03 0.1867E-06 -0.2245044E-03 0.1090E-06 0.7168    
   6     -0.2246674E-03 0.1606E-06 -0.2245558E-03 0.9018E-07 0.7145    
   7     -0.2245831E-03 0.1542E-06 -0.2245627E-03 0.7785E-07 0.5994    
   8     -0.2247872E-03 0.1578E-06 -0.2246067E-03 0.6982E-07 0.7464    
   9     -0.2246678E-03 0.1940E-06 -0.2246137E-03 0.6569E-07 0.6641    
  10     -0.2245406E-03 0.1855E-06 -0.2246056E-03 0.6192E-07 0.6057    
  11     -0.2247368E-03 0.1634E-06 -0.2246220E-03 0.5790E-07 0.6016    
  12     -0.2249912E-03 0.1546E-06 -0.2246676E-03 0.5422E-07  1.002    
  13     -0.2245920E-03 0.1523E-06 -0.2246591E-03 0.5108E-07 0.9372    
  14     -0.2246566E-03 0.1628E-06 -0.2246589E-03 0.4874E-07 0.8652    
  15     -0.2246208E-03 0.1589E-06 -0.2246556E-03 0.4660E-07 0.8072    
  16     -0.2246361E-03 0.1586E-06 -0.2246540E-03 0.4471E-07 0.7543    
  17     -0.2246981E-03 0.1538E-06 -0.2246575E-03 0.4293E-07 0.7119    
  18     -0.2245024E-03 0.1556E-06 -0.2246465E-03 0.4139E-07 0.7243    
  19     -0.2245912E-03 0.1580E-06 -0.2246430E-03 0.4004E-07 0.6904    
  20     -0.2249305E-03 0.1598E-06 -0.2246600E-03 0.3884E-07 0.8147    



 INPUT PARAMETERS FOR VEGAS:  NDIM=  6  NCALL=   94091762.
                              IT=    0  ITMX=   40
                              MDS=  1   ND=  50
   1     -0.2245736E-03 0.4850E-07 -0.2245736E-03 0.4850E-07  0.000    
   2     -0.2246867E-03 0.5387E-07 -0.2246242E-03 0.3604E-07  2.436    
   3     -0.2246420E-03 0.4730E-07 -0.2246308E-03 0.2867E-07  1.262    
   4     -0.2245394E-03 0.7989E-07 -0.2246204E-03 0.2698E-07  1.228    
   5     -0.2246258E-03 0.4778E-07 -0.2246217E-03 0.2350E-07 0.9233    
   6     -0.2245980E-03 0.4777E-07 -0.2246171E-03 0.2108E-07 0.7782    
   7     -0.2246717E-03 0.5130E-07 -0.2246250E-03 0.1950E-07 0.8103    
   8     -0.2246979E-03 0.5184E-07 -0.2246340E-03 0.1825E-07 0.9423    
   9     -0.2245754E-03 0.4754E-07 -0.2246265E-03 0.1704E-07 0.9900    
  10     -0.2246252E-03 0.4839E-07 -0.2246263E-03 0.1607E-07 0.8801    
  11     -0.2246306E-03 0.4758E-07 -0.2246268E-03 0.1523E-07 0.7928    
  12     -0.2246087E-03 0.4768E-07 -0.2246251E-03 0.1450E-07 0.7325    
  13     -0.2246805E-03 0.4831E-07 -0.2246297E-03 0.1389E-07 0.7721    
  14     -0.2247127E-03 0.4751E-07 -0.2246362E-03 0.1333E-07 0.9293    
  15     -0.2244849E-03 0.5666E-07 -0.2246283E-03 0.1298E-07  1.345    
  16     -0.2245477E-03 0.4882E-07 -0.2246230E-03 0.1254E-07  1.425    
  17     -0.2245956E-03 0.5745E-07 -0.2246217E-03 0.1225E-07  1.350    
  18     -0.2246208E-03 0.4919E-07 -0.2246217E-03 0.1189E-07  1.270    
  19     -0.2246300E-03 0.4908E-07 -0.2246221E-03 0.1156E-07  1.201    
  20     -0.2245553E-03 0.4700E-07 -0.2246183E-03 0.1122E-07  1.238    
  21     -0.2246592E-03 0.5004E-07 -0.2246203E-03 0.1095E-07  1.208    
  22     -0.2246299E-03 0.6360E-07 -0.2246206E-03 0.1079E-07  1.152    
  23     -0.2246189E-03 0.5138E-07 -0.2246205E-03 0.1056E-07  1.099    
  24     -0.2246102E-03 0.4772E-07 -0.2246200E-03 0.1031E-07  1.053    
  25     -0.2246684E-03 0.4858E-07 -0.2246221E-03 0.1009E-07  1.049    
  26     -0.2246421E-03 0.4737E-07 -0.2246230E-03 0.9866E-08  1.014    
  27     -0.2246921E-03 0.4865E-07 -0.2246257E-03 0.9669E-08  1.049    
  28     -0.2246583E-03 0.4900E-07 -0.2246269E-03 0.9486E-08  1.026    
Thanks for using LHAPDF 6.5.4. Please make sure to cite the paper:
  Eur.Phys.J. C75 (2015) 3, 132  (http://arxiv.org/abs/1412.7420)
  29     -0.2246942E-03 0.4856E-07 -0.2246294E-03 0.9310E-08  1.056    
  30     -0.2245588E-03 0.5985E-07 -0.2246277E-03 0.9199E-08  1.066    
  31     -0.2245410E-03 0.4902E-07 -0.2246248E-03 0.9042E-08  1.131    
  32     -0.2246265E-03 0.5143E-07 -0.2246248E-03 0.8905E-08  1.095    
  33     -0.2247136E-03 0.4779E-07 -0.2246278E-03 0.8754E-08  1.165    
  34     -0.2245722E-03 0.5017E-07 -0.2246262E-03 0.8624E-08  1.166    
  35     -0.2246677E-03 0.5239E-07 -0.2246273E-03 0.8510E-08  1.150    
  36     -0.2245907E-03 0.4989E-07 -0.2246262E-03 0.8388E-08  1.132    
  37     -0.2246367E-03 0.4821E-07 -0.2246265E-03 0.8264E-08  1.102    
  38     -0.2246917E-03 0.4730E-07 -0.2246285E-03 0.8141E-08  1.122    
  39     -0.2246752E-03 0.4843E-07 -0.2246298E-03 0.8028E-08  1.116    
  40     -0.2246722E-03 0.4745E-07 -0.2246309E-03 0.7916E-08  1.107    
   
 The answer is =  -2.2463094684783524E-004
 Integral      =  -2.2463094684783524E-004 +-   7.9157648186960841E-009
 with chisq    =   1.1072906962328624     
 Unphysical count =           0
  
  
