LHAPDF 6.5.4 loading /home/niraj/1TB-Disc/Workspace-IITG/Packages/Install/LHAPDF-6.5.4/install/share/LHAPDF/MMHT2014nlo68cl/MMHT2014nlo68cl_0000.dat
MMHT2014nlo68cl PDF set, member #0, version 3; LHAPDF ID = 25100
   
 ____________________________________
     Calculating P and K terms       
 ____________________________________
 ````````````````````````````````````
  
 [1;32mFor xq =          100 [0m
  
 RM48 INITIALIZED:        40           0         0



 INPUT PARAMETERS FOR VEGAS:  NDIM=  4  NCALL=   99574272.
                              IT=    0  ITMX=   10
                              MDS= -1   ND=  42
   1       257.7124      104.9       257.7124      104.9      0.000    
   2       318.2481      28.76       315.4060      25.55     0.2512    
   3       364.3271      6.013       362.6729      5.134      1.588    
   4       373.5113      1.438       372.9337      1.242      2.245    
   5       372.2860     0.8659       372.4663     0.6721      1.647    
   6       374.7326     0.8044       373.5057     0.5032      2.279    
   7       373.1324     0.7891       373.3859     0.4195      1.885    
   8       374.0163     0.7823       373.5416     0.3672      1.666    
   9       372.9900     0.7783       373.4319     0.3308      1.495    
  10       374.4059     0.7791       373.5942     0.3036      1.473    



 INPUT PARAMETERS FOR VEGAS:  NDIM=  4  NCALL=  933897762.
                              IT=    0  ITMX=   20
                              MDS= -1   ND=  49
   1       373.8096     0.2377       373.8096     0.2377      0.000    
   2       374.0215     0.2381       373.9155     0.1682     0.3965    
   3       373.8501     0.2379       373.8937     0.1374     0.2235    
   4       373.7299     0.2379       373.8528     0.1190     0.2675    
   5       373.9493     0.2380       373.8721     0.1064     0.2335    
   6       373.6196     0.2379       373.8300     0.9713E-01 0.3743    
   7       373.8577     0.2379       373.8340     0.8992E-01 0.3139    
   8       373.6528     0.2378       373.8113     0.8411E-01 0.3416    
   9       373.5483     0.2378       373.7821     0.7930E-01 0.4347    
  10       373.6983     0.2379       373.7737     0.7523E-01 0.3988    
  11       374.1660     0.2379       373.8095     0.7173E-01 0.6065    
  12       374.1223     0.2380       373.8356     0.6867E-01 0.6954    
  13       373.8625     0.2380       373.8376     0.6598E-01 0.6385    
  14       373.6608     0.2379       373.8250     0.6358E-01 0.6289    
  15       373.6304     0.2378       373.8120     0.6142E-01 0.6286    
  16       373.5103     0.2379       373.7932     0.5947E-01 0.6871    
  17       373.3584     0.2380       373.7677     0.5770E-01 0.8403    
  18       373.8086     0.2378       373.7700     0.5607E-01 0.7925    
  19       373.8180     0.2379       373.7725     0.5458E-01 0.7506    
  20       373.5979     0.2379       373.7638     0.5320E-01 0.7380    
   
   
 [1;32mIntegral [P+K]=   373.76378394195518      [0m+-   5.3195355568947014E-002
 with chisq    =  0.73804097587108708     
  
  
  
 [1;32mFor xq =          200 [0m
  
 RM48 INITIALIZED:        40           0         0



 INPUT PARAMETERS FOR VEGAS:  NDIM=  4  NCALL=   99574272.
                              IT=    0  ITMX=   10
                              MDS= -1   ND=  42
   1       17.42103      4.016       17.42103      4.016      0.000    
   2       23.65493      1.726       23.08756      1.445      1.540    
   3       23.75428     0.3887       23.71931     0.3475     0.7900    
   4       24.19339     0.1129       24.15594     0.1004      1.038    
   5       24.37926     0.7350E-01   24.30959     0.5710E-01  1.572    
   6       24.20927     0.6881E-01   24.26582     0.4331E-01  1.496    
   7       24.09730     0.6753E-01   24.21361     0.3622E-01  2.002    
   8       24.17344     0.6744E-01   24.20405     0.3178E-01  1.740    
   9       24.21408     0.6740E-01   24.20598     0.2867E-01  1.512    
  10       24.32264     0.6800E-01   24.22472     0.2636E-01  1.627    



 INPUT PARAMETERS FOR VEGAS:  NDIM=  4  NCALL=  933897762.
                              IT=    0  ITMX=   20
                              MDS= -1   ND=  49
   1       24.22619     0.2116E-01   24.22619     0.2116E-01  0.000    
   2       24.20796     0.2115E-01   24.21708     0.1496E-01 0.3713    
   3       24.20687     0.2115E-01   24.21368     0.1221E-01 0.2633    
   4       24.25282     0.2117E-01   24.22348     0.1058E-01  1.032    
   5       24.19243     0.2114E-01   24.21728     0.9461E-02  1.205    
   6       24.19962     0.2115E-01   24.21434     0.8637E-02  1.080    
   7       24.22865     0.2118E-01   24.21638     0.7997E-02 0.9652    
   8       24.18890     0.2114E-01   24.21295     0.7480E-02  1.038    
   9       24.20220     0.2116E-01   24.21175     0.7052E-02 0.9373    
  10       24.24348     0.2116E-01   24.21493     0.6690E-02  1.058    
  11       24.20700     0.2117E-01   24.21421     0.6379E-02 0.9652    
  12       24.18013     0.2115E-01   24.21138     0.6108E-02  1.094    
  13       24.20045     0.2115E-01   24.21054     0.5868E-02  1.023    
  14       24.24986     0.2119E-01   24.21335     0.5655E-02  1.191    
  15       24.21818     0.2116E-01   24.21367     0.5463E-02  1.109    
  16       24.21588     0.2116E-01   24.21381     0.5290E-02  1.036    
  17       24.26186     0.2119E-01   24.21664     0.5132E-02  1.275    
  18       24.16873     0.2113E-01   24.21398     0.4987E-02  1.485    
  19       24.22904     0.2116E-01   24.21477     0.4854E-02  1.429    
  20       24.25534     0.2117E-01   24.21680     0.4731E-02  1.537    
   
   
 [1;32mIntegral [P+K]=   24.216804621028643      [0m+-   4.7314549832791529E-003
 with chisq    =   1.5373965285357061     
  
  
  
 [1;32mFor xq =          300 [0m
  
 RM48 INITIALIZED:        40           0         0



 INPUT PARAMETERS FOR VEGAS:  NDIM=  4  NCALL=   99574272.
                              IT=    0  ITMX=   10
                              MDS= -1   ND=  42
   1       2.686251     0.9956       2.686251     0.9956      0.000    
   2       4.564134     0.4921       4.417620     0.3877      1.688    
   3       4.624882     0.1178       4.613059     0.1004     0.8329    
   4       4.525775     0.2422E-01   4.529681     0.2187E-01 0.7505    
   5       4.544327     0.1583E-01   4.539826     0.1234E-01 0.6181    
   6       4.515757     0.1496E-01   4.529388     0.9384E-02 0.8075    
   7       4.540901     0.1478E-01   4.532957     0.7858E-02 0.7386    
   8       4.518558     0.1468E-01   4.529540     0.6900E-02 0.7389    
   9       4.554034     0.1475E-01   4.534261     0.6231E-02 0.9405    
  10       4.559641     0.1473E-01   4.538382     0.5726E-02  1.126    



 INPUT PARAMETERS FOR VEGAS:  NDIM=  4  NCALL=  933897762.
                              IT=    0  ITMX=   20
                              MDS= -1   ND=  49
   1       4.537508     0.4637E-02   4.537508     0.4637E-02  0.000    
   2       4.540622     0.4642E-02   4.539064     0.3281E-02 0.2252    
   3       4.546118     0.4644E-02   4.541418     0.2679E-02 0.8828    
   4       4.532602     0.4637E-02   4.539217     0.2320E-02  1.490    
   5       4.536303     0.4639E-02   4.538635     0.2075E-02  1.197    
   6       4.547476     0.4645E-02   4.540110     0.1895E-02  1.563    
   7       4.536418     0.4638E-02   4.539583     0.1754E-02  1.393    
   8       4.532231     0.4637E-02   4.538665     0.1640E-02  1.508    
   9       4.537654     0.4636E-02   4.538553     0.1546E-02  1.325    
  10       4.537913     0.4638E-02   4.538489     0.1467E-02  1.179    
  11       4.538740     0.4638E-02   4.538512     0.1399E-02  1.062    
  12       4.534118     0.4634E-02   4.538146     0.1339E-02  1.040    
  13       4.540289     0.4643E-02   4.538310     0.1287E-02 0.9698    
  14       4.534814     0.4638E-02   4.538061     0.1240E-02 0.9359    
  15       4.538576     0.4635E-02   4.538095     0.1198E-02 0.8698    
  16       4.542447     0.4641E-02   4.538367     0.1160E-02 0.8668    
  17       4.537819     0.4638E-02   4.538335     0.1125E-02 0.8135    
  18       4.542930     0.4641E-02   4.538591     0.1093E-02 0.8201    
  19       4.538071     0.4641E-02   4.538563     0.1064E-02 0.7752    
  20       4.535514     0.4637E-02   4.538411     0.1037E-02 0.7560    
   
   
 [1;32mIntegral [P+K]=   4.5384109932633283      [0m+-   1.0373104313031788E-003
 with chisq    =  0.75602729383873990     
  
  
  
 [1;32mFor xq =          400 [0m
  
 RM48 INITIALIZED:        40           0         0



 INPUT PARAMETERS FOR VEGAS:  NDIM=  4  NCALL=   99574272.
                              IT=    0  ITMX=   10
                              MDS= -1   ND=  42
   1       3.495859      2.884       3.495859      2.884      0.000    
   2       1.243583     0.1569       1.295091     0.3273      1.058    
   3       1.357359     0.3995E-01   1.354076     0.6534E-01 0.7228    
   4       1.343949     0.9641E-02   1.344547     0.1452E-01 0.5848    
   5       1.329261     0.5296E-02   1.333034     0.6772E-02 0.7346    
   6       1.336996     0.4861E-02   1.334916     0.4684E-02 0.6808    
   7       1.327102     0.4766E-02   1.332358     0.3703E-02 0.7740    
   8       1.329958     0.4753E-02   1.331762     0.3117E-02 0.7193    
   9       1.331575     0.4748E-02   1.331724     0.2723E-02 0.6604    
  10       1.331417     0.4771E-02   1.331674     0.2438E-02 0.6112    



 INPUT PARAMETERS FOR VEGAS:  NDIM=  4  NCALL=  933897762.
                              IT=    0  ITMX=   20
                              MDS= -1   ND=  49
   1       1.329967     0.1525E-02   1.329967     0.1525E-02  0.000    
   2       1.329076     0.1526E-02   1.329523     0.1079E-02 0.1705    
   3       1.331604     0.1527E-02   1.330217     0.8811E-03 0.7056    
   4       1.331733     0.1526E-02   1.330597     0.7631E-03 0.7171    
   5       1.330052     0.1526E-02   1.330488     0.6825E-03 0.5634    
   6       1.327399     0.1524E-02   1.329974     0.6229E-03  1.133    
   7       1.330927     0.1526E-02   1.330110     0.5768E-03 0.9997    
   8       1.331675     0.1527E-02   1.330306     0.5395E-03 0.9881    
   9       1.330235     0.1526E-02   1.330298     0.5087E-03 0.8649    
  10       1.330498     0.1526E-02   1.330318     0.4826E-03 0.7705    
  11       1.328718     0.1525E-02   1.330173     0.4601E-03 0.7935    
  12       1.332324     0.1527E-02   1.330352     0.4405E-03 0.8870    
  13       1.329947     0.1526E-02   1.330321     0.4232E-03 0.8186    
  14       1.328904     0.1525E-02   1.330220     0.4078E-03 0.8173    
  15       1.331041     0.1526E-02   1.330275     0.3940E-03 0.7781    
  16       1.329486     0.1527E-02   1.330226     0.3815E-03 0.7430    
  17       1.332555     0.1528E-02   1.330363     0.3701E-03 0.8335    
  18       1.330905     0.1526E-02   1.330393     0.3597E-03 0.7915    
  19       1.327670     0.1524E-02   1.330250     0.3501E-03 0.9150    
  20       1.328565     0.1526E-02   1.330166     0.3412E-03 0.9278    
   
   
 [1;32mIntegral [P+K]=   1.3301657190366218      [0m+-   3.4121700127163411E-004
 with chisq    =  0.92781505558055355     
  
  
  
 [1;32mFor xq =          500 [0m
  
 RM48 INITIALIZED:        40           0         0



 INPUT PARAMETERS FOR VEGAS:  NDIM=  4  NCALL=   99574272.
                              IT=    0  ITMX=   10
                              MDS= -1   ND=  42
   1      0.6280119     0.2661      0.6280119     0.2661      0.000    
   2      0.4260758     0.3195E-01  0.4322101     0.3962E-01 0.7650    
   3      0.4862033     0.9271E-02  0.4828276     0.9607E-02  1.332    
   4      0.4963943     0.2936E-02  0.4951316     0.2898E-02  1.525    
   5      0.5034926     0.2026E-02  0.5006664     0.1678E-02  2.543    
   6      0.4999353     0.1943E-02  0.5003629     0.1278E-02  2.067    
   7      0.4956698     0.1918E-02  0.4989772     0.1068E-02  2.405    
   8      0.5003482     0.1927E-02  0.4992919     0.9361E-03  2.124    
   9      0.4980770     0.1922E-02  0.4990657     0.8428E-03  1.905    
  10      0.5016970     0.1939E-02  0.4994775     0.7733E-03  1.866    



 INPUT PARAMETERS FOR VEGAS:  NDIM=  4  NCALL=  933897762.
                              IT=    0  ITMX=   20
                              MDS= -1   ND=  49
   1      0.4982762     0.6151E-03  0.4982762     0.6151E-03  0.000    
   2      0.5003299     0.6171E-03  0.4993039     0.4357E-03  5.556    
   3      0.5011404     0.6172E-03  0.4999177     0.3559E-03  5.733    
   4      0.5002833     0.6166E-03  0.5000092     0.3082E-03  3.909    
   5      0.4983499     0.6153E-03  0.4996781     0.2756E-03  4.383    
   6      0.4990024     0.6161E-03  0.4995657     0.2516E-03  3.708    
   7      0.4994782     0.6162E-03  0.4995532     0.2329E-03  3.093    
   8      0.4986623     0.6156E-03  0.4994420     0.2178E-03  2.913    
   9      0.4993777     0.6163E-03  0.4994348     0.2054E-03  2.550    
  10      0.4990365     0.6161E-03  0.4993951     0.1948E-03  2.309    
  11      0.4981046     0.6154E-03  0.4992780     0.1858E-03  2.477    
  12      0.4992385     0.6156E-03  0.4992747     0.1778E-03  2.252    
  13      0.5003314     0.6169E-03  0.4993561     0.1709E-03  2.291    
  14      0.4986708     0.6160E-03  0.4993073     0.1647E-03  2.203    
  15      0.4991371     0.6160E-03  0.4992959     0.1591E-03  2.051    
  16      0.4994528     0.6163E-03  0.4993057     0.1540E-03  1.918    
  17      0.4982274     0.6156E-03  0.4992425     0.1494E-03  1.978    
  18      0.5004972     0.6166E-03  0.4993124     0.1452E-03  2.093    
  19      0.4998473     0.6167E-03  0.4993406     0.1414E-03  2.016    
  20      0.4993943     0.6161E-03  0.4993432     0.1378E-03  1.910    
   
   
 [1;32mIntegral [P+K]=  0.49934323978781098      [0m+-   1.3777299742760439E-004
 with chisq    =   1.9101385489949194     
  
  
  
 [1;32mFor xq =          600 [0m
  
 RM48 INITIALIZED:        40           0         0



 INPUT PARAMETERS FOR VEGAS:  NDIM=  4  NCALL=   99574272.
                              IT=    0  ITMX=   10
                              MDS= -1   ND=  42
   1      0.9968088E-01 0.1961E-01  0.9968088E-01 0.1961E-01  0.000    
   2      0.1765506     0.1029E-01  0.1703520     0.8009E-02  6.829    
   3      0.2160251     0.5017E-02  0.2092942     0.3668E-02  12.14    
   4      0.2196502     0.1488E-02  0.2187109     0.1191E-02  9.040    
   5      0.2196536     0.9588E-03  0.2193580     0.6943E-03  6.355    
   6      0.2202062     0.9100E-03  0.2197259     0.5360E-03  4.953    
   7      0.2194338     0.8947E-03  0.2196359     0.4535E-03  4.005    
   8      0.2196676     0.8982E-03  0.2196433     0.4017E-03  3.348    
   9      0.2203412     0.8987E-03  0.2197764     0.3650E-03  2.943    
  10      0.2189331     0.8973E-03  0.2196424     0.3371E-03  2.672    



 INPUT PARAMETERS FOR VEGAS:  NDIM=  4  NCALL=  933897762.
                              IT=    0  ITMX=   20
                              MDS= -1   ND=  49
   1      0.2199148     0.2878E-03  0.2199148     0.2878E-03  0.000    
   2      0.2204512     0.2881E-03  0.2201834     0.2036E-03  1.734    
   3      0.2204412     0.2880E-03  0.2202695     0.1663E-03  1.134    
   4      0.2198806     0.2877E-03  0.2201724     0.1440E-03  1.212    
   5      0.2199041     0.2880E-03  0.2201189     0.1288E-03  1.083    
   6      0.2194758     0.2875E-03  0.2200120     0.1175E-03  1.697    
   7      0.2198168     0.2878E-03  0.2199841     0.1088E-03  1.480    
   8      0.2197420     0.2875E-03  0.2199538     0.1018E-03  1.358    
   9      0.2190463     0.2872E-03  0.2198534     0.9591E-04  2.291    
  10      0.2199427     0.2876E-03  0.2198623     0.9099E-04  2.046    
  11      0.2198065     0.2877E-03  0.2198573     0.8675E-04  1.845    
  12      0.2203295     0.2879E-03  0.2198967     0.8306E-04  1.901    
  13      0.2198264     0.2878E-03  0.2198913     0.7981E-04  1.747    
  14      0.2200475     0.2880E-03  0.2199025     0.7691E-04  1.634    
  15      0.2194432     0.2874E-03  0.2198719     0.7429E-04  1.687    
  16      0.2202183     0.2880E-03  0.2198936     0.7194E-04  1.665    
  17      0.2192946     0.2872E-03  0.2198584     0.6978E-04  1.816    
  18      0.2199733     0.2876E-03  0.2198648     0.6782E-04  1.718    
  19      0.2202191     0.2881E-03  0.2198835     0.6601E-04  1.702    
  20      0.2197730     0.2877E-03  0.2198779     0.6434E-04  1.620    
   
   
 [1;32mIntegral [P+K]=  0.21987793538933934      [0m+-   6.4340131756642052E-005
 with chisq    =   1.6200030280426150     
  
  
  
 [1;32mFor xq =          700 [0m
  
 RM48 INITIALIZED:        40           0         0



 INPUT PARAMETERS FOR VEGAS:  NDIM=  4  NCALL=   99574272.
                              IT=    0  ITMX=   10
                              MDS= -1   ND=  42
   1      0.5232946E-01 0.1374E-01  0.5232946E-01 0.1374E-01  0.000    
   2      0.1026755     0.8699E-02  0.9792781E-01 0.6571E-02  5.014    
   3      0.1090473     0.2940E-02  0.1079295     0.2342E-02  3.003    
   4      0.1083598     0.7583E-03  0.1083299     0.6484E-03  1.830    
   5      0.1083419     0.4961E-03  0.1083381     0.3738E-03  1.302    
   6      0.1073907     0.4680E-03  0.1079302     0.2864E-03  1.547    
   7      0.1077740     0.4650E-03  0.1078825     0.2414E-03  1.275    
   8      0.1091497     0.4664E-03  0.1081833     0.2129E-03  1.987    
   9      0.1086924     0.4649E-03  0.1082808     0.1928E-03  1.849    
  10      0.1072803     0.4633E-03  0.1081226     0.1777E-03  2.099    



 INPUT PARAMETERS FOR VEGAS:  NDIM=  4  NCALL=  933897762.
                              IT=    0  ITMX=   20
                              MDS= -1   ND=  49
   1      0.1081415     0.1490E-03  0.1081415     0.1490E-03  0.000    
   2      0.1079333     0.1488E-03  0.1080374     0.1053E-03 0.9768    
   3      0.1078062     0.1487E-03  0.1079604     0.8593E-04  1.293    
   4      0.1079424     0.1491E-03  0.1079559     0.7444E-04 0.8660    
   5      0.1080371     0.1491E-03  0.1079722     0.6660E-04 0.7087    
   6      0.1079434     0.1489E-03  0.1079674     0.6079E-04 0.5732    
   7      0.1081272     0.1490E-03  0.1079902     0.5629E-04 0.6421    
   8      0.1080678     0.1488E-03  0.1080000     0.5265E-04 0.5843    
   9      0.1078522     0.1488E-03  0.1079836     0.4964E-04 0.6207    
  10      0.1077573     0.1487E-03  0.1079610     0.4708E-04 0.7826    
  11      0.1079192     0.1488E-03  0.1079572     0.4489E-04 0.7116    
  12      0.1079376     0.1488E-03  0.1079555     0.4298E-04 0.6484    
  13      0.1079312     0.1488E-03  0.1079537     0.4129E-04 0.5964    
  14      0.1077824     0.1488E-03  0.1079415     0.3978E-04 0.6450    
  15      0.1077900     0.1488E-03  0.1079314     0.3843E-04 0.6680    
  16      0.1077014     0.1489E-03  0.1079171     0.3721E-04 0.7722    
  17      0.1080421     0.1489E-03  0.1079244     0.3610E-04 0.7654    
  18      0.1082647     0.1490E-03  0.1079434     0.3509E-04  1.011    
  19      0.1077732     0.1487E-03  0.1079345     0.3415E-04  1.024    
  20      0.1077991     0.1489E-03  0.1079277     0.3329E-04  1.012    
   
   
 [1;32mIntegral [P+K]=  0.10792770314872628      [0m+-   3.3285962979350379E-005
 with chisq    =   1.0115898886282086     
  
  
  
 [1;32mFor xq =          800 [0m
  
 RM48 INITIALIZED:        40           0         0



 INPUT PARAMETERS FOR VEGAS:  NDIM=  4  NCALL=   99574272.
                              IT=    0  ITMX=   10
                              MDS= -1   ND=  42
   1      0.4296665E-01 0.1838E-01  0.4296665E-01 0.1838E-01  0.000    
   2      0.5127644E-01 0.4536E-02  0.5093563E-01 0.4098E-02 0.1617    
   3      0.5824455E-01 0.1251E-02  0.5782148E-01 0.1067E-02  1.348    
   4      0.5739723E-01 0.3891E-03  0.5743781E-01 0.3405E-03 0.8892    
   5      0.5709085E-01 0.2692E-03  0.5721178E-01 0.2044E-03 0.8088    
   6      0.5752700E-01 0.2587E-03  0.5734332E-01 0.1579E-03 0.8253    
   7      0.5747393E-01 0.2553E-03  0.5738244E-01 0.1333E-03 0.7100    
   8      0.5731070E-01 0.2562E-03  0.5736606E-01 0.1178E-03 0.6109    
   9      0.5710939E-01 0.2560E-03  0.5731858E-01 0.1067E-03 0.6392    
  10      0.5768562E-01 0.2576E-03  0.5737627E-01 0.9842E-04 0.7681    



 INPUT PARAMETERS FOR VEGAS:  NDIM=  4  NCALL=  933897762.
                              IT=    0  ITMX=   20
                              MDS= -1   ND=  49
   1      0.5749075E-01 0.8233E-04  0.5749075E-01 0.8233E-04  0.000    
   2      0.5743411E-01 0.8229E-04  0.5746244E-01 0.5820E-04 0.2368    
   3      0.5760339E-01 0.8245E-04  0.5750947E-01 0.4755E-04  1.095    
   4      0.5743500E-01 0.8231E-04  0.5749087E-01 0.4117E-04 0.9348    
   5      0.5734668E-01 0.8226E-04  0.5746210E-01 0.3682E-04  1.314    
   6      0.5728625E-01 0.8220E-04  0.5743287E-01 0.3360E-04  1.812    
   7      0.5745139E-01 0.8232E-04  0.5743552E-01 0.3111E-04  1.517    
   8      0.5734116E-01 0.8228E-04  0.5742375E-01 0.2910E-04  1.465    
   9      0.5747500E-01 0.8234E-04  0.5742945E-01 0.2744E-04  1.324    
  10      0.5727308E-01 0.8210E-04  0.5741381E-01 0.2602E-04  1.539    
  11      0.5741490E-01 0.8237E-04  0.5741391E-01 0.2481E-04  1.385    
  12      0.5732853E-01 0.8233E-04  0.5740682E-01 0.2376E-04  1.349    
  13      0.5752426E-01 0.8244E-04  0.5741586E-01 0.2283E-04  1.393    
  14      0.5735752E-01 0.8223E-04  0.5741169E-01 0.2200E-04  1.322    
  15      0.5745112E-01 0.8233E-04  0.5741432E-01 0.2125E-04  1.242    
  16      0.5746752E-01 0.8230E-04  0.5741765E-01 0.2058E-04  1.186    
  17      0.5736656E-01 0.8228E-04  0.5741465E-01 0.1996E-04  1.134    
  18      0.5743992E-01 0.8228E-04  0.5741606E-01 0.1940E-04  1.073    
  19      0.5739225E-01 0.8227E-04  0.5741481E-01 0.1888E-04  1.018    
  20      0.5727336E-01 0.8222E-04  0.5740775E-01 0.1840E-04  1.112    
   
   
 [1;32mIntegral [P+K]=   5.7407753379072606E-002 [0m+-   1.8402012040995894E-005
 with chisq    =   1.1116203510032387     
  
  
  
 [1;32mFor xq =          900 [0m
  
 RM48 INITIALIZED:        40           0         0



 INPUT PARAMETERS FOR VEGAS:  NDIM=  4  NCALL=   99574272.
                              IT=    0  ITMX=   10
                              MDS= -1   ND=  42
   1      0.4806089E-01 0.1814E-01  0.4806089E-01 0.1814E-01  0.000    
   2      0.2699489E-01 0.1925E-02  0.2772054E-01 0.2731E-02  1.979    
   3      0.3335789E-01 0.1072E-02  0.3237753E-01 0.1087E-02  3.018    
   4      0.3233857E-01 0.2228E-03  0.3234062E-01 0.2417E-03  2.143    
   5      0.3258551E-01 0.1574E-03  0.3250182E-01 0.1387E-03  1.844    
   6      0.3266622E-01 0.1516E-03  0.3257026E-01 0.1046E-03  1.632    
   7      0.3247990E-01 0.1500E-03  0.3254353E-01 0.8695E-04  1.425    
   8      0.3281087E-01 0.1513E-03  0.3260475E-01 0.7586E-04  1.550    
   9      0.3263439E-01 0.1506E-03  0.3261026E-01 0.6807E-04  1.375    
  10      0.3255177E-01 0.1511E-03  0.3260118E-01 0.6226E-04  1.247    



 INPUT PARAMETERS FOR VEGAS:  NDIM=  4  NCALL=  933897762.
                              IT=    0  ITMX=   20
                              MDS= -1   ND=  49
   1      0.3239501E-01 0.4824E-04  0.3239501E-01 0.4824E-04  0.000    
   2      0.3247398E-01 0.4830E-04  0.3243455E-01 0.3413E-04  1.338    
   3      0.3248467E-01 0.4830E-04  0.3245128E-01 0.2787E-04  1.028    
   4      0.3247547E-01 0.4830E-04  0.3245733E-01 0.2414E-04 0.7479    
   5      0.3243841E-01 0.4824E-04  0.3245354E-01 0.2159E-04 0.5918    
   6      0.3243621E-01 0.4822E-04  0.3245065E-01 0.1970E-04 0.4950    
   7      0.3242138E-01 0.4826E-04  0.3244648E-01 0.1824E-04 0.4651    
   8      0.3235724E-01 0.4818E-04  0.3243534E-01 0.1706E-04 0.8258    
   9      0.3235662E-01 0.4821E-04  0.3242661E-01 0.1608E-04  1.018    
  10      0.3240431E-01 0.4820E-04  0.3242438E-01 0.1526E-04 0.9265    
  11      0.3251154E-01 0.4833E-04  0.3243232E-01 0.1455E-04  1.130    
  12      0.3235823E-01 0.4815E-04  0.3242615E-01 0.1393E-04  1.224    
  13      0.3245409E-01 0.4828E-04  0.3242830E-01 0.1338E-04  1.148    
  14      0.3246204E-01 0.4828E-04  0.3243071E-01 0.1290E-04  1.095    
  15      0.3245573E-01 0.4831E-04  0.3243238E-01 0.1246E-04  1.034    
  16      0.3241904E-01 0.4823E-04  0.3243154E-01 0.1206E-04 0.9701    
  17      0.3236366E-01 0.4820E-04  0.3242756E-01 0.1170E-04  1.026    
  18      0.3244050E-01 0.4827E-04  0.3242828E-01 0.1137E-04 0.9695    
  19      0.3241933E-01 0.4826E-04  0.3242781E-01 0.1107E-04 0.9175    
  20      0.3241580E-01 0.4825E-04  0.3242721E-01 0.1079E-04 0.8723    
   
   
 [1;32mIntegral [P+K]=   3.2427205770546357E-002 [0m+-   1.0788992049599499E-005
 with chisq    =  0.87230292319523417     
  
  
  
 [1;32mFor xq =         1000 [0m
  
 RM48 INITIALIZED:        40           0         0



 INPUT PARAMETERS FOR VEGAS:  NDIM=  4  NCALL=   99574272.
                              IT=    0  ITMX=   10
                              MDS= -1   ND=  42
   1      0.1957540E-01 0.5815E-02  0.1957540E-01 0.5815E-02  0.000    
   2      0.1534089E-01 0.1019E-02  0.1554250E-01 0.1140E-02 0.6258    
   3      0.1948755E-01 0.5111E-03  0.1893247E-01 0.4435E-03  5.074    
   4      0.1906401E-01 0.1436E-03  0.1905249E-01 0.1328E-03  3.333    
   5      0.1923075E-01 0.9694E-04  0.1917206E-01 0.7683E-04  2.754    
   6      0.1913738E-01 0.9245E-04  0.1915742E-01 0.5868E-04  2.200    
   7      0.1928797E-01 0.9208E-04  0.1919682E-01 0.4926E-04  2.063    
   8      0.1921967E-01 0.9183E-04  0.1920211E-01 0.4331E-04  1.765    
   9      0.1926882E-01 0.9182E-04  0.1921470E-01 0.3911E-04  1.592    
  10      0.1924870E-01 0.9188E-04  0.1922009E-01 0.3595E-04  1.423    



 INPUT PARAMETERS FOR VEGAS:  NDIM=  4  NCALL=  933897762.
                              IT=    0  ITMX=   20
                              MDS= -1   ND=  49
   1      0.1921587E-01 0.2938E-04  0.1921587E-01 0.2938E-04  0.000    
   2      0.1918927E-01 0.2934E-04  0.1920257E-01 0.2076E-04 0.4103    
   3      0.1919754E-01 0.2938E-04  0.1920089E-01 0.1695E-04 0.2150    
   4      0.1920627E-01 0.2938E-04  0.1920224E-01 0.1468E-04 0.1517    
   5      0.1929160E-01 0.2945E-04  0.1922017E-01 0.1314E-04  1.968    
   6      0.1930311E-01 0.2944E-04  0.1923405E-01 0.1200E-04  2.903    
   7      0.1923699E-01 0.2942E-04  0.1923447E-01 0.1111E-04  2.421    
   8      0.1926673E-01 0.2943E-04  0.1923850E-01 0.1040E-04  2.225    
   9      0.1924659E-01 0.2942E-04  0.1923940E-01 0.9802E-05  1.955    
  10      0.1930478E-01 0.2946E-04  0.1924596E-01 0.9300E-05  2.232    
  11      0.1924168E-01 0.2941E-04  0.1924557E-01 0.8868E-05  2.011    
  12      0.1925084E-01 0.2942E-04  0.1924601E-01 0.8490E-05  1.831    
  13      0.1923621E-01 0.2941E-04  0.1924526E-01 0.8157E-05  1.687    
  14      0.1922687E-01 0.2939E-04  0.1924394E-01 0.7860E-05  1.585    
  15      0.1922759E-01 0.2938E-04  0.1924285E-01 0.7593E-05  1.493    
  16      0.1918715E-01 0.2935E-04  0.1923938E-01 0.7351E-05  1.617    
  17      0.1921057E-01 0.2936E-04  0.1923768E-01 0.7131E-05  1.573    
  18      0.1923315E-01 0.2941E-04  0.1923743E-01 0.6930E-05  1.482    
  19      0.1928848E-01 0.2946E-04  0.1924012E-01 0.6746E-05  1.558    
  20      0.1928966E-01 0.2946E-04  0.1924260E-01 0.6576E-05  1.618    
   
   
 [1;32mIntegral [P+K]=   1.9242602775903807E-002 [0m+-   6.5759233847057039E-006
 with chisq    =   1.6176675024479281     
  
  
  
 [1;32mFor xq =         1100 [0m
  
 RM48 INITIALIZED:        40           0         0



 INPUT PARAMETERS FOR VEGAS:  NDIM=  4  NCALL=   99574272.
                              IT=    0  ITMX=   10
                              MDS= -1   ND=  42
   1      0.6310504E-02 0.1205E-02  0.6310504E-02 0.1205E-02  0.000    
   2      0.1290968E-01 0.1065E-02  0.1187222E-01 0.7695E-03  9.744    
   3      0.1158298E-01 0.2674E-03  0.1160756E-01 0.2353E-03  4.489    
   4      0.1176676E-01 0.8905E-04  0.1175003E-01 0.7835E-04  2.966    
   5      0.1189957E-01 0.6096E-04  0.1184893E-01 0.4642E-04  2.728    
   6      0.1179210E-01 0.5797E-04  0.1182517E-01 0.3576E-04  2.262    
   7      0.1191334E-01 0.5822E-04  0.1185138E-01 0.3024E-04  2.149    
   8      0.1185236E-01 0.5775E-04  0.1185161E-01 0.2668E-04  1.821    
   9      0.1179500E-01 0.5773E-04  0.1184109E-01 0.2417E-04  1.686    
  10      0.1177615E-01 0.5798E-04  0.1183102E-01 0.2228E-04  1.614    



 INPUT PARAMETERS FOR VEGAS:  NDIM=  4  NCALL=  933897762.
                              IT=    0  ITMX=   20
                              MDS= -1   ND=  49
   1      0.1185096E-01 0.1867E-04  0.1185096E-01 0.1867E-04  0.000    
   2      0.1184898E-01 0.1867E-04  0.1184997E-01 0.1320E-04 0.5663E-02
   3      0.1188455E-01 0.1870E-04  0.1186152E-01 0.1078E-04  1.146    
   4      0.1183286E-01 0.1866E-04  0.1185437E-01 0.9337E-05  1.353    
   5      0.1187649E-01 0.1871E-04  0.1185879E-01 0.8354E-05  1.294    
   6      0.1186606E-01 0.1869E-04  0.1186000E-01 0.7627E-05  1.060    
   7      0.1182830E-01 0.1865E-04  0.1185548E-01 0.7060E-05  1.296    
   8      0.1187936E-01 0.1869E-04  0.1185847E-01 0.6604E-05  1.315    
   9      0.1186172E-01 0.1868E-04  0.1185883E-01 0.6227E-05  1.154    
  10      0.1186163E-01 0.1869E-04  0.1185911E-01 0.5907E-05  1.028    
  11      0.1183972E-01 0.1866E-04  0.1185735E-01 0.5632E-05  1.023    
  12      0.1184779E-01 0.1866E-04  0.1185655E-01 0.5392E-05 0.9520    
  13      0.1187052E-01 0.1871E-04  0.1185763E-01 0.5181E-05 0.9154    
  14      0.1186877E-01 0.1870E-04  0.1185842E-01 0.4993E-05 0.8703    
  15      0.1183489E-01 0.1866E-04  0.1185686E-01 0.4823E-05 0.9140    
  16      0.1186713E-01 0.1868E-04  0.1185750E-01 0.4670E-05 0.8719    
  17      0.1186369E-01 0.1870E-04  0.1185786E-01 0.4531E-05 0.8238    
  18      0.1186613E-01 0.1869E-04  0.1185832E-01 0.4403E-05 0.7862    
  19      0.1185153E-01 0.1867E-04  0.1185797E-01 0.4286E-05 0.7495    
  20      0.1185643E-01 0.1867E-04  0.1185789E-01 0.4177E-05 0.7104    
   
   
 [1;32mIntegral [P+K]=   1.1857888600490522E-002 [0m+-   4.1769803121858269E-006
 with chisq    =  0.71043564342456678     
  
  
  
 [1;32mFor xq =         1200 [0m
  
 RM48 INITIALIZED:        40           0         0



 INPUT PARAMETERS FOR VEGAS:  NDIM=  4  NCALL=   99574272.
                              IT=    0  ITMX=   10
                              MDS= -1   ND=  42
   1      0.1080182E-01 0.4705E-02  0.1080182E-01 0.4705E-02  0.000    
   2      0.5672037E-02 0.3713E-03  0.5785309E-02 0.5584E-03  1.822    
   3      0.7325209E-02 0.1854E-03  0.7120901E-02 0.1937E-03  4.641    
   4      0.7549635E-02 0.6724E-04  0.7496087E-02 0.6711E-04  4.706    
   5      0.7586902E-02 0.4093E-04  0.7560078E-02 0.3606E-04  3.941    
   6      0.7560056E-02 0.3838E-04  0.7560068E-02 0.2669E-04  3.206    
   7      0.7555907E-02 0.3804E-04  0.7558776E-02 0.2202E-04  2.705    
   8      0.7548876E-02 0.3794E-04  0.7556424E-02 0.1914E-04  2.348    
   9      0.7523656E-02 0.3776E-04  0.7550119E-02 0.1713E-04  2.142    
  10      0.7458138E-02 0.3798E-04  0.7535637E-02 0.1566E-04  2.428    



 INPUT PARAMETERS FOR VEGAS:  NDIM=  4  NCALL=  933897762.
                              IT=    0  ITMX=   20
                              MDS= -1   ND=  49
   1      0.7542239E-02 0.1218E-04  0.7542239E-02 0.1218E-04  0.000    
   2      0.7539012E-02 0.1219E-04  0.7540628E-02 0.8616E-05 0.3508E-01
   3      0.7560174E-02 0.1222E-04  0.7547142E-02 0.7041E-05 0.8737    
   4      0.7550453E-02 0.1219E-04  0.7547971E-02 0.6098E-05 0.6008    
   5      0.7544361E-02 0.1220E-04  0.7547249E-02 0.5454E-05 0.4682    
   6      0.7533392E-02 0.1218E-04  0.7544941E-02 0.4978E-05 0.5899    
   7      0.7552796E-02 0.1220E-04  0.7546064E-02 0.4609E-05 0.5508    
   8      0.7520963E-02 0.1218E-04  0.7542937E-02 0.4311E-05  1.001    
   9      0.7523180E-02 0.1217E-04  0.7540747E-02 0.4063E-05  1.167    
  10      0.7532009E-02 0.1218E-04  0.7539873E-02 0.3854E-05  1.089    
  11      0.7540156E-02 0.1219E-04  0.7539899E-02 0.3675E-05 0.9805    
  12      0.7543863E-02 0.1220E-04  0.7540229E-02 0.3519E-05 0.9001    
  13      0.7550948E-02 0.1222E-04  0.7541053E-02 0.3381E-05 0.8843    
  14      0.7545693E-02 0.1221E-04  0.7541384E-02 0.3259E-05 0.8265    
  15      0.7544225E-02 0.1220E-04  0.7541573E-02 0.3148E-05 0.7711    
  16      0.7527899E-02 0.1219E-04  0.7540720E-02 0.3048E-05 0.7983    
  17      0.7537386E-02 0.1219E-04  0.7540524E-02 0.2957E-05 0.7528    
  18      0.7533483E-02 0.1218E-04  0.7540133E-02 0.2874E-05 0.7271    
  19      0.7526284E-02 0.1217E-04  0.7539404E-02 0.2797E-05 0.7547    
  20      0.7547227E-02 0.1219E-04  0.7539796E-02 0.2726E-05 0.7356    
   
   
 [1;32mIntegral [P+K]=   7.5397960552938395E-003 [0m+-   2.7260212633046870E-006
 with chisq    =  0.73555844642590429     
  
  
  
 [1;32mFor xq =         1300 [0m
  
 RM48 INITIALIZED:        40           0         0



 INPUT PARAMETERS FOR VEGAS:  NDIM=  4  NCALL=   99574272.
                              IT=    0  ITMX=   10
                              MDS= -1   ND=  42
   1      0.9859880E-02 0.5536E-02  0.9859880E-02 0.5536E-02  0.000    
   2      0.4238899E-02 0.3833E-03  0.4380979E-02 0.6775E-03  1.696    
   3      0.5044071E-02 0.2217E-03  0.4914654E-02 0.2700E-03  1.516    
   4      0.4987149E-02 0.4854E-04  0.4982987E-02 0.6078E-04  1.170    
   5      0.4952387E-02 0.2753E-04  0.4960255E-02 0.2954E-04  1.007    
   6      0.4940969E-02 0.2572E-04  0.4951408E-02 0.2107E-04 0.8982    
   7      0.4914347E-02 0.2533E-04  0.4939594E-02 0.1699E-04 0.9571    
   8      0.4936828E-02 0.2533E-04  0.4938921E-02 0.1451E-04 0.8516    
   9      0.4921139E-02 0.2520E-04  0.4935429E-02 0.1282E-04 0.8056    
  10      0.4902294E-02 0.2528E-04  0.4930053E-02 0.1159E-04 0.8578    



 INPUT PARAMETERS FOR VEGAS:  NDIM=  4  NCALL=  933897762.
                              IT=    0  ITMX=   20
                              MDS= -1   ND=  49
   1      0.4919592E-02 0.8107E-05  0.4919592E-02 0.8107E-05  0.000    
   2      0.4917897E-02 0.8113E-05  0.4918745E-02 0.5734E-05 0.2184E-01
   3      0.4928297E-02 0.8113E-05  0.4921936E-02 0.4683E-05 0.4737    
   4      0.4917877E-02 0.8105E-05  0.4920921E-02 0.4055E-05 0.3785    
   5      0.4919780E-02 0.8110E-05  0.4920693E-02 0.3627E-05 0.2879    
   6      0.4920763E-02 0.8109E-05  0.4920705E-02 0.3311E-05 0.2303    
   7      0.4929807E-02 0.8114E-05  0.4922008E-02 0.3065E-05 0.3721    
   8      0.4923110E-02 0.8108E-05  0.4922146E-02 0.2867E-05 0.3212    
   9      0.4930416E-02 0.8117E-05  0.4923066E-02 0.2704E-05 0.3967    
  10      0.4916842E-02 0.8107E-05  0.4922445E-02 0.2565E-05 0.4115    
  11      0.4924210E-02 0.8116E-05  0.4922605E-02 0.2445E-05 0.3746    
  12      0.4926012E-02 0.8115E-05  0.4922889E-02 0.2341E-05 0.3552    
  13      0.4919438E-02 0.8104E-05  0.4922624E-02 0.2249E-05 0.3396    
  14      0.4920869E-02 0.8118E-05  0.4922499E-02 0.2168E-05 0.3168    
  15      0.4923305E-02 0.8117E-05  0.4922552E-02 0.2094E-05 0.2949    
  16      0.4910745E-02 0.8109E-05  0.4921817E-02 0.2028E-05 0.4072    
  17      0.4921074E-02 0.8115E-05  0.4921773E-02 0.1967E-05 0.3823    
  18      0.4929233E-02 0.8120E-05  0.4922188E-02 0.1912E-05 0.4067    
  19      0.4908619E-02 0.8101E-05  0.4921476E-02 0.1861E-05 0.5312    
  20      0.4926540E-02 0.8115E-05  0.4921729E-02 0.1814E-05 0.5227    
   
   
 [1;32mIntegral [P+K]=   4.9217293744791236E-003 [0m+-   1.8138111586324483E-006
 with chisq    =  0.52268644762001959     
  
  
  
 [1;32mFor xq =         1400 [0m
  
 RM48 INITIALIZED:        40           0         0



 INPUT PARAMETERS FOR VEGAS:  NDIM=  4  NCALL=   99574272.
                              IT=    0  ITMX=   10
                              MDS= -1   ND=  42
   1      0.2345576E-02 0.7944E-03  0.2345576E-02 0.7944E-03  0.000    
   2      0.3148265E-02 0.3798E-03  0.3057876E-02 0.3155E-03 0.6468    
   3      0.3339029E-02 0.1019E-03  0.3320119E-02 0.8770E-04 0.6039    
   4      0.3298993E-02 0.2856E-04  0.3300671E-02 0.2541E-04 0.3976    
   5      0.3293879E-02 0.1830E-04  0.3295979E-02 0.1435E-04 0.3010    
   6      0.3279455E-02 0.1748E-04  0.3288891E-02 0.1095E-04 0.3479    
   7      0.3290034E-02 0.1733E-04  0.3289240E-02 0.9191E-05 0.2864    
   8      0.3300608E-02 0.1738E-04  0.3291898E-02 0.8091E-05 0.2932    
   9      0.3274959E-02 0.1726E-04  0.3288692E-02 0.7310E-05 0.3578    
  10      0.3277978E-02 0.1739E-04  0.3287005E-02 0.6729E-05 0.3536    



 INPUT PARAMETERS FOR VEGAS:  NDIM=  4  NCALL=  933897762.
                              IT=    0  ITMX=   20
                              MDS= -1   ND=  49
   1      0.3281264E-02 0.5564E-05  0.3281264E-02 0.5564E-05  0.000    
   2      0.3275931E-02 0.5556E-05  0.3278598E-02 0.3932E-05 0.4600    
   3      0.3293301E-02 0.5571E-05  0.3283516E-02 0.3212E-05  2.561    
   4      0.3299280E-02 0.5583E-05  0.3287465E-02 0.2784E-05  3.710    
   5      0.3279710E-02 0.5564E-05  0.3285918E-02 0.2490E-05  3.172    
   6      0.3293112E-02 0.5575E-05  0.3287119E-02 0.2274E-05  2.814    
   7      0.3281921E-02 0.5561E-05  0.3286376E-02 0.2104E-05  2.471    
   8      0.3292744E-02 0.5572E-05  0.3287174E-02 0.1969E-05  2.280    
   9      0.3289397E-02 0.5567E-05  0.3287422E-02 0.1856E-05  2.013    
  10      0.3285966E-02 0.5567E-05  0.3287276E-02 0.1761E-05  1.796    
  11      0.3297962E-02 0.5578E-05  0.3288250E-02 0.1679E-05  1.951    
  12      0.3291623E-02 0.5568E-05  0.3288532E-02 0.1608E-05  1.804    
  13      0.3286384E-02 0.5566E-05  0.3288367E-02 0.1544E-05  1.665    
  14      0.3290265E-02 0.5571E-05  0.3288502E-02 0.1488E-05  1.545    
  15      0.3280018E-02 0.5561E-05  0.3287938E-02 0.1438E-05  1.590    
  16      0.3287833E-02 0.5567E-05  0.3287931E-02 0.1392E-05  1.484    
  17      0.3291270E-02 0.5567E-05  0.3288128E-02 0.1350E-05  1.412    
  18      0.3288320E-02 0.5572E-05  0.3288139E-02 0.1312E-05  1.329    
  19      0.3296861E-02 0.5578E-05  0.3288599E-02 0.1278E-05  1.384    
  20      0.3292993E-02 0.5569E-05  0.3288819E-02 0.1245E-05  1.343    
   
   
 [1;32mIntegral [P+K]=   3.2888189913091366E-003 [0m+-   1.2452293838061642E-006
 with chisq    =   1.3425589464985852     
  
  
  
 [1;32mFor xq =         1500 [0m
  
 RM48 INITIALIZED:        40           0         0



 INPUT PARAMETERS FOR VEGAS:  NDIM=  4  NCALL=   99574272.
                              IT=    0  ITMX=   10
                              MDS= -1   ND=  42
   1      0.1405463E-02 0.3532E-03  0.1405463E-02 0.3532E-03  0.000    
   2      0.2030895E-02 0.3054E-03  0.1865980E-02 0.2254E-03  1.495    
   3      0.2179567E-02 0.9856E-04  0.2145275E-02 0.8116E-04  1.357    
   4      0.2256481E-02 0.2071E-04  0.2251565E-02 0.1791E-04  1.364    
   5      0.2240242E-02 0.1293E-04  0.2243555E-02 0.9937E-05  1.040    
   6      0.2225029E-02 0.1207E-04  0.2235322E-02 0.7518E-05  1.107    
   7      0.2249334E-02 0.1200E-04  0.2239734E-02 0.6298E-05  1.079    
   8      0.2243080E-02 0.1199E-04  0.2240533E-02 0.5542E-05 0.9185    
   9      0.2264209E-02 0.1206E-04  0.2245123E-02 0.5014E-05  1.227    
  10      0.2236828E-02 0.1211E-04  0.2243813E-02 0.4623E-05  1.128    



 INPUT PARAMETERS FOR VEGAS:  NDIM=  4  NCALL=  933897762.
                              IT=    0  ITMX=   20
                              MDS= -1   ND=  49
   1      0.2240489E-02 0.3854E-05  0.2240489E-02 0.3854E-05  0.000    
   2      0.2237215E-02 0.3846E-05  0.2238851E-02 0.2723E-05 0.3616    
   3      0.2244430E-02 0.3855E-05  0.2240714E-02 0.2224E-05 0.8806    
   4      0.2234232E-02 0.3847E-05  0.2239098E-02 0.1925E-05  1.295    
   5      0.2239353E-02 0.3846E-05  0.2239149E-02 0.1722E-05 0.9722    
   6      0.2241883E-02 0.3855E-05  0.2239604E-02 0.1572E-05 0.8615    
   7      0.2246253E-02 0.3858E-05  0.2240556E-02 0.1456E-05  1.144    
   8      0.2238370E-02 0.3851E-05  0.2240283E-02 0.1362E-05  1.021    
   9      0.2244834E-02 0.3857E-05  0.2240789E-02 0.1284E-05  1.048    
  10      0.2235259E-02 0.3849E-05  0.2240238E-02 0.1218E-05  1.138    
  11      0.2242788E-02 0.3855E-05  0.2240470E-02 0.1161E-05  1.063    
  12      0.2236584E-02 0.3849E-05  0.2240147E-02 0.1112E-05  1.052    
  13      0.2241901E-02 0.3854E-05  0.2240282E-02 0.1068E-05 0.9799    
  14      0.2245846E-02 0.3858E-05  0.2240680E-02 0.1030E-05  1.053    
  15      0.2234335E-02 0.3847E-05  0.2240258E-02 0.9946E-06  1.159    
  16      0.2238966E-02 0.3852E-05  0.2240177E-02 0.9630E-06  1.089    
  17      0.2240286E-02 0.3849E-05  0.2240184E-02 0.9342E-06  1.021    
  18      0.2244160E-02 0.3852E-05  0.2240405E-02 0.9079E-06  1.020    
  19      0.2239217E-02 0.3849E-05  0.2240343E-02 0.8836E-06 0.9684    
  20      0.2232674E-02 0.3846E-05  0.2239961E-02 0.8612E-06  1.115    
   
   
 [1;32mIntegral [P+K]=   2.2399606823588114E-003 [0m+-   8.6118567105207656E-007
 with chisq    =   1.1152909251590619     
  
  
  
 [1;32mFor xq =         1600 [0m
  
 RM48 INITIALIZED:        40           0         0



 INPUT PARAMETERS FOR VEGAS:  NDIM=  4  NCALL=   99574272.
                              IT=    0  ITMX=   10
                              MDS= -1   ND=  42
   1      0.1432039E-02 0.6505E-03  0.1432039E-02 0.6505E-03  0.000    
   2      0.1805926E-02 0.2498E-03  0.1774201E-02 0.2157E-03 0.2334    
   3      0.1581547E-02 0.4699E-04  0.1590795E-02 0.4679E-04 0.5064    
   4      0.1557107E-02 0.1338E-04  0.1559826E-02 0.1318E-04 0.5052    
   5      0.1556048E-02 0.8745E-05  0.1557248E-02 0.7387E-05 0.3972    
   6      0.1544323E-02 0.8322E-05  0.1551742E-02 0.5569E-05 0.5843    
   7      0.1552276E-02 0.8308E-05  0.1551903E-02 0.4641E-05 0.4901    
   8      0.1564315E-02 0.8305E-05  0.1554815E-02 0.4056E-05 0.6613    
   9      0.1552938E-02 0.8297E-05  0.1554462E-02 0.3648E-05 0.5856    
  10      0.1543723E-02 0.8234E-05  0.1552757E-02 0.3340E-05 0.6760    



 INPUT PARAMETERS FOR VEGAS:  NDIM=  4  NCALL=  933897762.
                              IT=    0  ITMX=   20
                              MDS= -1   ND=  49
   1      0.1550791E-02 0.2665E-05  0.1550791E-02 0.2665E-05  0.000    
   2      0.1547964E-02 0.2662E-05  0.1549379E-02 0.1883E-05 0.5636    
   3      0.1548547E-02 0.2666E-05  0.1549102E-02 0.1538E-05 0.3143    
   4      0.1549362E-02 0.2662E-05  0.1549167E-02 0.1332E-05 0.2119    
   5      0.1550697E-02 0.2664E-05  0.1549474E-02 0.1191E-05 0.2249    
   6      0.1551433E-02 0.2669E-05  0.1549800E-02 0.1088E-05 0.2699    
   7      0.1547149E-02 0.2662E-05  0.1549422E-02 0.1007E-05 0.3663    
   8      0.1547150E-02 0.2660E-05  0.1549138E-02 0.9417E-06 0.4050    
   9      0.1555763E-02 0.2668E-05  0.1549877E-02 0.8880E-06  1.044    
  10      0.1552068E-02 0.2666E-05  0.1550097E-02 0.8425E-06 0.9955    
  11      0.1549053E-02 0.2663E-05  0.1550002E-02 0.8033E-06 0.9100    
  12      0.1549457E-02 0.2664E-05  0.1549956E-02 0.7691E-06 0.8308    
  13      0.1544712E-02 0.2657E-05  0.1549554E-02 0.7388E-06  1.060    
  14      0.1553052E-02 0.2669E-05  0.1549804E-02 0.7120E-06  1.101    
  15      0.1548539E-02 0.2661E-05  0.1549719E-02 0.6878E-06  1.038    
  16      0.1550171E-02 0.2665E-05  0.1549747E-02 0.6660E-06 0.9703    
  17      0.1549246E-02 0.2666E-05  0.1549718E-02 0.6461E-06 0.9118    
  18      0.1548532E-02 0.2661E-05  0.1549652E-02 0.6279E-06 0.8692    
  19      0.1550946E-02 0.2666E-05  0.1549720E-02 0.6111E-06 0.8333    
  20      0.1549484E-02 0.2666E-05  0.1549708E-02 0.5957E-06 0.7898    
   
   
 [1;32mIntegral [P+K]=   1.5497084434731002E-003 [0m+-   5.9569457504059520E-007
 with chisq    =  0.78984826760915861     
  
  
  
 [1;32mFor xq =         1700 [0m
  
 RM48 INITIALIZED:        40           0         0



 INPUT PARAMETERS FOR VEGAS:  NDIM=  4  NCALL=   99574272.
                              IT=    0  ITMX=   10
                              MDS= -1   ND=  42
   1      0.1333718E-02 0.6149E-03  0.1333718E-02 0.6149E-03  0.000    
   2      0.1156292E-02 0.2361E-03  0.1185388E-02 0.2331E-03 0.7946E-01
   3      0.1213795E-02 0.8914E-04  0.1209989E-02 0.8453E-04 0.4701E-01
   4      0.1099066E-02 0.1267E-04  0.1102135E-02 0.1369E-04 0.6222    
   5      0.1091769E-02 0.6815E-05  0.1094170E-02 0.6469E-05 0.5981    
   6      0.1086397E-02 0.6192E-05  0.1090442E-02 0.4606E-05 0.6334    
   7      0.1073608E-02 0.6043E-05  0.1084893E-02 0.3729E-05  1.290    
   8      0.1079734E-02 0.6057E-05  0.1083608E-02 0.3206E-05  1.192    
   9      0.1080010E-02 0.6024E-05  0.1082883E-02 0.2848E-05  1.088    
  10      0.1089316E-02 0.6119E-05  0.1083948E-02 0.2590E-05  1.070    



 INPUT PARAMETERS FOR VEGAS:  NDIM=  4  NCALL=  933897762.
                              IT=    0  ITMX=   20
                              MDS= -1   ND=  49
   1      0.1089319E-02 0.1941E-05  0.1089319E-02 0.1941E-05  0.000    
   2      0.1087388E-02 0.1939E-05  0.1088355E-02 0.1372E-05 0.4954    
   3      0.1086659E-02 0.1939E-05  0.1087790E-02 0.1120E-05 0.5025    
   4      0.1090525E-02 0.1943E-05  0.1088475E-02 0.9702E-06 0.8315    
   5      0.1087269E-02 0.1939E-05  0.1088234E-02 0.8676E-06 0.7012    
   6      0.1088218E-02 0.1939E-05  0.1088231E-02 0.7919E-06 0.5610    
   7      0.1085912E-02 0.1938E-05  0.1087900E-02 0.7331E-06 0.6718    
   8      0.1087976E-02 0.1939E-05  0.1087910E-02 0.6857E-06 0.5760    
   9      0.1089151E-02 0.1940E-05  0.1088048E-02 0.6465E-06 0.5495    
  10      0.1088350E-02 0.1940E-05  0.1088078E-02 0.6134E-06 0.4908    
  11      0.1087195E-02 0.1939E-05  0.1087998E-02 0.5848E-06 0.4607    
  12      0.1089473E-02 0.1942E-05  0.1088121E-02 0.5599E-06 0.4669    
  13      0.1088286E-02 0.1940E-05  0.1088134E-02 0.5380E-06 0.4285    
  14      0.1086922E-02 0.1939E-05  0.1088047E-02 0.5184E-06 0.4235    
  15      0.1086607E-02 0.1938E-05  0.1087951E-02 0.5008E-06 0.4300    
  16      0.1084931E-02 0.1937E-05  0.1087763E-02 0.4849E-06 0.5527    
  17      0.1086702E-02 0.1938E-05  0.1087701E-02 0.4704E-06 0.5358    
  18      0.1088694E-02 0.1939E-05  0.1087756E-02 0.4571E-06 0.5188    
  19      0.1086266E-02 0.1938E-05  0.1087678E-02 0.4449E-06 0.5211    
  20      0.1091015E-02 0.1943E-05  0.1087845E-02 0.4337E-06 0.6418    
   
   
 [1;32mIntegral [P+K]=   1.0878449059573757E-003 [0m+-   4.3369005976345903E-007
 with chisq    =  0.64180680543296986     
  
  
  
 [1;32mFor xq =         1800 [0m
  
 RM48 INITIALIZED:        40           0         0



 INPUT PARAMETERS FOR VEGAS:  NDIM=  4  NCALL=   99574272.
                              IT=    0  ITMX=   10
                              MDS= -1   ND=  42
   1      0.9235109E-03 0.3723E-03  0.9235109E-03 0.3723E-03  0.000    
   2      0.7348144E-03 0.1531E-03  0.7745866E-03 0.1544E-03 0.2483    
   3      0.8054659E-03 0.3207E-04  0.8041001E-03 0.3211E-04 0.1466    
   4      0.7703525E-03 0.7441E-05  0.7723104E-03 0.7609E-05 0.4594    
   5      0.7630641E-03 0.4612E-05  0.7657792E-03 0.4075E-05 0.6197    
   6      0.7673986E-03 0.4345E-05  0.7665013E-03 0.3012E-05 0.5172    
   7      0.7687044E-03 0.4295E-05  0.7671935E-03 0.2482E-05 0.4635    
   8      0.7765895E-03 0.4311E-05  0.7694620E-03 0.2156E-05 0.8961    
   9      0.7714433E-03 0.4309E-05  0.7698433E-03 0.1932E-05 0.8087    
  10      0.7725535E-03 0.4323E-05  0.7702795E-03 0.1767E-05 0.7571    



 INPUT PARAMETERS FOR VEGAS:  NDIM=  4  NCALL=  933897762.
                              IT=    0  ITMX=   20
                              MDS= -1   ND=  49
   1      0.7726615E-03 0.1388E-05  0.7726615E-03 0.1388E-05  0.000    
   2      0.7734946E-03 0.1389E-05  0.7730781E-03 0.9819E-06 0.1800    
   3      0.7711565E-03 0.1386E-05  0.7724381E-03 0.8012E-06 0.7289    
   4      0.7724424E-03 0.1387E-05  0.7724392E-03 0.6938E-06 0.4860    
   5      0.7754027E-03 0.1391E-05  0.7730334E-03 0.6208E-06  1.277    
   6      0.7739798E-03 0.1388E-05  0.7731914E-03 0.5667E-06  1.099    
   7      0.7747733E-03 0.1389E-05  0.7734179E-03 0.5247E-06  1.101    
   8      0.7723660E-03 0.1387E-05  0.7732865E-03 0.4908E-06  1.016    
   9      0.7752516E-03 0.1390E-05  0.7735052E-03 0.4628E-06  1.111    
  10      0.7720010E-03 0.1387E-05  0.7733550E-03 0.4390E-06  1.105    
  11      0.7733677E-03 0.1387E-05  0.7733561E-03 0.4185E-06 0.9949    
  12      0.7740684E-03 0.1389E-05  0.7734155E-03 0.4007E-06 0.9262    
  13      0.7745541E-03 0.1390E-05  0.7735032E-03 0.3850E-06 0.9006    
  14      0.7738264E-03 0.1388E-05  0.7735263E-03 0.3710E-06 0.8352    
  15      0.7735965E-03 0.1389E-05  0.7735310E-03 0.3585E-06 0.7757    
  16      0.7732289E-03 0.1387E-05  0.7735121E-03 0.3471E-06 0.7270    
  17      0.7738004E-03 0.1390E-05  0.7735290E-03 0.3367E-06 0.6840    
  18      0.7733882E-03 0.1388E-05  0.7735212E-03 0.3272E-06 0.6444    
  19      0.7745051E-03 0.1390E-05  0.7735729E-03 0.3185E-06 0.6349    
  20      0.7736503E-03 0.1390E-05  0.7735768E-03 0.3105E-06 0.6017    
   
   
 [1;32mIntegral [P+K]=   7.7357680813584209E-004 [0m+-   3.1046190705195141E-007
 with chisq    =  0.60166594071833146     
  
  
  
 [1;32mFor xq =         1900 [0m
  
 RM48 INITIALIZED:        40           0         0



 INPUT PARAMETERS FOR VEGAS:  NDIM=  4  NCALL=   99574272.
                              IT=    0  ITMX=   10
                              MDS= -1   ND=  42
   1      0.5752452E-03 0.1641E-03  0.5752452E-03 0.1641E-03  0.000    
   2      0.5356803E-03 0.7625E-04  0.5435669E-03 0.7079E-04 0.4985E-01
   3      0.5532097E-03 0.2110E-04  0.5524160E-03 0.2028E-04 0.3354E-01
   4      0.5621152E-03 0.5137E-05  0.5615443E-03 0.4936E-05 0.9351E-01
   5      0.5512381E-03 0.3312E-05  0.5544812E-03 0.2764E-05 0.8203    
   6      0.5512968E-03 0.3130E-05  0.5530987E-03 0.2076E-05 0.7735    
   7      0.5600013E-03 0.3139E-05  0.5552256E-03 0.1729E-05  1.209    
   8      0.5533106E-03 0.3113E-05  0.5547769E-03 0.1512E-05  1.079    
   9      0.5601510E-03 0.3139E-05  0.5558033E-03 0.1362E-05  1.243    
  10      0.5543906E-03 0.3148E-05  0.5555816E-03 0.1250E-05  1.124    



 INPUT PARAMETERS FOR VEGAS:  NDIM=  4  NCALL=  933897762.
                              IT=    0  ITMX=   20
                              MDS= -1   ND=  49
   1      0.5565299E-03 0.1006E-05  0.5565299E-03 0.1006E-05  0.000    
   2      0.5550551E-03 0.1003E-05  0.5557927E-03 0.7102E-06  1.078    
   3      0.5576232E-03 0.1005E-05  0.5564048E-03 0.5801E-06  1.646    
   4      0.5553482E-03 0.1003E-05  0.5561407E-03 0.5021E-06  1.375    
   5      0.5545979E-03 0.1003E-05  0.5558327E-03 0.4490E-06  1.504    
   6      0.5564570E-03 0.1005E-05  0.5559368E-03 0.4099E-06  1.267    
   7      0.5553101E-03 0.1003E-05  0.5558473E-03 0.3795E-06  1.112    
   8      0.5558590E-03 0.1004E-05  0.5558488E-03 0.3550E-06 0.9531    
   9      0.5548044E-03 0.1003E-05  0.5557330E-03 0.3346E-06 0.9543    
  10      0.5561717E-03 0.1004E-05  0.5557769E-03 0.3175E-06 0.8673    
  11      0.5567306E-03 0.1004E-05  0.5558639E-03 0.3027E-06 0.8625    
  12      0.5549602E-03 0.1002E-05  0.5557885E-03 0.2898E-06 0.8519    
  13      0.5578963E-03 0.1006E-05  0.5559510E-03 0.2785E-06  1.120    
  14      0.5557188E-03 0.1005E-05  0.5559344E-03 0.2683E-06  1.038    
  15      0.5567417E-03 0.1005E-05  0.5559883E-03 0.2593E-06  1.007    
  16      0.5570719E-03 0.1005E-05  0.5560561E-03 0.2510E-06  1.012    
  17      0.5569853E-03 0.1006E-05  0.5561108E-03 0.2436E-06 0.9991    
  18      0.5549932E-03 0.1003E-05  0.5560488E-03 0.2367E-06  1.009    
  19      0.5567228E-03 0.1005E-05  0.5560843E-03 0.2304E-06 0.9768    
  20      0.5558523E-03 0.1004E-05  0.5560727E-03 0.2245E-06 0.9281    
   
   
 [1;32mIntegral [P+K]=   5.5607266967045116E-004 [0m+-   2.2454817994827212E-007
 with chisq    =  0.92813591120818351     
  
  
  
 [1;32mFor xq =         2000 [0m
  
 RM48 INITIALIZED:        40           0         0



 INPUT PARAMETERS FOR VEGAS:  NDIM=  4  NCALL=   99574272.
                              IT=    0  ITMX=   10
                              MDS= -1   ND=  42
   1      0.2303260E-03 0.4729E-04  0.2303260E-03 0.4729E-04  0.000    
   2      0.4973108E-03 0.7392E-04  0.4054901E-03 0.4666E-04  7.388    
   3      0.4015615E-03 0.1690E-04  0.4019893E-03 0.1558E-04  3.608    
   4      0.3984644E-03 0.3635E-05  0.3986409E-03 0.3501E-05  2.403    
   5      0.4071195E-03 0.2497E-05  0.4043859E-03 0.2002E-05  2.758    
   6      0.4078326E-03 0.2319E-05  0.4059050E-03 0.1504E-05  2.444    
   7      0.3997878E-03 0.2278E-05  0.4040388E-03 0.1254E-05  2.875    
   8      0.4046817E-03 0.2298E-05  0.4041898E-03 0.1099E-05  2.463    
   9      0.4032110E-03 0.2293E-05  0.4040040E-03 0.9906E-06  2.170    
  10      0.4017614E-03 0.2294E-05  0.4036488E-03 0.9092E-06  2.017    



 INPUT PARAMETERS FOR VEGAS:  NDIM=  4  NCALL=  933897762.
                              IT=    0  ITMX=   20
                              MDS= -1   ND=  49
   1      0.4030691E-03 0.7387E-06  0.4030691E-03 0.7387E-06  0.000    
   2      0.4023621E-03 0.7374E-06  0.4027156E-03 0.5219E-06 0.4589    
   3      0.4034565E-03 0.7395E-06  0.4029625E-03 0.4264E-06 0.5645    
   4      0.4041388E-03 0.7394E-06  0.4032574E-03 0.3694E-06  1.011    
   5      0.4039321E-03 0.7393E-06  0.4033925E-03 0.3304E-06 0.9245    
   6      0.4038781E-03 0.7394E-06  0.4034735E-03 0.3017E-06 0.8113    
   7      0.4033749E-03 0.7391E-06  0.4034594E-03 0.2793E-06 0.6787    
   8      0.4038917E-03 0.7395E-06  0.4035135E-03 0.2613E-06 0.6244    
   9      0.4048592E-03 0.7398E-06  0.4036637E-03 0.2464E-06 0.9156    
  10      0.4028309E-03 0.7383E-06  0.4035805E-03 0.2337E-06 0.9410    
  11      0.4038580E-03 0.7391E-06  0.4036058E-03 0.2228E-06 0.8596    
  12      0.4025429E-03 0.7375E-06  0.4035173E-03 0.2133E-06 0.9541    
  13      0.4029702E-03 0.7384E-06  0.4034753E-03 0.2049E-06 0.9169    
  14      0.4042704E-03 0.7401E-06  0.4035321E-03 0.1975E-06 0.9288    
  15      0.4024805E-03 0.7381E-06  0.4034622E-03 0.1908E-06 0.9975    
  16      0.4029413E-03 0.7381E-06  0.4034296E-03 0.1847E-06 0.9622    
  17      0.4033889E-03 0.7392E-06  0.4034272E-03 0.1792E-06 0.9022    
  18      0.4037690E-03 0.7388E-06  0.4034463E-03 0.1742E-06 0.8610    
  19      0.4033149E-03 0.7386E-06  0.4034394E-03 0.1695E-06 0.8148    
  20      0.4034255E-03 0.7388E-06  0.4034387E-03 0.1652E-06 0.7720    
   
   
 [1;32mIntegral [P+K]=   4.0343866156056658E-004 [0m+-   1.6521398538605359E-007
 with chisq    =  0.77196611388697378     
  
  
  
 [1;32mFor xq =         2100 [0m
  
 RM48 INITIALIZED:        40           0         0



 INPUT PARAMETERS FOR VEGAS:  NDIM=  4  NCALL=   99574272.
                              IT=    0  ITMX=   10
                              MDS= -1   ND=  42
   1      0.3389423E-03 0.1331E-03  0.3389423E-03 0.1331E-03  0.000    
   2      0.2313242E-03 0.1674E-04  0.2348619E-03 0.2066E-04 0.8630    
   3      0.3133539E-03 0.1253E-04  0.2945194E-03 0.1039E-04  5.608    
   4      0.2964337E-03 0.2971E-05  0.2962876E-03 0.2867E-05  3.760    
   5      0.2971327E-03 0.1785E-05  0.2968960E-03 0.1517E-05  2.838    
   6      0.2967617E-03 0.1687E-05  0.2968362E-03 0.1129E-05  2.273    
   7      0.2946462E-03 0.1666E-05  0.2961562E-03 0.9360E-06  2.094    
   8      0.2918916E-03 0.1655E-05  0.2951495E-03 0.8164E-06  2.506    
   9      0.2947638E-03 0.1687E-05  0.2950770E-03 0.7352E-06  2.201    
  10      0.2957055E-03 0.1670E-05  0.2951787E-03 0.6729E-06  1.970    



 INPUT PARAMETERS FOR VEGAS:  NDIM=  4  NCALL=  933897762.
                              IT=    0  ITMX=   20
                              MDS= -1   ND=  49
   1      0.2959081E-03 0.5412E-06  0.2959081E-03 0.5412E-06  0.000    
   2      0.2955313E-03 0.5409E-06  0.2957198E-03 0.3826E-06 0.2426    
   3      0.2958858E-03 0.5410E-06  0.2957752E-03 0.3124E-06 0.1526    
   4      0.2945519E-03 0.5403E-06  0.2954707E-03 0.2704E-06  1.377    
   5      0.2952433E-03 0.5405E-06  0.2954252E-03 0.2418E-06  1.069    
   6      0.2957628E-03 0.5414E-06  0.2954815E-03 0.2208E-06 0.9195    
   7      0.2947835E-03 0.5399E-06  0.2953819E-03 0.2044E-06  1.005    
   8      0.2953299E-03 0.5407E-06  0.2953754E-03 0.1912E-06 0.8623    
   9      0.2947746E-03 0.5404E-06  0.2953088E-03 0.1802E-06 0.8917    
  10      0.2952636E-03 0.5403E-06  0.2953043E-03 0.1710E-06 0.7933    
  11      0.2952361E-03 0.5408E-06  0.2952981E-03 0.1630E-06 0.7155    
  12      0.2957067E-03 0.5408E-06  0.2953322E-03 0.1561E-06 0.6980    
  13      0.2954085E-03 0.5405E-06  0.2953381E-03 0.1500E-06 0.6413    
  14      0.2958476E-03 0.5414E-06  0.2953745E-03 0.1445E-06 0.6553    
  15      0.2955896E-03 0.5414E-06  0.2953888E-03 0.1396E-06 0.6190    
  16      0.2958529E-03 0.5418E-06  0.2954178E-03 0.1352E-06 0.6236    
  17      0.2956779E-03 0.5411E-06  0.2954331E-03 0.1312E-06 0.5982    
  18      0.2958380E-03 0.5413E-06  0.2954556E-03 0.1275E-06 0.5941    
  19      0.2959108E-03 0.5417E-06  0.2954796E-03 0.1241E-06 0.5982    
  20      0.2958948E-03 0.5412E-06  0.2955004E-03 0.1210E-06 0.5962    
   
   
 [1;32mIntegral [P+K]=   2.9550037650076977E-004 [0m+-   1.2095569391766667E-007
 with chisq    =  0.59617964410759383     
  
  
  
 [1;32mFor xq =         2200 [0m
  
 RM48 INITIALIZED:        40           0         0



 INPUT PARAMETERS FOR VEGAS:  NDIM=  4  NCALL=   99574272.
                              IT=    0  ITMX=   10
                              MDS= -1   ND=  42
   1      0.1115955E-03 0.1630E-04  0.1115955E-03 0.1630E-04  0.000    
   2      0.2498852E-03 0.3141E-04  0.1910348E-03 0.1844E-04  13.75    
   3      0.2220954E-03 0.7530E-05  0.2186042E-03 0.6500E-05  7.358    
   4      0.2158396E-03 0.1942E-05  0.2160429E-03 0.1790E-05  4.811    
   5      0.2190055E-03 0.1335E-05  0.2180237E-03 0.1043E-05  3.969    
   6      0.2177529E-03 0.1272E-05  0.2179095E-03 0.7986E-06  3.137    
   7      0.2166624E-03 0.1262E-05  0.2175384E-03 0.6721E-06  2.712    
   8      0.2172484E-03 0.1264E-05  0.2174718E-03 0.5919E-06  2.315    
   9      0.2192971E-03 0.1268E-05  0.2178164E-03 0.5351E-06  2.233    
  10      0.2170957E-03 0.1267E-05  0.2177039E-03 0.4925E-06  2.009    



 INPUT PARAMETERS FOR VEGAS:  NDIM=  4  NCALL=  933897762.
                              IT=    0  ITMX=   20
                              MDS= -1   ND=  49
   1      0.2184181E-03 0.4081E-06  0.2184181E-03 0.4081E-06  0.000    
   2      0.2173439E-03 0.4071E-06  0.2178823E-03 0.2882E-06  3.472    
   3      0.2177360E-03 0.4076E-06  0.2178335E-03 0.2353E-06  1.780    
   4      0.2179330E-03 0.4077E-06  0.2178584E-03 0.2038E-06  1.201    
   5      0.2176793E-03 0.4075E-06  0.2178226E-03 0.1823E-06 0.9397    
   6      0.2185598E-03 0.4086E-06  0.2179457E-03 0.1665E-06  1.296    
   7      0.2179912E-03 0.4079E-06  0.2179522E-03 0.1541E-06  1.082    
   8      0.2180903E-03 0.4077E-06  0.2179695E-03 0.1442E-06 0.9416    
   9      0.2188135E-03 0.4089E-06  0.2180634E-03 0.1360E-06  1.300    
  10      0.2177060E-03 0.4075E-06  0.2180277E-03 0.1290E-06  1.232    
  11      0.2185260E-03 0.4085E-06  0.2180731E-03 0.1230E-06  1.245    
  12      0.2186288E-03 0.4080E-06  0.2181196E-03 0.1178E-06  1.286    
  13      0.2175282E-03 0.4074E-06  0.2180742E-03 0.1131E-06  1.341    
  14      0.2183115E-03 0.4078E-06  0.2180912E-03 0.1090E-06  1.262    
  15      0.2179732E-03 0.4082E-06  0.2180834E-03 0.1053E-06  1.177    
  16      0.2183913E-03 0.4084E-06  0.2181026E-03 0.1020E-06  1.134    
  17      0.2186722E-03 0.4085E-06  0.2181362E-03 0.9895E-07  1.178    
  18      0.2174422E-03 0.4069E-06  0.2180977E-03 0.9615E-07  1.270    
  19      0.2184242E-03 0.4082E-06  0.2181149E-03 0.9359E-07  1.233    
  20      0.2183815E-03 0.4080E-06  0.2181282E-03 0.9122E-07  1.189    
   
   
 [1;32mIntegral [P+K]=   2.1812824206841471E-004 [0m+-   9.1216207148411565E-008
 with chisq    =   1.1890297857598662     
  
  
  
 [1;32mFor xq =         2300 [0m
  
 RM48 INITIALIZED:        40           0         0



 INPUT PARAMETERS FOR VEGAS:  NDIM=  4  NCALL=   99574272.
                              IT=    0  ITMX=   10
                              MDS= -1   ND=  42
   1      0.3020095E-03 0.1433E-03  0.3020095E-03 0.1433E-03  0.000    
   2      0.2070323E-03 0.4345E-04  0.2225799E-03 0.4970E-04 0.5001    
   3      0.1661126E-03 0.5867E-05  0.1679621E-03 0.8064E-05  1.088    
   4      0.1605452E-03 0.1598E-05  0.1611079E-03 0.2071E-05  1.134    
   5      0.1615901E-03 0.1043E-05  0.1614393E-03 0.1106E-05 0.9431    
   6      0.1627113E-03 0.9687E-06  0.1620076E-03 0.7959E-06 0.9318    
   7      0.1626736E-03 0.9525E-06  0.1622180E-03 0.6422E-06 0.8547    
   8      0.1632653E-03 0.9519E-06  0.1624711E-03 0.5486E-06 0.8565    
   9      0.1609389E-03 0.9443E-06  0.1621759E-03 0.4849E-06 0.9688    
  10      0.1603923E-03 0.9442E-06  0.1618894E-03 0.4381E-06  1.134    



 INPUT PARAMETERS FOR VEGAS:  NDIM=  4  NCALL=  933897762.
                              IT=    0  ITMX=   20
                              MDS= -1   ND=  49
   1      0.1621446E-03 0.3056E-06  0.1621446E-03 0.3056E-06  0.000    
   2      0.1617697E-03 0.3046E-06  0.1619570E-03 0.2158E-06 0.7551    
   3      0.1624123E-03 0.3053E-06  0.1621092E-03 0.1762E-06  1.120    
   4      0.1615811E-03 0.3044E-06  0.1619773E-03 0.1525E-06  1.497    
   5      0.1613909E-03 0.3047E-06  0.1618605E-03 0.1364E-06  1.862    
   6      0.1619467E-03 0.3049E-06  0.1618749E-03 0.1245E-06  1.502    
   7      0.1617811E-03 0.3047E-06  0.1618615E-03 0.1152E-06  1.266    
   8      0.1624923E-03 0.3059E-06  0.1619404E-03 0.1078E-06  1.619    
   9      0.1621983E-03 0.3055E-06  0.1619691E-03 0.1017E-06  1.496    
  10      0.1615779E-03 0.3042E-06  0.1619299E-03 0.9645E-07  1.495    
  11      0.1617309E-03 0.3049E-06  0.1619119E-03 0.9195E-07  1.384    
  12      0.1618340E-03 0.3045E-06  0.1619054E-03 0.8803E-07  1.264    
  13      0.1620137E-03 0.3052E-06  0.1619137E-03 0.8458E-07  1.168    
  14      0.1614350E-03 0.3046E-06  0.1618796E-03 0.8150E-07  1.254    
  15      0.1622805E-03 0.3053E-06  0.1619064E-03 0.7874E-07  1.280    
  16      0.1624413E-03 0.3058E-06  0.1619399E-03 0.7625E-07  1.386    
  17      0.1624430E-03 0.3060E-06  0.1619695E-03 0.7399E-07  1.459    
  18      0.1621463E-03 0.3051E-06  0.1619793E-03 0.7191E-07  1.392    
  19      0.1622607E-03 0.3055E-06  0.1619941E-03 0.6999E-07  1.359    
  20      0.1621469E-03 0.3056E-06  0.1620018E-03 0.6823E-07  1.300    
   
   
 [1;32mIntegral [P+K]=   1.6200175669175553E-004 [0m+-   6.8227643065503740E-008
 with chisq    =   1.2999638933091868     
  
  
  
 [1;32mFor xq =         2400 [0m
  
 RM48 INITIALIZED:        40           0         0



 INPUT PARAMETERS FOR VEGAS:  NDIM=  4  NCALL=   99574272.
                              IT=    0  ITMX=   10
                              MDS= -1   ND=  42
   1      0.9556376E-04 0.2232E-04  0.9556376E-04 0.2232E-04  0.000    
   2      0.1183735E-03 0.1279E-04  0.1143544E-03 0.1055E-04 0.6791    
   3      0.1256841E-03 0.4221E-05  0.1244942E-03 0.3620E-05 0.7632    
   4      0.1179098E-03 0.1049E-05  0.1183887E-03 0.9847E-06  1.505    
   5      0.1212875E-03 0.7453E-06  0.1203027E-03 0.5804E-06  2.502    
   6      0.1210451E-03 0.7127E-06  0.1206133E-03 0.4458E-06  2.109    
   7      0.1225632E-03 0.7099E-06  0.1212018E-03 0.3750E-06  2.683    
   8      0.1209800E-03 0.7061E-06  0.1211510E-03 0.3304E-06  2.296    
   9      0.1210437E-03 0.7047E-06  0.1211309E-03 0.2986E-06  2.001    
  10      0.1211258E-03 0.7123E-06  0.1211301E-03 0.2751E-06  1.771    



 INPUT PARAMETERS FOR VEGAS:  NDIM=  4  NCALL=  933897762.
                              IT=    0  ITMX=   20
                              MDS= -1   ND=  49
   1      0.1207767E-03 0.2286E-06  0.1207767E-03 0.2286E-06  0.000    
   2      0.1213271E-03 0.2292E-06  0.1210523E-03 0.1618E-06  2.890    
   3      0.1211331E-03 0.2289E-06  0.1210793E-03 0.1322E-06  1.486    
   4      0.1212296E-03 0.2291E-06  0.1211169E-03 0.1145E-06  1.098    
   5      0.1208569E-03 0.2288E-06  0.1210650E-03 0.1024E-06  1.082    
   6      0.1207261E-03 0.2285E-06  0.1210086E-03 0.9342E-07  1.231    
   7      0.1211280E-03 0.2291E-06  0.1210257E-03 0.8651E-07  1.065    
   8      0.1211457E-03 0.2290E-06  0.1210407E-03 0.8093E-07 0.9468    
   9      0.1208261E-03 0.2284E-06  0.1210168E-03 0.7628E-07 0.9264    
  10      0.1211474E-03 0.2290E-06  0.1210299E-03 0.7237E-07 0.8559    
  11      0.1210375E-03 0.2287E-06  0.1210306E-03 0.6900E-07 0.7704    
  12      0.1208712E-03 0.2286E-06  0.1210173E-03 0.6606E-07 0.7409    
  13      0.1213133E-03 0.2291E-06  0.1210401E-03 0.6347E-07 0.8079    
  14      0.1214030E-03 0.2293E-06  0.1210661E-03 0.6117E-07 0.9252    
  15      0.1210236E-03 0.2290E-06  0.1210633E-03 0.5910E-07 0.8615    
  16      0.1209562E-03 0.2288E-06  0.1210566E-03 0.5722E-07 0.8178    
  17      0.1206476E-03 0.2284E-06  0.1210326E-03 0.5551E-07 0.9544    
  18      0.1206806E-03 0.2286E-06  0.1210131E-03 0.5394E-07  1.030    
  19      0.1212184E-03 0.2289E-06  0.1210239E-03 0.5250E-07  1.015    
  20      0.1210108E-03 0.2287E-06  0.1210233E-03 0.5117E-07 0.9614    
   
   
 [1;32mIntegral [P+K]=   1.2102329127350583E-004 [0m+-   5.1171721700180705E-008
 with chisq    =  0.96137591240085218     
  
  
  
 [1;32mFor xq =         2500 [0m
  
 RM48 INITIALIZED:        40           0         0



 INPUT PARAMETERS FOR VEGAS:  NDIM=  4  NCALL=   99574272.
                              IT=    0  ITMX=   10
                              MDS= -1   ND=  42
   1      0.3851661E-04 0.4889E-05  0.3851661E-04 0.4889E-05  0.000    
   2      0.9746790E-04 0.1016E-04  0.7373318E-04 0.5968E-05  23.47    
   3      0.9703879E-04 0.2921E-05  0.9418209E-04 0.2325E-05  14.88    
   4      0.9130190E-04 0.9606E-06  0.9165388E-04 0.8355E-06  9.813    
   5      0.9070542E-04 0.5949E-06  0.9099645E-04 0.4695E-06  7.369    
   6      0.9082890E-04 0.5402E-06  0.9091982E-04 0.3492E-06  5.795    
   7      0.9140770E-04 0.5357E-06  0.9107605E-04 0.2901E-06  4.858    
   8      0.9077139E-04 0.5346E-06  0.9100271E-04 0.2540E-06  4.162    
   9      0.9157422E-04 0.5372E-06  0.9111432E-04 0.2289E-06  3.730    
  10      0.9088832E-04 0.5406E-06  0.9107824E-04 0.2105E-06  3.313    



 INPUT PARAMETERS FOR VEGAS:  NDIM=  4  NCALL=  933897762.
                              IT=    0  ITMX=   20
                              MDS= -1   ND=  49
   1      0.9100383E-04 0.1734E-06  0.9100383E-04 0.1734E-06  0.000    
   2      0.9096476E-04 0.1734E-06  0.9098430E-04 0.1226E-06 0.2539E-01
   3      0.9101600E-04 0.1733E-06  0.9099488E-04 0.1001E-06 0.2384E-01
   4      0.9065362E-04 0.1731E-06  0.9090981E-04 0.8665E-07 0.9836    
   5      0.9091117E-04 0.1733E-06  0.9091008E-04 0.7750E-07 0.7377    
   6      0.9113387E-04 0.1735E-06  0.9094744E-04 0.7076E-07 0.8678    
   7      0.9092373E-04 0.1733E-06  0.9094405E-04 0.6551E-07 0.7259    
   8      0.9101932E-04 0.1735E-06  0.9095346E-04 0.6129E-07 0.6457    
   9      0.9140056E-04 0.1736E-06  0.9100342E-04 0.5780E-07  1.307    
  10      0.9067229E-04 0.1731E-06  0.9097042E-04 0.5482E-07  1.526    
  11      0.9097337E-04 0.1734E-06  0.9097069E-04 0.5227E-07  1.374    
  12      0.9084512E-04 0.1732E-06  0.9096023E-04 0.5004E-07  1.293    
  13      0.9111717E-04 0.1736E-06  0.9097230E-04 0.4808E-07  1.248    
  14      0.9094088E-04 0.1734E-06  0.9097006E-04 0.4633E-07  1.154    
  15      0.9086141E-04 0.1732E-06  0.9096282E-04 0.4476E-07  1.098    
  16      0.9120297E-04 0.1737E-06  0.9097786E-04 0.4334E-07  1.145    
  17      0.9113321E-04 0.1734E-06  0.9098703E-04 0.4205E-07  1.120    
  18      0.9114650E-04 0.1734E-06  0.9099591E-04 0.4087E-07  1.101    
  19      0.9118284E-04 0.1734E-06  0.9100578E-04 0.3978E-07  1.101    
  20      0.9115258E-04 0.1735E-06  0.9101314E-04 0.3877E-07  1.079    
   
   
 [1;32mIntegral [P+K]=   9.1013135565632251E-005 [0m+-   3.8771157322474811E-008
 with chisq    =   1.0790041736176728     
  
  
  
 [1;32mFor xq =         2600 [0m
  
 RM48 INITIALIZED:        40           0         0



 INPUT PARAMETERS FOR VEGAS:  NDIM=  4  NCALL=   99574272.
                              IT=    0  ITMX=   10
                              MDS= -1   ND=  42
   1      0.3632683E-04 0.5876E-05  0.3632683E-04 0.5876E-05  0.000    
   2      0.6477326E-04 0.5758E-05  0.5817330E-04 0.4091E-05  8.614    
   3      0.6668096E-04 0.1722E-05  0.6583905E-04 0.1412E-05  5.195    
   4      0.6863250E-04 0.6098E-06  0.6830798E-04 0.5059E-06  4.179    
   5      0.6903445E-04 0.4422E-06  0.6876544E-04 0.3169E-06  3.263    
   6      0.6863185E-04 0.4131E-06  0.6870982E-04 0.2464E-06  2.536    
   7      0.6963830E-04 0.4101E-06  0.6899121E-04 0.2087E-06  2.750    
   8      0.6916723E-04 0.4078E-06  0.6903208E-04 0.1846E-06  2.336    
   9      0.6847948E-04 0.4069E-06  0.6892926E-04 0.1676E-06  2.225    
  10      0.6857181E-04 0.4101E-06  0.6887380E-04 0.1548E-06  2.036    



 INPUT PARAMETERS FOR VEGAS:  NDIM=  4  NCALL=  933897762.
                              IT=    0  ITMX=   20
                              MDS= -1   ND=  49
   1      0.6873308E-04 0.1319E-06  0.6873308E-04 0.1319E-06  0.000    
   2      0.6849125E-04 0.1315E-06  0.6861226E-04 0.9313E-07  1.686    
   3      0.6861577E-04 0.1315E-06  0.6861343E-04 0.7601E-07 0.8431    
   4      0.6853482E-04 0.1317E-06  0.6859382E-04 0.6583E-07 0.6514    
   5      0.6885469E-04 0.1319E-06  0.6864613E-04 0.5890E-07  1.274    
   6      0.6882260E-04 0.1318E-06  0.6867563E-04 0.5378E-07  1.318    
   7      0.6873573E-04 0.1318E-06  0.6868422E-04 0.4979E-07  1.128    
   8      0.6843711E-04 0.1316E-06  0.6865345E-04 0.4657E-07  1.406    
   9      0.6858693E-04 0.1316E-06  0.6864607E-04 0.4390E-07  1.259    
  10      0.6857998E-04 0.1316E-06  0.6863946E-04 0.4165E-07  1.145    
  11      0.6865898E-04 0.1318E-06  0.6864124E-04 0.3971E-07  1.032    
  12      0.6893841E-04 0.1321E-06  0.6866606E-04 0.3803E-07  1.363    
  13      0.6897767E-04 0.1321E-06  0.6869012E-04 0.3655E-07  1.680    
  14      0.6857923E-04 0.1317E-06  0.6868222E-04 0.3521E-07  1.601    
  15      0.6862301E-04 0.1317E-06  0.6867827E-04 0.3402E-07  1.501    
  16      0.6879645E-04 0.1319E-06  0.6868567E-04 0.3294E-07  1.451    
  17      0.6867271E-04 0.1318E-06  0.6868490E-04 0.3196E-07  1.361    
  18      0.6869807E-04 0.1319E-06  0.6868564E-04 0.3106E-07  1.281    
  19      0.6887339E-04 0.1321E-06  0.6869552E-04 0.3024E-07  1.316    
  20      0.6898108E-04 0.1322E-06  0.6870982E-04 0.2948E-07  1.482    
   
   
 [1;32mIntegral [P+K]=   6.8709823150941800E-005 [0m+-   2.9475102657392021E-008
 with chisq    =   1.4815993499618978     
  
  
  
 [1;32mFor xq =         2700 [0m
  
 RM48 INITIALIZED:        40           0         0



 INPUT PARAMETERS FOR VEGAS:  NDIM=  4  NCALL=   99574272.
                              IT=    0  ITMX=   10
                              MDS= -1   ND=  42
   1      0.1113132E-03 0.5492E-04  0.1113132E-03 0.5492E-04  0.000    
   2      0.5713281E-04 0.1274E-04  0.6632260E-04 0.1798E-04  1.279    
   3      0.5586360E-04 0.5886E-05  0.5808004E-04 0.7400E-05 0.9668    
   4      0.5352449E-04 0.8730E-06  0.5365889E-04 0.1182E-05 0.8874    
   5      0.5223978E-04 0.3823E-06  0.5248361E-04 0.4650E-06  1.070    
   6      0.5306036E-04 0.3256E-06  0.5279553E-04 0.3038E-06  1.100    
   7      0.5222310E-04 0.3161E-06  0.5259099E-04 0.2365E-06  1.196    
   8      0.5183187E-04 0.3133E-06  0.5239071E-04 0.1982E-06  1.482    
   9      0.5232790E-04 0.3131E-06  0.5237739E-04 0.1727E-06  1.349    
  10      0.5202211E-04 0.3122E-06  0.5231552E-04 0.1545E-06  1.322    



 INPUT PARAMETERS FOR VEGAS:  NDIM=  4  NCALL=  933897762.
                              IT=    0  ITMX=   20
                              MDS= -1   ND=  49
   1      0.5217204E-04 0.1005E-06  0.5217204E-04 0.1005E-06  0.000    
   2      0.5213474E-04 0.1004E-06  0.5215339E-04 0.7102E-07 0.6895E-01
   3      0.5205477E-04 0.1004E-06  0.5212060E-04 0.5799E-07 0.3555    
   4      0.5214868E-04 0.1006E-06  0.5212761E-04 0.5024E-07 0.2565    
   5      0.5202734E-04 0.1003E-06  0.5210757E-04 0.4492E-07 0.3916    
   6      0.5220188E-04 0.1005E-06  0.5212332E-04 0.4101E-07 0.4602    
   7      0.5187397E-04 0.1003E-06  0.5208787E-04 0.3796E-07  1.261    
   8      0.5207868E-04 0.1004E-06  0.5208672E-04 0.3551E-07  1.082    
   9      0.5208691E-04 0.1005E-06  0.5208674E-04 0.3348E-07 0.9466    
  10      0.5227821E-04 0.1007E-06  0.5210594E-04 0.3177E-07  1.205    
  11      0.5214143E-04 0.1005E-06  0.5210917E-04 0.3029E-07  1.096    
  12      0.5200223E-04 0.1004E-06  0.5210027E-04 0.2900E-07  1.091    
  13      0.5196063E-04 0.1004E-06  0.5208956E-04 0.2786E-07  1.148    
  14      0.5210510E-04 0.1006E-06  0.5209067E-04 0.2685E-07  1.062    
  15      0.5206177E-04 0.1005E-06  0.5208875E-04 0.2594E-07 0.9914    
  16      0.5227116E-04 0.1007E-06  0.5210018E-04 0.2512E-07  1.132    
  17      0.5207157E-04 0.1004E-06  0.5209850E-04 0.2437E-07  1.066    
  18      0.5202103E-04 0.1004E-06  0.5209420E-04 0.2368E-07  1.036    
  19      0.5217183E-04 0.1007E-06  0.5209828E-04 0.2305E-07  1.010    
  20      0.5216439E-04 0.1005E-06  0.5210159E-04 0.2247E-07 0.9782    
   
   
 [1;32mIntegral [P+K]=   5.2101593373540903E-005 [0m+-   2.2467105111313800E-008
 with chisq    =  0.97822800888689554     
  
  
  
 [1;32mFor xq =         2800 [0m
  
 RM48 INITIALIZED:        40           0         0



 INPUT PARAMETERS FOR VEGAS:  NDIM=  4  NCALL=   99574272.
                              IT=    0  ITMX=   10
                              MDS= -1   ND=  42
   1      0.2009070E-04 0.3225E-05  0.2009070E-04 0.3225E-05  0.000    
   2      0.3855825E-04 0.3300E-05  0.3447054E-04 0.2322E-05  10.90    
   3      0.3873748E-04 0.1140E-05  0.3817507E-04 0.9219E-06  5.784    
   4      0.3935464E-04 0.4061E-06  0.3920833E-04 0.3394E-06  3.967    
   5      0.3995876E-04 0.2608E-06  0.3972344E-04 0.1955E-06  3.603    
   6      0.3994404E-04 0.2440E-06  0.3982036E-04 0.1491E-06  2.888    
   7      0.3980046E-04 0.2423E-06  0.3981426E-04 0.1256E-06  2.351    
   8      0.3942232E-04 0.2401E-06  0.3972231E-04 0.1107E-06  2.307    
   9      0.3957192E-04 0.2415E-06  0.3969384E-04 0.1003E-06  2.037    
  10      0.3931464E-04 0.2426E-06  0.3963456E-04 0.9251E-07  2.042    



 INPUT PARAMETERS FOR VEGAS:  NDIM=  4  NCALL=  933897762.
                              IT=    0  ITMX=   20
                              MDS= -1   ND=  49
   1      0.3952954E-04 0.7725E-07  0.3952954E-04 0.7725E-07  0.000    
   2      0.3966325E-04 0.7747E-07  0.3959643E-04 0.5470E-07  1.494    
   3      0.3974155E-04 0.7751E-07  0.3964492E-04 0.4469E-07  1.918    
   4      0.3971858E-04 0.7764E-07  0.3966330E-04 0.3873E-07  1.503    
   5      0.3974438E-04 0.7753E-07  0.3967955E-04 0.3465E-07  1.346    
   6      0.3974478E-04 0.7753E-07  0.3969044E-04 0.3164E-07  1.194    
   7      0.3974376E-04 0.7758E-07  0.3969806E-04 0.2929E-07  1.062    
   8      0.3971849E-04 0.7753E-07  0.3970061E-04 0.2740E-07 0.9192    
   9      0.3977581E-04 0.7758E-07  0.3970898E-04 0.2584E-07 0.9087    
  10      0.3971097E-04 0.7757E-07  0.3970918E-04 0.2451E-07 0.8078    
  11      0.3984790E-04 0.7765E-07  0.3972183E-04 0.2338E-07  1.018    
  12      0.3966671E-04 0.7751E-07  0.3971725E-04 0.2238E-07 0.9681    
  13      0.3969647E-04 0.7752E-07  0.3971565E-04 0.2150E-07 0.8930    
  14      0.3960347E-04 0.7745E-07  0.3970767E-04 0.2072E-07 0.9737    
  15      0.3981292E-04 0.7763E-07  0.3971470E-04 0.2002E-07  1.027    
  16      0.3952946E-04 0.7728E-07  0.3970315E-04 0.1938E-07  1.315    
  17      0.3992371E-04 0.7780E-07  0.3971618E-04 0.1880E-07  1.710    
  18      0.3959231E-04 0.7737E-07  0.3970931E-04 0.1827E-07  1.751    
  19      0.3959263E-04 0.7741E-07  0.3970318E-04 0.1778E-07  1.773    
  20      0.3955929E-04 0.7738E-07  0.3969601E-04 0.1733E-07  1.853    
   
   
 [1;32mIntegral [P+K]=   3.9696014946858557E-005 [0m+-   1.7332013196298245E-008
 with chisq    =   1.8525018575672165     
  
  
  
 [1;32mFor xq =         2900 [0m
  
 RM48 INITIALIZED:        40           0         0



 INPUT PARAMETERS FOR VEGAS:  NDIM=  4  NCALL=   99574272.
                              IT=    0  ITMX=   10
                              MDS= -1   ND=  42
   1      0.1320363E-04 0.2419E-05  0.1320363E-04 0.2419E-05  0.000    
   2      0.2753992E-04 0.2264E-05  0.2513695E-04 0.1620E-05  10.93    
   3      0.2984385E-04 0.8231E-06  0.2928316E-04 0.6382E-06  7.047    
   4      0.3062661E-04 0.3228E-06  0.3043553E-04 0.2565E-06  5.252    
   5      0.3037709E-04 0.1956E-06  0.3039481E-04 0.1459E-06  3.699    
   6      0.3061729E-04 0.1852E-06  0.3049294E-04 0.1115E-06  3.027    
   7      0.3060722E-04 0.1835E-06  0.3052836E-04 0.9406E-07  2.499    
   8      0.3035461E-04 0.1810E-06  0.3048690E-04 0.8289E-07  2.214    
   9      0.2991063E-04 0.1802E-06  0.3037768E-04 0.7506E-07  3.047    
  10      0.3052367E-04 0.1829E-06  0.3040115E-04 0.6923E-07  2.739    



 INPUT PARAMETERS FOR VEGAS:  NDIM=  4  NCALL=  933897762.
                              IT=    0  ITMX=   20
                              MDS= -1   ND=  49
   1      0.3033244E-04 0.5878E-07  0.3033244E-04 0.5878E-07  0.000    
   2      0.3034566E-04 0.5878E-07  0.3033906E-04 0.4156E-07 0.2529E-01
   3      0.3036453E-04 0.5875E-07  0.3034756E-04 0.3393E-07 0.7531E-01
   4      0.3033456E-04 0.5875E-07  0.3034431E-04 0.2938E-07 0.6245E-01
   5      0.3042367E-04 0.5888E-07  0.3036020E-04 0.2629E-07 0.4116    
   6      0.3035680E-04 0.5879E-07  0.3035964E-04 0.2400E-07 0.3298    
   7      0.3040426E-04 0.5881E-07  0.3036602E-04 0.2222E-07 0.3572    
   8      0.3035714E-04 0.5881E-07  0.3036491E-04 0.2079E-07 0.3090    
   9      0.3038953E-04 0.5878E-07  0.3036765E-04 0.1960E-07 0.2898    
  10      0.3039312E-04 0.5875E-07  0.3037021E-04 0.1859E-07 0.2764    
  11      0.3034458E-04 0.5870E-07  0.3036787E-04 0.1772E-07 0.2661    
  12      0.3024363E-04 0.5868E-07  0.3035757E-04 0.1697E-07 0.6130    
  13      0.3035830E-04 0.5877E-07  0.3035762E-04 0.1630E-07 0.5619    
  14      0.3043932E-04 0.5890E-07  0.3036346E-04 0.1571E-07 0.6566    
  15      0.3039783E-04 0.5878E-07  0.3036576E-04 0.1518E-07 0.6324    
  16      0.3042118E-04 0.5886E-07  0.3036923E-04 0.1470E-07 0.6458    
  17      0.3032381E-04 0.5881E-07  0.3036656E-04 0.1426E-07 0.6405    
  18      0.3030704E-04 0.5874E-07  0.3036327E-04 0.1386E-07 0.6598    
  19      0.3032309E-04 0.5871E-07  0.3036115E-04 0.1349E-07 0.6478    
  20      0.3029763E-04 0.5873E-07  0.3035798E-04 0.1314E-07 0.6721    
   
   
 [1;32mIntegral [P+K]=   3.0357982897084413E-005 [0m+-   1.3143328246776917E-008
 with chisq    =  0.67209546654708896     
  
  
  
 [1;32mFor xq =         3000 [0m
  
 RM48 INITIALIZED:        40           0         0



 INPUT PARAMETERS FOR VEGAS:  NDIM=  4  NCALL=   99574272.
                              IT=    0  ITMX=   10
                              MDS= -1   ND=  42
   1      0.1604550E-04 0.4189E-05  0.1604550E-04 0.4189E-05  0.000    
   2      0.2193375E-04 0.2561E-05  0.2095189E-04 0.2048E-05  1.148    
   3      0.2376460E-04 0.1207E-05  0.2324386E-04 0.9560E-06  1.141    
   4      0.2298047E-04 0.2627E-06  0.2299587E-04 0.2373E-06 0.7443    
   5      0.2359840E-04 0.1505E-06  0.2344869E-04 0.1208E-06  1.696    
   6      0.2317350E-04 0.1421E-06  0.2332524E-04 0.9066E-07  1.785    
   7      0.2319037E-04 0.1411E-06  0.2328304E-04 0.7570E-07  1.580    
   8      0.2332880E-04 0.1411E-06  0.2329404E-04 0.6638E-07  1.350    
   9      0.2361512E-04 0.1425E-06  0.2335651E-04 0.5995E-07  1.728    
  10      0.2316774E-04 0.1398E-06  0.2332577E-04 0.5501E-07  1.706    



 INPUT PARAMETERS FOR VEGAS:  NDIM=  4  NCALL=  933897762.
                              IT=    0  ITMX=   20
                              MDS= -1   ND=  49
   1      0.2324495E-04 0.4525E-07  0.2324495E-04 0.4525E-07  0.000    
   2      0.2324560E-04 0.4529E-07  0.2324528E-04 0.3201E-07 0.1035E-03
   3      0.2330289E-04 0.4530E-07  0.2326453E-04 0.2614E-07 0.5403    
   4      0.2329651E-04 0.4533E-07  0.2327253E-04 0.2265E-07 0.4847    
   5      0.2327001E-04 0.4531E-07  0.2327202E-04 0.2026E-07 0.3642    
   6      0.2331825E-04 0.4535E-07  0.2327974E-04 0.1850E-07 0.4648    
   7      0.2324078E-04 0.4532E-07  0.2327419E-04 0.1712E-07 0.4928    
   8      0.2326866E-04 0.4528E-07  0.2327350E-04 0.1602E-07 0.4243    
   9      0.2326841E-04 0.4529E-07  0.2327293E-04 0.1510E-07 0.3727    
  10      0.2329519E-04 0.4523E-07  0.2327517E-04 0.1432E-07 0.3554    
  11      0.2323541E-04 0.4526E-07  0.2327156E-04 0.1366E-07 0.3899    
  12      0.2324010E-04 0.4530E-07  0.2326895E-04 0.1307E-07 0.3947    
  13      0.2320817E-04 0.4524E-07  0.2326428E-04 0.1256E-07 0.5002    
  14      0.2330593E-04 0.4531E-07  0.2326727E-04 0.1210E-07 0.5221    
  15      0.2328765E-04 0.4532E-07  0.2326863E-04 0.1169E-07 0.4983    
  16      0.2321777E-04 0.4519E-07  0.2326545E-04 0.1132E-07 0.5440    
  17      0.2312157E-04 0.4513E-07  0.2325703E-04 0.1098E-07  1.101    
  18      0.2327545E-04 0.4531E-07  0.2325805E-04 0.1067E-07  1.046    
  19      0.2329358E-04 0.4528E-07  0.2325993E-04 0.1039E-07  1.020    
  20      0.2324476E-04 0.4530E-07  0.2325917E-04 0.1012E-07 0.9720    
   
   
 [1;32mIntegral [P+K]=   2.3259169572967656E-005 [0m+-   1.0124780237589528E-008
 with chisq    =  0.97200519475081004     
  
  
 [1;32m   xq    Integral PK                     error[0m
    100      0.373763783941955E+03      0.531953555689470E-01
    200      0.242168046210286E+02      0.473145498327915E-02
    300      0.453841099326333E+01      0.103731043130318E-02
    400      0.133016571903662E+01      0.341217001271634E-03
    500      0.499343239787811E+00      0.137772997427604E-03
    600      0.219877935389339E+00      0.643401317566421E-04
    700      0.107927703148726E+00      0.332859629793504E-04
    800      0.574077533790726E-01      0.184020120409959E-04
    900      0.324272057705464E-01      0.107889920495995E-04
   1000      0.192426027759038E-01      0.657592338470570E-05
   1100      0.118578886004905E-01      0.417698031218583E-05
   1200      0.753979605529384E-02      0.272602126330469E-05
   1300      0.492172937447912E-02      0.181381115863245E-05
Thanks for using LHAPDF 6.5.4. Please make sure to cite the paper:
  Eur.Phys.J. C75 (2015) 3, 132  (http://arxiv.org/abs/1412.7420)
   1400      0.328881899130914E-02      0.124522938380616E-05
   1500      0.223996068235881E-02      0.861185671052077E-06
   1600      0.154970844347310E-02      0.595694575040595E-06
   1700      0.108784490595738E-02      0.433690059763459E-06
   1800      0.773576808135842E-03      0.310461907051951E-06
   1900      0.556072669670451E-03      0.224548179948272E-06
   2000      0.403438661560567E-03      0.165213985386054E-06
   2100      0.295500376500770E-03      0.120955693917667E-06
   2200      0.218128242068415E-03      0.912162071484116E-07
   2300      0.162001756691756E-03      0.682276430655037E-07
   2400      0.121023291273506E-03      0.511717217001807E-07
   2500      0.910131355656323E-04      0.387711573224748E-07
   2600      0.687098231509418E-04      0.294751026573920E-07
   2700      0.521015933735409E-04      0.224671051113138E-07
   2800      0.396960149468586E-04      0.173320131962982E-07
   2900      0.303579828970844E-04      0.131433282467769E-07
   3000      0.232591695729677E-04      0.101247802375895E-07
