LHAPDF 6.5.4 loading /home/niraj/1TB-Disc/Workspace-IITG/Packages/Install/LHAPDF-6.5.4/install/share/LHAPDF/MMHT2014nlo68cl/MMHT2014nlo68cl_0000.dat
MMHT2014nlo68cl PDF set, member #0, version 3; LHAPDF ID = 25100
   
 ____________________________________
     Calculating P and K terms       
 ____________________________________
 ````````````````````````````````````
  
 [1;32mFor xq =          100 [0m
  
 RM48 INITIALIZED:        40           0         0



 INPUT PARAMETERS FOR VEGAS:  NDIM=  4  NCALL=    9759362.
                              IT=    0  ITMX=    6
                              MDS= -1   ND=  47
   1      -1.196940     0.6910      -1.196940     0.6910      0.000    
   2      -1.160676     0.7353E-01  -1.161107     0.7425E-01 0.2805E-02
   3      -1.384265     0.2927E-01  -1.361650     0.2508E-01  3.606    
   4      -1.393741     0.1097E-01  -1.389458     0.9435E-02  2.713    
   5      -1.408284     0.7803E-02  -1.401431     0.5803E-02  2.568    
   6      -1.401987     0.7041E-02  -1.401674     0.4407E-02  2.008    



 INPUT PARAMETERS FOR VEGAS:  NDIM=  4  NCALL=   99574272.
                              IT=    0  ITMX=   12
                              MDS= -1   ND=  42
   1      -1.399191     0.1999E-02  -1.399191     0.1999E-02  0.000    
   2      -1.398035     0.2003E-02  -1.398615     0.1415E-02 0.1668    
   3      -1.398883     0.2000E-02  -1.398704     0.1155E-02 0.8937E-01
   4      -1.398935     0.2001E-02  -1.398762     0.1000E-02 0.6290E-01
   5      -1.396051     0.2002E-02  -1.398222     0.8948E-03 0.4132    
   6      -1.393817     0.2001E-02  -1.397492     0.8169E-03  1.135    
   7      -1.394326     0.1998E-02  -1.397040     0.7561E-03  1.304    
   8      -1.394557     0.1998E-02  -1.396730     0.7072E-03  1.310    
   9      -1.397092     0.1998E-02  -1.396770     0.6666E-03  1.150    
  10      -1.395217     0.2000E-02  -1.396615     0.6324E-03  1.083    
  11      -1.399741     0.2003E-02  -1.396900     0.6031E-03  1.196    
  12      -1.398626     0.2004E-02  -1.397043     0.5775E-03  1.149    
   
   
 [1;32mIntegral [P+K]=  -1.3970434784144634      [0m+-   5.7751141210317250E-004
 with chisq    =   1.1492836150388721     
  
  
  
 [1;32mFor xq =          200 [0m
  
 RM48 INITIALIZED:        40           0         0



 INPUT PARAMETERS FOR VEGAS:  NDIM=  4  NCALL=    9759362.
                              IT=    0  ITMX=    6
                              MDS= -1   ND=  47
   1     -0.7754187E-01 0.2678E-01 -0.7754187E-01 0.2678E-01  0.000    
   2     -0.8392644E-01 0.3401E-02 -0.8383968E-01 0.3252E-02 0.5166E-01
   3     -0.8108192E-01 0.7097E-03 -0.8120642E-01 0.6918E-03 0.3683    
   4     -0.8237849E-01 0.5626E-03 -0.8192214E-01 0.4337E-03 0.8221    
   5     -0.8267938E-01 0.5314E-03 -0.8223116E-01 0.3348E-03 0.9212    
   6     -0.8165218E-01 0.5170E-03 -0.8205978E-01 0.2810E-03 0.9136    



 INPUT PARAMETERS FOR VEGAS:  NDIM=  4  NCALL=   99574272.
                              IT=    0  ITMX=   12
                              MDS= -1   ND=  42
   1     -0.8194405E-01 0.1559E-03 -0.8194405E-01 0.1559E-03  0.000    
   2     -0.8172909E-01 0.1556E-03 -0.8183665E-01 0.1101E-03 0.9527    
   3     -0.8170638E-01 0.1557E-03 -0.8179329E-01 0.8990E-04 0.7100    
   4     -0.8177817E-01 0.1557E-03 -0.8178951E-01 0.7785E-04 0.4757    
   5     -0.8184809E-01 0.1559E-03 -0.8180121E-01 0.6965E-04 0.3850    
   6     -0.8166406E-01 0.1555E-03 -0.8177836E-01 0.6357E-04 0.4374    
   7     -0.8154418E-01 0.1554E-03 -0.8174495E-01 0.5884E-04 0.6878    
   8     -0.8136985E-01 0.1552E-03 -0.8169820E-01 0.5502E-04  1.315    
   9     -0.8186112E-01 0.1558E-03 -0.8171632E-01 0.5188E-04  1.272    
  10     -0.8163600E-01 0.1554E-03 -0.8170828E-01 0.4921E-04  1.157    
  11     -0.8166206E-01 0.1558E-03 -0.8170409E-01 0.4692E-04  1.050    
  12     -0.8167361E-01 0.1556E-03 -0.8170155E-01 0.4492E-04 0.9575    
   
   
 [1;32mIntegral [P+K]=  -8.1701553451350023E-002 [0m+-   4.4924502401691157E-005
 with chisq    =  0.95754422585595933     
  
  
  
 [1;32mFor xq =          300 [0m
  
 RM48 INITIALIZED:        40           0         0



 INPUT PARAMETERS FOR VEGAS:  NDIM=  4  NCALL=    9759362.
                              IT=    0  ITMX=    6
                              MDS= -1   ND=  47
   1     -0.1087112E-01 0.3587E-02 -0.1087112E-01 0.3587E-02  0.000    
   2     -0.1293402E-01 0.5648E-03 -0.1289850E-01 0.5172E-03 0.2692    
   3     -0.1445548E-01 0.1733E-03 -0.1434457E-01 0.1483E-03  3.762    
   4     -0.1446616E-01 0.1193E-03 -0.1442513E-01 0.8901E-04  2.489    
   5     -0.1451303E-01 0.1110E-03 -0.1446338E-01 0.6821E-04  1.898    
   6     -0.1471275E-01 0.1088E-03 -0.1454258E-01 0.5720E-04  2.297    



 INPUT PARAMETERS FOR VEGAS:  NDIM=  4  NCALL=   99574272.
                              IT=    0  ITMX=   12
                              MDS= -1   ND=  42
   1     -0.1448197E-01 0.3238E-04 -0.1448197E-01 0.3238E-04  0.000    
   2     -0.1450741E-01 0.3243E-04 -0.1449469E-01 0.2291E-04 0.3080    
   3     -0.1452913E-01 0.3245E-04 -0.1450619E-01 0.1872E-04 0.5302    
   4     -0.1453786E-01 0.3238E-04 -0.1451415E-01 0.1621E-04 0.5925    
   5     -0.1447015E-01 0.3237E-04 -0.1450537E-01 0.1449E-04 0.8129    
   6     -0.1449247E-01 0.3238E-04 -0.1450322E-01 0.1323E-04 0.6770    
   7     -0.1450020E-01 0.3238E-04 -0.1450279E-01 0.1224E-04 0.5654    
   8     -0.1450276E-01 0.3237E-04 -0.1450279E-01 0.1145E-04 0.4846    
   9     -0.1450955E-01 0.3233E-04 -0.1450354E-01 0.1079E-04 0.4289    
  10     -0.1442842E-01 0.3231E-04 -0.1449607E-01 0.1024E-04 0.9176    
  11     -0.1450950E-01 0.3239E-04 -0.1449729E-01 0.9762E-05 0.8413    
  12     -0.1446982E-01 0.3234E-04 -0.1449500E-01 0.9346E-05 0.8250    
   
   
 [1;32mIntegral [P+K]=  -1.4495002292638941E-002 [0m+-   9.3458510193087757E-006
 with chisq    =  0.82500427091591666     
  
  
  
 [1;32mFor xq =          400 [0m
  
 RM48 INITIALIZED:        40           0         0



 INPUT PARAMETERS FOR VEGAS:  NDIM=  4  NCALL=    9759362.
                              IT=    0  ITMX=    6
                              MDS= -1   ND=  47
   1     -0.8616714E-02 0.3168E-02 -0.8616714E-02 0.3168E-02  0.000    
   2     -0.4024937E-02 0.2015E-03 -0.4108497E-02 0.3336E-03  3.386    
   3     -0.4020954E-02 0.5048E-04 -0.4026224E-02 0.7255E-04  2.195    
   4     -0.4129572E-02 0.3711E-04 -0.4093106E-02 0.4020E-04  2.186    
   5     -0.4056430E-02 0.3424E-04 -0.4077590E-02 0.2907E-04  1.906    
   6     -0.4110225E-02 0.3363E-04 -0.4087725E-02 0.2332E-04  1.716    



 INPUT PARAMETERS FOR VEGAS:  NDIM=  4  NCALL=   99574272.
                              IT=    0  ITMX=   12
                              MDS= -1   ND=  42
   1     -0.4090768E-02 0.1017E-04 -0.4090768E-02 0.1017E-04  0.000    
   2     -0.4070188E-02 0.1013E-04 -0.4080484E-02 0.7176E-05  2.056    
   3     -0.4065056E-02 0.1012E-04 -0.4075351E-02 0.5855E-05  1.801    
   4     -0.4083800E-02 0.1013E-04 -0.4077473E-02 0.5069E-05  1.374    
   5     -0.4089629E-02 0.1017E-04 -0.4079904E-02 0.4537E-05  1.316    
   6     -0.4091637E-02 0.1017E-04 -0.4081860E-02 0.4143E-05  1.275    
   7     -0.4113835E-02 0.1020E-04 -0.4086447E-02 0.3839E-05  2.481    
   8     -0.4096378E-02 0.1016E-04 -0.4087692E-02 0.3591E-05  2.245    
   9     -0.4050036E-02 0.1011E-04 -0.4083539E-02 0.3384E-05  3.487    
  10     -0.4097278E-02 0.1016E-04 -0.4084919E-02 0.3211E-05  3.282    
  11     -0.4072674E-02 0.1013E-04 -0.4083808E-02 0.3061E-05  3.087    
  12     -0.4089438E-02 0.1015E-04 -0.4084279E-02 0.2930E-05  2.831    
   
   
 [1;32mIntegral [P+K]=  -4.0842792809554314E-003 [0m+-   2.9301797190781508E-006
 with chisq    =   2.8314838524801123     
  
  
  
 [1;32mFor xq =          500 [0m
  
 RM48 INITIALIZED:        40           0         0



 INPUT PARAMETERS FOR VEGAS:  NDIM=  4  NCALL=    9759362.
                              IT=    0  ITMX=    6
                              MDS= -1   ND=  47
   1     -0.2667194E-02 0.1246E-02 -0.2667194E-02 0.1246E-02  0.000    
   2     -0.1617270E-02 0.9683E-04 -0.1634223E-02 0.1310E-03  1.021    
   3     -0.1508558E-02 0.1995E-04 -0.1514497E-02 0.2583E-04  1.153    
   4     -0.1496158E-02 0.1426E-04 -0.1502624E-02 0.1447E-04 0.9865    
   5     -0.1502958E-02 0.1345E-04 -0.1502765E-02 0.1058E-04 0.7983    
   6     -0.1489383E-02 0.1314E-04 -0.1498706E-02 0.8583E-05 0.7783    



 INPUT PARAMETERS FOR VEGAS:  NDIM=  4  NCALL=   99574272.
                              IT=    0  ITMX=   12
                              MDS= -1   ND=  42
   1     -0.1494472E-02 0.4011E-05 -0.1494472E-02 0.4011E-05  0.000    
   2     -0.1495625E-02 0.4018E-05 -0.1495048E-02 0.2839E-05 0.4121E-01
   3     -0.1491972E-02 0.4008E-05 -0.1494023E-02 0.2316E-05 0.2164    
   4     -0.1498489E-02 0.4019E-05 -0.1495142E-02 0.2007E-05 0.4539    
   5     -0.1488939E-02 0.3999E-05 -0.1493902E-02 0.1794E-05 0.8191    
   6     -0.1491282E-02 0.4010E-05 -0.1493467E-02 0.1637E-05 0.7267    
   7     -0.1496231E-02 0.4015E-05 -0.1493862E-02 0.1516E-05 0.6731    
   8     -0.1498127E-02 0.4015E-05 -0.1494397E-02 0.1418E-05 0.7183    
   9     -0.1494210E-02 0.4008E-05 -0.1494376E-02 0.1337E-05 0.6287    
  10     -0.1491424E-02 0.4003E-05 -0.1494081E-02 0.1268E-05 0.6133    
  11     -0.1494142E-02 0.4005E-05 -0.1494086E-02 0.1209E-05 0.5520    
  12     -0.1493230E-02 0.4012E-05 -0.1494015E-02 0.1158E-05 0.5056    
   
   
 [1;32mIntegral [P+K]=  -1.4940152543468110E-003 [0m+-   1.1576353807014173E-006
 with chisq    =  0.50563472001490284     
  
  
  
 [1;32mFor xq =          600 [0m
  
 RM48 INITIALIZED:        40           0         0



 INPUT PARAMETERS FOR VEGAS:  NDIM=  4  NCALL=    9759362.
                              IT=    0  ITMX=    6
                              MDS= -1   ND=  47
   1     -0.1081426E-02 0.3392E-03 -0.1081426E-02 0.3392E-03  0.000    
   2     -0.7098843E-03 0.5173E-04 -0.7289048E-03 0.6492E-04  1.591    
   3     -0.6403020E-03 0.7970E-05 -0.6429458E-03 0.1022E-04  2.047    
   4     -0.6359530E-03 0.6381E-05 -0.6387581E-03 0.6124E-05  1.628    
   5     -0.6471762E-03 0.6158E-05 -0.6421236E-03 0.4587E-05  1.508    
   6     -0.6402337E-03 0.5986E-05 -0.6415702E-03 0.3761E-05  1.280    



 INPUT PARAMETERS FOR VEGAS:  NDIM=  4  NCALL=   99574272.
                              IT=    0  ITMX=   12
                              MDS= -1   ND=  42
   1     -0.6418563E-03 0.1833E-05 -0.6418563E-03 0.1833E-05  0.000    
   2     -0.6383115E-03 0.1828E-05 -0.6400886E-03 0.1294E-05  1.875    
   3     -0.6421306E-03 0.1829E-05 -0.6407731E-03 0.1056E-05  1.352    
   4     -0.6403615E-03 0.1831E-05 -0.6406704E-03 0.9151E-06 0.9141    
   5     -0.6418566E-03 0.1833E-05 -0.6409077E-03 0.8188E-06 0.7690    
   6     -0.6383536E-03 0.1827E-05 -0.6404834E-03 0.7472E-06 0.9398    
   7     -0.6407579E-03 0.1832E-05 -0.6405226E-03 0.6919E-06 0.7863    
   8     -0.6425425E-03 0.1834E-05 -0.6407757E-03 0.6473E-06 0.8258    
   9     -0.6404074E-03 0.1826E-05 -0.6407346E-03 0.6101E-06 0.7272    
  10     -0.6435046E-03 0.1840E-05 -0.6410111E-03 0.5791E-06 0.8742    
  11     -0.6380928E-03 0.1822E-05 -0.6407456E-03 0.5519E-06  1.019    
  12     -0.6411040E-03 0.1836E-05 -0.6407753E-03 0.5286E-06 0.9291    
   
   
 [1;32mIntegral [P+K]=  -6.4077533737888980E-004 [0m+-   5.2857553797648668E-007
 with chisq    =  0.92914615481269291     
  
  
  
 [1;32mFor xq =          700 [0m
  
 RM48 INITIALIZED:        40           0         0



 INPUT PARAMETERS FOR VEGAS:  NDIM=  4  NCALL=    9759362.
                              IT=    0  ITMX=    6
                              MDS= -1   ND=  47
   1     -0.2309278E-03 0.5884E-04 -0.2309278E-03 0.5884E-04  0.000    
   2     -0.3051867E-03 0.1173E-04 -0.3035340E-03 0.1029E-04  1.134    
   3     -0.3011219E-03 0.3847E-05 -0.3013667E-03 0.3405E-05 0.5482    
   4     -0.3058234E-03 0.3159E-05 -0.3039462E-03 0.2260E-05 0.6655    
   5     -0.3107930E-03 0.3064E-05 -0.3066071E-03 0.1796E-05  1.346    
   6     -0.3134448E-03 0.3049E-05 -0.3085575E-03 0.1538E-05  1.857    



 INPUT PARAMETERS FOR VEGAS:  NDIM=  4  NCALL=   99574272.
                              IT=    0  ITMX=   12
                              MDS= -1   ND=  42
   1     -0.3091075E-03 0.9266E-06 -0.3091075E-03 0.9266E-06  0.000    
   2     -0.3108214E-03 0.9287E-06 -0.3099673E-03 0.6560E-06  1.707    
   3     -0.3082446E-03 0.9247E-06 -0.3093948E-03 0.5350E-06  2.007    
   4     -0.3094835E-03 0.9285E-06 -0.3094169E-03 0.4636E-06  1.340    
   5     -0.3086504E-03 0.9277E-06 -0.3092644E-03 0.4147E-06  1.142    
   6     -0.3082623E-03 0.9258E-06 -0.3090978E-03 0.3785E-06  1.109    
   7     -0.3087009E-03 0.9286E-06 -0.3090414E-03 0.3505E-06 0.9506    
   8     -0.3089615E-03 0.9282E-06 -0.3090315E-03 0.3279E-06 0.8157    
   9     -0.3103197E-03 0.9294E-06 -0.3091751E-03 0.3092E-06 0.9281    
  10     -0.3098168E-03 0.9274E-06 -0.3092395E-03 0.2933E-06 0.8726    
  11     -0.3072676E-03 0.9232E-06 -0.3090608E-03 0.2796E-06  1.196    
  12     -0.3094208E-03 0.9300E-06 -0.3090907E-03 0.2677E-06  1.100    
   
   
 [1;32mIntegral [P+K]=  -3.0909068411544136E-004 [0m+-   2.6772248145984589E-007
 with chisq    =   1.0998881279102446     
  
  
  
 [1;32mFor xq =          800 [0m
  
 RM48 INITIALIZED:        40           0         0



 INPUT PARAMETERS FOR VEGAS:  NDIM=  4  NCALL=    9759362.
                              IT=    0  ITMX=    6
                              MDS= -1   ND=  47
   1     -0.1862370E-03 0.5914E-04 -0.1862370E-03 0.5914E-04  0.000    
   2     -0.1632027E-03 0.7973E-05 -0.1637353E-03 0.8454E-05 0.1676    
   3     -0.1630842E-03 0.2188E-05 -0.1631309E-03 0.2213E-05 0.9058E-01
   4     -0.1615990E-03 0.1729E-05 -0.1622217E-03 0.1392E-05 0.1595    
   5     -0.1626440E-03 0.1666E-05 -0.1623877E-03 0.1076E-05 0.1306    
   6     -0.1614112E-03 0.1627E-05 -0.1621057E-03 0.9023E-06 0.1538    



 INPUT PARAMETERS FOR VEGAS:  NDIM=  4  NCALL=   99574272.
                              IT=    0  ITMX=   12
                              MDS= -1   ND=  42
   1     -0.1611924E-03 0.5022E-06 -0.1611924E-03 0.5022E-06  0.000    
   2     -0.1618643E-03 0.5035E-06 -0.1615288E-03 0.3555E-06 0.8929    
   3     -0.1623504E-03 0.5036E-06 -0.1618040E-03 0.2904E-06  1.336    
   4     -0.1620343E-03 0.5029E-06 -0.1618617E-03 0.2515E-06 0.9425    
   5     -0.1610170E-03 0.5010E-06 -0.1616931E-03 0.2248E-06  1.272    
   6     -0.1615855E-03 0.5032E-06 -0.1616752E-03 0.2052E-06  1.026    
   7     -0.1610507E-03 0.5018E-06 -0.1615863E-03 0.1900E-06  1.076    
   8     -0.1612424E-03 0.5024E-06 -0.1615435E-03 0.1777E-06 0.9808    
   9     -0.1608526E-03 0.5017E-06 -0.1614671E-03 0.1675E-06  1.068    
  10     -0.1613118E-03 0.5018E-06 -0.1614515E-03 0.1589E-06 0.9593    
  11     -0.1613465E-03 0.5027E-06 -0.1614420E-03 0.1515E-06 0.8674    
  12     -0.1615914E-03 0.5030E-06 -0.1614544E-03 0.1451E-06 0.7958    
   
   
 [1;32mIntegral [P+K]=  -1.6145444213000194E-004 [0m+-   1.4505626730413463E-007
 with chisq    =  0.79581486779500843     
  
  
  
 [1;32mFor xq =          900 [0m
  
 RM48 INITIALIZED:        40           0         0



 INPUT PARAMETERS FOR VEGAS:  NDIM=  4  NCALL=    9759362.
                              IT=    0  ITMX=    6
                              MDS= -1   ND=  47
   1     -0.9286153E-04 0.3750E-04 -0.9286153E-04 0.3750E-04  0.000    
   2     -0.8207333E-04 0.3516E-05 -0.8219337E-04 0.3733E-05 0.9190E-01
   3     -0.9088585E-04 0.1378E-05 -0.8990841E-04 0.1267E-05  2.392    
   4     -0.8990322E-04 0.1022E-05 -0.8990523E-04 0.7917E-06  1.584    
   5     -0.8907581E-04 0.9597E-06 -0.8956910E-04 0.6107E-06  1.299    
   6     -0.9033676E-04 0.9561E-06 -0.8979613E-04 0.5137E-06  1.127    



 INPUT PARAMETERS FOR VEGAS:  NDIM=  4  NCALL=   99574272.
                              IT=    0  ITMX=   12
                              MDS= -1   ND=  42
   1     -0.9010994E-04 0.2921E-06 -0.9010994E-04 0.2921E-06  0.000    
   2     -0.8937296E-04 0.2905E-06 -0.8974254E-04 0.2060E-06  3.200    
   3     -0.8970441E-04 0.2908E-06 -0.8972981E-04 0.1681E-06  1.606    
   4     -0.8966686E-04 0.2904E-06 -0.8971403E-04 0.1455E-06  1.083    
   5     -0.8960659E-04 0.2914E-06 -0.8969263E-04 0.1302E-06 0.8398    
   6     -0.8928051E-04 0.2898E-06 -0.8962398E-04 0.1187E-06  1.007    
   7     -0.8972108E-04 0.2912E-06 -0.8963785E-04 0.1099E-06 0.8551    
   8     -0.8983118E-04 0.2914E-06 -0.8966203E-04 0.1029E-06 0.7878    
   9     -0.8944583E-04 0.2902E-06 -0.8963800E-04 0.9696E-07 0.7511    
  10     -0.9056693E-04 0.2926E-06 -0.8973166E-04 0.9203E-07  1.692    
  11     -0.8973962E-04 0.2915E-06 -0.8973238E-04 0.8776E-07  1.523    
  12     -0.8987719E-04 0.2908E-06 -0.8974450E-04 0.8402E-07  1.405    
   
   
 [1;32mIntegral [P+K]=  -8.9744503494771754E-005 [0m+-   8.4021381872291801E-008
 with chisq    =   1.4050517067561905     
  
  
  
 [1;32mFor xq =         1000 [0m
  
 RM48 INITIALIZED:        40           0         0



 INPUT PARAMETERS FOR VEGAS:  NDIM=  4  NCALL=    9759362.
                              IT=    0  ITMX=    6
                              MDS= -1   ND=  47
   1     -0.2705575E-04 0.5328E-05 -0.2705575E-04 0.5328E-05  0.000    
   2     -0.5085434E-04 0.2017E-05 -0.4992689E-04 0.1584E-05  8.459    
   3     -0.5325467E-04 0.7100E-06 -0.5290451E-04 0.5712E-06  5.019    
   4     -0.5215857E-04 0.5937E-06 -0.5249347E-04 0.3980E-06  3.383    
   5     -0.5295351E-04 0.5751E-06 -0.5266695E-04 0.3223E-06  2.530    
   6     -0.5224372E-04 0.5704E-06 -0.5255196E-04 0.2789E-06  2.060    



 INPUT PARAMETERS FOR VEGAS:  NDIM=  4  NCALL=   99574272.
                              IT=    0  ITMX=   12
                              MDS= -1   ND=  42
   1     -0.5267044E-04 0.1753E-06 -0.5267044E-04 0.1753E-06  0.000    
   2     -0.5246054E-04 0.1748E-06 -0.5256560E-04 0.1238E-06 0.7192    
   3     -0.5252323E-04 0.1748E-06 -0.5255147E-04 0.1010E-06 0.3794    
   4     -0.5263036E-04 0.1751E-06 -0.5257121E-04 0.8749E-07 0.3036    
   5     -0.5247746E-04 0.1746E-06 -0.5255244E-04 0.7822E-07 0.2853    
   6     -0.5263820E-04 0.1750E-06 -0.5256676E-04 0.7141E-07 0.2682    
   7     -0.5259229E-04 0.1749E-06 -0.5257041E-04 0.6611E-07 0.2265    
   8     -0.5293131E-04 0.1756E-06 -0.5261575E-04 0.6187E-07 0.7277    
   9     -0.5243415E-04 0.1749E-06 -0.5259568E-04 0.5833E-07 0.7564    
  10     -0.5276234E-04 0.1753E-06 -0.5261239E-04 0.5535E-07 0.7628    
  11     -0.5276942E-04 0.1755E-06 -0.5262666E-04 0.5279E-07 0.7593    
  12     -0.5280756E-04 0.1754E-06 -0.5264178E-04 0.5055E-07 0.7790    
   
   
 [1;32mIntegral [P+K]=  -5.2641779080056137E-005 [0m+-   5.0548150157705887E-008
 with chisq    =  0.77899555104512241     
  
  
  
 [1;32mFor xq =         1100 [0m
  
 RM48 INITIALIZED:        40           0         0



 INPUT PARAMETERS FOR VEGAS:  NDIM=  4  NCALL=    9759362.
                              IT=    0  ITMX=    6
                              MDS= -1   ND=  47
   1     -0.2960937E-04 0.7094E-05 -0.2960937E-04 0.7094E-05  0.000    
   2     -0.3056167E-04 0.1180E-05 -0.3053756E-04 0.1147E-05 0.1701E-01
   3     -0.3183018E-04 0.4553E-06 -0.3167065E-04 0.4109E-06 0.5436    
   4     -0.3230017E-04 0.3753E-06 -0.3202976E-04 0.2729E-06 0.7875    
   5     -0.3256470E-04 0.3642E-06 -0.3223362E-04 0.2168E-06 0.9385    
   6     -0.3158478E-04 0.3527E-06 -0.3205414E-04 0.1845E-06  1.244    



 INPUT PARAMETERS FOR VEGAS:  NDIM=  4  NCALL=   99574272.
                              IT=    0  ITMX=   12
                              MDS= -1   ND=  42
   1     -0.3195106E-04 0.1096E-06 -0.3195106E-04 0.1096E-06  0.000    
   2     -0.3201269E-04 0.1099E-06 -0.3198186E-04 0.7761E-07 0.1577    
   3     -0.3212249E-04 0.1099E-06 -0.3202894E-04 0.6339E-07 0.6267    
   4     -0.3193931E-04 0.1096E-06 -0.3200656E-04 0.5487E-07 0.5850    
   5     -0.3203408E-04 0.1098E-06 -0.3201207E-04 0.4909E-07 0.4511    
   6     -0.3209739E-04 0.1102E-06 -0.3202626E-04 0.4484E-07 0.4610    
   7     -0.3209805E-04 0.1099E-06 -0.3203654E-04 0.4152E-07 0.4451    
   8     -0.3198170E-04 0.1093E-06 -0.3202965E-04 0.3882E-07 0.4130    
   9     -0.3199515E-04 0.1096E-06 -0.3202581E-04 0.3659E-07 0.3724    
  10     -0.3209626E-04 0.1099E-06 -0.3203287E-04 0.3472E-07 0.3721    
  11     -0.3234716E-04 0.1107E-06 -0.3206150E-04 0.3313E-07  1.079    
  12     -0.3213139E-04 0.1104E-06 -0.3206729E-04 0.3173E-07  1.015    
   
   
 [1;32mIntegral [P+K]=  -3.2067293156275063E-005 [0m+-   3.1730989874521570E-008
 with chisq    =   1.0145068525656362     
  
  
  
 [1;32mFor xq =         1200 [0m
  
 RM48 INITIALIZED:        40           0         0



 INPUT PARAMETERS FOR VEGAS:  NDIM=  4  NCALL=    9759362.
                              IT=    0  ITMX=    6
                              MDS= -1   ND=  47
   1     -0.1732704E-04 0.5205E-05 -0.1732704E-04 0.5205E-05  0.000    
   2     -0.1967249E-04 0.1145E-05 -0.1958760E-04 0.1059E-05 0.1710    
   3     -0.1997694E-04 0.3064E-06 -0.1995078E-04 0.2819E-06 0.1409    
   4     -0.2034089E-04 0.2424E-06 -0.2018762E-04 0.1798E-06 0.4650    
   5     -0.2007215E-04 0.2304E-06 -0.2014195E-04 0.1408E-06 0.3838    
   6     -0.1982947E-04 0.2261E-06 -0.2005250E-04 0.1193E-06 0.5856    



 INPUT PARAMETERS FOR VEGAS:  NDIM=  4  NCALL=   99574272.
                              IT=    0  ITMX=   12
                              MDS= -1   ND=  42
   1     -0.2017370E-04 0.7086E-07 -0.2017370E-04 0.7086E-07  0.000    
   2     -0.2019052E-04 0.7059E-07 -0.2018215E-04 0.5001E-07 0.2827E-01
   3     -0.2015226E-04 0.7074E-07 -0.2017221E-04 0.4084E-07 0.7363E-01
   4     -0.2010554E-04 0.7055E-07 -0.2015556E-04 0.3534E-07 0.2714    
   5     -0.2026231E-04 0.7073E-07 -0.2017707E-04 0.3162E-07 0.6616    
   6     -0.2017311E-04 0.7069E-07 -0.2017641E-04 0.2886E-07 0.5299    
   7     -0.2009765E-04 0.7072E-07 -0.2016524E-04 0.2672E-07 0.6182    
   8     -0.2021746E-04 0.7093E-07 -0.2017176E-04 0.2501E-07 0.5976    
   9     -0.2008664E-04 0.7046E-07 -0.2016231E-04 0.2357E-07 0.6844    
  10     -0.2023246E-04 0.7072E-07 -0.2016937E-04 0.2236E-07 0.7068    
  11     -0.2013662E-04 0.7060E-07 -0.2016639E-04 0.2131E-07 0.6558    
  12     -0.2018202E-04 0.7082E-07 -0.2016769E-04 0.2041E-07 0.6002    
   
   
 [1;32mIntegral [P+K]=  -2.0167691457502453E-005 [0m+-   2.0410090822636500E-008
 with chisq    =  0.60021199528416058     
  
  
  
 [1;32mFor xq =         1300 [0m
  
 RM48 INITIALIZED:        40           0         0



 INPUT PARAMETERS FOR VEGAS:  NDIM=  4  NCALL=    9759362.
                              IT=    0  ITMX=    6
                              MDS= -1   ND=  47
   1     -0.1302154E-04 0.2951E-05 -0.1302154E-04 0.2951E-05  0.000    
   2     -0.1288284E-04 0.5612E-06 -0.1288778E-04 0.5541E-06 0.2153E-02
   3     -0.1318481E-04 0.1859E-06 -0.1315570E-04 0.1745E-06 0.1291    
   4     -0.1293686E-04 0.1537E-06 -0.1303323E-04 0.1156E-06 0.3808    
   5     -0.1305861E-04 0.1496E-06 -0.1304277E-04 0.9142E-07 0.2896    
   6     -0.1277777E-04 0.1499E-06 -0.1297287E-04 0.7820E-07 0.6791    



 INPUT PARAMETERS FOR VEGAS:  NDIM=  4  NCALL=   99574272.
                              IT=    0  ITMX=   12
                              MDS= -1   ND=  42
   1     -0.1301243E-04 0.4649E-07 -0.1301243E-04 0.4649E-07  0.000    
   2     -0.1302042E-04 0.4665E-07 -0.1301641E-04 0.3293E-07 0.1468E-01
   3     -0.1302072E-04 0.4667E-07 -0.1301785E-04 0.2691E-07 0.1018E-01
   4     -0.1297632E-04 0.4638E-07 -0.1300744E-04 0.2327E-07 0.2061    
   5     -0.1299337E-04 0.4645E-07 -0.1300462E-04 0.2081E-07 0.1729    
   6     -0.1310367E-04 0.4677E-07 -0.1302119E-04 0.1901E-07 0.8944    
   7     -0.1311697E-04 0.4679E-07 -0.1303494E-04 0.1761E-07  1.349    
   8     -0.1310880E-04 0.4679E-07 -0.1304419E-04 0.1648E-07  1.469    
   9     -0.1302370E-04 0.4653E-07 -0.1304191E-04 0.1554E-07  1.308    
  10     -0.1306169E-04 0.4644E-07 -0.1304391E-04 0.1474E-07  1.180    
  11     -0.1304902E-04 0.4643E-07 -0.1304438E-04 0.1405E-07  1.063    
  12     -0.1302335E-04 0.4654E-07 -0.1304263E-04 0.1345E-07 0.9838    
   
   
 [1;32mIntegral [P+K]=  -1.3042627318141484E-005 [0m+-   1.3446033955208770E-008
 with chisq    =  0.98376706505145006     
  
  
  
 [1;32mFor xq =         1400 [0m
  
 RM48 INITIALIZED:        40           0         0



 INPUT PARAMETERS FOR VEGAS:  NDIM=  4  NCALL=    9759362.
                              IT=    0  ITMX=    6
                              MDS= -1   ND=  47
   1     -0.7322308E-05 0.1923E-05 -0.7322308E-05 0.1923E-05  0.000    
   2     -0.8040395E-05 0.3454E-06 -0.8021670E-05 0.3260E-06 0.1232    
   3     -0.8818333E-05 0.1361E-06 -0.8725091E-05 0.1173E-06  2.441    
   4     -0.8701614E-05 0.1078E-06 -0.8711511E-05 0.7762E-07  1.573    
   5     -0.8518799E-05 0.1021E-06 -0.8637949E-05 0.6145E-07  1.744    
   6     -0.8691522E-05 0.1019E-06 -0.8653232E-05 0.5237E-07  1.416    



 INPUT PARAMETERS FOR VEGAS:  NDIM=  4  NCALL=   99574272.
                              IT=    0  ITMX=   12
                              MDS= -1   ND=  42
   1     -0.8643807E-05 0.3152E-07 -0.8643807E-05 0.3152E-07  0.000    
   2     -0.8671153E-05 0.3157E-07 -0.8657501E-05 0.2231E-07 0.3757    
   3     -0.8642212E-05 0.3150E-07 -0.8652408E-05 0.1820E-07 0.2664    
   4     -0.8604726E-05 0.3140E-07 -0.8640511E-05 0.1575E-07 0.7502    
   5     -0.8563820E-05 0.3130E-07 -0.8625237E-05 0.1407E-07  1.749    
   6     -0.8600942E-05 0.3137E-07 -0.8621188E-05 0.1284E-07  1.500    
   7     -0.8630619E-05 0.3153E-07 -0.8622531E-05 0.1189E-07  1.263    
   8     -0.8679303E-05 0.3150E-07 -0.8629693E-05 0.1112E-07  1.491    
   9     -0.8667869E-05 0.3162E-07 -0.8633931E-05 0.1049E-07  1.466    
  10     -0.8644417E-05 0.3151E-07 -0.8634980E-05 0.9956E-08  1.314    
  11     -0.8661368E-05 0.3167E-07 -0.8637367E-05 0.9497E-08  1.246    
  12     -0.8626942E-05 0.3142E-07 -0.8636496E-05 0.9091E-08  1.142    
   
   
 [1;32mIntegral [P+K]=  -8.6364961500309023E-006 [0m+-   9.0913318390496102E-009
 with chisq    =   1.1417948845776333     
  
  
  
 [1;32mFor xq =         1500 [0m
  
 RM48 INITIALIZED:        40           0         0



 INPUT PARAMETERS FOR VEGAS:  NDIM=  4  NCALL=    9759362.
                              IT=    0  ITMX=    6
                              MDS= -1   ND=  47
   1     -0.6591249E-05 0.1797E-05 -0.6591249E-05 0.1797E-05  0.000    
   2     -0.6171501E-05 0.3208E-06 -0.6186216E-05 0.3260E-06 0.5608E-01
   3     -0.5705558E-05 0.9056E-07 -0.5747911E-05 0.9346E-07  1.093    
   4     -0.5854604E-05 0.7308E-07 -0.5811479E-05 0.5868E-07  1.012    
   5     -0.5894737E-05 0.7067E-07 -0.5844156E-05 0.4545E-07 0.9689    
   6     -0.5801736E-05 0.6989E-07 -0.5832282E-05 0.3831E-07 0.8351    



 INPUT PARAMETERS FOR VEGAS:  NDIM=  4  NCALL=   99574272.
                              IT=    0  ITMX=   12
                              MDS= -1   ND=  42
   1     -0.5813264E-05 0.2152E-07 -0.5813264E-05 0.2152E-07  0.000    
   2     -0.5805553E-05 0.2150E-07 -0.5809411E-05 0.1521E-07 0.6424E-01
   3     -0.5823146E-05 0.2153E-07 -0.5813999E-05 0.1242E-07 0.1680    
   4     -0.5855952E-05 0.2156E-07 -0.5824570E-05 0.1076E-07  1.066    
   5     -0.5807979E-05 0.2154E-07 -0.5821271E-05 0.9629E-08 0.9187    
   6     -0.5806720E-05 0.2155E-07 -0.5818859E-05 0.8791E-08 0.8113    
   7     -0.5855980E-05 0.2158E-07 -0.5824199E-05 0.8142E-08  1.102    
   8     -0.5834310E-05 0.2158E-07 -0.5825463E-05 0.7617E-08 0.9714    
   9     -0.5812875E-05 0.2150E-07 -0.5824064E-05 0.7180E-08 0.8883    
  10     -0.5814789E-05 0.2159E-07 -0.5823143E-05 0.6813E-08 0.8083    
  11     -0.5800768E-05 0.2148E-07 -0.5821112E-05 0.6494E-08 0.8259    
  12     -0.5776834E-05 0.2142E-07 -0.5817435E-05 0.6215E-08  1.103    
   
   
 [1;32mIntegral [P+K]=  -5.8174347985038811E-006 [0m+-   6.2148467651372362E-009
 with chisq    =   1.1031644022308675     
  
  
  
 [1;32mFor xq =         1600 [0m
  
 RM48 INITIALIZED:        40           0         0



 INPUT PARAMETERS FOR VEGAS:  NDIM=  4  NCALL=    9759362.
                              IT=    0  ITMX=    6
                              MDS= -1   ND=  47
   1     -0.5147174E-05 0.1513E-05 -0.5147174E-05 0.1513E-05  0.000    
   2     -0.3762626E-05 0.1582E-06 -0.3790365E-05 0.1876E-06  1.069    
   3     -0.4111429E-05 0.6512E-07 -0.4070811E-05 0.6484E-07  1.921    
   4     -0.3963581E-05 0.5009E-07 -0.4008783E-05 0.4113E-07  1.894    
   5     -0.4016671E-05 0.4952E-07 -0.4011765E-05 0.3205E-07  1.459    
   6     -0.4022501E-05 0.4827E-07 -0.4014827E-05 0.2688E-07  1.192    



 INPUT PARAMETERS FOR VEGAS:  NDIM=  4  NCALL=   99574272.
                              IT=    0  ITMX=   12
                              MDS= -1   ND=  42
   1     -0.3951845E-05 0.1486E-07 -0.3951845E-05 0.1486E-07  0.000    
   2     -0.3988705E-05 0.1493E-07 -0.3970353E-05 0.1053E-07  3.062    
   3     -0.4034995E-05 0.1503E-07 -0.3992108E-05 0.8625E-08  7.785    
   4     -0.3994791E-05 0.1499E-07 -0.3992776E-05 0.7476E-08  5.196    
   5     -0.3970904E-05 0.1491E-07 -0.3988419E-05 0.6683E-08  4.333    
   6     -0.4005836E-05 0.1501E-07 -0.3991321E-05 0.6105E-08  3.687    
   7     -0.3998628E-05 0.1494E-07 -0.3992370E-05 0.5652E-08  3.105    
   8     -0.4005068E-05 0.1499E-07 -0.3993960E-05 0.5288E-08  2.750    
   9     -0.3980769E-05 0.1492E-07 -0.3992496E-05 0.4984E-08  2.494    
  10     -0.3996581E-05 0.1497E-07 -0.3992904E-05 0.4729E-08  2.224    
  11     -0.4001601E-05 0.1497E-07 -0.3993696E-05 0.4510E-08  2.032    
  12     -0.3993913E-05 0.1495E-07 -0.3993714E-05 0.4318E-08  1.847    
   
   
 [1;32mIntegral [P+K]=  -3.9937143426057007E-006 [0m+-   4.3175705577084661E-009
 with chisq    =   1.8469570641363724     
  
  
  
 [1;32mFor xq =         1700 [0m
  
 RM48 INITIALIZED:        40           0         0



 INPUT PARAMETERS FOR VEGAS:  NDIM=  4  NCALL=    9759362.
                              IT=    0  ITMX=    6
                              MDS= -1   ND=  47
   1     -0.3051508E-05 0.6220E-06 -0.3051508E-05 0.6220E-06  0.000    
   2     -0.2748050E-05 0.9458E-07 -0.2756461E-05 0.9855E-07 0.2555    
   3     -0.2853381E-05 0.4204E-07 -0.2838015E-05 0.3901E-07 0.5409    
   4     -0.2836333E-05 0.3519E-07 -0.2837103E-05 0.2627E-07 0.3641    
   5     -0.2813986E-05 0.3433E-07 -0.2828795E-05 0.2094E-07 0.3455    
   6     -0.2796775E-05 0.3503E-07 -0.2820651E-05 0.1801E-07 0.3984    



 INPUT PARAMETERS FOR VEGAS:  NDIM=  4  NCALL=   99574272.
                              IT=    0  ITMX=   12
                              MDS= -1   ND=  42
   1     -0.2778726E-05 0.1072E-07 -0.2778726E-05 0.1072E-07  0.000    
   2     -0.2783091E-05 0.1072E-07 -0.2780912E-05 0.7579E-08 0.8292E-01
   3     -0.2770167E-05 0.1068E-07 -0.2777332E-05 0.6181E-08 0.3772    
   4     -0.2784875E-05 0.1071E-07 -0.2779225E-05 0.5353E-08 0.3756    
   5     -0.2777620E-05 0.1068E-07 -0.2778903E-05 0.4786E-08 0.2863    
   6     -0.2790179E-05 0.1070E-07 -0.2780796E-05 0.4369E-08 0.4148    
   7     -0.2785605E-05 0.1070E-07 -0.2781485E-05 0.4045E-08 0.3744    
   8     -0.2770151E-05 0.1068E-07 -0.2780073E-05 0.3783E-08 0.4611    
   9     -0.2783464E-05 0.1069E-07 -0.2780452E-05 0.3566E-08 0.4145    
  10     -0.2784123E-05 0.1069E-07 -0.2780820E-05 0.3383E-08 0.3802    
  11     -0.2786216E-05 0.1071E-07 -0.2781311E-05 0.3226E-08 0.3652    
  12     -0.2772196E-05 0.1069E-07 -0.2780555E-05 0.3088E-08 0.3925    
   
   
 [1;32mIntegral [P+K]=  -2.7805547606053616E-006 [0m+-   3.0881386402141300E-009
 with chisq    =  0.39245920507847204     
  
  
  
 [1;32mFor xq =         1800 [0m
  
 RM48 INITIALIZED:        40           0         0



 INPUT PARAMETERS FOR VEGAS:  NDIM=  4  NCALL=    9759362.
                              IT=    0  ITMX=    6
                              MDS= -1   ND=  47
   1     -0.1835078E-05 0.3862E-06 -0.1835078E-05 0.3862E-06  0.000    
   2     -0.1946349E-05 0.1090E-06 -0.1938993E-05 0.1024E-06 0.7296E-01
   3     -0.1916360E-05 0.3005E-07 -0.1918113E-05 0.2861E-07 0.5851E-01
   4     -0.1947101E-05 0.2529E-07 -0.1934734E-05 0.1880E-07 0.2323    
   5     -0.1921274E-05 0.2428E-07 -0.1929656E-05 0.1485E-07 0.2221    
   6     -0.1958312E-05 0.2441E-07 -0.1937664E-05 0.1266E-07 0.3827    



 INPUT PARAMETERS FOR VEGAS:  NDIM=  4  NCALL=   99574272.
                              IT=    0  ITMX=   12
                              MDS= -1   ND=  42
   1     -0.1962315E-05 0.7560E-08 -0.1962315E-05 0.7560E-08  0.000    
   2     -0.1947344E-05 0.7509E-08 -0.1954836E-05 0.5328E-08  1.974    
   3     -0.1968674E-05 0.7566E-08 -0.1959466E-05 0.4356E-08  2.106    
   4     -0.1971776E-05 0.7554E-08 -0.1962567E-05 0.3774E-08  2.068    
   5     -0.1966639E-05 0.7538E-08 -0.1963386E-05 0.3374E-08  1.608    
   6     -0.1960421E-05 0.7555E-08 -0.1962894E-05 0.3081E-08  1.313    
   7     -0.1972970E-05 0.7566E-08 -0.1964340E-05 0.2854E-08  1.348    
   8     -0.1948324E-05 0.7526E-08 -0.1962355E-05 0.2668E-08  1.716    
   9     -0.1977095E-05 0.7549E-08 -0.1964014E-05 0.2516E-08  1.928    
  10     -0.1964585E-05 0.7543E-08 -0.1964071E-05 0.2386E-08  1.714    
  11     -0.1964737E-05 0.7537E-08 -0.1964132E-05 0.2275E-08  1.543    
  12     -0.1955378E-05 0.7542E-08 -0.1963408E-05 0.2178E-08  1.515    
   
   
 [1;32mIntegral [P+K]=  -1.9634077197384339E-006 [0m+-   2.1782115792559933E-009
 with chisq    =   1.5153919055036582     
  
  
  
 [1;32mFor xq =         1900 [0m
  
 RM48 INITIALIZED:        40           0         0



 INPUT PARAMETERS FOR VEGAS:  NDIM=  4  NCALL=    9759362.
                              IT=    0  ITMX=    6
                              MDS= -1   ND=  47
   1     -0.9759120E-06 0.2086E-06 -0.9759120E-06 0.2086E-06  0.000    
   2     -0.1326984E-05 0.6783E-07 -0.1307996E-05 0.5791E-07  1.880    
   3     -0.1409778E-05 0.2231E-07 -0.1400412E-05 0.1888E-07  2.028    
   4     -0.1438883E-05 0.1866E-07 -0.1422532E-05 0.1279E-07  1.988    
   5     -0.1400276E-05 0.1775E-07 -0.1414173E-05 0.1027E-07  1.721    
   6     -0.1373793E-05 0.1732E-07 -0.1403060E-05 0.8799E-08  2.199    



 INPUT PARAMETERS FOR VEGAS:  NDIM=  4  NCALL=   99574272.
                              IT=    0  ITMX=   12
                              MDS= -1   ND=  42
   1     -0.1409251E-05 0.5463E-08 -0.1409251E-05 0.5463E-08  0.000    
   2     -0.1393627E-05 0.5444E-08 -0.1401500E-05 0.3856E-08  4.104    
   3     -0.1400854E-05 0.5466E-08 -0.1401285E-05 0.3151E-08  2.057    
   4     -0.1400058E-05 0.5463E-08 -0.1400979E-05 0.2730E-08  1.385    
   5     -0.1404865E-05 0.5469E-08 -0.1401758E-05 0.2442E-08  1.139    
   6     -0.1400624E-05 0.5452E-08 -0.1401568E-05 0.2229E-08 0.9184    
   7     -0.1401779E-05 0.5446E-08 -0.1401599E-05 0.2063E-08 0.7655    
   8     -0.1401764E-05 0.5457E-08 -0.1401619E-05 0.1930E-08 0.6563    
   9     -0.1404784E-05 0.5448E-08 -0.1401973E-05 0.1819E-08 0.6115    
  10     -0.1403688E-05 0.5468E-08 -0.1402145E-05 0.1726E-08 0.5533    
  11     -0.1407662E-05 0.5456E-08 -0.1402650E-05 0.1645E-08 0.5912    
  12     -0.1396945E-05 0.5443E-08 -0.1402176E-05 0.1575E-08 0.6287    
   
   
 [1;32mIntegral [P+K]=  -1.4021758881163835E-006 [0m+-   1.5750700485982139E-009
 with chisq    =  0.62873650191412811     
  
  
  
 [1;32mFor xq =         2000 [0m
  
 RM48 INITIALIZED:        40           0         0



 INPUT PARAMETERS FOR VEGAS:  NDIM=  4  NCALL=    9759362.
                              IT=    0  ITMX=    6
                              MDS= -1   ND=  47
   1     -0.7049608E-06 0.2183E-06 -0.7049608E-06 0.2183E-06  0.000    
   2     -0.9887401E-06 0.6238E-07 -0.9774306E-06 0.5309E-07  1.093    
   3     -0.1005079E-05 0.1636E-07 -0.1003286E-05 0.1433E-07 0.5996    
   4     -0.9955699E-06 0.1316E-07 -0.9987591E-06 0.9435E-08 0.4350    
   5     -0.1003996E-05 0.1302E-07 -0.1000741E-05 0.7556E-08 0.3444    
   6     -0.1027830E-05 0.1293E-07 -0.1008511E-05 0.6475E-08 0.9836    



 INPUT PARAMETERS FOR VEGAS:  NDIM=  4  NCALL=   99574272.
                              IT=    0  ITMX=   12
                              MDS= -1   ND=  42
   1     -0.1006063E-05 0.4005E-08 -0.1006063E-05 0.4005E-08  0.000    
   2     -0.1008908E-05 0.4006E-08 -0.1007489E-05 0.2832E-08 0.2523    
   3     -0.1002023E-05 0.3974E-08 -0.1005662E-05 0.2307E-08 0.7515    
   4     -0.1011357E-05 0.4001E-08 -0.1007094E-05 0.1998E-08  1.009    
   5     -0.1008307E-05 0.4012E-08 -0.1007336E-05 0.1789E-08 0.7750    
   6     -0.1006463E-05 0.4003E-08 -0.1007191E-05 0.1633E-08 0.6281    
   7     -0.1001817E-05 0.4003E-08 -0.1006431E-05 0.1512E-08 0.7797    
   8     -0.1008767E-05 0.4002E-08 -0.1006724E-05 0.1415E-08 0.7107    
   9     -0.1010093E-05 0.4002E-08 -0.1007100E-05 0.1334E-08 0.7005    
  10     -0.1006812E-05 0.4009E-08 -0.1007072E-05 0.1265E-08 0.6233    
  11     -0.1015318E-05 0.4014E-08 -0.1007828E-05 0.1207E-08 0.9492    
  12     -0.1003977E-05 0.3998E-08 -0.1007509E-05 0.1155E-08 0.9403    
   
   
 [1;32mIntegral [P+K]=  -1.0075089465896776E-006 [0m+-   1.1554294498183197E-009
 with chisq    =  0.94028678705139290     
  
  
  
 [1;32mFor xq =         2100 [0m
  
 RM48 INITIALIZED:        40           0         0



 INPUT PARAMETERS FOR VEGAS:  NDIM=  4  NCALL=    9759362.
                              IT=    0  ITMX=    6
                              MDS= -1   ND=  47
   1     -0.7727920E-06 0.2054E-06 -0.7727920E-06 0.2054E-06  0.000    
   2     -0.8024498E-06 0.4360E-07 -0.8012606E-06 0.4194E-07 0.1925E-01
   3     -0.7489142E-06 0.1108E-07 -0.7526645E-06 0.1104E-07 0.7572    
   4     -0.7295637E-06 0.9622E-08 -0.7402227E-06 0.7394E-08  1.328    
   5     -0.7400935E-06 0.9509E-08 -0.7401759E-06 0.5869E-08  1.009    
   6     -0.7420024E-06 0.9407E-08 -0.7406710E-06 0.4992E-08 0.8182    



 INPUT PARAMETERS FOR VEGAS:  NDIM=  4  NCALL=   99574272.
                              IT=    0  ITMX=   12
                              MDS= -1   ND=  42
   1     -0.7287122E-06 0.2904E-08 -0.7287122E-06 0.2904E-08  0.000    
   2     -0.7319498E-06 0.2916E-08 -0.7303313E-06 0.2058E-08 0.6190    
   3     -0.7301370E-06 0.2915E-08 -0.7302667E-06 0.1681E-08 0.3110    
   4     -0.7317871E-06 0.2915E-08 -0.7306473E-06 0.1456E-08 0.2753    
   5     -0.7366962E-06 0.2928E-08 -0.7318629E-06 0.1304E-08  1.070    
   6     -0.7351070E-06 0.2925E-08 -0.7324046E-06 0.1191E-08  1.061    
   7     -0.7332686E-06 0.2922E-08 -0.7325279E-06 0.1103E-08 0.8965    
   8     -0.7330156E-06 0.2921E-08 -0.7325889E-06 0.1032E-08 0.7718    
   9     -0.7327660E-06 0.2920E-08 -0.7326085E-06 0.9728E-09 0.6757    
  10     -0.7312205E-06 0.2919E-08 -0.7324703E-06 0.9229E-09 0.6234    
  11     -0.7332367E-06 0.2919E-08 -0.7325401E-06 0.8799E-09 0.5672    
  12     -0.7379149E-06 0.2935E-08 -0.7329894E-06 0.8429E-09 0.7982    
   
   
 [1;32mIntegral [P+K]=  -7.3298935663292488E-007 [0m+-   8.4286993697840026E-010
 with chisq    =  0.79818008047282385     
  
  
  
 [1;32mFor xq =         2200 [0m
  
 RM48 INITIALIZED:        40           0         0



 INPUT PARAMETERS FOR VEGAS:  NDIM=  4  NCALL=    9759362.
                              IT=    0  ITMX=    6
                              MDS= -1   ND=  47
   1     -0.3186228E-06 0.5295E-07 -0.3186228E-06 0.5295E-07  0.000    
   2     -0.5409531E-06 0.2343E-07 -0.5268093E-06 0.1861E-07  8.503    
   3     -0.5302064E-06 0.8094E-08 -0.5298086E-06 0.6806E-08  3.735    
   4     -0.5378836E-06 0.7086E-08 -0.5341889E-06 0.4765E-08  2.562    
   5     -0.5225611E-06 0.6821E-08 -0.5300506E-06 0.3874E-08  2.388    
   6     -0.5482541E-06 0.6956E-08 -0.5350323E-06 0.3360E-08  3.011    



 INPUT PARAMETERS FOR VEGAS:  NDIM=  4  NCALL=   99574272.
                              IT=    0  ITMX=   12
                              MDS= -1   ND=  42
   1     -0.5412551E-06 0.2179E-08 -0.5412551E-06 0.2179E-08  0.000    
   2     -0.5373367E-06 0.2183E-08 -0.5393143E-06 0.1542E-08  1.614    
   3     -0.5334747E-06 0.2164E-08 -0.5373758E-06 0.1256E-08  3.209    
   4     -0.5328703E-06 0.2187E-08 -0.5362723E-06 0.1089E-08  3.203    
   5     -0.5405225E-06 0.2189E-08 -0.5371268E-06 0.9751E-09  3.158    
   6     -0.5374636E-06 0.2172E-08 -0.5371833E-06 0.8896E-09  2.530    
   7     -0.5384291E-06 0.2198E-08 -0.5373594E-06 0.8246E-09  2.153    
   8     -0.5379051E-06 0.2180E-08 -0.5374278E-06 0.7713E-09  1.853    
   9     -0.5395637E-06 0.2192E-08 -0.5376649E-06 0.7275E-09  1.726    
  10     -0.5414959E-06 0.2200E-08 -0.5380474E-06 0.6908E-09  1.839    
  11     -0.5358932E-06 0.2171E-08 -0.5378509E-06 0.6582E-09  1.745    
  12     -0.5390205E-06 0.2172E-08 -0.5379497E-06 0.6299E-09  1.610    
   
   
 [1;32mIntegral [P+K]=  -5.3794966574027082E-007 [0m+-   6.2994608780789231E-010
 with chisq    =   1.6102020014830174     
  
  
  
 [1;32mFor xq =         2300 [0m
  
 RM48 INITIALIZED:        40           0         0



 INPUT PARAMETERS FOR VEGAS:  NDIM=  4  NCALL=    9759362.
                              IT=    0  ITMX=    6
                              MDS= -1   ND=  47
   1     -0.4470071E-06 0.1550E-06 -0.4470071E-06 0.1550E-06  0.000    
   2     -0.3667777E-06 0.1979E-07 -0.3686738E-06 0.2180E-07 0.3126    
   3     -0.3983622E-06 0.7377E-08 -0.3951659E-06 0.7092E-08  1.001    
   4     -0.3979096E-06 0.5463E-08 -0.3968637E-06 0.4359E-08 0.7045    
   5     -0.4009069E-06 0.5254E-08 -0.3984990E-06 0.3359E-08 0.6170    
   6     -0.3964688E-06 0.5194E-08 -0.3979139E-06 0.2826E-08 0.5174    



 INPUT PARAMETERS FOR VEGAS:  NDIM=  4  NCALL=   99574272.
                              IT=    0  ITMX=   12
                              MDS= -1   ND=  42
   1     -0.4021725E-06 0.1625E-08 -0.4021725E-06 0.1625E-08  0.000    
   2     -0.4008901E-06 0.1628E-08 -0.4015346E-06 0.1150E-08 0.3108    
   3     -0.3973057E-06 0.1614E-08 -0.4001308E-06 0.9368E-09  2.416    
   4     -0.3977004E-06 0.1614E-08 -0.3995239E-06 0.8102E-09  2.178    
   5     -0.3987299E-06 0.1614E-08 -0.3993646E-06 0.7241E-09  1.683    
   6     -0.3951798E-06 0.1608E-08 -0.3986717E-06 0.6603E-09  2.461    
   7     -0.3961841E-06 0.1613E-08 -0.3983186E-06 0.6111E-09  2.391    
   8     -0.3977524E-06 0.1617E-08 -0.3982480E-06 0.5716E-09  2.065    
   9     -0.3986197E-06 0.1616E-08 -0.3982894E-06 0.5389E-09  1.813    
  10     -0.3961233E-06 0.1613E-08 -0.3980739E-06 0.5111E-09  1.792    
  11     -0.3959184E-06 0.1605E-08 -0.3978774E-06 0.4870E-09  1.776    
  12     -0.3962063E-06 0.1610E-08 -0.3977384E-06 0.4662E-09  1.705    
   
   
 [1;32mIntegral [P+K]=  -3.9773844115628131E-007 [0m+-   4.6619558075521555E-010
 with chisq    =   1.7050543430746019     
  
  
  
 [1;32mFor xq =         2400 [0m
  
 RM48 INITIALIZED:        40           0         0



 INPUT PARAMETERS FOR VEGAS:  NDIM=  4  NCALL=    9759362.
                              IT=    0  ITMX=    6
                              MDS= -1   ND=  47
   1     -0.2631279E-06 0.8155E-07 -0.2631279E-06 0.8155E-07  0.000    
   2     -0.2931189E-06 0.1530E-07 -0.2922917E-06 0.1434E-07 0.1174    
   3     -0.2888559E-06 0.4791E-08 -0.2891791E-06 0.4452E-08 0.8263E-01
   4     -0.2924433E-06 0.3978E-08 -0.2910524E-06 0.2933E-08 0.1550    
   5     -0.2946994E-06 0.3954E-08 -0.2924055E-06 0.2343E-08 0.2560    
   6     -0.3013321E-06 0.3935E-08 -0.2949179E-06 0.2003E-08  1.004    



 INPUT PARAMETERS FOR VEGAS:  NDIM=  4  NCALL=   99574272.
                              IT=    0  ITMX=   12
                              MDS= -1   ND=  42
   1     -0.2960252E-06 0.1210E-08 -0.2960252E-06 0.1210E-08  0.000    
   2     -0.2955733E-06 0.1215E-08 -0.2958004E-06 0.8573E-09 0.6946E-01
   3     -0.2955213E-06 0.1212E-08 -0.2957075E-06 0.7000E-09 0.5240E-01
   4     -0.2950717E-06 0.1210E-08 -0.2955487E-06 0.6059E-09 0.1038    
   5     -0.2963854E-06 0.1214E-08 -0.2957162E-06 0.5422E-09 0.1731    
   6     -0.2936248E-06 0.1207E-08 -0.2953691E-06 0.4946E-09 0.6338    
   7     -0.2940992E-06 0.1207E-08 -0.2951880E-06 0.4577E-09 0.6857    
   8     -0.2940329E-06 0.1211E-08 -0.2950446E-06 0.4281E-09 0.7014    
   9     -0.2947659E-06 0.1212E-08 -0.2950137E-06 0.4037E-09 0.6197    
  10     -0.2943835E-06 0.1207E-08 -0.2949506E-06 0.3828E-09 0.5783    
  11     -0.2941072E-06 0.1207E-08 -0.2948738E-06 0.3649E-09 0.5649    
  12     -0.2945480E-06 0.1211E-08 -0.2948468E-06 0.3494E-09 0.5197    
   
   
 [1;32mIntegral [P+K]=  -2.9484678539079152E-007 [0m+-   3.4939361284124776E-010
 with chisq    =  0.51965087382408859     
  
  
  
 [1;32mFor xq =         2500 [0m
  
 RM48 INITIALIZED:        40           0         0



 INPUT PARAMETERS FOR VEGAS:  NDIM=  4  NCALL=    9759362.
                              IT=    0  ITMX=    6
                              MDS= -1   ND=  47
   1     -0.1804605E-06 0.4058E-07 -0.1804605E-06 0.4058E-07  0.000    
   2     -0.2282475E-06 0.1119E-07 -0.2260779E-06 0.9857E-08  1.019    
   3     -0.2210657E-06 0.3630E-08 -0.2215926E-06 0.3277E-08 0.5944    
   4     -0.2230250E-06 0.3068E-08 -0.2223954E-06 0.2204E-08 0.4196    
   5     -0.2249334E-06 0.2989E-08 -0.2233476E-06 0.1760E-08 0.4301    
   6     -0.2208004E-06 0.2911E-08 -0.2226446E-06 0.1503E-08 0.4564    



 INPUT PARAMETERS FOR VEGAS:  NDIM=  4  NCALL=   99574272.
                              IT=    0  ITMX=   12
                              MDS= -1   ND=  42
   1     -0.2201638E-06 0.9165E-09 -0.2201638E-06 0.9165E-09  0.000    
   2     -0.2220135E-06 0.9230E-09 -0.2210898E-06 0.6504E-09  2.022    
   3     -0.2193087E-06 0.9210E-09 -0.2205036E-06 0.5313E-09  2.257    
   4     -0.2205372E-06 0.9228E-09 -0.2205119E-06 0.4604E-09  1.505    
   5     -0.2201580E-06 0.9189E-09 -0.2204411E-06 0.4116E-09  1.159    
   6     -0.2195689E-06 0.9182E-09 -0.2202961E-06 0.3756E-09  1.078    
   7     -0.2197859E-06 0.9159E-09 -0.2202229E-06 0.3475E-09 0.9431    
   8     -0.2210266E-06 0.9197E-09 -0.2203240E-06 0.3251E-09 0.9036    
   9     -0.2207673E-06 0.9180E-09 -0.2203736E-06 0.3064E-09 0.8163    
  10     -0.2196412E-06 0.9272E-09 -0.2203019E-06 0.2910E-09 0.7882    
  11     -0.2212845E-06 0.9337E-09 -0.2203896E-06 0.2778E-09 0.8105    
  12     -0.2209300E-06 0.9193E-09 -0.2204350E-06 0.2659E-09 0.7654    
   
   
 [1;32mIntegral [P+K]=  -2.2043497547017710E-007 [0m+-   2.6591554442968187E-010
 with chisq    =  0.76542232164369883     
  
  
  
 [1;32mFor xq =         2600 [0m
  
 RM48 INITIALIZED:        40           0         0



 INPUT PARAMETERS FOR VEGAS:  NDIM=  4  NCALL=    9759362.
                              IT=    0  ITMX=    6
                              MDS= -1   ND=  47
   1     -0.1673150E-06 0.3082E-07 -0.1673150E-06 0.3082E-07  0.000    
   2     -0.1744629E-06 0.7245E-08 -0.1741173E-06 0.6924E-08 0.4904E-01
   3     -0.1673379E-06 0.2720E-08 -0.1682778E-06 0.2560E-08 0.4435    
   4     -0.1665675E-06 0.2279E-08 -0.1673395E-06 0.1712E-08 0.3808    
   5     -0.1672131E-06 0.2221E-08 -0.1672930E-06 0.1358E-08 0.2873    
   6     -0.1651634E-06 0.2218E-08 -0.1667292E-06 0.1161E-08 0.3624    



 INPUT PARAMETERS FOR VEGAS:  NDIM=  4  NCALL=   99574272.
                              IT=    0  ITMX=   12
                              MDS= -1   ND=  42
   1     -0.1658457E-06 0.6896E-09 -0.1658457E-06 0.6896E-09  0.000    
   2     -0.1674251E-06 0.6963E-09 -0.1666353E-06 0.4900E-09  2.598    
   3     -0.1660861E-06 0.6898E-09 -0.1664519E-06 0.3995E-09  1.512    
   4     -0.1649083E-06 0.6876E-09 -0.1660678E-06 0.3454E-09  2.257    
   5     -0.1673946E-06 0.6951E-09 -0.1663340E-06 0.3093E-09  2.425    
   6     -0.1654996E-06 0.6894E-09 -0.1661953E-06 0.2822E-09  2.185    
   7     -0.1665926E-06 0.6920E-09 -0.1662522E-06 0.2613E-09  1.867    
   8     -0.1664706E-06 0.6918E-09 -0.1662795E-06 0.2445E-09  1.612    
   9     -0.1652816E-06 0.6873E-09 -0.1661686E-06 0.2303E-09  1.644    
  10     -0.1649201E-06 0.6883E-09 -0.1660446E-06 0.2184E-09  1.789    
  11     -0.1653608E-06 0.6890E-09 -0.1659826E-06 0.2082E-09  1.700    
  12     -0.1656708E-06 0.6902E-09 -0.1659567E-06 0.1993E-09  1.563    
   
   
 [1;32mIntegral [P+K]=  -1.6595670884690593E-007 [0m+-   1.9934335533567042E-010
 with chisq    =   1.5628073904685855     
  
  
  
 [1;32mFor xq =         2700 [0m
  
 RM48 INITIALIZED:        40           0         0



 INPUT PARAMETERS FOR VEGAS:  NDIM=  4  NCALL=    9759362.
                              IT=    0  ITMX=    6
                              MDS= -1   ND=  47
   1     -0.1350931E-06 0.3413E-07 -0.1350931E-06 0.3413E-07  0.000    
   2     -0.1291107E-06 0.5487E-08 -0.1292754E-06 0.5537E-08 0.3123E-01
   3     -0.1241703E-06 0.2055E-08 -0.1248590E-06 0.1994E-08 0.3988    
   4     -0.1230786E-06 0.1714E-08 -0.1238800E-06 0.1321E-08 0.4223    
   5     -0.1244862E-06 0.1661E-08 -0.1241071E-06 0.1039E-08 0.3401    
   6     -0.1250370E-06 0.1710E-08 -0.1243515E-06 0.8897E-09 0.3160    



 INPUT PARAMETERS FOR VEGAS:  NDIM=  4  NCALL=   99574272.
                              IT=    0  ITMX=   12
                              MDS= -1   ND=  42
   1     -0.1249688E-06 0.5280E-09 -0.1249688E-06 0.5280E-09  0.000    
   2     -0.1256870E-06 0.5291E-09 -0.1253292E-06 0.3737E-09 0.9231    
   3     -0.1247488E-06 0.5272E-09 -0.1251363E-06 0.3049E-09 0.8650    
   4     -0.1248470E-06 0.5268E-09 -0.1250639E-06 0.2639E-09 0.6525    
   5     -0.1243773E-06 0.5257E-09 -0.1249270E-06 0.2358E-09 0.8289    
   6     -0.1245987E-06 0.5275E-09 -0.1248725E-06 0.2153E-09 0.7280    
   7     -0.1253535E-06 0.5279E-09 -0.1249416E-06 0.1994E-09 0.7253    
   8     -0.1244055E-06 0.5239E-09 -0.1248743E-06 0.1863E-09 0.7522    
   9     -0.1255364E-06 0.5289E-09 -0.1249481E-06 0.1757E-09 0.8331    
  10     -0.1249462E-06 0.5274E-09 -0.1249479E-06 0.1667E-09 0.7405    
  11     -0.1243004E-06 0.5268E-09 -0.1248895E-06 0.1590E-09 0.8033    
  12     -0.1251697E-06 0.5276E-09 -0.1249129E-06 0.1522E-09 0.7536    
   
   
 [1;32mIntegral [P+K]=  -1.2491291261212448E-007 [0m+-   1.5220079200047185E-010
 with chisq    =  0.75358263141441661     
  
  
  
 [1;32mFor xq =         2800 [0m
  
 RM48 INITIALIZED:        40           0         0



 INPUT PARAMETERS FOR VEGAS:  NDIM=  4  NCALL=    9759362.
                              IT=    0  ITMX=    6
                              MDS= -1   ND=  47
   1     -0.7551402E-07 0.2116E-07 -0.7551402E-07 0.2116E-07  0.000    
   2     -0.9494050E-07 0.4361E-08 -0.9443203E-07 0.3888E-08 0.6364    
   3     -0.9337911E-07 0.1557E-08 -0.9350467E-07 0.1383E-08 0.3301    
   4     -0.9543162E-07 0.1324E-08 -0.9458348E-07 0.9366E-09 0.5590    
   5     -0.9499478E-07 0.1314E-08 -0.9473177E-07 0.7571E-09 0.4273    
   6     -0.9511000E-07 0.1282E-08 -0.9483583E-07 0.6493E-09 0.3504    



 INPUT PARAMETERS FOR VEGAS:  NDIM=  4  NCALL=   99574272.
                              IT=    0  ITMX=   12
                              MDS= -1   ND=  42
   1     -0.9464861E-07 0.3978E-09 -0.9464861E-07 0.3978E-09  0.000    
   2     -0.9458758E-07 0.3985E-09 -0.9461817E-07 0.2815E-09 0.1175E-01
   3     -0.9409648E-07 0.3976E-09 -0.9444524E-07 0.2298E-09 0.5771    
   4     -0.9523266E-07 0.4009E-09 -0.9464242E-07 0.1993E-09  1.359    
   5     -0.9512848E-07 0.4003E-09 -0.9473979E-07 0.1784E-09  1.315    
   6     -0.9431145E-07 0.3987E-09 -0.9466885E-07 0.1629E-09  1.244    
   7     -0.9546093E-07 0.4000E-09 -0.9478314E-07 0.1509E-09  1.602    
   8     -0.9463312E-07 0.4002E-09 -0.9476453E-07 0.1412E-09  1.391    
   9     -0.9478823E-07 0.3991E-09 -0.9476716E-07 0.1331E-09  1.217    
  10     -0.9463191E-07 0.3997E-09 -0.9475370E-07 0.1263E-09  1.094    
  11     -0.9503842E-07 0.3979E-09 -0.9477989E-07 0.1204E-09  1.031    
  12     -0.9528165E-07 0.3999E-09 -0.9482197E-07 0.1152E-09  1.069    
   
   
 [1;32mIntegral [P+K]=  -9.4821966065747765E-008 [0m+-   1.1524524932090937E-010
 with chisq    =   1.0686056464872740     
  
  
  
 [1;32mFor xq =         2900 [0m
  
 RM48 INITIALIZED:        40           0         0



 INPUT PARAMETERS FOR VEGAS:  NDIM=  4  NCALL=    9759362.
                              IT=    0  ITMX=    6
                              MDS= -1   ND=  47
   1     -0.5921169E-07 0.1504E-07 -0.5921169E-07 0.1504E-07  0.000    
   2     -0.7200405E-07 0.3782E-08 -0.7147926E-07 0.3390E-08 0.5601    
   3     -0.7215622E-07 0.1235E-08 -0.7208874E-07 0.1105E-08 0.2795    
   4     -0.7154556E-07 0.9923E-09 -0.7177468E-07 0.7272E-09 0.2269    
   5     -0.7183954E-07 0.9944E-09 -0.7179850E-07 0.5833E-09 0.1681    
   6     -0.7228815E-07 0.9727E-09 -0.7193555E-07 0.4983E-09 0.1716    



 INPUT PARAMETERS FOR VEGAS:  NDIM=  4  NCALL=   99574272.
                              IT=    0  ITMX=   12
                              MDS= -1   ND=  42
   1     -0.7147909E-07 0.3023E-09 -0.7147909E-07 0.3023E-09  0.000    
   2     -0.7183048E-07 0.3025E-09 -0.7165553E-07 0.2138E-09 0.6751    
   3     -0.7198622E-07 0.3034E-09 -0.7176594E-07 0.1748E-09 0.7345    
   4     -0.7169647E-07 0.3023E-09 -0.7174856E-07 0.1513E-09 0.5031    
   5     -0.7176980E-07 0.3018E-09 -0.7175283E-07 0.1353E-09 0.3783    
   6     -0.7189531E-07 0.3027E-09 -0.7177662E-07 0.1235E-09 0.3394    
   7     -0.7227258E-07 0.3031E-09 -0.7184809E-07 0.1144E-09 0.6688    
   8     -0.7190483E-07 0.3021E-09 -0.7185521E-07 0.1070E-09 0.5776    
   9     -0.7157252E-07 0.3018E-09 -0.7182389E-07 0.1008E-09 0.6027    
  10     -0.7144122E-07 0.3020E-09 -0.7178589E-07 0.9563E-10 0.6954    
  11     -0.7134156E-07 0.3008E-09 -0.7174555E-07 0.9114E-10 0.8227    
  12     -0.7201852E-07 0.3031E-09 -0.7176835E-07 0.8728E-10 0.8155    
   
   
 [1;32mIntegral [P+K]=  -7.1768348605916895E-008 [0m+-   8.7277249244528305E-011
Thanks for using LHAPDF 6.5.4. Please make sure to cite the paper:
  Eur.Phys.J. C75 (2015) 3, 132  (http://arxiv.org/abs/1412.7420)
 with chisq    =  0.81553255471351960     
  
  
  
 [1;32mFor xq =         3000 [0m
  
 RM48 INITIALIZED:        40           0         0



 INPUT PARAMETERS FOR VEGAS:  NDIM=  4  NCALL=    9759362.
                              IT=    0  ITMX=    6
                              MDS= -1   ND=  47
   1     -0.5038481E-07 0.1099E-07 -0.5038481E-07 0.1099E-07  0.000    
   2     -0.5408498E-07 0.2514E-08 -0.5392409E-07 0.2376E-08 0.1008    
   3     -0.5589281E-07 0.9895E-09 -0.5563362E-07 0.8826E-09 0.3325    
   4     -0.5627091E-07 0.8123E-09 -0.5599454E-07 0.5889E-09 0.3118    
   5     -0.5476438E-07 0.7771E-09 -0.5553997E-07 0.4686E-09 0.6343    
   6     -0.5483493E-07 0.7560E-09 -0.5534161E-07 0.3979E-09 0.6329    



 INPUT PARAMETERS FOR VEGAS:  NDIM=  4  NCALL=   99574272.
                              IT=    0  ITMX=   12
                              MDS= -1   ND=  42
   1     -0.5499687E-07 0.2325E-09 -0.5499687E-07 0.2325E-09  0.000    
   2     -0.5471260E-07 0.2317E-09 -0.5485497E-07 0.1641E-09 0.7498    
   3     -0.5482012E-07 0.2315E-09 -0.5484332E-07 0.1339E-09 0.3826    
   4     -0.5495039E-07 0.2326E-09 -0.5487005E-07 0.1161E-09 0.3079    
   5     -0.5472048E-07 0.2319E-09 -0.5484022E-07 0.1038E-09 0.3141    
   6     -0.5502989E-07 0.2328E-09 -0.5487184E-07 0.9479E-10 0.3622    
   7     -0.5449332E-07 0.2315E-09 -0.5481815E-07 0.8772E-10 0.6802    
   8     -0.5470696E-07 0.2326E-09 -0.5480435E-07 0.8208E-10 0.6118    
   9     -0.5477713E-07 0.2320E-09 -0.5480133E-07 0.7738E-10 0.5369    
  10     -0.5491597E-07 0.2317E-09 -0.5481288E-07 0.7340E-10 0.5016    
  11     -0.5448611E-07 0.2304E-09 -0.5478309E-07 0.6993E-10 0.6328    
  12     -0.5454811E-07 0.2315E-09 -0.5476360E-07 0.6695E-10 0.6609    
   
   
 [1;32mIntegral [P+K]=  -5.4763596192470579E-008 [0m+-   6.6945572232110320E-011
 with chisq    =  0.66092153490482897     
  
  
 [1;32m   xq    Integral PK                     error[0m
    100     -0.139704347841446E+01      0.577511412103173E-03
    200     -0.817015534513500E-01      0.449245024016912E-04
    300     -0.144950022926389E-01      0.934585101930878E-05
    400     -0.408427928095543E-02      0.293017971907815E-05
    500     -0.149401525434681E-02      0.115763538070142E-05
    600     -0.640775337378890E-03      0.528575537976487E-06
    700     -0.309090684115441E-03      0.267722481459846E-06
    800     -0.161454442130002E-03      0.145056267304135E-06
    900     -0.897445034947718E-04      0.840213818722918E-07
   1000     -0.526417790800561E-04      0.505481501577059E-07
   1100     -0.320672931562751E-04      0.317309898745216E-07
   1200     -0.201676914575025E-04      0.204100908226365E-07
   1300     -0.130426273181415E-04      0.134460339552088E-07
   1400     -0.863649615003090E-05      0.909133183904961E-08
   1500     -0.581743479850388E-05      0.621484676513724E-08
   1600     -0.399371434260570E-05      0.431757055770847E-08
   1700     -0.278055476060536E-05      0.308813864021413E-08
   1800     -0.196340771973843E-05      0.217821157925599E-08
   1900     -0.140217588811638E-05      0.157507004859821E-08
   2000     -0.100750894658968E-05      0.115542944981832E-08
   2100     -0.732989356632925E-06      0.842869936978400E-09
   2200     -0.537949665740271E-06      0.629946087807892E-09
   2300     -0.397738441156281E-06      0.466195580755216E-09
   2400     -0.294846785390792E-06      0.349393612841248E-09
   2500     -0.220434975470177E-06      0.265915544429682E-09
   2600     -0.165956708846906E-06      0.199343355335670E-09
   2700     -0.124912912612124E-06      0.152200792000472E-09
   2800     -0.948219660657478E-07      0.115245249320909E-09
   2900     -0.717683486059169E-07      0.872772492445283E-10
   3000     -0.547635961924706E-07      0.669455722321103E-10
