 ____________________
 machine         = LHC                      
 machine id      =            1
 ecm             =    13000.000000000000     
 ____________________
  
 ______VEGAS_______
 pts1      =       100000
 its1      =            6
 pts2      =      5000000
 its2      =            6
 pts3      =     10000000
 its3      =            6
 _________________ 
  
 ______MODEL_________
 crosssec                =   0.0000000000000000     
 model                   =            0
 SM B/G for model        =           1
 nf                      =            5
 ipdfs1                  =           52
 LO L_QCD5               =   0.22600000000000001     
 ipdfs2                  =           52
 NLO L_QCD5              =   0.22600000000000001     
 ____________________
  
 ______LO/NLO________
 iorder     =            0
 id        =            0
 imin      =            1
 imax      =            1
 icorr     =            0
 afac      =    100.00000000000000     
 mqmin     =            5
 mqmax     =            5
 mfmin     =            2
 mfmax     =            2
 mr        =            2
 aqstep    =    100.00000000000000     
 xeps      =   0.50000000000000000     
 ___________________
  
 E_T iso         =   15.000000000000000     
 cone radius     =  0.40000000000000002     
 R_gg            =  0.40000000000000002     
 n in H(R)       =           2
 ___________________
  
  
 iset=          52
 LO L_QCD5=  0.22600000000000001     
 ______ALPHAS________
 Alphas at Z mass
 Z mass   :   91.189999999999998     
 one loop :  0.13658721691497772     
 two loop :  0.11798111905622080     
 ___________________
 M1 =   500.00000000000000     
 QF =   500.00000000000000     
 Q_low    499.50000000000000       Q_high    500.50000000000000     
 SM model distributions
 SM    qqb   LO--LO PDFs 
 RM48 INITIALIZED:        40           0         0



 INPUT PARAMETERS FOR VEGAS:  NDIM=  3  NCALL=      93312.
                              IT=    0  ITMX=    6
                              MDS= -1   ND=  36
   1      0.1230166E-02 0.1118E-02  0.1230166E-02 0.1118E-02  0.000    
   2      0.2264146E-03 0.7918E-04  0.3558164E-03 0.2887E-03  1.357    
   3      0.2411858E-03 0.4308E-04  0.2676049E-03 0.1152E-03  1.069    
   4      0.2001651E-03 0.2989E-04  0.2322581E-03 0.6970E-04  1.005    
   5      0.2072990E-03 0.2216E-04  0.2196413E-03 0.4440E-04 0.9386    
   6      0.2120801E-03 0.1667E-04  0.2159867E-03 0.2952E-04 0.8812    



 INPUT PARAMETERS FOR VEGAS:  NDIM=  3  NCALL=     949104.
                              IT=    0  ITMX=   12
                              MDS= -1   ND=  39
   1      0.4481100E-03 0.1673E-03  0.4481100E-03 0.1673E-03  0.000    
   2      0.6148359E-03 0.1800E-03  0.5513582E-03 0.1239E-03 0.4267    
   3      0.3799471E-03 0.1012E-03  0.4779667E-03 0.8553E-04 0.7478    
   4      0.4173300E-03 0.9721E-04  0.4562165E-03 0.6608E-04 0.6003    
   5      0.4958013E-03 0.1128E-03  0.4670341E-03 0.5686E-04 0.4658    
   6      0.3205214E-03 0.7467E-04  0.4367460E-03 0.4827E-04 0.7125    
   7      0.4087128E-03 0.8284E-04  0.4307319E-03 0.4218E-04 0.6232    
   8      0.2765025E-03 0.3829E-04  0.3821637E-03 0.3353E-04  1.231    
   9      0.3675506E-03 0.7682E-04  0.3803894E-03 0.3094E-04  1.114    
  10      0.4410513E-03 0.2084E-03  0.3817973E-03 0.3070E-04 0.9927    
  11      0.3811295E-03 0.7525E-04  0.3817189E-03 0.2858E-04 0.9101    
  12      0.3719283E-03 0.5310E-04  0.3799250E-03 0.2558E-04 0.8452    
 SM    qg    LO--LO PDFs 
 SM    gg    LO--LO PDFs 
 RM48 INITIALIZED:        40           0         0



 INPUT PARAMETERS FOR VEGAS:  NDIM=  3  NCALL=      93312.
                              IT=    0  ITMX=    6
                              MDS= -1   ND=  36
   1      0.7681459E-04 0.6776E-04  0.7681459E-04 0.6776E-04  0.000    
   2      0.1320844E-04 0.4282E-05  0.2077814E-04 0.1677E-04  1.508    
   3      0.1604074E-04 0.2835E-05  0.1723553E-04 0.7021E-05  1.128    
   4      0.2420615E-04 0.3231E-05  0.2118992E-04 0.4181E-05  1.145    
   5      0.1867296E-04 0.2020E-05  0.2002326E-04 0.2807E-05  1.072    
   6      0.1958113E-04 0.1547E-05  0.1981775E-04 0.1924E-05 0.9802    



 INPUT PARAMETERS FOR VEGAS:  NDIM=  3  NCALL=     949104.
                              IT=    0  ITMX=   12
                              MDS= -1   ND=  39
   1      0.3238160E-04 0.6631E-05  0.3238160E-04 0.6631E-05  0.000    
   2      0.2218875E-04 0.2459E-05  0.2449828E-04 0.2706E-05  2.487    
   3      0.4088642E-04 0.1998E-04  0.2512515E-04 0.3128E-05  1.399    
   4      0.2937810E-04 0.5331E-05  0.2604915E-04 0.2700E-05  1.121    
   5      0.3702180E-04 0.7561E-05  0.2765530E-04 0.2579E-05  1.352    
   6      0.5013695E-04 0.1989E-04  0.2849467E-04 0.2793E-05  1.354    
   7      0.2917996E-04 0.5026E-05  0.2860799E-04 0.2485E-05  1.191    
   8      0.4233508E-04 0.1808E-04  0.2896751E-04 0.2516E-05  1.078    
   9      0.4371901E-04 0.1005E-04  0.3019161E-04 0.2468E-05  1.239    
  10      0.2980413E-04 0.4729E-05  0.3013418E-04 0.2236E-05  1.143    
  11      0.2097844E-04 0.1293E-05  0.2559860E-04 0.1539E-05  1.980    
  12      0.2270374E-04 0.2896E-05  0.2529831E-04 0.1421E-05  1.928    
