 ____________________
 machine         = LHC                      
 machine id      =            1
 ecm             =    13000.000000000000     
 ____________________
  
 ______VEGAS_______
 pts1      =       100000
 its1      =            6
 pts2      =      5000000
 its2      =            6
 pts3      =     10000000
 its3      =            6
 _________________ 
  
 ______MODEL_________
 crosssec                =   0.0000000000000000     
 model                   =            0
 SM B/G for model        =           1
 nf                      =            5
 ipdfs1                  =           52
 LO L_QCD5               =   0.22600000000000001     
 ipdfs2                  =           52
 NLO L_QCD5              =   0.22600000000000001     
 ____________________
  
 ______LO/NLO________
 iorder     =            0
 id        =            0
 imin      =            1
 imax      =            1
 icorr     =            0
 afac      =    100.00000000000000     
 mqmin     =            5
 mqmax     =            5
 mfmin     =            2
 mfmax     =            2
 mr        =            2
 aqstep    =    100.00000000000000     
 xeps      =   0.50000000000000000     
 ___________________
  
 E_T iso         =   15.000000000000000     
 cone radius     =  0.40000000000000002     
 R_gg            =  0.40000000000000002     
 n in H(R)       =           2
 ___________________
  
  
 iset=          52
 LO L_QCD5=  0.22600000000000001     
 ______ALPHAS________
 Alphas at Z mass
 Z mass   :   91.189999999999998     
 one loop :  0.13658721691497772     
 two loop :  0.11798111905622080     
 ___________________
 M1 =   600.00000000000000     
 QF =   600.00000000000000     
 Q_low    599.50000000000000       Q_high    600.50000000000000     
 SM model distributions
 SM    qqb   LO--LO PDFs 
 RM48 INITIALIZED:        40           0         0



 INPUT PARAMETERS FOR VEGAS:  NDIM=  3  NCALL=      93312.
                              IT=    0  ITMX=    6
                              MDS= -1   ND=  36
   1      0.4880937E-03 0.2889E-03  0.4880937E-03 0.2889E-03  0.000    
   2      0.7646571E-04 0.2178E-04  0.1538397E-03 0.8965E-04  3.218    
   3      0.9765664E-04 0.2210E-04  0.1222347E-03 0.4935E-04  2.482    
   4      0.1321895E-03 0.2280E-04  0.1271316E-03 0.3150E-04  2.073    
   5      0.1086069E-03 0.1293E-04  0.1177195E-03 0.2018E-04  1.915    
   6      0.1235546E-03 0.1298E-04  0.1200233E-03 0.1471E-04  1.752    



 INPUT PARAMETERS FOR VEGAS:  NDIM=  3  NCALL=     949104.
                              IT=    0  ITMX=   12
                              MDS= -1   ND=  39
   1      0.3148145E-03 0.1143E-03  0.3148145E-03 0.1143E-03  0.000    
   2      0.2243255E-03 0.4507E-04  0.2455475E-03 0.4805E-04 0.6367    
   3      0.2145588E-03 0.6459E-04  0.2376684E-03 0.3875E-04 0.4257    
   4      0.3137500E-03 0.1384E-03  0.2457231E-03 0.3891E-04 0.3723    
   5      0.2520637E-03 0.1071E-03  0.2463727E-03 0.3636E-04 0.2877    
   6      0.1934274E-03 0.3071E-04  0.2239634E-03 0.2649E-04 0.4450    
   7      0.1867490E-03 0.2956E-04  0.2128507E-03 0.2143E-04 0.5028    
   8      0.1290070E-03 0.1207E-04  0.1742089E-03 0.1500E-04  1.583    
   9      0.2095573E-03 0.3435E-04  0.1788212E-03 0.1382E-04  1.511    
  10      0.2322483E-03 0.4089E-04  0.1842504E-03 0.1309E-04  1.514    
  11      0.2773698E-03 0.8856E-04  0.1870416E-03 0.1314E-04  1.459    
  12      0.1499125E-03 0.1341E-04  0.1767772E-03 0.1089E-04  1.608    
 SM    qg    LO--LO PDFs 
 SM    gg    LO--LO PDFs 
 RM48 INITIALIZED:        40           0         0



 INPUT PARAMETERS FOR VEGAS:  NDIM=  3  NCALL=      93312.
                              IT=    0  ITMX=    6
                              MDS= -1   ND=  36
   1      0.2253443E-04 0.1392E-04  0.2253443E-04 0.1392E-04  0.000    
   2      0.5291508E-05 0.1897E-05  0.9639387E-05 0.5075E-05  2.177    
   3      0.9329427E-05 0.2328E-05  0.9451291E-05 0.2801E-05  1.406    
   4      0.7498619E-05 0.1005E-05  0.8127750E-05 0.1438E-05  1.280    
   5      0.7601544E-05 0.7770E-06  0.7844524E-05 0.9104E-06  1.127    
   6      0.6067261E-05 0.5486E-06  0.7120174E-05 0.6555E-06  1.385    



 INPUT PARAMETERS FOR VEGAS:  NDIM=  3  NCALL=     949104.
                              IT=    0  ITMX=   12
                              MDS= -1   ND=  39
   1      0.8575386E-05 0.2342E-05  0.8575386E-05 0.2342E-05  0.000    
   2      0.2125669E-04 0.1136E-04  0.1120221E-04 0.3941E-05  1.701    
   3      0.9981598E-05 0.1941E-05  0.1045768E-04 0.2192E-05  1.109    
   4      0.6787289E-05 0.5672E-06  0.7640592E-05 0.9483E-06  1.809    
   5      0.1020289E-04 0.2693E-05  0.7823612E-05 0.8785E-06  1.609    
   6      0.1458221E-04 0.4247E-05  0.8198204E-05 0.8798E-06  1.830    
   7      0.9588867E-05 0.2261E-05  0.8306656E-05 0.8177E-06  1.663    
   8      0.9296133E-05 0.1736E-05  0.8416058E-05 0.7497E-06  1.532    
   9      0.1230619E-04 0.3545E-05  0.8588818E-05 0.7345E-06  1.484    
  10      0.1002553E-04 0.2724E-05  0.8657097E-05 0.7055E-06  1.383    
  11      0.9335766E-05 0.1095E-05  0.8794956E-05 0.6186E-06  1.309    
  12      0.9339551E-05 0.2095E-05  0.8823619E-05 0.5930E-06  1.231    
