 ____________________
 machine         = LHC                      
 machine id      =            1
 ecm             =    13000.000000000000     
 ____________________
  
 ______VEGAS_______
 pts1      =       100000
 its1      =            6
 pts2      =      5000000
 its2      =            6
 pts3      =     10000000
 its3      =            6
 _________________ 
  
 ______MODEL_________
 crosssec                =   0.0000000000000000     
 model                   =            0
 SM B/G for model        =           1
 nf                      =            5
 ipdfs1                  =           52
 LO L_QCD5               =   0.22600000000000001     
 ipdfs2                  =           52
 NLO L_QCD5              =   0.22600000000000001     
 ____________________
  
 ______LO/NLO________
 iorder     =            0
 id        =            0
 imin      =            1
 imax      =            1
 icorr     =            0
 afac      =    100.00000000000000     
 mqmin     =            5
 mqmax     =            5
 mfmin     =            2
 mfmax     =            2
 mr        =            2
 aqstep    =    100.00000000000000     
 xeps      =   0.50000000000000000     
 ___________________
  
 E_T iso         =   15.000000000000000     
 cone radius     =  0.40000000000000002     
 R_gg            =  0.40000000000000002     
 n in H(R)       =           2
 ___________________
  
  
 iset=          52
 LO L_QCD5=  0.22600000000000001     
 ______ALPHAS________
 Alphas at Z mass
 Z mass   :   91.189999999999998     
 one loop :  0.13658721691497772     
 two loop :  0.11798111905622080     
 ___________________
 M1 =   1200.0000000000000     
 QF =   1200.0000000000000     
 Q_low    1199.5000000000000       Q_high    1200.5000000000000     
 SM model distributions
 SM    qqb   LO--LO PDFs 
 RM48 INITIALIZED:        40           0         0



 INPUT PARAMETERS FOR VEGAS:  NDIM=  3  NCALL=      93312.
                              IT=    0  ITMX=    6
                              MDS= -1   ND=  36
   1      0.1400938E-05 0.1085E-05  0.1400938E-05 0.1085E-05  0.000    
   2      0.9371756E-06 0.6278E-06  0.1135665E-05 0.6039E-06 0.1444    
   3      0.2177223E-05 0.6277E-06  0.1922496E-05 0.3983E-06 0.6722    
   4      0.1678051E-05 0.3326E-06  0.1772128E-05 0.2506E-06 0.5108    
   5      0.1607414E-04 0.1410E-04  0.2207508E-05 0.1122E-05  1.217    
   6      0.4536276E-05 0.1458E-05  0.2638036E-05 0.9596E-06  1.263    



 INPUT PARAMETERS FOR VEGAS:  NDIM=  3  NCALL=     949104.
                              IT=    0  ITMX=   12
                              MDS= -1   ND=  39
   1      0.2256402E-04 0.1420E-04  0.2256402E-04 0.1420E-04  0.000    
   2      0.5298953E-05 0.5535E-06  0.5762043E-05 0.1689E-05  2.728    
   3      0.7573274E-05 0.1615E-05  0.6104902E-05 0.1306E-05  1.996    
   4      0.1074836E-04 0.3853E-05  0.6396443E-05 0.1197E-05  1.781    
   5      0.1871979E-04 0.9210E-05  0.6793852E-05 0.1287E-05  1.834    
   6      0.1833619E-04 0.1291E-04  0.6972890E-05 0.1338E-05  1.564    
   7      0.6345856E-05 0.6990E-06  0.6729749E-05 0.9828E-06  1.494    
   8      0.7812888E-05 0.1080E-05  0.6943793E-05 0.8408E-06  1.442    
   9      0.8790251E-05 0.1024E-05  0.7345549E-05 0.7191E-06  1.490    
  10      0.6549786E-05 0.7563E-06  0.7201215E-05 0.6256E-06  1.459    
  11      0.6150020E-05 0.6705E-06  0.7023503E-05 0.5500E-06  1.463    
  12      0.6826497E-05 0.6199E-06  0.6984903E-05 0.4788E-06  1.413    
 SM    qg    LO--LO PDFs 
 SM    gg    LO--LO PDFs 
 RM48 INITIALIZED:        40           0         0



 INPUT PARAMETERS FOR VEGAS:  NDIM=  3  NCALL=      93312.
                              IT=    0  ITMX=    6
                              MDS= -1   ND=  36
   1      0.2852036E-07 0.2559E-07  0.2852036E-07 0.2559E-07  0.000    
   2      0.2561490E-07 0.1153E-07  0.2619894E-07 0.1091E-07 0.1140E-01
   3      0.2320400E-07 0.5965E-08  0.2407222E-07 0.5604E-08 0.3565E-01
   4      0.2656351E-07 0.2726E-08  0.2610676E-07 0.2416E-08 0.7653E-01
   5      0.1068654E-04 0.1055E-04  0.1193639E-06 0.4413E-06  1.265    
   6      0.1535977E-06 0.1086E-06  0.1199381E-06 0.3995E-06  1.214    



 INPUT PARAMETERS FOR VEGAS:  NDIM=  3  NCALL=     949104.
                              IT=    0  ITMX=   12
                              MDS= -1   ND=  39
   1      0.1151922E-06 0.2176E-07  0.1151922E-06 0.2176E-07  0.000    
   2      0.1038069E-06 0.1840E-07  0.1091394E-06 0.1417E-07 0.1607    
   3      0.2214634E-06 0.9832E-07  0.1179186E-06 0.1937E-07  1.251    
   4      0.1481452E-06 0.2416E-07  0.1290047E-06 0.1522E-07  1.160    
   5      0.1061865E-06 0.1639E-07  0.1223758E-06 0.1213E-07  1.155    
   6      0.9753142E-07 0.1583E-07  0.1172075E-06 0.1029E-07  1.210    
   7      0.1049388E-06 0.2107E-07  0.1157393E-06 0.9350E-08  1.104    
   8      0.1063241E-06 0.1743E-07  0.1143056E-06 0.8404E-08  1.016    
   9      0.1435823E-06 0.2993E-07  0.1168251E-06 0.8121E-08 0.9982    
  10      0.1334884E-06 0.2860E-07  0.1180798E-06 0.7813E-08 0.9216    
  11      0.1269640E-06 0.2585E-07  0.1187638E-06 0.7476E-08 0.8461    
  12      0.1373116E-06 0.3662E-07  0.1195600E-06 0.7337E-08 0.7882    
