 ____________________
 machine         = LHC                      
 machine id      =            1
 ecm             =    13000.000000000000     
 ____________________
  
 ______VEGAS_______
 pts1      =       100000
 its1      =            6
 pts2      =      5000000
 its2      =            6
 pts3      =     10000000
 its3      =            6
 _________________ 
  
 ______MODEL_________
 crosssec                =   0.0000000000000000     
 model                   =            0
 SM B/G for model        =           1
 nf                      =            5
 ipdfs1                  =           52
 LO L_QCD5               =   0.22600000000000001     
 ipdfs2                  =           52
 NLO L_QCD5              =   0.22600000000000001     
 ____________________
  
 ______LO/NLO________
 iorder     =            0
 id        =            0
 imin      =            1
 imax      =            1
 icorr     =            0
 afac      =    100.00000000000000     
 mqmin     =            5
 mqmax     =            5
 mfmin     =            2
 mfmax     =            2
 mr        =            2
 aqstep    =    100.00000000000000     
 xeps      =   0.50000000000000000     
 ___________________
  
 E_T iso         =   15.000000000000000     
 cone radius     =  0.40000000000000002     
 R_gg            =  0.40000000000000002     
 n in H(R)       =           2
 ___________________
  
  
 iset=          52
 LO L_QCD5=  0.22600000000000001     
 ______ALPHAS________
 Alphas at Z mass
 Z mass   :   91.189999999999998     
 one loop :  0.13658721691497772     
 two loop :  0.11798111905622080     
 ___________________
 M1 =   900.00000000000000     
 QF =   900.00000000000000     
 Q_low    899.50000000000000       Q_high    900.50000000000000     
 SM model distributions
 SM    qqb   LO--LO PDFs 
 RM48 INITIALIZED:        40           0         0



 INPUT PARAMETERS FOR VEGAS:  NDIM=  3  NCALL=      93312.
                              IT=    0  ITMX=    6
                              MDS= -1   ND=  36
   1      0.7114383E-04 0.5034E-04  0.7114383E-04 0.5034E-04  0.000    
   2      0.3883872E-04 0.1707E-04  0.4782898E-04 0.2139E-04 0.4579    
   3      0.1783686E-04 0.3803E-05  0.2521418E-04 0.8871E-05  1.388    
   4      0.1390887E-04 0.1819E-05  0.1767232E-04 0.4494E-05  1.668    
   5      0.1632570E-04 0.2134E-05  0.1713324E-04 0.3171E-05  1.518    
   6      0.1367580E-04 0.1302E-05  0.1564607E-04 0.2213E-05  1.541    



 INPUT PARAMETERS FOR VEGAS:  NDIM=  3  NCALL=     949104.
                              IT=    0  ITMX=   12
                              MDS= -1   ND=  39
   1      0.2141288E-04 0.4682E-05  0.2141288E-04 0.4682E-05  0.000    
   2      0.3131476E-04 0.1396E-04  0.2333294E-04 0.5266E-05 0.5526    
   3      0.1712710E-04 0.1467E-05  0.1811993E-04 0.1887E-05  1.071    
   4      0.1808425E-04 0.1508E-05  0.1810317E-04 0.1297E-05 0.8009    
   5      0.1645922E-04 0.1333E-05  0.1755614E-04 0.1008E-05 0.8111    
   6      0.1168890E-03 0.4285E-04  0.1914250E-04 0.2392E-05  5.534    
   7      0.6106795E-04 0.4421E-04  0.1931353E-04 0.2454E-05  4.560    
   8      0.2018036E-04 0.3483E-05  0.1937157E-04 0.2240E-05  4.378    
   9      0.2087305E-04 0.4633E-05  0.1943000E-04 0.2093E-05  4.221    
  10      0.3637609E-04 0.1521E-04  0.1961370E-04 0.2037E-05  3.999    
  11      0.3988655E-04 0.2299E-04  0.1972878E-04 0.2006E-05  3.749    
  12      0.1985161E-04 0.2351E-05  0.1974333E-04 0.1818E-05  3.656    
 SM    qg    LO--LO PDFs 
 SM    gg    LO--LO PDFs 
 RM48 INITIALIZED:        40           0         0



 INPUT PARAMETERS FOR VEGAS:  NDIM=  3  NCALL=      93312.
                              IT=    0  ITMX=    6
                              MDS= -1   ND=  36
   1      0.1379682E-05 0.1013E-05  0.1379682E-05 0.1013E-05  0.000    
   2      0.1480057E-06 0.3625E-07  0.2713179E-06 0.2280E-06  2.630    
   3      0.5610700E-06 0.1713E-06  0.3775887E-06 0.1598E-06  2.077    
   4      0.6389923E-06 0.1904E-06  0.4502497E-06 0.1278E-06  1.842    
   5      0.4598757E-06 0.8167E-07  0.4544756E-06 0.8899E-07  1.600    
   6      0.3844855E-06 0.4837E-07  0.4218148E-06 0.6084E-07  1.526    



 INPUT PARAMETERS FOR VEGAS:  NDIM=  3  NCALL=     949104.
                              IT=    0  ITMX=   12
                              MDS= -1   ND=  39
   1      0.2536115E-05 0.1540E-05  0.2536115E-05 0.1540E-05  0.000    
   2      0.2821878E-05 0.2346E-05  0.2635501E-05 0.1315E-05 0.1071E-01
   3      0.4856336E-06 0.3722E-07  0.5369134E-06 0.1672E-06  1.932    
   4      0.1026624E-05 0.4031E-06  0.5544734E-06 0.1472E-06  1.730    
   5      0.4999527E-06 0.5974E-07  0.5392544E-06 0.1127E-06  1.608    
   6      0.9138708E-06 0.4977E-06  0.5442208E-06 0.1048E-06  1.500    
   7      0.4924946E-06 0.5399E-07  0.5314690E-06 0.8486E-07  1.449    
   8      0.8020029E-06 0.3685E-06  0.5352129E-06 0.8030E-07  1.390    
   9      0.1053838E-05 0.4320E-06  0.5440754E-06 0.7738E-07  1.382    
  10      0.4942685E-06 0.5576E-07  0.5349053E-06 0.6674E-07  1.356    
  11      0.6021618E-06 0.1821E-06  0.5365852E-06 0.6343E-07  1.320    
  12      0.5295489E-06 0.6768E-07  0.5357218E-06 0.5729E-07  1.291    
