 ____________________
 machine         = LHC                      
 machine id      =            1
 ecm             =    13000.000000000000     
 ____________________
  
 ______VEGAS_______
 pts1      =       100000
 its1      =            6
 pts2      =      5000000
 its2      =            6
 pts3      =     10000000
 its3      =            6
 _________________ 
  
 ______MODEL_________
 crosssec                =   0.0000000000000000     
 model                   =            0
 SM B/G for model        =           1
 nf                      =            5
 ipdfs1                  =           52
 LO L_QCD5               =   0.22600000000000001     
 ipdfs2                  =           52
 NLO L_QCD5              =   0.22600000000000001     
 ____________________
  
 ______LO/NLO________
 iorder     =            0
 id        =            0
 imin      =            1
 imax      =            1
 icorr     =            0
 afac      =    100.00000000000000     
 mqmin     =            5
 mqmax     =            5
 mfmin     =            2
 mfmax     =            2
 mr        =            2
 aqstep    =    100.00000000000000     
 xeps      =   0.50000000000000000     
 ___________________
  
 E_T iso         =   15.000000000000000     
 cone radius     =  0.40000000000000002     
 R_gg            =  0.40000000000000002     
 n in H(R)       =           2
 ___________________
  
  
 iset=          52
 LO L_QCD5=  0.22600000000000001     
 ______ALPHAS________
 Alphas at Z mass
 Z mass   :   91.189999999999998     
 one loop :  0.13658721691497772     
 two loop :  0.11798111905622080     
 ___________________
 M1 =   700.00000000000000     
 QF =   700.00000000000000     
 Q_low    699.50000000000000       Q_high    700.50000000000000     
 SM model distributions
 SM    qqb   LO--LO PDFs 
 RM48 INITIALIZED:        40           0         0



 INPUT PARAMETERS FOR VEGAS:  NDIM=  3  NCALL=      93312.
                              IT=    0  ITMX=    6
                              MDS= -1   ND=  36
   1      0.6349824E-04 0.4682E-04  0.6349824E-04 0.4682E-04  0.000    
   2      0.2013794E-04 0.5486E-05  0.2534620E-04 0.1204E-04  1.372    
   3      0.2469571E-04 0.5314E-05  0.2496560E-04 0.6751E-05 0.9055    
   4      0.3306247E-04 0.7027E-05  0.2800110E-04 0.5099E-05 0.8586    
   5      0.3443615E-04 0.4983E-05  0.3087855E-04 0.3704E-05 0.8612    
   6      0.2906391E-04 0.2613E-05  0.2990458E-04 0.2430E-05 0.7690    



 INPUT PARAMETERS FOR VEGAS:  NDIM=  3  NCALL=     949104.
                              IT=    0  ITMX=   12
                              MDS= -1   ND=  39
   1      0.4861837E-04 0.1283E-04  0.4861837E-04 0.1283E-04  0.000    
   2      0.7202791E-04 0.4641E-04  0.5198140E-04 0.1501E-04 0.2993    
   3      0.3530016E-03 0.2135E-03  0.9417828E-04 0.4753E-04  2.430    
   4      0.7763050E-04 0.3677E-04  0.9109980E-04 0.3798E-04  2.075    
   5      0.3896971E-04 0.8587E-05  0.6700028E-04 0.2504E-04  2.194    
   6      0.3527352E-04 0.7817E-05  0.5704847E-04 0.1902E-04  2.207    
   7      0.6332290E-04 0.3219E-04  0.5740141E-04 0.1735E-04  2.088    
   8      0.1763221E-03 0.1123E-03  0.6151566E-04 0.1757E-04  1.902    
   9      0.3705777E-04 0.7634E-05  0.5543659E-04 0.1442E-04  1.925    
  10      0.3087416E-04 0.4502E-05  0.4729346E-04 0.1121E-04  2.009    
  11      0.5637090E-04 0.1441E-04  0.4817777E-04 0.1025E-04  1.961    
  12      0.5533397E-03 0.4735E-03  0.5252993E-04 0.1601E-04  1.497    
 SM    qg    LO--LO PDFs 
 SM    gg    LO--LO PDFs 
 RM48 INITIALIZED:        40           0         0



 INPUT PARAMETERS FOR VEGAS:  NDIM=  3  NCALL=      93312.
                              IT=    0  ITMX=    6
                              MDS= -1   ND=  36
   1      0.2275648E-05 0.1840E-05  0.2275648E-05 0.1840E-05  0.000    
   2      0.2608500E-05 0.1251E-05  0.2521875E-05 0.1010E-05 0.2093E-01
   3      0.9461924E-05 0.7788E-05  0.3914743E-05 0.2145E-05 0.8416    
   4      0.4485264E-05 0.1939E-05  0.4155030E-05 0.1547E-05 0.6354    
   5      0.3987963E-05 0.9293E-06  0.4056172E-05 0.9401E-06 0.5287    
   6      0.3009623E-05 0.4360E-06  0.3423132E-05 0.5569E-06 0.6450    



 INPUT PARAMETERS FOR VEGAS:  NDIM=  3  NCALL=     949104.
                              IT=    0  ITMX=   12
                              MDS= -1   ND=  39
   1      0.5878839E-05 0.1105E-05  0.5878839E-05 0.1105E-05  0.000    
   2      0.3842038E-05 0.3784E-06  0.4281095E-05 0.4332E-06  3.738    
   3      0.4322059E-05 0.8992E-06  0.4287219E-05 0.3830E-06  2.034    
   4      0.4215180E-05 0.5339E-06  0.4266514E-05 0.3145E-06  1.437    
   5      0.3803041E-05 0.3055E-06  0.4073344E-05 0.2322E-06  1.395    
   6      0.4023723E-05 0.5037E-06  0.4066074E-05 0.2110E-06  1.154    
   7      0.4326279E-05 0.6194E-06  0.4092279E-05 0.1996E-06 0.9925    
   8      0.4394070E-05 0.5399E-06  0.4128583E-05 0.1872E-06 0.8900    
   9      0.4024341E-05 0.4735E-06  0.4116493E-05 0.1745E-06 0.7975    
  10      0.4279765E-05 0.8378E-06  0.4123057E-05 0.1706E-06 0.7153    
  11      0.3684450E-05 0.3589E-06  0.4061772E-05 0.1562E-06 0.7554    
  12      0.3805175E-05 0.4115E-06  0.4035654E-05 0.1467E-06 0.7246    
