 ____________________
 machine         = LHC                      
 machine id      =            1
 ecm             =    13000.000000000000     
 ____________________
  
 ______VEGAS_______
 pts1      =       100000
 its1      =            6
 pts2      =      5000000
 its2      =            6
 pts3      =     10000000
 its3      =            6
 _________________ 
  
 ______MODEL_________
 crosssec                =   0.0000000000000000     
 model                   =            0
 SM B/G for model        =           1
 nf                      =            5
 ipdfs1                  =           52
 LO L_QCD5               =   0.22600000000000001     
 ipdfs2                  =           52
 NLO L_QCD5              =   0.22600000000000001     
 ____________________
  
 ______LO/NLO________
 iorder     =            0
 id        =            0
 imin      =            1
 imax      =            1
 icorr     =            0
 afac      =    100.00000000000000     
 mqmin     =            5
 mqmax     =            5
 mfmin     =            2
 mfmax     =            2
 mr        =            2
 aqstep    =    100.00000000000000     
 xeps      =   0.50000000000000000     
 ___________________
  
 E_T iso         =   15.000000000000000     
 cone radius     =  0.40000000000000002     
 R_gg            =  0.40000000000000002     
 n in H(R)       =           2
 ___________________
  
  
 iset=          52
 LO L_QCD5=  0.22600000000000001     
 ______ALPHAS________
 Alphas at Z mass
 Z mass   :   91.189999999999998     
 one loop :  0.13658721691497772     
 two loop :  0.11798111905622080     
 ___________________
 M1 =   1000.0000000000000     
 QF =   1000.0000000000000     
 Q_low    999.50000000000000       Q_high    1000.5000000000000     
 SM model distributions
 SM    qqb   LO--LO PDFs 
 RM48 INITIALIZED:        40           0         0



 INPUT PARAMETERS FOR VEGAS:  NDIM=  3  NCALL=      93312.
                              IT=    0  ITMX=    6
                              MDS= -1   ND=  36
   1      0.1129961E-04 0.6741E-05  0.1129961E-04 0.6741E-05  0.000    
   2      0.2013420E-04 0.1558E-04  0.1459160E-04 0.7714E-05 0.3066    
   3      0.3948800E-05 0.9521E-06  0.6147652E-05 0.2904E-05  1.324    
   4      0.9749745E-05 0.3043E-05  0.7305263E-05 0.2244E-05  1.190    
   5      0.9676262E-05 0.2703E-05  0.7984119E-05 0.1815E-05  1.061    
   6      0.1028345E-04 0.3141E-05  0.8428342E-05 0.1591E-05 0.9562    



 INPUT PARAMETERS FOR VEGAS:  NDIM=  3  NCALL=     949104.
                              IT=    0  ITMX=   12
                              MDS= -1   ND=  39
   1      0.9524711E-05 0.1275E-05  0.9524711E-05 0.1275E-05  0.000    
   2      0.9741964E-04 0.8992E-04  0.1133529E-04 0.9170E-05  1.854    
   3      0.1455532E-04 0.4552E-05  0.1182514E-04 0.6970E-05  1.374    
   4      0.6082820E-04 0.5256E-04  0.1278295E-04 0.7016E-05  1.198    
   5      0.1415738E-04 0.4524E-05  0.1295481E-04 0.5913E-05  1.108    
   6      0.1047142E-04 0.1432E-05  0.1194766E-04 0.4178E-05  1.072    
   7      0.2281238E-04 0.1019E-04  0.1234568E-04 0.3868E-05  1.051    
   8      0.8055702E-05 0.6249E-06  0.9992512E-05 0.2436E-05  1.135    
   9      0.7826191E-05 0.6951E-06  0.9353425E-05 0.1933E-05  1.145    
  10      0.1160835E-04 0.4066E-05  0.9395407E-05 0.1825E-05  1.123    
  11      0.1386184E-04 0.3822E-05  0.9525658E-05 0.1726E-05  1.117    
  12      0.1745130E-04 0.6804E-05  0.9639587E-05 0.1657E-05  1.115    
 SM    qg    LO--LO PDFs 
 SM    gg    LO--LO PDFs 
 RM48 INITIALIZED:        40           0         0



 INPUT PARAMETERS FOR VEGAS:  NDIM=  3  NCALL=      93312.
                              IT=    0  ITMX=    6
                              MDS= -1   ND=  36
   1      0.2411209E-06 0.1400E-06  0.2411209E-06 0.1400E-06  0.000    
   2      0.1236974E-06 0.4917E-07  0.1611509E-06 0.6286E-07 0.7581    
   3      0.1151699E-06 0.3456E-07  0.1361163E-06 0.3764E-07 0.6667    
   4      0.3827547E-06 0.2426E-06  0.1629448E-06 0.5047E-07 0.9922    
   5      0.3213630E-06 0.1217E-06  0.1999163E-06 0.4747E-07  1.143    
   6      0.1432401E-06 0.2706E-07  0.1724834E-06 0.3206E-07  1.190    



 INPUT PARAMETERS FOR VEGAS:  NDIM=  3  NCALL=     949104.
                              IT=    0  ITMX=   12
                              MDS= -1   ND=  39
   1      0.7125609E-06 0.2238E-06  0.7125609E-06 0.2238E-06  0.000    
   2      0.4133810E-06 0.1102E-06  0.5386320E-06 0.1184E-06  1.555    
   3      0.3734309E-06 0.6901E-07  0.4482100E-06 0.7140E-07  1.631    
   4      0.3989738E-06 0.7292E-07  0.4305447E-06 0.5411E-07  1.277    
   5      0.6002370E-06 0.1512E-06  0.4575184E-06 0.5193E-07  1.231    
   6      0.3419841E-06 0.5509E-07  0.4251912E-06 0.4195E-07  1.393    
   7      0.3883894E-06 0.4298E-07  0.4114951E-06 0.3233E-07  1.277    
   8      0.4531221E-06 0.1017E-06  0.4149488E-06 0.3076E-07  1.129    
   9      0.4324174E-06 0.6995E-07  0.4173547E-06 0.2828E-07  1.013    
  10      0.6083380E-06 0.2045E-06  0.4232588E-06 0.2876E-07 0.9911    
  11      0.4290841E-06 0.6291E-07  0.4240729E-06 0.2640E-07 0.9110    
  12      0.4166869E-06 0.5909E-07  0.4231128E-06 0.2437E-07 0.8469    
