 ____________________
 machine         = LHC                      
 machine id      =            1
 ecm             =    13000.000000000000     
 ____________________
  
 ______VEGAS_______
 pts1      =       100000
 its1      =            6
 pts2      =      5000000
 its2      =            6
 pts3      =     10000000
 its3      =            6
 _________________ 
  
 ______MODEL_________
 crosssec                =   0.0000000000000000     
 model                   =            0
 SM B/G for model        =           1
 nf                      =            5
 ipdfs1                  =           52
 LO L_QCD5               =   0.22600000000000001     
 ipdfs2                  =           52
 NLO L_QCD5              =   0.22600000000000001     
 ____________________
  
 ______LO/NLO________
 iorder     =            0
 id        =            0
 imin      =            1
 imax      =            1
 icorr     =            0
 afac      =    100.00000000000000     
 mqmin     =            5
 mqmax     =            5
 mfmin     =            2
 mfmax     =            2
 mr        =            2
 aqstep    =    100.00000000000000     
 xeps      =   0.50000000000000000     
 ___________________
  
 E_T iso         =   15.000000000000000     
 cone radius     =  0.40000000000000002     
 R_gg            =  0.40000000000000002     
 n in H(R)       =           2
 ___________________
  
  
 iset=          52
 LO L_QCD5=  0.22600000000000001     
 ______ALPHAS________
 Alphas at Z mass
 Z mass   :   91.189999999999998     
 one loop :  0.13658721691497772     
 two loop :  0.11798111905622080     
 ___________________
 M1 =   1100.0000000000000     
 QF =   1100.0000000000000     
 Q_low    1099.5000000000000       Q_high    1100.5000000000000     
 SM model distributions
 SM    qqb   LO--LO PDFs 
 RM48 INITIALIZED:        40           0         0



 INPUT PARAMETERS FOR VEGAS:  NDIM=  3  NCALL=      93312.
                              IT=    0  ITMX=    6
                              MDS= -1   ND=  36
   1      0.2625448E-04 0.1490E-04  0.2625448E-04 0.1490E-04  0.000    
   2      0.5423902E-05 0.2256E-05  0.1270291E-04 0.6360E-05  2.439    
   3      0.1596625E-04 0.8063E-05  0.1370214E-04 0.5035E-05  1.395    
   4      0.7986357E-05 0.2389E-05  0.1103879E-04 0.3289E-05  1.414    
   5      0.8571823E-05 0.2339E-05  0.1015299E-04 0.2437E-05  1.297    
   6      0.8489557E-05 0.1706E-05  0.9490312E-05 0.1781E-05  1.211    



 INPUT PARAMETERS FOR VEGAS:  NDIM=  3  NCALL=     949104.
                              IT=    0  ITMX=   12
                              MDS= -1   ND=  39
   1      0.1082412E-04 0.1439E-05  0.1082412E-04 0.1439E-05  0.000    
   2      0.9676238E-05 0.9406E-06  0.1007608E-04 0.8056E-06 0.4608    
   3      0.8546746E-05 0.5038E-06  0.9098450E-05 0.4585E-06  1.540    
   4      0.1363692E-04 0.2739E-05  0.9335410E-05 0.4973E-06  2.201    
   5      0.3090610E-04 0.2101E-04  0.9433278E-05 0.7729E-06  1.560    
   6      0.8663874E-05 0.5403E-06  0.9163841E-05 0.5835E-06  1.502    
   7      0.8476411E-05 0.4838E-06  0.8961177E-05 0.4644E-06  1.469    
   8      0.8790454E-05 0.5831E-06  0.8930591E-05 0.4031E-06  1.375    
   9      0.9339834E-05 0.5343E-06  0.9010050E-05 0.3501E-06  1.313    
  10      0.1463550E-04 0.4755E-05  0.9043708E-05 0.3510E-06  1.324    
  11      0.1218954E-04 0.2544E-05  0.9088663E-05 0.3447E-06  1.335    
  12      0.3793963E-04 0.2373E-04  0.9134509E-05 0.4281E-06  1.441    
 SM    qg    LO--LO PDFs 
 SM    gg    LO--LO PDFs 
 RM48 INITIALIZED:        40           0         0



 INPUT PARAMETERS FOR VEGAS:  NDIM=  3  NCALL=      93312.
                              IT=    0  ITMX=    6
                              MDS= -1   ND=  36
   1      0.4337283E-06 0.2285E-06  0.4337283E-06 0.2285E-06  0.000    
   2      0.9786690E-07 0.2709E-07  0.1705228E-06 0.7704E-07  3.222    
   3      0.1141423E-06 0.2140E-07  0.1349666E-06 0.3947E-07  2.505    
   4      0.5344230E-06 0.2031E-06  0.1881424E-06 0.4884E-07  3.518    
   5      0.3354151E-06 0.1279E-06  0.2053382E-06 0.4547E-07  2.959    
   6      0.2497789E-06 0.6925E-07  0.2133798E-06 0.3944E-07  2.615    



 INPUT PARAMETERS FOR VEGAS:  NDIM=  3  NCALL=     949104.
                              IT=    0  ITMX=   12
                              MDS= -1   ND=  39
   1      0.2334214E-06 0.1783E-07  0.2334214E-06 0.1783E-07  0.000    
   2      0.2744735E-06 0.2101E-07  0.2539031E-06 0.1378E-07  2.220    
   3      0.2662188E-06 0.3076E-07  0.2561151E-06 0.1267E-07  1.147    
   4      0.2360154E-06 0.1673E-07  0.2496192E-06 0.1020E-07  1.081    
   5      0.2222046E-06 0.2186E-07  0.2456821E-06 0.9220E-08  1.122    
   6      0.2482317E-06 0.2157E-07  0.2460786E-06 0.8478E-08 0.8986    
   7      0.2592625E-06 0.2885E-07  0.2472201E-06 0.8159E-08 0.7729    
   8      0.2274522E-06 0.1435E-07  0.2430230E-06 0.7166E-08 0.8584    
   9      0.2371730E-06 0.1987E-07  0.2423944E-06 0.6741E-08 0.7664    
  10      0.2350707E-06 0.1959E-07  0.2416770E-06 0.6376E-08 0.7000    
  11      0.3017179E-06 0.4224E-07  0.2436906E-06 0.6415E-08 0.8853    
  12      0.2672811E-06 0.2411E-07  0.2454535E-06 0.6207E-08 0.8863    
