 ____________________
 machine         = LHC                      
 machine id      =            1
 ecm             =    13000.000000000000     
 ____________________
  
 ______VEGAS_______
 pts1      =       100000
 its1      =            6
 pts2      =      5000000
 its2      =            6
 pts3      =     10000000
 its3      =            6
 _________________ 
  
 ______MODEL_________
 crosssec                =   0.0000000000000000     
 model                   =            0
 SM B/G for model        =           1
 nf                      =            5
 ipdfs1                  =           52
 LO L_QCD5               =   0.22600000000000001     
 ipdfs2                  =           52
 NLO L_QCD5              =   0.22600000000000001     
 ____________________
  
 ______LO/NLO________
 iorder     =            0
 id        =            0
 imin      =            1
 imax      =            1
 icorr     =            0
 afac      =    100.00000000000000     
 mqmin     =            5
 mqmax     =            5
 mfmin     =            2
 mfmax     =            2
 mr        =            2
 aqstep    =    100.00000000000000     
 xeps      =   0.50000000000000000     
 ___________________
  
 E_T iso         =   15.000000000000000     
 cone radius     =  0.40000000000000002     
 R_gg            =  0.40000000000000002     
 n in H(R)       =           2
 ___________________
  
  
 iset=          52
 LO L_QCD5=  0.22600000000000001     
 ______ALPHAS________
 Alphas at Z mass
 Z mass   :   91.189999999999998     
 one loop :  0.13658721691497772     
 two loop :  0.11798111905622080     
 ___________________
 M1 =   800.00000000000000     
 QF =   800.00000000000000     
 Q_low    799.50000000000000       Q_high    800.50000000000000     
 SM model distributions
 SM    qqb   LO--LO PDFs 
 RM48 INITIALIZED:        40           0         0



 INPUT PARAMETERS FOR VEGAS:  NDIM=  3  NCALL=      93312.
                              IT=    0  ITMX=    6
                              MDS= -1   ND=  36
   1      0.1668370E-03 0.1194E-03  0.1668370E-03 0.1194E-03  0.000    
   2      0.2695123E-04 0.8698E-05  0.5058741E-04 0.3516E-04  2.223    
   3      0.8888712E-04 0.4282E-04  0.6099361E-04 0.2768E-04  1.495    
   4      0.4074742E-04 0.9646E-05  0.5027530E-04 0.1682E-04  1.392    
   5      0.3506292E-04 0.5240E-05  0.4159632E-04 0.1001E-04  1.405    
   6      0.3576147E-04 0.4022E-05  0.3866826E-04 0.6556E-05  1.346    



 INPUT PARAMETERS FOR VEGAS:  NDIM=  3  NCALL=     949104.
                              IT=    0  ITMX=   12
                              MDS= -1   ND=  39
   1      0.4926938E-04 0.6047E-05  0.4926938E-04 0.6047E-05  0.000    
   2      0.5477200E-04 0.1064E-04  0.5083957E-04 0.5405E-05 0.2114    
   3      0.6987251E-04 0.2758E-04  0.5206950E-04 0.5883E-05 0.3998    
   4      0.5146410E-04 0.9279E-05  0.5192631E-04 0.4991E-05 0.2836    
   5      0.4402487E-04 0.4453E-05  0.4853641E-04 0.3616E-05 0.5237    
   6      0.7475039E-04 0.2300E-04  0.4969823E-04 0.3784E-05 0.7720    
   7      0.6312901E-04 0.2597E-04  0.5002313E-04 0.3783E-05 0.6779    
   8      0.4410865E-04 0.4500E-05  0.4835377E-04 0.3115E-05 0.7195    
   9      0.3924231E-04 0.3604E-05  0.4599985E-04 0.2602E-05 0.9630    
  10      0.4369385E-04 0.5479E-05  0.4571919E-04 0.2391E-05 0.9014    
  11      0.4574582E-04 0.1231E-04  0.4571987E-04 0.2327E-05 0.8339    
  12      0.5285029E-04 0.6145E-05  0.4658413E-04 0.2178E-05 0.8643    
 SM    qg    LO--LO PDFs 
 SM    gg    LO--LO PDFs 
 RM48 INITIALIZED:        40           0         0



 INPUT PARAMETERS FOR VEGAS:  NDIM=  3  NCALL=      93312.
                              IT=    0  ITMX=    6
                              MDS= -1   ND=  36
   1      0.5307692E-05 0.3471E-05  0.5307692E-05 0.3471E-05  0.000    
   2      0.1988907E-05 0.6787E-06  0.2699257E-05 0.1212E-05  1.260    
   3      0.1237791E-05 0.2695E-06  0.1736408E-05 0.5919E-06  1.588    
   4      0.1806205E-05 0.7327E-06  0.1747539E-05 0.4922E-06  1.287    
   5      0.1962244E-05 0.3707E-06  0.1838517E-05 0.3512E-06  1.116    
   6      0.1396652E-05 0.1670E-06  0.1611354E-05 0.2287E-06  1.209    



 INPUT PARAMETERS FOR VEGAS:  NDIM=  3  NCALL=     949104.
                              IT=    0  ITMX=   12
                              MDS= -1   ND=  39
   1      0.2531191E-05 0.6143E-06  0.2531191E-05 0.6143E-06  0.000    
   2      0.1799730E-05 0.2412E-06  0.1970595E-05 0.2576E-06  1.443    
   3      0.1385179E-05 0.5635E-07  0.1448029E-05 0.7546E-07  3.787    
   4      0.3094840E-05 0.1292E-05  0.1461876E-05 0.8799E-07  2.814    
   5      0.2140591E-05 0.3545E-06  0.1496297E-05 0.8458E-07  2.944    
   6      0.2084034E-05 0.3679E-06  0.1521396E-05 0.8168E-07  2.841    
   7      0.1598471E-05 0.1243E-06  0.1535296E-05 0.7131E-07  2.575    
   8      0.1758833E-05 0.2428E-06  0.1547397E-05 0.6788E-07  2.383    
   9      0.2141419E-05 0.4318E-06  0.1562102E-05 0.6714E-07  2.315    
  10      0.1572817E-05 0.1794E-06  0.1562871E-05 0.6322E-07  2.154    
  11      0.2350314E-05 0.6033E-06  0.1573881E-05 0.6360E-07  2.100    
  12      0.1669729E-05 0.1788E-06  0.1581009E-05 0.6025E-07  1.985    
