LHAPDF 6.5.4 loading /hdd1/Packages/install/share/LHAPDF/NNPDF30_nlo_as_0118/NNPDF30_nlo_as_0118_0000.dat
NNPDF30_nlo_as_0118 PDF set, member #0, version 2; LHAPDF ID = 260000
 ******************************************************
 INVARIANT MASS DISTRIBUTION OF ZZ AT THE LHC 
 ******************************************************
 CENTRE OF ENERGY =   13600.000000000000      TEV
 MASS OF HIGGS =   125.09999999999999      MASS OF Z =   91.187600000000003     
 FERMI CONSTANT =   1.1663790246529970E-005 FINE STRUCTURE CONSTANT=   128.00000000000000     
 SIN^2(THETA_w) =  0.22289722252391819      COS^2(THETA_w)  0.77710277747608181     
 ******************************************************
 Qmin, Qmax =    1504.5000000000000        1505.5000000000000     
 ******************************************************
 Running Order           0 with PDF=NNPDF30_nlo_as_0118                               
 Q=   1505.0000000000000      MUR=   1505.0000000000000      MUF=   1505.0000000000000     
 ******************************************************
 RM48 INITIALIZED:        40           0         0



 INPUT PARAMETERS FOR VEGAS:  NDIM=  5  NCALL=     200000.
                              IT=    0  ITMX=    6
                              MDS=  1   ND=  50
   1      0.3214344E-01 0.7845E-02  0.3214344E-01 0.7845E-02  0.000    
   2      0.3257775E-01 0.1535E-02  0.3256214E-01 0.1497E-02 0.2915E-02
   3      0.3242315E-01 0.2633E-03  0.3242731E-01 0.2591E-03 0.5631E-02
   4      0.3209711E-01 0.8507E-04  0.3212977E-01 0.8129E-04 0.4939    
   5      0.3222024E-01 0.4847E-04  0.3219642E-01 0.4169E-04 0.5992    
   6      0.3222506E-01 0.4008E-04  0.3221127E-01 0.2891E-04 0.5287    



 INPUT PARAMETERS FOR VEGAS:  NDIM=  5  NCALL=    1518750.
                              IT=    0  ITMX=   12
                              MDS=  1   ND=  50
   1      0.3222336E-01 0.1275E-04  0.3222336E-01 0.1275E-04  0.000    
   2      0.3224147E-01 0.1289E-04  0.3223232E-01 0.9067E-05 0.9965    
   3      0.3223161E-01 0.1283E-04  0.3223209E-01 0.7405E-05 0.4993    
   4      0.3220310E-01 0.1280E-04  0.3222482E-01 0.6409E-05  1.613    
   5      0.3222226E-01 0.1275E-04  0.3222431E-01 0.5727E-05  1.218    
   6      0.3222614E-01 0.1278E-04  0.3222461E-01 0.5226E-05 0.9779    
   7      0.3224000E-01 0.1278E-04  0.3222682E-01 0.4837E-05  1.022    
   8      0.3224457E-01 0.1270E-04  0.3222907E-01 0.4520E-05  1.120    
   9      0.3223613E-01 0.1276E-04  0.3222986E-01 0.4261E-05  1.014    
  10      0.3222778E-01 0.1283E-04  0.3222965E-01 0.4044E-05 0.9037    
  11      0.3224219E-01 0.1278E-04  0.3223079E-01 0.3856E-05 0.9008    
  12      0.3223546E-01 0.1288E-04  0.3223118E-01 0.3694E-05 0.8298    
 answer , counts=   3.2231177735828169E-002           0
 error =   3.6937432954683566E-006
 XSECT-00 =   1505.4465994907396        1505.0000000000000        1505.0000000000000        3.2231177735828169E-002   3.6937432954683566E-006
 Qmin, Qmax =    2504.5000000000000        2505.5000000000000     
 ******************************************************
 Running Order           0 with PDF=NNPDF30_nlo_as_0118                               
 Q=   2505.0000000000000      MUR=   2505.0000000000000      MUF=   2505.0000000000000     
 ******************************************************
 RM48 INITIALIZED:        40           0         0



 INPUT PARAMETERS FOR VEGAS:  NDIM=  5  NCALL=     200000.
                              IT=    0  ITMX=    6
                              MDS=  1   ND=  50
   1      0.1584032E-02 0.4034E-03  0.1584032E-02 0.4034E-03  0.000    
   2      0.1793078E-02 0.3027E-03  0.1729268E-02 0.2380E-03 0.1636    
   3      0.1520227E-02 0.5454E-04  0.1532989E-02 0.5689E-04 0.4743    
   4      0.1514113E-02 0.1438E-04  0.1515425E-02 0.1473E-04 0.3635    
   5      0.1533453E-02 0.5543E-05  0.1531026E-02 0.5354E-05 0.6077    
   6      0.1532613E-02 0.3089E-05  0.1532193E-02 0.2736E-05 0.5053    



 INPUT PARAMETERS FOR VEGAS:  NDIM=  5  NCALL=    1518750.
                              IT=    0  ITMX=   12
                              MDS=  1   ND=  50
   1      0.1533919E-02 0.8703E-06  0.1533919E-02 0.8703E-06  0.000    
   2      0.1533289E-02 0.8792E-06  0.1533607E-02 0.6185E-06 0.2589    
   3      0.1533166E-02 0.8744E-06  0.1533460E-02 0.5050E-06 0.2145    
   4      0.1532602E-02 0.8752E-06  0.1533246E-02 0.4374E-06 0.3830    
   5      0.1534377E-02 0.8666E-06  0.1533476E-02 0.3905E-06 0.6267    
   6      0.1534221E-02 0.8707E-06  0.1533601E-02 0.3563E-06 0.6232    
   7      0.1532373E-02 0.8746E-06  0.1533426E-02 0.3300E-06 0.8009    
   8      0.1535135E-02 0.8679E-06  0.1533642E-02 0.3084E-06  1.171    
   9      0.1533463E-02 0.8727E-06  0.1533622E-02 0.2908E-06  1.029    
  10      0.1533468E-02 0.8709E-06  0.1533607E-02 0.2758E-06 0.9179    
  11      0.1533742E-02 0.8732E-06  0.1533619E-02 0.2630E-06 0.8283    
  12      0.1533856E-02 0.8746E-06  0.1533639E-02 0.2519E-06 0.7591    
 answer , counts=   1.5336388324422596E-003           0
 error =   2.5186910797389406E-007
 XSECT-00 =   2505.4461686514346        2505.0000000000000        2505.0000000000000        1.5336388324422596E-003   2.5186910797389406E-007
 Qmin, Qmax =    3504.5000000000000        3505.5000000000000     
 ******************************************************
 Running Order           0 with PDF=NNPDF30_nlo_as_0118                               
 Q=   3505.0000000000000      MUR=   3505.0000000000000      MUF=   3505.0000000000000     
 ******************************************************
 RM48 INITIALIZED:        40           0         0



 INPUT PARAMETERS FOR VEGAS:  NDIM=  5  NCALL=     200000.
                              IT=    0  ITMX=    6
                              MDS=  1   ND=  50
   1      0.1208213E-03 0.3422E-04  0.1208213E-03 0.3422E-04  0.000    
   2      0.1786515E-03 0.6355E-04  0.1432635E-03 0.3379E-04 0.6955    
   3      0.1196101E-03 0.8398E-05  0.1217684E-03 0.9530E-05 0.6543    
   4      0.1160357E-03 0.3294E-05  0.1169097E-03 0.3562E-05 0.5878    
   5      0.1187534E-03 0.1076E-05  0.1185557E-03 0.1138E-05 0.5260    
   6      0.1189460E-03 0.4925E-06  0.1188720E-03 0.4873E-06 0.4550    



 INPUT PARAMETERS FOR VEGAS:  NDIM=  5  NCALL=    1518750.
                              IT=    0  ITMX=   12
                              MDS=  1   ND=  50
   1      0.1190088E-03 0.1054E-06  0.1190088E-03 0.1054E-06  0.000    
   2      0.1190003E-03 0.1055E-06  0.1190046E-03 0.7458E-07 0.3312E-02
   3      0.1191780E-03 0.1054E-06  0.1190625E-03 0.6088E-07 0.9046    
   4      0.1191166E-03 0.1052E-06  0.1190761E-03 0.5270E-07 0.6690    
   5      0.1191093E-03 0.1057E-06  0.1190827E-03 0.4716E-07 0.5215    
   6      0.1190592E-03 0.1054E-06  0.1190788E-03 0.4305E-07 0.4255    
   7      0.1189267E-03 0.1051E-06  0.1190570E-03 0.3983E-07 0.6533    
   8      0.1193130E-03 0.1055E-06  0.1190891E-03 0.3726E-07  1.299    
   9      0.1190515E-03 0.1052E-06  0.1190849E-03 0.3512E-07  1.151    
  10      0.1191072E-03 0.1054E-06  0.1190871E-03 0.3332E-07  1.027    
  11      0.1192447E-03 0.1052E-06  0.1191015E-03 0.3177E-07  1.128    
  12      0.1190157E-03 0.1053E-06  0.1190944E-03 0.3042E-07  1.081    
 answer , counts=   1.1909435432474653E-004           0
 error =   3.0416329886358697E-008
 XSECT-00 =   3505.4433619340848        3505.0000000000000        3505.0000000000000        1.1909435432474653E-004   3.0416329886358697E-008
 Qmin, Qmax =    4504.5000000000000        4505.5000000000000     
 ******************************************************
 Running Order           0 with PDF=NNPDF30_nlo_as_0118                               
 Q=   4505.0000000000000      MUR=   4505.0000000000000      MUF=   4505.0000000000000     
 ******************************************************
 RM48 INITIALIZED:        40           0         0



 INPUT PARAMETERS FOR VEGAS:  NDIM=  5  NCALL=     200000.
                              IT=    0  ITMX=    6
                              MDS=  1   ND=  50
   1      0.1105014E-04 0.3644E-05  0.1105014E-04 0.3644E-05  0.000    
   2      0.1487044E-04 0.4436E-05  0.1315089E-04 0.2898E-05 0.4301    
   3      0.1129493E-04 0.1047E-05  0.1157222E-04 0.1071E-05 0.4259    
   4      0.1136666E-04 0.6327E-06  0.1142784E-04 0.5713E-06 0.3061    
   5      0.1119693E-04 0.1723E-06  0.1121960E-04 0.1760E-06 0.2755    
   6      0.1112769E-04 0.7876E-07  0.1114515E-04 0.7578E-07 0.2712    



 INPUT PARAMETERS FOR VEGAS:  NDIM=  5  NCALL=    1518750.
                              IT=    0  ITMX=   12
                              MDS=  1   ND=  50
   1      0.1114000E-04 0.1589E-07  0.1114000E-04 0.1589E-07  0.000    
   2      0.1114573E-04 0.1597E-07  0.1114285E-04 0.1126E-07 0.6459E-01
   3      0.1116059E-04 0.1596E-07  0.1114876E-04 0.9204E-08 0.4449    
   4      0.1115669E-04 0.1591E-07  0.1115075E-04 0.7967E-08 0.3585    
   5      0.1115776E-04 0.1597E-07  0.1115215E-04 0.7129E-08 0.3075    
   6      0.1114519E-04 0.1594E-07  0.1115099E-04 0.6508E-08 0.2777    
   7      0.1113703E-04 0.1590E-07  0.1114899E-04 0.6023E-08 0.3415    
   8      0.1119235E-04 0.1589E-07  0.1115447E-04 0.5632E-08  1.228    
   9      0.1115303E-04 0.1595E-07  0.1115431E-04 0.5310E-08  1.075    
  10      0.1114110E-04 0.1595E-07  0.1115300E-04 0.5039E-08  1.024    
  11      0.1115372E-04 0.1590E-07  0.1115306E-04 0.4803E-08 0.9221    
  12      0.1113446E-04 0.1596E-07  0.1115152E-04 0.4599E-08 0.9515    
 answer , counts=   1.1151524309470205E-005           0
 error =   4.5994800321800716E-009
 XSECT-00 =   4505.4387726631876        4505.0000000000000        4505.0000000000000        1.1151524309470205E-005   4.5994800321800716E-009
 Qmin, Qmax =    5504.5000000000000        5505.5000000000000     
 ******************************************************
 Running Order           0 with PDF=NNPDF30_nlo_as_0118                               
 Q=   5505.0000000000000      MUR=   5505.0000000000000      MUF=   5505.0000000000000     
 ******************************************************
 RM48 INITIALIZED:        40           0         0



 INPUT PARAMETERS FOR VEGAS:  NDIM=  5  NCALL=     200000.
                              IT=    0  ITMX=    6
                              MDS=  1   ND=  50
   1      0.9727935E-06 0.3915E-06  0.9727935E-06 0.3915E-06  0.000    
   2      0.2047388E-05 0.9174E-06  0.1452588E-05 0.4799E-06  1.239    
   3      0.1757229E-05 0.3628E-06  0.1659043E-05 0.2815E-06 0.7085    
   4      0.1363802E-05 0.1250E-06  0.1430269E-05 0.1281E-06 0.8227    
   5      0.1108829E-05 0.4596E-07  0.1175999E-05 0.5546E-07  2.076    
   6      0.1173883E-05 0.1685E-07  0.1174162E-05 0.1945E-07  1.777    



 INPUT PARAMETERS FOR VEGAS:  NDIM=  5  NCALL=    1518750.
                              IT=    0  ITMX=   12
                              MDS=  1   ND=  50
   1      0.1167968E-05 0.2720E-08  0.1167968E-05 0.2720E-08  0.000    
   2      0.1169216E-05 0.2736E-08  0.1168589E-05 0.1929E-08 0.1046    
   3      0.1166906E-05 0.2756E-08  0.1168037E-05 0.1580E-08 0.1773    
   4      0.1168663E-05 0.2752E-08  0.1168192E-05 0.1370E-08 0.1312    
   5      0.1170417E-05 0.2734E-08  0.1168640E-05 0.1225E-08 0.2309    
   6      0.1166137E-05 0.2748E-08  0.1168227E-05 0.1119E-08 0.3230    
   7      0.1166315E-05 0.2724E-08  0.1167951E-05 0.1035E-08 0.3393    
   8      0.1170788E-05 0.2735E-08  0.1168308E-05 0.9681E-09 0.4256    
   9      0.1167627E-05 0.2729E-08  0.1168232E-05 0.9124E-09 0.3793    
  10      0.1165816E-05 0.2748E-08  0.1167993E-05 0.8659E-09 0.4144    
  11      0.1169742E-05 0.2747E-08  0.1168152E-05 0.8258E-09 0.4098    
  12      0.1161901E-05 0.2739E-08  0.1167636E-05 0.7907E-09 0.8031    
 answer , counts=   1.1676359199931743E-006           0
 error =   7.9068451080433444E-010
 XSECT-00 =   5505.4436756560353        5505.0000000000000        5505.0000000000000        1.1676359199931743E-006   7.9068451080433444E-010
 Qmin, Qmax =    6504.5000000000000        6505.5000000000000     
 ******************************************************
 Running Order           0 with PDF=NNPDF30_nlo_as_0118                               
 Q=   6505.0000000000000      MUR=   6505.0000000000000      MUF=   6505.0000000000000     
 ******************************************************
 RM48 INITIALIZED:        40           0         0



 INPUT PARAMETERS FOR VEGAS:  NDIM=  5  NCALL=     200000.
                              IT=    0  ITMX=    6
                              MDS=  1   ND=  50
   1      0.6535654E-07 0.5104E-07  0.6535654E-07 0.5104E-07  0.000    
   2      0.4099117E-06 0.2120E-06  0.3048429E-06 0.1266E-06  1.570    
   3      0.3007723E-06 0.1267E-06  0.3027592E-06 0.8917E-07 0.7726    
   4      0.1825167E-06 0.2424E-07  0.2020819E-06 0.3307E-07  1.210    
   5      0.1397047E-06 0.1166E-07  0.1596885E-06 0.1728E-07  1.773    
   6      0.1467627E-06 0.3253E-08  0.1479787E-06 0.5001E-08  1.707    



 INPUT PARAMETERS FOR VEGAS:  NDIM=  5  NCALL=    1518750.
                              IT=    0  ITMX=   12
                              MDS=  1   ND=  50
   1      0.1453844E-06 0.4847E-09  0.1453844E-06 0.4847E-09  0.000    
   2      0.1451384E-06 0.4810E-09  0.1452607E-06 0.3414E-09 0.1298    
   3      0.1453081E-06 0.4835E-09  0.1452765E-06 0.2789E-09 0.6811E-01
   4      0.1455055E-06 0.4815E-09  0.1453342E-06 0.2413E-09 0.1020    
   5      0.1463133E-06 0.4826E-09  0.1455321E-06 0.2159E-09 0.9061    
   6      0.1455175E-06 0.4863E-09  0.1455297E-06 0.1973E-09 0.7250    
   7      0.1458759E-06 0.4810E-09  0.1455798E-06 0.1825E-09 0.6779    
   8      0.1460170E-06 0.4825E-09  0.1456348E-06 0.1707E-09 0.6837    
   9      0.1451771E-06 0.4806E-09  0.1455838E-06 0.1609E-09 0.6989    
  10      0.1457260E-06 0.4802E-09  0.1455982E-06 0.1525E-09 0.6299    
  11      0.1459755E-06 0.4841E-09  0.1456324E-06 0.1455E-09 0.6221    
  12      0.1449844E-06 0.4835E-09  0.1455791E-06 0.1393E-09 0.7146    
 answer , counts=   1.4557905479429005E-007           0
 error =   1.3931903279659600E-010
 XSECT-00 =   6505.4584163593163        6505.0000000000000        6505.0000000000000        1.4557905479429005E-007   1.3931903279659600E-010
 Qmin, Qmax =    7504.5000000000000        7505.5000000000000     
 ******************************************************
 Running Order           0 with PDF=NNPDF30_nlo_as_0118                               
 Q=   7505.0000000000000      MUR=   7505.0000000000000      MUF=   7505.0000000000000     
 ******************************************************
 RM48 INITIALIZED:        40           0         0



 INPUT PARAMETERS FOR VEGAS:  NDIM=  5  NCALL=     200000.
                              IT=    0  ITMX=    6
                              MDS=  1   ND=  50
   1     -0.2830199E-08 0.1523E-07 -0.2830199E-08 0.1523E-07  0.000    
   2      0.6328399E-07 0.3825E-07  0.6246044E-07 0.2691E-07 0.7428E-01
   3      0.3644089E-07 0.8914E-08  0.4014207E-07 0.9559E-08 0.4939    
   4      0.2233943E-07 0.4440E-08  0.3008184E-07 0.5708E-08  1.198    
   5      0.2218127E-07 0.2848E-08  0.2553782E-07 0.3465E-08  1.354    
   6      0.2589051E-07 0.1117E-08  0.2583266E-07 0.1347E-08  1.177    



 INPUT PARAMETERS FOR VEGAS:  NDIM=  5  NCALL=    1518750.
                              IT=    0  ITMX=   12
                              MDS=  1   ND=  50
   1      0.2495922E-07 0.1447E-09  0.2495922E-07 0.1447E-09  0.000    
   2      0.2489106E-07 0.1462E-09  0.2492558E-07 0.1029E-09 0.1098    
   3      0.2479646E-07 0.1459E-09  0.2488299E-07 0.8407E-10 0.3158    
   4      0.2511160E-07 0.1454E-09  0.2494108E-07 0.7277E-10 0.8329    
   5      0.2504679E-07 0.1452E-09  0.2496244E-07 0.6506E-10 0.7301    
   6      0.2485547E-07 0.1449E-09  0.2494462E-07 0.5935E-10 0.6751    
   7      0.2493849E-07 0.1450E-09  0.2494374E-07 0.5493E-10 0.5629    
   8      0.2509198E-07 0.1451E-09  0.2496253E-07 0.5137E-10 0.6134    
   9      0.2474556E-07 0.1457E-09  0.2493892E-07 0.4845E-10 0.7809    
  10      0.2495624E-07 0.1454E-09  0.2494065E-07 0.4596E-10 0.6954    
  11      0.2488192E-07 0.1467E-09  0.2493542E-07 0.4386E-10 0.6407    
  12      0.2467849E-07 0.1483E-09  0.2491514E-07 0.4206E-10 0.8302    
 answer , counts=   2.4915135558227682E-008           0
 error =   4.2055041888802694E-011
 XSECT-00 =   7505.4366626643787        7505.0000000000000        7505.0000000000000        2.4915135558227682E-008   4.2055041888802694E-011
 Qmin, Qmax =    8504.5000000000000        8505.5000000000000     
 ******************************************************
 Running Order           0 with PDF=NNPDF30_nlo_as_0118                               
 Q=   8505.0000000000000      MUR=   8505.0000000000000      MUF=   8505.0000000000000     
 ******************************************************
 RM48 INITIALIZED:        40           0         0



 INPUT PARAMETERS FOR VEGAS:  NDIM=  5  NCALL=     200000.
                              IT=    0  ITMX=    6
                              MDS=  1   ND=  50
   1     -0.3338385E-08 0.5216E-08 -0.3338385E-08 0.5216E-08  0.000    
   2      0.2234568E-07 0.1683E-07  0.1750325E-07 0.1084E-07 0.8592    
   3      0.7488527E-08 0.1814E-08  0.8621277E-08 0.3135E-08  1.092    
   4      0.6075247E-08 0.1724E-08  0.7621913E-08 0.2184E-08  1.020    
   5      0.6564542E-08 0.1161E-08  0.7090127E-08 0.1426E-08 0.9265    
   6      0.5819071E-08 0.5265E-09  0.6254385E-08 0.7813E-09 0.9644    



 INPUT PARAMETERS FOR VEGAS:  NDIM=  5  NCALL=    1518750.
                              IT=    0  ITMX=   12
                              MDS=  1   ND=  50
   1      0.5408141E-08 0.7324E-10  0.5408141E-08 0.7324E-10  0.000    
   2      0.5402202E-08 0.1506E-09  0.5407007E-08 0.6584E-10 0.1257E-02
   3      0.5580511E-08 0.8980E-10  0.5470204E-08 0.5307E-10  1.238    
   4      0.5442786E-08 0.6739E-10  0.5459761E-08 0.4172E-10 0.8610    
   5     -0.6494663E-07 0.7044E-07  0.5456266E-08 0.2251E-09  1.236    
   6      0.5541134E-08 0.1739E-09  0.5461017E-08 0.2003E-09  1.181    
   7      0.4743813E-08 0.8692E-09  0.5459841E-08 0.1858E-09  1.146    
   8      0.5487894E-08 0.6858E-10  0.5467151E-08 0.1500E-09  1.116    
   9      0.5513582E-08 0.6860E-10  0.5476815E-08 0.1262E-09  1.094    
  10      0.5352590E-08 0.1242E-09  0.5469803E-08 0.1167E-09  1.080    
  11      0.5244432E-08 0.2695E-09  0.5467237E-08 0.1110E-09  1.067    
  12      0.5270654E-08 0.7502E-10  0.5441839E-08 0.9946E-10  1.092    
 answer , counts=   5.4418385018684983E-009           0
 error =   9.9459459330518240E-011
 XSECT-00 =   8505.4410024122208        8505.0000000000000        8505.0000000000000        5.4418385018684983E-009   9.9459459330518240E-011
 Qmin, Qmax =    9504.5000000000000        9505.5000000000000     
 ******************************************************
 Running Order           0 with PDF=NNPDF30_nlo_as_0118                               
 Q=   9505.0000000000000      MUR=   9505.0000000000000      MUF=   9505.0000000000000     
 ******************************************************
 RM48 INITIALIZED:        40           0         0



 INPUT PARAMETERS FOR VEGAS:  NDIM=  5  NCALL=     200000.
                              IT=    0  ITMX=    6
                              MDS=  1   ND=  50
   1     -0.5662155E-09 0.1142E-08 -0.5662155E-09 0.1142E-08  0.000    
   2      0.6566786E-09 0.1286E-08  0.6324210E-10 0.8615E-09 0.5033    
   3      0.1583122E-08 0.1921E-08  0.9338489E-09 0.9571E-09 0.3956    
   4      0.1061250E-08 0.2230E-09  0.1054911E-08 0.2145E-09 0.2669    
   5      0.1593338E-08 0.6381E-09  0.1166588E-08 0.2146E-09 0.4171    
   6      0.1158906E-08 0.1520E-09  0.1161523E-08 0.1250E-09 0.3356    



 INPUT PARAMETERS FOR VEGAS:  NDIM=  5  NCALL=    1518750.
                              IT=    0  ITMX=   12
                              MDS=  1   ND=  50
   1      0.9520713E-09 0.1206E-09  0.9520713E-09 0.1206E-09  0.000    
   2      0.1048666E-08 0.2853E-10  0.1044409E-08 0.2664E-10 0.5538    
   3      0.1105226E-08 0.3627E-10  0.1068527E-08 0.2143E-10  1.222    
   4      0.1437067E-08 0.3341E-09  0.1071415E-08 0.2368E-10  1.290    
   5      0.1005140E-08 0.1209E-09  0.1069531E-08 0.2278E-10  1.074    
   6      0.1196741E-08 0.1508E-09  0.1072746E-08 0.2274E-10 0.9943    
   7      0.1114894E-08 0.5135E-10  0.1079450E-08 0.2080E-10 0.9244    
   8      0.1291772E-08 0.1777E-09  0.1083169E-08 0.2100E-10  1.015    
   9     -0.7401631E-08 0.8500E-08  0.1081037E-08 0.4908E-10  1.101    
  10      0.6944564E-08 0.5815E-08  0.1083807E-08 0.6136E-10  1.105    
  11      0.1099048E-08 0.7084E-10  0.1084932E-08 0.5660E-10  1.083    
  12      0.1203750E-08 0.6600E-10  0.1095934E-08 0.5194E-10  1.101    
 answer , counts=   1.0959343627397555E-009           0
 error =   5.1944593821130451E-011
 XSECT-00 =   9505.4032526403826        9505.0000000000000        9505.0000000000000        1.0959343627397555E-009   5.1944593821130451E-011
 Qmin, Qmax =    10504.500000000000        10505.500000000000     
 ******************************************************
 Running Order           0 with PDF=NNPDF30_nlo_as_0118                               
 Q=   10505.000000000000      MUR=   10505.000000000000      MUF=   10505.000000000000     
 ******************************************************
 RM48 INITIALIZED:        40           0         0



 INPUT PARAMETERS FOR VEGAS:  NDIM=  5  NCALL=     200000.
                              IT=    0  ITMX=    6
                              MDS=  1   ND=  50
   1     -0.8654398E-10 0.1681E-09 -0.8654398E-10 0.1681E-09  0.000    
   2      0.2682440E-09 0.1983E-09  0.2233311E-09 0.1377E-09 0.7338    
   3     -0.1773681E-09 0.4684E-09  0.1976496E-09 0.1285E-09 0.6857    
   4      0.6489902E-10 0.5463E-10  0.1463115E-09 0.8881E-10 0.7639    
   5      0.1050038E-09 0.2660E-10  0.1128393E-09 0.3621E-10 0.7035    
   6      0.6764042E-11 0.1086E-09  0.1128179E-09 0.3306E-10 0.6755    



 INPUT PARAMETERS FOR VEGAS:  NDIM=  5  NCALL=    1518750.
                              IT=    0  ITMX=   12
                              MDS=  1   ND=  50
   1      0.1727911E-09 0.4004E-10  0.1727911E-09 0.4004E-10  0.000    
   2      0.1276544E-09 0.2755E-10  0.1486205E-09 0.2399E-10 0.8806    
   3      0.1434715E-09 0.7916E-11  0.1440317E-09 0.7769E-11 0.4780    
   4      0.1510667E-09 0.1252E-10  0.1460241E-09 0.6598E-11 0.3936    
   5      0.1136063E-09 0.1614E-10  0.1431767E-09 0.6029E-11 0.9016    
   6      0.1953776E-09 0.7253E-10  0.1438401E-09 0.6407E-11 0.7972    
   7      0.1013333E-09 0.4206E-10  0.1434122E-09 0.6113E-11 0.8026    
   8      0.1377756E-09 0.8158E-11  0.1415474E-09 0.4963E-11 0.7391    
   9      0.1639871E-09 0.1430E-10  0.1445192E-09 0.4691E-11 0.9568    
  10      0.1352811E-09 0.2983E-10  0.1443319E-09 0.4605E-11 0.8735    
  11     -0.4529856E-10 0.1890E-09  0.1443211E-09 0.4412E-11 0.8670    
  12      0.1419246E-09 0.1203E-10  0.1440321E-09 0.4141E-11 0.7901    
 answer , counts=   1.4403213285237173E-010           0
 error =   4.1406076049864684E-012
 XSECT-00 =   10505.381597327500        10505.000000000000        10505.000000000000        1.4403213285237173E-010   4.1406076049864684E-012
 Qmin, Qmax =    1504.5000000000000        1505.5000000000000     
 ******************************************************
 Running Order           1 with PDF=NNPDF30_nlo_as_0118                               
 Q=   1505.0000000000000      MUR=   1505.0000000000000      MUF=   1505.0000000000000     
 ******************************************************
 RM48 INITIALIZED:        40           0         0



 INPUT PARAMETERS FOR VEGAS:  NDIM=  5  NCALL=     200000.
                              IT=    0  ITMX=    6
                              MDS=  1   ND=  50
   1      0.3728959E-01 0.8801E-02  0.3728959E-01 0.8801E-02  0.000    
   2      0.3766649E-01 0.1613E-02  0.3765447E-01 0.1580E-02 0.1758E-02
   3      0.3812203E-01 0.3068E-03  0.3810559E-01 0.2979E-03 0.4265E-01
   4      0.3765849E-01 0.9587E-04  0.3770051E-01 0.9132E-04 0.7088    
   5      0.3783424E-01 0.5335E-04  0.3780041E-01 0.4597E-04 0.9306    
   6      0.3783096E-01 0.4244E-04  0.3781695E-01 0.3115E-04 0.7915    



 INPUT PARAMETERS FOR VEGAS:  NDIM=  5  NCALL=    1518750.
                              IT=    0  ITMX=   12
                              MDS=  1   ND=  50
   1      0.3782999E-01 0.1385E-04  0.3782999E-01 0.1385E-04  0.000    
   2      0.3784346E-01 0.1393E-04  0.3783669E-01 0.9821E-05 0.4698    
   3      0.3783627E-01 0.1384E-04  0.3783655E-01 0.8009E-05 0.2352    
   4      0.3781365E-01 0.1381E-04  0.3783079E-01 0.6929E-05 0.8424    
   5      0.3782132E-01 0.1381E-04  0.3782889E-01 0.6193E-05 0.7257    
   6      0.3783297E-01 0.1385E-04  0.3782957E-01 0.5654E-05 0.5950    
   7      0.3784502E-01 0.1383E-04  0.3783178E-01 0.5233E-05 0.6743    
   8      0.3784630E-01 0.1373E-04  0.3783363E-01 0.4890E-05 0.7175    
   9      0.3783818E-01 0.1383E-04  0.3783413E-01 0.4610E-05 0.6398    
  10      0.3782706E-01 0.1389E-04  0.3783343E-01 0.4376E-05 0.5947    
  11      0.3784067E-01 0.1385E-04  0.3783409E-01 0.4172E-05 0.5600    
  12      0.3783022E-01 0.1398E-04  0.3783377E-01 0.3998E-05 0.5156    
 answer , counts=   3.7833772971327360E-002           0
 error =   3.9979702515002207E-006
 XSECT-01 =   1505.4466471110291        1505.0000000000000        1505.0000000000000        3.7833772971327360E-002   3.9979702515002207E-006
 Qmin, Qmax =    2504.5000000000000        2505.5000000000000     
 ******************************************************
 Running Order           1 with PDF=NNPDF30_nlo_as_0118                               
 Q=   2505.0000000000000      MUR=   2505.0000000000000      MUF=   2505.0000000000000     
 ******************************************************
 RM48 INITIALIZED:        40           0         0



 INPUT PARAMETERS FOR VEGAS:  NDIM=  5  NCALL=     200000.
                              IT=    0  ITMX=    6
                              MDS=  1   ND=  50
   1      0.1886345E-02 0.4613E-03  0.1886345E-02 0.4613E-03  0.000    
   2      0.2157778E-02 0.3270E-03  0.2082452E-02 0.2611E-03 0.2167    
   3      0.1856991E-02 0.6330E-04  0.1871747E-02 0.6498E-04 0.4827    
   4      0.1850453E-02 0.1580E-04  0.1851793E-02 0.1605E-04 0.3663    
   5      0.1872530E-02 0.6056E-05  0.1869777E-02 0.5808E-05 0.6456    
   6      0.1871961E-02 0.3517E-05  0.1871349E-02 0.3059E-05 0.5420    



 INPUT PARAMETERS FOR VEGAS:  NDIM=  5  NCALL=    1518750.
                              IT=    0  ITMX=   12
                              MDS=  1   ND=  50
   1      0.1874218E-02 0.9284E-06  0.1874218E-02 0.9284E-06  0.000    
   2      0.1873853E-02 0.9324E-06  0.1874036E-02 0.6579E-06 0.7722E-01
   3      0.1873794E-02 0.9276E-06  0.1873955E-02 0.5366E-06 0.6123E-01
   4      0.1872561E-02 0.9293E-06  0.1873607E-02 0.4647E-06 0.6033    
   5      0.1874430E-02 0.9274E-06  0.1873772E-02 0.4155E-06 0.6097    
   6      0.1873727E-02 0.9277E-06  0.1873765E-02 0.3792E-06 0.4882    
   7      0.1873576E-02 0.9273E-06  0.1873738E-02 0.3510E-06 0.4127    
   8      0.1874618E-02 0.9250E-06  0.1873849E-02 0.3281E-06 0.4670    
   9      0.1874417E-02 0.9269E-06  0.1873912E-02 0.3093E-06 0.4504    
  10      0.1873724E-02 0.9290E-06  0.1873893E-02 0.2935E-06 0.4045    
  11      0.1874543E-02 0.9306E-06  0.1873952E-02 0.2799E-06 0.4084    
  12      0.1874282E-02 0.9325E-06  0.1873979E-02 0.2681E-06 0.3817    
 answer , counts=   1.8739793486212200E-003           0
 error =   2.6808337098356571E-007
 XSECT-01 =   2505.4470435583426        2505.0000000000000        2505.0000000000000        1.8739793486212200E-003   2.6808337098356571E-007
 Qmin, Qmax =    3504.5000000000000        3505.5000000000000     
 ******************************************************
 Running Order           1 with PDF=NNPDF30_nlo_as_0118                               
 Q=   3505.0000000000000      MUR=   3505.0000000000000      MUF=   3505.0000000000000     
 ******************************************************
 RM48 INITIALIZED:        40           0         0



 INPUT PARAMETERS FOR VEGAS:  NDIM=  5  NCALL=     200000.
                              IT=    0  ITMX=    6
                              MDS=  1   ND=  50
   1      0.1487960E-03 0.3944E-04  0.1487960E-03 0.3944E-04  0.000    
   2      0.2388192E-03 0.9144E-04  0.1779608E-03 0.4336E-04 0.9441    
   3      0.1443112E-03 0.9259E-05  0.1469951E-03 0.1124E-04 0.8897    
   4      0.1488149E-03 0.3641E-05  0.1485665E-03 0.3973E-05 0.6557    
   5      0.1518726E-03 0.1162E-05  0.1515364E-03 0.1236E-05 0.6806    
   6      0.1519594E-03 0.5165E-06  0.1518832E-03 0.5154E-06 0.5836    



 INPUT PARAMETERS FOR VEGAS:  NDIM=  5  NCALL=    1518750.
                              IT=    0  ITMX=   12
                              MDS=  1   ND=  50
   1      0.1516105E-03 0.1166E-06  0.1516105E-03 0.1166E-06  0.000    
   2      0.1515642E-03 0.1168E-06  0.1515874E-03 0.8252E-07 0.7880E-01
   3      0.1516539E-03 0.1163E-06  0.1516097E-03 0.6729E-07 0.1480    
   4      0.1516029E-03 0.1166E-06  0.1516080E-03 0.5829E-07 0.9956E-01
   5      0.1516750E-03 0.1168E-06  0.1516214E-03 0.5215E-07 0.1406    
   6      0.1517262E-03 0.1164E-06  0.1516389E-03 0.4760E-07 0.2476    
   7      0.1514889E-03 0.1165E-06  0.1516175E-03 0.4406E-07 0.4429    
   8      0.1519739E-03 0.1166E-06  0.1516622E-03 0.4121E-07  1.552    
   9      0.1515716E-03 0.1164E-06  0.1516521E-03 0.3885E-07  1.425    
  10      0.1517038E-03 0.1164E-06  0.1516573E-03 0.3685E-07  1.287    
  11      0.1516743E-03 0.1163E-06  0.1516589E-03 0.3513E-07  1.160    
  12      0.1516744E-03 0.1167E-06  0.1516602E-03 0.3364E-07  1.056    
 answer , counts=   1.5166015086049914E-004           0
 error =   3.3640311663167372E-008
 XSECT-01 =   3505.4453096520915        3505.0000000000000        3505.0000000000000        1.5166015086049914E-004   3.3640311663167372E-008
 Qmin, Qmax =    4504.5000000000000        4505.5000000000000     
 ******************************************************
 Running Order           1 with PDF=NNPDF30_nlo_as_0118                               
 Q=   4505.0000000000000      MUR=   4505.0000000000000      MUF=   4505.0000000000000     
 ******************************************************
 RM48 INITIALIZED:        40           0         0



 INPUT PARAMETERS FOR VEGAS:  NDIM=  5  NCALL=     200000.
                              IT=    0  ITMX=    6
                              MDS=  1   ND=  50
   1      0.1407678E-04 0.4186E-05  0.1407678E-04 0.4186E-05  0.000    
   2      0.2081772E-04 0.7159E-05  0.1696070E-04 0.3997E-05 0.6962    
   3      0.1527756E-04 0.1458E-05  0.1553436E-04 0.1492E-05 0.4635    
   4      0.1428617E-04 0.6486E-06  0.1454919E-04 0.6594E-06 0.5320    
   5      0.1477459E-04 0.2092E-06  0.1474987E-04 0.2143E-06 0.4412    
   6      0.1479438E-04 0.8550E-07  0.1478736E-04 0.8404E-07 0.3694    



 INPUT PARAMETERS FOR VEGAS:  NDIM=  5  NCALL=    1518750.
                              IT=    0  ITMX=   12
                              MDS=  1   ND=  50
   1      0.1473183E-04 0.1664E-07  0.1473183E-04 0.1664E-07  0.000    
   2      0.1472931E-04 0.1668E-07  0.1473058E-04 0.1178E-07 0.1142E-01
   3      0.1474490E-04 0.1671E-07  0.1473534E-04 0.9628E-08 0.2513    
   4      0.1475388E-04 0.1663E-07  0.1474000E-04 0.8332E-08 0.4782    
   5      0.1474809E-04 0.1673E-07  0.1474161E-04 0.7458E-08 0.4054    
   6      0.1474311E-04 0.1668E-07  0.1474186E-04 0.6809E-08 0.3256    
   7      0.1472366E-04 0.1660E-07  0.1473924E-04 0.6299E-08 0.4428    
   8      0.1476139E-04 0.1666E-07  0.1474202E-04 0.5892E-08 0.6009    
   9      0.1475358E-04 0.1662E-07  0.1474331E-04 0.5554E-08 0.5794    
  10      0.1473920E-04 0.1670E-07  0.1474290E-04 0.5270E-08 0.5211    
  11      0.1476039E-04 0.1662E-07  0.1474451E-04 0.5023E-08 0.5698    
  12      0.1473333E-04 0.1661E-07  0.1474357E-04 0.4808E-08 0.5557    
 answer , counts=   1.4743569195122131E-005           0
 error =   4.8081966539875687E-009
 XSECT-01 =   4505.4415355578640        4505.0000000000000        4505.0000000000000        1.4743569195122131E-005   4.8081966539875687E-009
 Qmin, Qmax =    5504.5000000000000        5505.5000000000000     
 ******************************************************
 Running Order           1 with PDF=NNPDF30_nlo_as_0118                               
 Q=   5505.0000000000000      MUR=   5505.0000000000000      MUF=   5505.0000000000000     
 ******************************************************
 RM48 INITIALIZED:        40           0         0



 INPUT PARAMETERS FOR VEGAS:  NDIM=  5  NCALL=     200000.
                              IT=    0  ITMX=    6
                              MDS=  1   ND=  50
   1      0.1307396E-05 0.4408E-06  0.1307396E-05 0.4408E-06  0.000    
   2      0.2232836E-05 0.8663E-06  0.1705598E-05 0.4656E-06 0.9683    
   3      0.2126903E-05 0.3398E-06  0.2007831E-05 0.2616E-06 0.6962    
   4      0.1679031E-05 0.1083E-06  0.1739922E-05 0.1091E-06 0.9516    
   5      0.1524904E-05 0.3532E-07  0.1554284E-05 0.3894E-07  1.665    
   6      0.1586930E-05 0.1499E-07  0.1581660E-05 0.1534E-07  1.508    



 INPUT PARAMETERS FOR VEGAS:  NDIM=  5  NCALL=    1518750.
                              IT=    0  ITMX=   12
                              MDS=  1   ND=  50
   1      0.1584322E-05 0.2599E-08  0.1584322E-05 0.2599E-08  0.000    
   2      0.1585886E-05 0.2614E-08  0.1585100E-05 0.1843E-08 0.1798    
   3      0.1586578E-05 0.2625E-08  0.1585589E-05 0.1508E-08 0.1960    
   4      0.1585911E-05 0.2625E-08  0.1585669E-05 0.1308E-08 0.1344    
   5      0.1585940E-05 0.2618E-08  0.1585723E-05 0.1170E-08 0.1030    
   6      0.1584434E-05 0.2619E-08  0.1585509E-05 0.1068E-08 0.1227    
   7      0.1579625E-05 0.2603E-08  0.1584666E-05 0.9883E-09 0.8276    
   8      0.1589290E-05 0.2611E-08  0.1585248E-05 0.9243E-09  1.102    
   9      0.1585956E-05 0.2612E-08  0.1585327E-05 0.8713E-09 0.9727    
  10      0.1581544E-05 0.2610E-08  0.1584949E-05 0.8265E-09  1.074    
  11      0.1587314E-05 0.2618E-08  0.1585164E-05 0.7881E-09  1.041    
  12      0.1581880E-05 0.2616E-08  0.1584892E-05 0.7546E-09  1.078    
 answer , counts=   1.5848920007086782E-006           0
 error =   7.5464810564891090E-010
 XSECT-01 =   5505.4424579295373        5505.0000000000000        5505.0000000000000        1.5848920007086782E-006   7.5464810564891090E-010
 Qmin, Qmax =    6504.5000000000000        6505.5000000000000     
 ******************************************************
 Running Order           1 with PDF=NNPDF30_nlo_as_0118                               
 Q=   6505.0000000000000      MUR=   6505.0000000000000      MUF=   6505.0000000000000     
 ******************************************************
 RM48 INITIALIZED:        40           0         0



 INPUT PARAMETERS FOR VEGAS:  NDIM=  5  NCALL=     200000.
                              IT=    0  ITMX=    6
                              MDS=  1   ND=  50
   1      0.1040701E-06 0.5263E-07  0.1040701E-06 0.5263E-07  0.000    
   2      0.5006604E-06 0.2469E-06  0.3073680E-06 0.1277E-06  2.411    
   3      0.3389836E-06 0.1406E-06  0.3206449E-06 0.9524E-07  1.270    
   4      0.2058239E-06 0.2197E-07  0.2214606E-06 0.3210E-07  1.516    
   5      0.1892722E-06 0.1058E-07  0.1970306E-06 0.1469E-07  1.529    
   6      0.2002341E-06 0.3286E-08  0.1999075E-06 0.4466E-08  1.358    



 INPUT PARAMETERS FOR VEGAS:  NDIM=  5  NCALL=    1518750.
                              IT=    0  ITMX=   12
                              MDS=  1   ND=  50
   1      0.1981891E-06 0.5305E-09  0.1981891E-06 0.5305E-09  0.000    
   2      0.1971483E-06 0.5256E-09  0.1976666E-06 0.3734E-09  1.942    
   3      0.1974835E-06 0.5326E-09  0.1976064E-06 0.3057E-09  1.011    
   4      0.1985767E-06 0.5343E-09  0.1978475E-06 0.2654E-09  1.505    
   5      0.1988373E-06 0.5329E-09  0.1980457E-06 0.2375E-09  1.822    
   6      0.1978221E-06 0.5293E-09  0.1980083E-06 0.2167E-09  1.488    
   7      0.1976120E-06 0.5267E-09  0.1979511E-06 0.2004E-09  1.321    
   8      0.1985477E-06 0.5276E-09  0.1980267E-06 0.1874E-09  1.292    
   9      0.1974552E-06 0.5291E-09  0.1979634E-06 0.1766E-09  1.260    
  10      0.1979782E-06 0.5276E-09  0.1979649E-06 0.1675E-09  1.120    
  11      0.1986569E-06 0.5299E-09  0.1980281E-06 0.1597E-09  1.163    
  12      0.1969827E-06 0.5323E-09  0.1979426E-06 0.1530E-09  1.377    
 answer , counts=   1.9794264257563783E-007           0
 error =   1.5295712041591003E-010
 XSECT-01 =   6505.4463964002007        6505.0000000000000        6505.0000000000000        1.9794264257563783E-007   1.5295712041591003E-010
 Qmin, Qmax =    7504.5000000000000        7505.5000000000000     
 ******************************************************
 Running Order           1 with PDF=NNPDF30_nlo_as_0118                               
 Q=   7505.0000000000000      MUR=   7505.0000000000000      MUF=   7505.0000000000000     
 ******************************************************
 RM48 INITIALIZED:        40           0         0



 INPUT PARAMETERS FOR VEGAS:  NDIM=  5  NCALL=     200000.
                              IT=    0  ITMX=    6
                              MDS=  1   ND=  50
   1      0.2157729E-08 0.1469E-07  0.2157729E-08 0.1469E-07  0.000    
   2      0.6085390E-07 0.3096E-07  0.6052796E-07 0.2185E-07 0.3986E-01
   3      0.3199979E-07 0.9487E-08  0.3925975E-07 0.1017E-07 0.7704    
   4      0.3339644E-07 0.5305E-08  0.3502682E-07 0.5161E-08 0.6406    
   5      0.3038043E-07 0.2769E-08  0.3183549E-07 0.2780E-08 0.6689    
   6      0.3425013E-07 0.1135E-08  0.3386052E-07 0.1104E-08 0.6768    



 INPUT PARAMETERS FOR VEGAS:  NDIM=  5  NCALL=    1518750.
                              IT=    0  ITMX=   12
                              MDS=  1   ND=  50
   1      0.3347246E-07 0.1555E-09  0.3347246E-07 0.1555E-09  0.000    
   2      0.3326212E-07 0.1535E-09  0.3336657E-07 0.1093E-09 0.9267    
   3      0.3307876E-07 0.1615E-09  0.3327731E-07 0.9048E-10  1.548    
   4      0.3335553E-07 0.1548E-09  0.3329730E-07 0.7812E-10  1.095    
   5      0.3337338E-07 0.1591E-09  0.3331214E-07 0.7012E-10 0.8663    
   6      0.3346118E-07 0.1552E-09  0.3333759E-07 0.6390E-10 0.8461    
   7      0.3347580E-07 0.1550E-09  0.3335781E-07 0.5908E-10 0.8181    
   8      0.3350014E-07 0.1542E-09  0.3337618E-07 0.5517E-10 0.8073    
   9      0.3334079E-07 0.1557E-09  0.3337223E-07 0.5200E-10 0.7123    
  10      0.3330868E-07 0.1558E-09  0.3336588E-07 0.4932E-10 0.6500    
  11      0.3336468E-07 0.1560E-09  0.3336577E-07 0.4703E-10 0.5850    
  12      0.3325295E-07 0.1572E-09  0.3335656E-07 0.4506E-10 0.5748    
 answer , counts=   3.3356561907254840E-008           0
 error =   4.5055144613963461E-011
 XSECT-01 =   7505.4358298270672        7505.0000000000000        7505.0000000000000        3.3356561907254840E-008   4.5055144613963461E-011
 Qmin, Qmax =    8504.5000000000000        8505.5000000000000     
 ******************************************************
 Running Order           1 with PDF=NNPDF30_nlo_as_0118                               
 Q=   8505.0000000000000      MUR=   8505.0000000000000      MUF=   8505.0000000000000     
 ******************************************************
 RM48 INITIALIZED:        40           0         0



 INPUT PARAMETERS FOR VEGAS:  NDIM=  5  NCALL=     200000.
                              IT=    0  ITMX=    6
                              MDS=  1   ND=  50
   1     -0.2480068E-08 0.5089E-08 -0.2480068E-08 0.5089E-08  0.000    
   2      0.2408187E-07 0.1703E-07  0.2126352E-07 0.1144E-07 0.5111    
   3      0.8331409E-08 0.1713E-08  0.9448765E-08 0.2904E-08  1.125    
   4      0.8224219E-08 0.1401E-08  0.8749553E-08 0.1730E-08 0.9475    
   5      0.7842921E-08 0.1342E-08  0.8421970E-08 0.1288E-08 0.8472    
   6      0.7855238E-08 0.5729E-09  0.8044856E-08 0.7066E-09 0.7827    



 INPUT PARAMETERS FOR VEGAS:  NDIM=  5  NCALL=    1518750.
                              IT=    0  ITMX=   12
                              MDS=  1   ND=  50
   1      0.7505621E-08 0.8473E-10  0.7505621E-08 0.8473E-10  0.000    
   2      0.7454793E-08 0.8721E-10  0.7481112E-08 0.6076E-10 0.1747    
   3      0.1097424E-07 0.3392E-08  0.7483522E-08 0.7146E-10 0.8870    
   4      0.7155211E-08 0.4379E-09  0.7477842E-08 0.6778E-10 0.7790    
   5      0.7506383E-08 0.8492E-10  0.7487435E-08 0.5408E-10 0.6248    
   6      0.7418470E-08 0.9542E-10  0.7473203E-08 0.4741E-10 0.5856    
   7      0.9603802E-08 0.2169E-08  0.7474627E-08 0.4873E-10 0.6744    
   8      0.7508765E-08 0.9528E-10  0.7480596E-08 0.4374E-10 0.6047    
   9      0.7525210E-08 0.7811E-10  0.7489840E-08 0.3858E-10 0.5665    
  10      0.7521713E-08 0.1186E-09  0.7492466E-08 0.3668E-10 0.5177    
  11      0.7405076E-08 0.1444E-09  0.7487998E-08 0.3546E-10 0.5025    
  12      0.7218348E-08 0.1187E-09  0.7469925E-08 0.3397E-10 0.8225    
 answer , counts=   7.4699251727020912E-009           0
 error =   3.3968716671758463E-011
 XSECT-01 =   8505.4260937525341        8505.0000000000000        8505.0000000000000        7.4699251727020912E-009   3.3968716671758463E-011
 Qmin, Qmax =    9504.5000000000000        9505.5000000000000     
 ******************************************************
 Running Order           1 with PDF=NNPDF30_nlo_as_0118                               
 Q=   9505.0000000000000      MUR=   9505.0000000000000      MUF=   9505.0000000000000     
 ******************************************************
 RM48 INITIALIZED:        40           0         0



 INPUT PARAMETERS FOR VEGAS:  NDIM=  5  NCALL=     200000.
                              IT=    0  ITMX=    6
                              MDS=  1   ND=  50
   1     -0.3233205E-09 0.1114E-08 -0.3233205E-09 0.1114E-08  0.000    
   2      0.8203577E-09 0.1361E-08  0.6049941E-09 0.9322E-09 0.2301    
   3      0.2462459E-08 0.1127E-08  0.2303249E-08 0.6610E-09 0.3290    
   4      0.1059197E-08 0.7371E-09  0.1950584E-08 0.5228E-09 0.6346    
   5      0.2096073E-08 0.3425E-09  0.2072388E-08 0.2350E-09 0.3965    
   6      0.2026478E-08 0.1353E-09  0.2034111E-08 0.1010E-09 0.2914    



 INPUT PARAMETERS FOR VEGAS:  NDIM=  5  NCALL=    1518750.
                              IT=    0  ITMX=   12
                              MDS=  1   ND=  50
   1      0.2059648E-08 0.3756E-09  0.2059648E-08 0.3756E-09  0.000    
   2      0.1588740E-08 0.3715E-10  0.1596356E-08 0.4266E-10  1.939    
   3      0.1716078E-08 0.1125E-09  0.1609670E-08 0.3934E-10  1.471    
   4      0.1674312E-08 0.2160E-10  0.1657620E-08 0.1965E-10  1.705    
   5      0.1599680E-08 0.6779E-10  0.1653894E-08 0.1866E-10  1.472    
   6      0.1613297E-08 0.4571E-10  0.1648788E-08 0.1725E-10  1.327    
   7      0.1563963E-08 0.2976E-10  0.1630288E-08 0.1506E-10  2.035    
   8      0.1622372E-08 0.1944E-09  0.1630245E-08 0.1494E-10  1.763    
   9      0.1712106E-08 0.2249E-09  0.1630615E-08 0.1494E-10  1.554    
  10      0.1650865E-08 0.1025E-09  0.1631018E-08 0.1475E-10  1.392    
  11      0.1620228E-08 0.3607E-10  0.1629573E-08 0.1368E-10  1.269    
  12      0.1597534E-08 0.2338E-10  0.1621997E-08 0.1191E-10  1.281    
 answer , counts=   1.6219970594124763E-009           0
 error =   1.1908208404312746E-011
 XSECT-01 =   9505.4167516200669        9505.0000000000000        9505.0000000000000        1.6219970594124763E-009   1.1908208404312746E-011
 Qmin, Qmax =    10504.500000000000        10505.500000000000     
 ******************************************************
 Running Order           1 with PDF=NNPDF30_nlo_as_0118                               
 Q=   10505.000000000000      MUR=   10505.000000000000      MUF=   10505.000000000000     
 ******************************************************
 RM48 INITIALIZED:        40           0         0



 INPUT PARAMETERS FOR VEGAS:  NDIM=  5  NCALL=     200000.
                              IT=    0  ITMX=    6
                              MDS=  1   ND=  50
   1     -0.4065707E-10 0.1669E-09 -0.4065707E-10 0.1669E-09  0.000    
   2      0.2807068E-09 0.1667E-09  0.2741253E-09 0.1178E-09 0.1492    
   3      0.2628024E-09 0.2155E-09  0.2702842E-09 0.1066E-09 0.6146E-01
   4      0.1645930E-09 0.7848E-10  0.2173480E-09 0.7091E-10 0.2314    
   5      0.2405362E-09 0.2906E-10  0.2379016E-09 0.2463E-10 0.1857    
   6      0.2360869E-09 0.1756E-10  0.2366306E-09 0.1369E-10 0.1448    



 INPUT PARAMETERS FOR VEGAS:  NDIM=  5  NCALL=    1518750.
                              IT=    0  ITMX=   12
                              MDS=  1   ND=  50
   1      0.2218539E-09 0.6231E-11  0.2218539E-09 0.6231E-11  0.000    
   2      0.2140783E-09 0.7938E-11  0.2190190E-09 0.4881E-11 0.5879    
   3      0.2321755E-09 0.2525E-10  0.2195540E-09 0.4887E-11 0.4228    
   4      0.2293840E-09 0.5702E-11  0.2238559E-09 0.3692E-11 0.8593    
   5      0.2452409E-09 0.1423E-10  0.2254467E-09 0.3620E-11  1.221    
   6      0.2459216E-09 0.1600E-10  0.2265896E-09 0.3563E-11  1.300    
   7      0.1977198E-09 0.1641E-10  0.2256314E-09 0.3434E-11  1.505    
   8      0.2695659E-09 0.4844E-10  0.2259402E-09 0.3508E-11  1.384    
   9      0.2212032E-09 0.2392E-10  0.2258500E-09 0.3456E-11  1.229    
  10      0.1886832E-09 0.4125E-10  0.2256778E-09 0.3389E-11  1.192    
  11      0.2636028E-09 0.1730E-10  0.2275330E-09 0.3356E-11  1.635    
  12      0.2232934E-09 0.9536E-11  0.2270939E-09 0.3169E-11  1.510    
 answer , counts=   2.2709388623616029E-010           0
 error =   3.1686668880069772E-012
 XSECT-01 =   10505.419736820984        10505.000000000000        10505.000000000000        2.2709388623616029E-010   3.1686668880069772E-012
Thanks for using LHAPDF 6.5.4. Please make sure to cite the paper:
  Eur.Phys.J. C75 (2015) 3, 132  (http://arxiv.org/abs/1412.7420)
