LHAPDF 6.5.4 loading /home/niraj/1TB-Disc/Workspace-IITG/Packages/Install/LHAPDF-6.5.4/install/share/LHAPDF/MMHT2014nlo68cl/MMHT2014nlo68cl_0000.dat
MMHT2014nlo68cl PDF set, member #0, version 3; LHAPDF ID = 25100
 Writing your data in ../summary/run_14/PKplus.dat
   
   
 ~~~~~~~~~~~~~~~~~~~~~~~~~~~~~~~~~~~~~~~~~~~~
     Calculating P and K terms
 ~~~~~~~~~~~~~~~~~~~~~~~~~~~~~~~~~~~~~~~~~~~~
   
   
   
 ~~~~~~~~~~~~~~~~~~~~~~~~~~~~~~~~~~~~~~~~~~~~
     Calculating [+] distribution
 ~~~~~~~~~~~~~~~~~~~~~~~~~~~~~~~~~~~~~~~~~~~~
   
 ~~~~~~~~~~~~~~~~~~~~~~~~~~~~~~~~~~~~~~~~
Using Vegas points:                   1.E+08
         Iteration:                   10
 ~~~~~~~~~~~~~~~~~~~~~~~~~~~~~~~~~~~~~~~~
  
 [1;32mFor xq =          100 [0m
  
   
   
 ~~~~~~~~~~~~~~~~~~~~~~~~~~~~~~~~~~~~~~~~~~~~
     Calculating PlusA distribution
 ~~~~~~~~~~~~~~~~~~~~~~~~~~~~~~~~~~~~~~~~~~~~
   
 RM48 INITIALIZED:        40           0         0



 INPUT PARAMETERS FOR VEGAS:  NDIM=  4  NCALL=   99574272.
                              IT=    0  ITMX=   10
                              MDS= -1   ND=  42
   1      -172.0367      6.825      -172.0367      6.825      0.000    
   2      -182.4402      1.562      -181.9772      1.484      2.090    
   3      -184.9845     0.8191      -184.3268     0.7041      2.573    
   4      -184.8648     0.5465      -184.6694     0.4274      1.814    
   5      -183.2283     0.4433      -183.9671     0.3067      2.733    
   6      -183.0693     0.4075      -183.6391     0.2447      2.805    
   7      -184.5030     0.3921      -183.8864     0.2071      2.920    
   8      -183.6483     0.3838      -183.8320     0.1821      2.541    
   9      -184.4698     0.3812      -183.9527     0.1642      2.507    
  10      -184.5481     0.3817      -184.0473     0.1508      2.455    



 INPUT PARAMETERS FOR VEGAS:  NDIM=  4  NCALL=  933897762.
                              IT=    0  ITMX=   20
                              MDS= -1   ND=  49
   1      -184.0502     0.1180      -184.0502     0.1180      0.000    
   2      -184.1068     0.1180      -184.0785     0.8347E-01 0.1146    
   3      -184.0198     0.1180      -184.0589     0.6814E-01 0.1399    
   4      -184.1637     0.1180      -184.0851     0.5901E-01 0.2903    
   5      -184.0946     0.1181      -184.0870     0.5278E-01 0.2190    
   6      -184.0448     0.1180      -184.0800     0.4818E-01 0.1965    
   7      -184.0856     0.1180      -184.0808     0.4461E-01 0.1641    
   8      -183.9914     0.1180      -184.0696     0.4173E-01 0.2124    
   9      -184.2405     0.1181      -184.0886     0.3934E-01 0.4189    
  10      -183.9922     0.1180      -184.0790     0.3732E-01 0.4392    
  11      -184.0786     0.1180      -184.0789     0.3558E-01 0.3952    
  12      -184.0590     0.1180      -184.0773     0.3407E-01 0.3617    
  13      -184.1688     0.1181      -184.0843     0.3273E-01 0.3778    
  14      -183.9660     0.1180      -184.0759     0.3154E-01 0.4205    
  15      -183.9597     0.1180      -184.0681     0.3047E-01 0.4550    
  16      -184.2243     0.1181      -184.0779     0.2951E-01 0.5340    
  17      -184.4401     0.1182      -184.0993     0.2863E-01  1.055    
  18      -184.2622     0.1181      -184.1083     0.2782E-01  1.099    
  19      -184.0407     0.1180      -184.1048     0.2708E-01  1.055    
  20      -184.2386     0.1181      -184.1115     0.2640E-01  1.064    
   
   
 ~~~~~~~~~~~~~~~~~~~~~~~~~~~~~~~~~~~~~~~~~~~~
     Calculating PlusB distribution
 ~~~~~~~~~~~~~~~~~~~~~~~~~~~~~~~~~~~~~~~~~~~~
   
 RM48 INITIALIZED:        40           0         0



 INPUT PARAMETERS FOR VEGAS:  NDIM=  4  NCALL=   99574272.
                              IT=    0  ITMX=   10
                              MDS= -1   ND=  42
   1      -175.3837      6.880      -175.3837      6.880      0.000    
   2      -183.6667      1.589      -183.2827      1.517      1.318    
   3      -185.1253     0.8317      -184.7190     0.7197      1.209    
   4      -185.4016     0.5533      -185.1549     0.4350     0.9867    
   5      -184.0718     0.4480      -184.6244     0.3113      1.494    
   6      -184.1056     0.4113      -184.4337     0.2479      1.396    
   7      -184.5538     0.3965      -184.4678     0.2099      1.171    
   8      -185.0003     0.3875      -184.5905     0.1844      1.213    
   9      -184.2671     0.3823      -184.5290     0.1660      1.133    
  10      -184.7610     0.3829      -184.5661     0.1523      1.040    



 INPUT PARAMETERS FOR VEGAS:  NDIM=  4  NCALL=  933897762.
                              IT=    0  ITMX=   20
                              MDS= -1   ND=  49
   1      -184.3824     0.1191      -184.3824     0.1191      0.000    
   2      -184.7680     0.1193      -184.5753     0.8431E-01  5.230    
   3      -184.5189     0.1192      -184.5565     0.6883E-01  2.690    
   4      -184.4466     0.1192      -184.5291     0.5961E-01  2.006    
   5      -184.7238     0.1192      -184.5681     0.5332E-01  2.038    
   6      -184.6628     0.1192      -184.5838     0.4867E-01  1.735    
   7      -184.2634     0.1191      -184.5382     0.4506E-01  2.477    
   8      -184.6446     0.1192      -184.5515     0.4215E-01  2.223    
   9      -184.5647     0.1192      -184.5530     0.3974E-01  1.946    
  10      -184.5008     0.1192      -184.5477     0.3770E-01  1.749    
  11      -184.4939     0.1192      -184.5428     0.3594E-01  1.593    
  12      -184.6426     0.1193      -184.5512     0.3441E-01  1.506    
  13      -184.5876     0.1193      -184.5540     0.3306E-01  1.388    
  14      -184.3761     0.1192      -184.5413     0.3186E-01  1.440    
  15      -184.7770     0.1192      -184.5570     0.3078E-01  1.598    
  16      -184.6008     0.1192      -184.5598     0.2980E-01  1.500    
  17      -184.6867     0.1193      -184.5672     0.2892E-01  1.473    
  18      -184.6888     0.1192      -184.5740     0.2810E-01  1.444    
  19      -184.7186     0.1192      -184.5816     0.2735E-01  1.441    
  20      -184.6597     0.1192      -184.5855     0.2666E-01  1.387    
   
   
 [1;32mIntegral Plus:  0.47406468697508330      [0m+-   0.0000000000000000     
 with chisq    =   1.3867393400664800     
  
  
  
 [1;32mFor xq =          200 [0m
  
   
   
 ~~~~~~~~~~~~~~~~~~~~~~~~~~~~~~~~~~~~~~~~~~~~
     Calculating PlusA distribution
 ~~~~~~~~~~~~~~~~~~~~~~~~~~~~~~~~~~~~~~~~~~~~
   
 RM48 INITIALIZED:        40           0         0



 INPUT PARAMETERS FOR VEGAS:  NDIM=  4  NCALL=   99574272.
                              IT=    0  ITMX=   10
                              MDS= -1   ND=  42
   1      -11.83650     0.3503      -11.83650     0.3503      0.000    
   2      -11.94734     0.8445E-01  -11.94136     0.8176E-01 0.9382E-01
   3      -12.04684     0.4929E-01  -12.01926     0.4199E-01 0.6558    
   4      -11.92109     0.3877E-01  -11.96635     0.2850E-01  1.420    
   5      -11.84835     0.3518E-01  -11.92003     0.2218E-01  2.756    
   6      -11.97224     0.3397E-01  -11.93573     0.1856E-01  2.534    
   7      -11.95850     0.3332E-01  -11.94114     0.1621E-01  2.170    
   8      -11.95179     0.3301E-01  -11.94322     0.1455E-01  1.871    
   9      -11.87792     0.3280E-01  -11.93257     0.1330E-01  2.050    
  10      -11.83767     0.3265E-01  -11.91923     0.1232E-01  2.621    



 INPUT PARAMETERS FOR VEGAS:  NDIM=  4  NCALL=  933897762.
                              IT=    0  ITMX=   20
                              MDS= -1   ND=  49
   1      -11.92670     0.1037E-01  -11.92670     0.1037E-01  0.000    
   2      -11.91749     0.1036E-01  -11.92209     0.7327E-02 0.3949    
   3      -11.91407     0.1037E-01  -11.91942     0.5983E-02 0.3973    
   4      -11.92184     0.1036E-01  -11.92003     0.5182E-02 0.2784    
   5      -11.93663     0.1037E-01  -11.92335     0.4635E-02 0.7221    
   6      -11.89470     0.1035E-01  -11.91859     0.4231E-02  1.850    
   7      -11.92407     0.1036E-01  -11.91937     0.3917E-02  1.581    
   8      -11.92668     0.1036E-01  -11.92029     0.3664E-02  1.418    
   9      -11.92640     0.1037E-01  -11.92097     0.3454E-02  1.279    
  10      -11.90600     0.1036E-01  -11.91947     0.3277E-02  1.346    
  11      -11.91812     0.1036E-01  -11.91935     0.3124E-02  1.213    
  12      -11.91458     0.1036E-01  -11.91895     0.2991E-02  1.120    
  13      -11.92383     0.1037E-01  -11.91933     0.2874E-02  1.044    
  14      -11.93697     0.1037E-01  -11.92059     0.2770E-02  1.171    
  15      -11.87369     0.1035E-01  -11.91747     0.2676E-02  2.447    
  16      -11.91662     0.1036E-01  -11.91742     0.2591E-02  2.285    
  17      -11.91198     0.1036E-01  -11.91710     0.2513E-02  2.158    
  18      -11.91934     0.1036E-01  -11.91723     0.2442E-02  2.034    
  19      -11.92168     0.1036E-01  -11.91746     0.2377E-02  1.930    
  20      -11.92208     0.1037E-01  -11.91769     0.2317E-02  1.839    
   
   
 ~~~~~~~~~~~~~~~~~~~~~~~~~~~~~~~~~~~~~~~~~~~~
     Calculating PlusB distribution
 ~~~~~~~~~~~~~~~~~~~~~~~~~~~~~~~~~~~~~~~~~~~~
   
 RM48 INITIALIZED:        40           0         0



 INPUT PARAMETERS FOR VEGAS:  NDIM=  4  NCALL=   99574272.
                              IT=    0  ITMX=   10
                              MDS= -1   ND=  42
   1      -12.01427     0.3525      -12.01427     0.3525      0.000    
   2      -12.01172     0.8615E-01  -12.01186     0.8370E-01 0.4937E-04
   3      -11.96572     0.4980E-01  -11.97786     0.4287E-01 0.1123    
   4      -11.98331     0.3927E-01  -11.98082     0.2897E-01 0.7784E-01
   5      -11.91637     0.3558E-01  -11.95533     0.2249E-01 0.5493    
   6      -11.91321     0.3417E-01  -11.94269     0.1880E-01 0.6510    
   7      -11.99904     0.3363E-01  -11.95617     0.1641E-01 0.8998    
   8      -11.92818     0.3328E-01  -11.95073     0.1472E-01 0.8528    
   9      -11.96008     0.3325E-01  -11.95226     0.1346E-01 0.7546    
  10      -11.90589     0.3302E-01  -11.94571     0.1247E-01 0.8579    



 INPUT PARAMETERS FOR VEGAS:  NDIM=  4  NCALL=  933897762.
                              IT=    0  ITMX=   20
                              MDS= -1   ND=  49
   1      -11.96458     0.1044E-01  -11.96458     0.1044E-01  0.000    
   2      -11.96261     0.1045E-01  -11.96360     0.7384E-02 0.1794E-01
   3      -11.95675     0.1044E-01  -11.96132     0.6029E-02 0.1523    
   4      -11.98066     0.1045E-01  -11.96616     0.5222E-02 0.9603    
   5      -11.96792     0.1044E-01  -11.96651     0.4670E-02 0.7258    
   6      -11.93104     0.1043E-01  -11.96061     0.4262E-02  2.501    
   7      -11.97967     0.1045E-01  -11.96334     0.3947E-02  2.559    
   8      -11.95309     0.1043E-01  -11.96206     0.3691E-02  2.315    
   9      -11.94594     0.1044E-01  -11.96027     0.3480E-02  2.290    
  10      -11.95107     0.1044E-01  -11.95935     0.3302E-02  2.114    
  11      -11.96541     0.1044E-01  -11.95990     0.3148E-02  1.933    
  12      -11.98322     0.1045E-01  -11.96185     0.3014E-02  2.173    
  13      -11.95134     0.1043E-01  -11.96104     0.2896E-02  2.070    
  14      -11.97561     0.1045E-01  -11.96208     0.2791E-02  2.050    
  15      -11.96793     0.1044E-01  -11.96247     0.2696E-02  1.924    
  16      -11.96348     0.1044E-01  -11.96254     0.2610E-02  1.796    
  17      -11.97160     0.1045E-01  -11.96307     0.2532E-02  1.728    
  18      -11.94688     0.1043E-01  -11.96217     0.2461E-02  1.760    
  19      -11.95431     0.1044E-01  -11.96176     0.2395E-02  1.692    
  20      -11.95737     0.1044E-01  -11.96154     0.2335E-02  1.612    
   
   
 [1;32mIntegral Plus:   4.3848365290767077E-002 [0m+-   0.0000000000000000     
 with chisq    =   1.6121219370497881     
  
  
  
 [1;32mFor xq =          300 [0m
  
   
   
 ~~~~~~~~~~~~~~~~~~~~~~~~~~~~~~~~~~~~~~~~~~~~
     Calculating PlusA distribution
 ~~~~~~~~~~~~~~~~~~~~~~~~~~~~~~~~~~~~~~~~~~~~
   
 RM48 INITIALIZED:        40           0         0



 INPUT PARAMETERS FOR VEGAS:  NDIM=  4  NCALL=   99574272.
                              IT=    0  ITMX=   10
                              MDS= -1   ND=  42
   1      -2.156539     0.5609E-01  -2.156539     0.5609E-01  0.000    
   2      -2.221159     0.1454E-01  -2.217308     0.1390E-01  1.211    
   3      -2.234780     0.9328E-02  -2.229507     0.7689E-02  1.141    
   4      -2.218514     0.7967E-02  -2.224171     0.5524E-02  1.088    
   5      -2.230471     0.7501E-02  -2.226416     0.4441E-02 0.9282    
   6      -2.251840     0.7330E-02  -2.233421     0.3792E-02  2.533    
   7      -2.225082     0.7208E-02  -2.231606     0.3355E-02  2.285    
   8      -2.235587     0.7177E-02  -2.232328     0.3038E-02  1.991    
   9      -2.242758     0.7181E-02  -2.233937     0.2797E-02  1.965    
  10      -2.232879     0.7152E-02  -2.233796     0.2605E-02  1.748    



 INPUT PARAMETERS FOR VEGAS:  NDIM=  4  NCALL=  933897762.
                              IT=    0  ITMX=   20
                              MDS= -1   ND=  49
   1      -2.232243     0.2270E-02  -2.232243     0.2270E-02  0.000    
   2      -2.233441     0.2272E-02  -2.232842     0.1606E-02 0.1392    
   3      -2.232315     0.2270E-02  -2.232666     0.1311E-02 0.8753E-01
   4      -2.232908     0.2271E-02  -2.232727     0.1135E-02 0.6118E-01
   5      -2.230958     0.2271E-02  -2.232373     0.1016E-02 0.1671    
   6      -2.228118     0.2267E-02  -2.231665     0.9268E-03 0.7189    
   7      -2.233883     0.2272E-02  -2.231981     0.8582E-03 0.7353    
   8      -2.230224     0.2268E-02  -2.231762     0.8026E-03 0.7053    
   9      -2.226311     0.2267E-02  -2.231157     0.7566E-03  1.257    
  10      -2.235784     0.2273E-02  -2.231621     0.7179E-03  1.533    
  11      -2.234215     0.2271E-02  -2.231857     0.6845E-03  1.498    
  12      -2.235902     0.2272E-02  -2.232194     0.6554E-03  1.627    
  13      -2.231120     0.2270E-02  -2.232112     0.6297E-03  1.508    
  14      -2.226699     0.2267E-02  -2.231726     0.6067E-03  1.798    
  15      -2.233276     0.2271E-02  -2.231829     0.5862E-03  1.701    
  16      -2.234220     0.2271E-02  -2.231979     0.5676E-03  1.657    
  17      -2.235364     0.2272E-02  -2.232178     0.5506E-03  1.684    
  18      -2.235851     0.2272E-02  -2.232383     0.5351E-03  1.730    
  19      -2.232894     0.2271E-02  -2.232410     0.5209E-03  1.637    
  20      -2.233901     0.2271E-02  -2.232484     0.5077E-03  1.572    
   
   
 ~~~~~~~~~~~~~~~~~~~~~~~~~~~~~~~~~~~~~~~~~~~~
     Calculating PlusB distribution
 ~~~~~~~~~~~~~~~~~~~~~~~~~~~~~~~~~~~~~~~~~~~~
   
 RM48 INITIALIZED:        40           0         0



 INPUT PARAMETERS FOR VEGAS:  NDIM=  4  NCALL=   99574272.
                              IT=    0  ITMX=   10
                              MDS= -1   ND=  42
   1      -2.219265     0.5681E-01  -2.219265     0.5681E-01  0.000    
   2      -2.242383     0.1484E-01  -2.240935     0.1429E-01 0.1536    
   3      -2.237834     0.9439E-02  -2.238772     0.7867E-02 0.9304E-01
   4      -2.229766     0.8085E-02  -2.234398     0.5640E-02 0.2744    
   5      -2.241870     0.7589E-02  -2.237071     0.4524E-02 0.3621    
   6      -2.255686     0.7387E-02  -2.242219     0.3854E-02  1.222    
   7      -2.248179     0.7313E-02  -2.243524     0.3408E-02  1.104    
   8      -2.233502     0.7252E-02  -2.241718     0.3085E-02  1.170    
   9      -2.239887     0.7238E-02  -2.241436     0.2838E-02  1.030    
  10      -2.241928     0.7247E-02  -2.241502     0.2642E-02 0.9159    



 INPUT PARAMETERS FOR VEGAS:  NDIM=  4  NCALL=  933897762.
                              IT=    0  ITMX=   20
                              MDS= -1   ND=  49
   1      -2.236777     0.2299E-02  -2.236777     0.2299E-02  0.000    
   2      -2.242553     0.2304E-02  -2.239666     0.1628E-02  3.149    
   3      -2.239243     0.2301E-02  -2.239525     0.1329E-02  1.586    
   4      -2.245771     0.2304E-02  -2.241090     0.1151E-02  2.898    
   5      -2.242570     0.2303E-02  -2.241387     0.1030E-02  2.256    
   6      -2.240952     0.2302E-02  -2.241314     0.9399E-03  1.811    
   7      -2.242700     0.2303E-02  -2.241512     0.8703E-03  1.561    
   8      -2.241303     0.2302E-02  -2.241486     0.8140E-03  1.339    
   9      -2.238094     0.2302E-02  -2.241110     0.7675E-03  1.412    
  10      -2.241053     0.2302E-02  -2.241104     0.7281E-03  1.255    
  11      -2.241280     0.2303E-02  -2.241120     0.6942E-03  1.130    
  12      -2.238786     0.2303E-02  -2.240926     0.6647E-03  1.113    
  13      -2.239082     0.2302E-02  -2.240784     0.6386E-03  1.070    
  14      -2.245333     0.2305E-02  -2.241110     0.6154E-03  1.266    
  15      -2.243787     0.2304E-02  -2.241289     0.5945E-03  1.266    
  16      -2.242287     0.2302E-02  -2.241351     0.5757E-03  1.193    
  17      -2.243100     0.2303E-02  -2.241454     0.5585E-03  1.153    
  18      -2.239792     0.2302E-02  -2.241362     0.5427E-03  1.114    
  19      -2.243768     0.2305E-02  -2.241488     0.5283E-03  1.109    
  20      -2.242290     0.2303E-02  -2.241529     0.5149E-03  1.057    
   
   
 [1;32mIntegral Plus:   9.0443107640574283E-003 [0m+-   0.0000000000000000     
 with chisq    =   1.0569388055303912     
  
  
  
 [1;32mFor xq =          400 [0m
  
   
   
 ~~~~~~~~~~~~~~~~~~~~~~~~~~~~~~~~~~~~~~~~~~~~
     Calculating PlusA distribution
 ~~~~~~~~~~~~~~~~~~~~~~~~~~~~~~~~~~~~~~~~~~~~
   
 RM48 INITIALIZED:        40           0         0



 INPUT PARAMETERS FOR VEGAS:  NDIM=  4  NCALL=   99574272.
                              IT=    0  ITMX=   10
                              MDS= -1   ND=  42
   1     -0.6549386     0.1521E-01 -0.6549386     0.1521E-01  0.000    
   2     -0.6574587     0.4131E-02 -0.6572868     0.3980E-02 0.2548E-01
   3     -0.6527483     0.2851E-02 -0.6542980     0.2321E-02 0.4425    
   4     -0.6544332     0.2530E-02 -0.6543598     0.1711E-02 0.2957    
   5     -0.6526389     0.2411E-02 -0.6537861     0.1396E-02 0.3065    
   6     -0.6500869     0.2353E-02 -0.6528329     0.1201E-02 0.6085    
   7     -0.6523287     0.2332E-02 -0.6527275     0.1068E-02 0.5135    
   8     -0.6538660     0.2323E-02 -0.6529264     0.9704E-03 0.4685    
   9     -0.6538553     0.2320E-02 -0.6530648     0.8952E-03 0.4269    
  10     -0.6521486     0.2324E-02 -0.6529469     0.8354E-03 0.3946    



 INPUT PARAMETERS FOR VEGAS:  NDIM=  4  NCALL=  933897762.
                              IT=    0  ITMX=   20
                              MDS= -1   ND=  49
   1     -0.6544387     0.7436E-03 -0.6544387     0.7436E-03  0.000    
   2     -0.6538758     0.7434E-03 -0.6541574     0.5257E-03 0.2865    
   3     -0.6531336     0.7434E-03 -0.6538168     0.4292E-03 0.7749    
   4     -0.6534125     0.7430E-03 -0.6537157     0.3717E-03 0.5907    
   5     -0.6540090     0.7431E-03 -0.6537745     0.3324E-03 0.4741    
   6     -0.6534845     0.7424E-03 -0.6537261     0.3034E-03 0.4048    
   7     -0.6550190     0.7441E-03 -0.6539110     0.2809E-03 0.7698    
   8     -0.6541038     0.7426E-03 -0.6539352     0.2628E-03 0.6682    
   9     -0.6538540     0.7431E-03 -0.6539261     0.2477E-03 0.5860    
  10     -0.6546171     0.7435E-03 -0.6539953     0.2350E-03 0.6073    
  11     -0.6538113     0.7433E-03 -0.6539786     0.2241E-03 0.5522    
  12     -0.6530741     0.7429E-03 -0.6539034     0.2145E-03 0.6253    
  13     -0.6540247     0.7434E-03 -0.6539127     0.2061E-03 0.5753    
  14     -0.6534188     0.7431E-03 -0.6538774     0.1986E-03 0.5626    
  15     -0.6541700     0.7430E-03 -0.6538970     0.1919E-03 0.5327    
  16     -0.6527218     0.7422E-03 -0.6538236     0.1858E-03 0.6535    
  17     -0.6536584     0.7429E-03 -0.6538139     0.1802E-03 0.6156    
  18     -0.6537717     0.7434E-03 -0.6538115     0.1752E-03 0.5795    
  19     -0.6525339     0.7427E-03 -0.6537445     0.1705E-03 0.7026    
  20     -0.6545450     0.7441E-03 -0.6537845     0.1662E-03 0.7236    
   
   
 ~~~~~~~~~~~~~~~~~~~~~~~~~~~~~~~~~~~~~~~~~~~~
     Calculating PlusB distribution
 ~~~~~~~~~~~~~~~~~~~~~~~~~~~~~~~~~~~~~~~~~~~~
   
 RM48 INITIALIZED:        40           0         0



 INPUT PARAMETERS FOR VEGAS:  NDIM=  4  NCALL=   99574272.
                              IT=    0  ITMX=   10
                              MDS= -1   ND=  42
   1     -0.6552372     0.1525E-01 -0.6552372     0.1525E-01  0.000    
   2     -0.6631897     0.4203E-02 -0.6626408     0.4031E-02 0.2501    
   3     -0.6605619     0.2898E-02 -0.6612683     0.2351E-02 0.2125    
   4     -0.6560986     0.2554E-02 -0.6589102     0.1732E-02 0.8790    
   5     -0.6557881     0.2438E-02 -0.6578697     0.1413E-02 0.9317    
   6     -0.6577698     0.2383E-02 -0.6578438     0.1215E-02 0.7458    
   7     -0.6545982     0.2352E-02 -0.6571658     0.1080E-02 0.8711    
   8     -0.6579510     0.2353E-02 -0.6573025     0.9816E-03 0.7597    
   9     -0.6525863     0.2339E-02 -0.6566056     0.9054E-03  1.093    
  10     -0.6582958     0.2355E-02 -0.6568240     0.8451E-03  1.021    



 INPUT PARAMETERS FOR VEGAS:  NDIM=  4  NCALL=  933897762.
                              IT=    0  ITMX=   20
                              MDS= -1   ND=  49
   1     -0.6554560     0.7503E-03 -0.6554560     0.7503E-03  0.000    
   2     -0.6565682     0.7513E-03 -0.6560123     0.5309E-03  1.097    
   3     -0.6567427     0.7521E-03 -0.6562555     0.4337E-03 0.8631    
   4     -0.6557685     0.7510E-03 -0.6561338     0.3756E-03 0.6807    
   5     -0.6555851     0.7514E-03 -0.6560243     0.3360E-03 0.6172    
   6     -0.6557696     0.7512E-03 -0.6559819     0.3067E-03 0.5130    
   7     -0.6568438     0.7515E-03 -0.6561052     0.2839E-03 0.6157    
   8     -0.6559647     0.7508E-03 -0.6560876     0.2656E-03 0.5321    
   9     -0.6592142     0.7535E-03 -0.6564361     0.2505E-03  2.394    
  10     -0.6565986     0.7513E-03 -0.6564524     0.2376E-03  2.132    
  11     -0.6550320     0.7507E-03 -0.6563235     0.2265E-03  2.244    
  12     -0.6564829     0.7515E-03 -0.6563368     0.2169E-03  2.044    
  13     -0.6569817     0.7517E-03 -0.6563864     0.2084E-03  1.930    
  14     -0.6572363     0.7520E-03 -0.6564472     0.2008E-03  1.873    
  15     -0.6572668     0.7524E-03 -0.6565018     0.1940E-03  1.818    
  16     -0.6561924     0.7511E-03 -0.6564825     0.1879E-03  1.707    
  17     -0.6569445     0.7517E-03 -0.6565097     0.1823E-03  1.623    
  18     -0.6558582     0.7509E-03 -0.6564735     0.1771E-03  1.569    
  19     -0.6571009     0.7516E-03 -0.6565066     0.1724E-03  1.519    
  20     -0.6573202     0.7519E-03 -0.6565473     0.1680E-03  1.497    
   
   
 [1;32mIntegral Plus:   2.7628292994819059E-003 [0m+-   0.0000000000000000     
 with chisq    =   1.4972001863938555     
  
  
  
 [1;32mFor xq =          500 [0m
  
   
   
 ~~~~~~~~~~~~~~~~~~~~~~~~~~~~~~~~~~~~~~~~~~~~
     Calculating PlusA distribution
 ~~~~~~~~~~~~~~~~~~~~~~~~~~~~~~~~~~~~~~~~~~~~
   
 RM48 INITIALIZED:        40           0         0



 INPUT PARAMETERS FOR VEGAS:  NDIM=  4  NCALL=   99574272.
                              IT=    0  ITMX=   10
                              MDS= -1   ND=  42
   1     -0.2404220     0.5250E-02 -0.2404220     0.5250E-02  0.000    
   2     -0.2470804     0.1505E-02 -0.2465996     0.1430E-02  1.452    
   3     -0.2435401     0.1107E-02 -0.2446869     0.8755E-03  2.157    
   4     -0.2452368     0.1002E-02 -0.2449266     0.6586E-03  1.491    
   5     -0.2471614     0.9686E-03 -0.2456453     0.5438E-03  2.033    
   6     -0.2446598     0.9478E-03 -0.2454013     0.4717E-03  1.789    
   7     -0.2450333     0.9428E-03 -0.2453274     0.4218E-03  1.511    
   8     -0.2457147     0.9422E-03 -0.2453925     0.3849E-03  1.314    
   9     -0.2438088     0.9361E-03 -0.2451651     0.3561E-03  1.455    
  10     -0.2439453     0.9371E-03 -0.2450121     0.3329E-03  1.458    



 INPUT PARAMETERS FOR VEGAS:  NDIM=  4  NCALL=  933897762.
                              IT=    0  ITMX=   20
                              MDS= -1   ND=  49
   1     -0.2454285     0.3021E-03 -0.2454285     0.3021E-03  0.000    
   2     -0.2452085     0.3020E-03 -0.2453185     0.2136E-03 0.2652    
   3     -0.2451746     0.3018E-03 -0.2452705     0.1743E-03 0.2084    
   4     -0.2458350     0.3025E-03 -0.2454118     0.1510E-03  1.012    
   5     -0.2452048     0.3018E-03 -0.2453704     0.1351E-03 0.8533    
   6     -0.2454321     0.3020E-03 -0.2453807     0.1233E-03 0.6895    
   7     -0.2456759     0.3022E-03 -0.2454229     0.1142E-03 0.7110    
   8     -0.2453954     0.3021E-03 -0.2454195     0.1068E-03 0.6105    
   9     -0.2454643     0.3020E-03 -0.2454245     0.1007E-03 0.5366    
  10     -0.2458717     0.3023E-03 -0.2454693     0.9552E-04 0.6964    
  11     -0.2453216     0.3020E-03 -0.2454558     0.9108E-04 0.6485    
  12     -0.2455357     0.3021E-03 -0.2454625     0.8720E-04 0.5954    
  13     -0.2455191     0.3021E-03 -0.2454669     0.8378E-04 0.5484    
  14     -0.2454954     0.3020E-03 -0.2454689     0.8073E-04 0.5069    
  15     -0.2458739     0.3020E-03 -0.2454960     0.7799E-04 0.5908    
  16     -0.2453460     0.3019E-03 -0.2454866     0.7551E-04 0.5669    
  17     -0.2455401     0.3022E-03 -0.2454898     0.7326E-04 0.5333    
  18     -0.2451453     0.3019E-03 -0.2454707     0.7119E-04 0.5741    
  19     -0.2451850     0.3018E-03 -0.2454556     0.6929E-04 0.5893    
  20     -0.2454040     0.3019E-03 -0.2454531     0.6754E-04 0.5598    
   
   
 ~~~~~~~~~~~~~~~~~~~~~~~~~~~~~~~~~~~~~~~~~~~~
     Calculating PlusB distribution
 ~~~~~~~~~~~~~~~~~~~~~~~~~~~~~~~~~~~~~~~~~~~~
   
 RM48 INITIALIZED:        40           0         0



 INPUT PARAMETERS FOR VEGAS:  NDIM=  4  NCALL=   99574272.
                              IT=    0  ITMX=   10
                              MDS= -1   ND=  42
   1     -0.2432046     0.5275E-02 -0.2432046     0.5275E-02  0.000    
   2     -0.2468953     0.1533E-02 -0.2466157     0.1463E-02 0.4456    
   3     -0.2464140     0.1126E-02 -0.2464885     0.8911E-03 0.2280    
   4     -0.2456698     0.1017E-02 -0.2461327     0.6702E-03 0.2741    
   5     -0.2477255     0.9805E-03 -0.2466461     0.5527E-03 0.6583    
   6     -0.2464494     0.9583E-03 -0.2465968     0.4787E-03 0.5327    
   7     -0.2455546     0.9536E-03 -0.2463878     0.4279E-03 0.6027    
   8     -0.2472330     0.9524E-03 -0.2465309     0.3902E-03 0.6103    
   9     -0.2473133     0.9480E-03 -0.2466452     0.3608E-03 0.6067    
  10     -0.2449177     0.9468E-03 -0.2464282     0.3372E-03 0.8601    



 INPUT PARAMETERS FOR VEGAS:  NDIM=  4  NCALL=  933897762.
                              IT=    0  ITMX=   20
                              MDS= -1   ND=  49
   1     -0.2469061     0.3050E-03 -0.2469061     0.3050E-03  0.000    
   2     -0.2463840     0.3047E-03 -0.2466454     0.2156E-03  1.467    
   3     -0.2469655     0.3051E-03 -0.2467521     0.1761E-03  1.100    
   4     -0.2459835     0.3045E-03 -0.2465605     0.1524E-03  2.321    
   5     -0.2459818     0.3045E-03 -0.2464450     0.1363E-03  2.462    
   6     -0.2469701     0.3050E-03 -0.2465328     0.1244E-03  2.464    
   7     -0.2471534     0.3051E-03 -0.2466217     0.1152E-03  2.645    
   8     -0.2466688     0.3047E-03 -0.2466276     0.1078E-03  2.270    
   9     -0.2471965     0.3050E-03 -0.2466910     0.1016E-03  2.373    
  10     -0.2468026     0.3051E-03 -0.2467021     0.9641E-04  2.123    
  11     -0.2465158     0.3051E-03 -0.2466852     0.9193E-04  1.945    
  12     -0.2470127     0.3052E-03 -0.2467125     0.8802E-04  1.864    
  13     -0.2468044     0.3052E-03 -0.2467196     0.8458E-04  1.715    
  14     -0.2467105     0.3051E-03 -0.2467189     0.8150E-04  1.583    
  15     -0.2466670     0.3049E-03 -0.2467155     0.7874E-04  1.472    
  16     -0.2463426     0.3046E-03 -0.2466922     0.7623E-04  1.468    
  17     -0.2467090     0.3048E-03 -0.2466932     0.7395E-04  1.376    
  18     -0.2464720     0.3047E-03 -0.2466809     0.7187E-04  1.325    
  19     -0.2471574     0.3051E-03 -0.2467060     0.6995E-04  1.380    
  20     -0.2468199     0.3050E-03 -0.2467117     0.6818E-04  1.314    
   
   
 [1;32mIntegral Plus:   1.2586747595702830E-003 [0m+-   0.0000000000000000     
 with chisq    =   1.3138977846180231     
  
  
  
 [1;32mFor xq =          600 [0m
  
   
   
 ~~~~~~~~~~~~~~~~~~~~~~~~~~~~~~~~~~~~~~~~~~~~
     Calculating PlusA distribution
 ~~~~~~~~~~~~~~~~~~~~~~~~~~~~~~~~~~~~~~~~~~~~
   
 RM48 INITIALIZED:        40           0         0



 INPUT PARAMETERS FOR VEGAS:  NDIM=  4  NCALL=   99574272.
                              IT=    0  ITMX=   10
                              MDS= -1   ND=  42
   1     -0.1118570     0.2269E-02 -0.1118570     0.2269E-02  0.000    
   2     -0.1087800     0.6610E-03 -0.1090334     0.6422E-03  1.735    
   3     -0.1080257     0.5058E-03 -0.1084216     0.3998E-03  1.637    
   4     -0.1076945     0.4623E-03 -0.1081166     0.3033E-03  1.567    
   5     -0.1073659     0.4474E-03 -0.1078854     0.2515E-03  1.658    
   6     -0.1082303     0.4438E-03 -0.1079686     0.2189E-03  1.419    
   7     -0.1074664     0.4372E-03 -0.1078698     0.1959E-03  1.360    
   8     -0.1076200     0.4381E-03 -0.1078287     0.1789E-03  1.206    
   9     -0.1083567     0.4383E-03 -0.1079040     0.1656E-03  1.211    
  10     -0.1083026     0.4386E-03 -0.1079537     0.1549E-03  1.157    



 INPUT PARAMETERS FOR VEGAS:  NDIM=  4  NCALL=  933897762.
                              IT=    0  ITMX=   20
                              MDS= -1   ND=  49
   1     -0.1079490     0.1413E-03 -0.1079490     0.1413E-03  0.000    
   2     -0.1079353     0.1412E-03 -0.1079421     0.9989E-04 0.4717E-02
   3     -0.1079986     0.1412E-03 -0.1079610     0.8154E-04 0.5561E-01
   4     -0.1082446     0.1414E-03 -0.1080320     0.7064E-04  1.046    
   5     -0.1077118     0.1410E-03 -0.1079680     0.6315E-04  1.814    
   6     -0.1077160     0.1410E-03 -0.1079261     0.5763E-04  1.983    
   7     -0.1080918     0.1412E-03 -0.1079498     0.5336E-04  1.849    
   8     -0.1080027     0.1413E-03 -0.1079564     0.4992E-04  1.602    
   9     -0.1079155     0.1411E-03 -0.1079519     0.4706E-04  1.411    
  10     -0.1080283     0.1412E-03 -0.1079595     0.4465E-04  1.283    
  11     -0.1079252     0.1412E-03 -0.1079564     0.4257E-04  1.161    
  12     -0.1081035     0.1412E-03 -0.1079687     0.4076E-04  1.145    
  13     -0.1079966     0.1412E-03 -0.1079708     0.3916E-04  1.053    
  14     -0.1080578     0.1413E-03 -0.1079770     0.3774E-04 0.9989    
  15     -0.1080225     0.1411E-03 -0.1079801     0.3645E-04 0.9344    
  16     -0.1079829     0.1411E-03 -0.1079803     0.3530E-04 0.8721    
  17     -0.1081457     0.1414E-03 -0.1079900     0.3425E-04 0.8982    
  18     -0.1078806     0.1411E-03 -0.1079839     0.3328E-04 0.8789    
  19     -0.1077153     0.1410E-03 -0.1079698     0.3239E-04  1.020    
  20     -0.1078405     0.1411E-03 -0.1079634     0.3157E-04  1.009    
   
   
 ~~~~~~~~~~~~~~~~~~~~~~~~~~~~~~~~~~~~~~~~~~~~
     Calculating PlusB distribution
 ~~~~~~~~~~~~~~~~~~~~~~~~~~~~~~~~~~~~~~~~~~~~
   
 RM48 INITIALIZED:        40           0         0



 INPUT PARAMETERS FOR VEGAS:  NDIM=  4  NCALL=   99574272.
                              IT=    0  ITMX=   10
                              MDS= -1   ND=  42
   1     -0.1104637     0.2267E-02 -0.1104637     0.2267E-02  0.000    
   2     -0.1089965     0.6698E-03 -0.1091172     0.6460E-03 0.3894    
   3     -0.1080817     0.5125E-03 -0.1084891     0.4032E-03 0.9838    
   4     -0.1091216     0.4706E-03 -0.1087567     0.3062E-03  1.003    
   5     -0.1087666     0.4552E-03 -0.1087597     0.2542E-03 0.7535    
   6     -0.1080400     0.4474E-03 -0.1085867     0.2212E-03 0.9916    
   7     -0.1085640     0.4448E-03 -0.1085822     0.1981E-03 0.8274    
   8     -0.1079255     0.4438E-03 -0.1084747     0.1809E-03 0.9684    
   9     -0.1090573     0.4439E-03 -0.1085581     0.1675E-03  1.032    
  10     -0.1092042     0.4455E-03 -0.1086387     0.1568E-03  1.123    



 INPUT PARAMETERS FOR VEGAS:  NDIM=  4  NCALL=  933897762.
                              IT=    0  ITMX=   20
                              MDS= -1   ND=  49
   1     -0.1083623     0.1421E-03 -0.1083623     0.1421E-03  0.000    
   2     -0.1083531     0.1421E-03 -0.1083577     0.1005E-03 0.2065E-02
   3     -0.1086591     0.1423E-03 -0.1084584     0.8209E-04  1.500    
   4     -0.1084193     0.1421E-03 -0.1084486     0.7108E-04  1.019    
   5     -0.1087382     0.1424E-03 -0.1085066     0.6360E-04  1.594    
   6     -0.1086810     0.1424E-03 -0.1085357     0.5807E-04  1.525    
   7     -0.1084650     0.1422E-03 -0.1085256     0.5376E-04  1.307    
   8     -0.1084323     0.1422E-03 -0.1085140     0.5028E-04  1.174    
   9     -0.1083148     0.1421E-03 -0.1084919     0.4740E-04  1.245    
  10     -0.1085290     0.1422E-03 -0.1084956     0.4497E-04  1.114    
  11     -0.1086860     0.1424E-03 -0.1085129     0.4288E-04  1.165    
  12     -0.1083761     0.1422E-03 -0.1085015     0.4106E-04  1.136    
  13     -0.1084254     0.1422E-03 -0.1084957     0.3945E-04  1.064    
  14     -0.1085719     0.1423E-03 -0.1085011     0.3801E-04  1.002    
  15     -0.1084014     0.1421E-03 -0.1084945     0.3672E-04 0.9635    
  16     -0.1084454     0.1423E-03 -0.1084914     0.3556E-04 0.9067    
  17     -0.1087058     0.1423E-03 -0.1085041     0.3450E-04 0.9838    
  18     -0.1086142     0.1423E-03 -0.1085102     0.3353E-04 0.9592    
  19     -0.1088271     0.1424E-03 -0.1085269     0.3263E-04  1.168    
  20     -0.1087744     0.1424E-03 -0.1085393     0.3181E-04  1.258    
   
   
 [1;32mIntegral Plus:   5.7595659164623447E-004 [0m+-   0.0000000000000000     
 with chisq    =   1.2575792848802265     
  
  
  
 [1;32mFor xq =          700 [0m
  
   
   
 ~~~~~~~~~~~~~~~~~~~~~~~~~~~~~~~~~~~~~~~~~~~~
     Calculating PlusA distribution
 ~~~~~~~~~~~~~~~~~~~~~~~~~~~~~~~~~~~~~~~~~~~~
   
 RM48 INITIALIZED:        40           0         0



 INPUT PARAMETERS FOR VEGAS:  NDIM=  4  NCALL=   99574272.
                              IT=    0  ITMX=   10
                              MDS= -1   ND=  42
   1     -0.5262169E-01 0.1043E-02 -0.5262169E-01 0.1043E-02  0.000    
   2     -0.5311906E-01 0.3244E-03 -0.5307591E-01 0.3086E-03 0.2058    
   3     -0.5273752E-01 0.2537E-03 -0.5287443E-01 0.1961E-03 0.4617    
   4     -0.5292813E-01 0.2368E-03 -0.5289633E-01 0.1510E-03 0.3177    
   5     -0.5288845E-01 0.2299E-03 -0.5289395E-01 0.1262E-03 0.2384    
   6     -0.5270620E-01 0.2261E-03 -0.5284954E-01 0.1102E-03 0.2957    
   7     -0.5298988E-01 0.2262E-03 -0.5287660E-01 0.9906E-04 0.2983    
   8     -0.5324793E-01 0.2265E-03 -0.5293696E-01 0.9073E-04 0.5809    
   9     -0.5277094E-01 0.2252E-03 -0.5291388E-01 0.8417E-04 0.5668    
  10     -0.5299899E-01 0.2266E-03 -0.5292424E-01 0.7890E-04 0.5174    



 INPUT PARAMETERS FOR VEGAS:  NDIM=  4  NCALL=  933897762.
                              IT=    0  ITMX=   20
                              MDS= -1   ND=  49
   1     -0.5300661E-01 0.7289E-04 -0.5300661E-01 0.7289E-04  0.000    
   2     -0.5305170E-01 0.7290E-04 -0.5302917E-01 0.5155E-04 0.1913    
   3     -0.5297828E-01 0.7278E-04 -0.5301219E-01 0.4206E-04 0.2584    
   4     -0.5290507E-01 0.7273E-04 -0.5298542E-01 0.3641E-04 0.7132    
   5     -0.5298276E-01 0.7284E-04 -0.5298489E-01 0.3257E-04 0.5352    
   6     -0.5297851E-01 0.7284E-04 -0.5298383E-01 0.2973E-04 0.4295    
   7     -0.5295337E-01 0.7281E-04 -0.5297948E-01 0.2753E-04 0.3829    
   8     -0.5293553E-01 0.7279E-04 -0.5297399E-01 0.2575E-04 0.3738    
   9     -0.5292327E-01 0.7278E-04 -0.5296836E-01 0.2427E-04 0.3810    
  10     -0.5297506E-01 0.7288E-04 -0.5296903E-01 0.2303E-04 0.3395    
  11     -0.5285682E-01 0.7274E-04 -0.5295884E-01 0.2195E-04 0.5213    
  12     -0.5304209E-01 0.7284E-04 -0.5296580E-01 0.2102E-04 0.5829    
  13     -0.5305467E-01 0.7289E-04 -0.5297264E-01 0.2020E-04 0.6489    
  14     -0.5309111E-01 0.7289E-04 -0.5298112E-01 0.1946E-04 0.7882    
  15     -0.5307052E-01 0.7293E-04 -0.5298709E-01 0.1881E-04 0.8322    
  16     -0.5285623E-01 0.7276E-04 -0.5297893E-01 0.1821E-04 0.9783    
  17     -0.5291445E-01 0.7269E-04 -0.5297513E-01 0.1766E-04 0.9634    
  18     -0.5300830E-01 0.7289E-04 -0.5297697E-01 0.1717E-04 0.9182    
  19     -0.5282600E-01 0.7273E-04 -0.5296905E-01 0.1671E-04  1.093    
  20     -0.5313247E-01 0.7292E-04 -0.5297725E-01 0.1628E-04  1.288    
   
   
 ~~~~~~~~~~~~~~~~~~~~~~~~~~~~~~~~~~~~~~~~~~~~
     Calculating PlusB distribution
 ~~~~~~~~~~~~~~~~~~~~~~~~~~~~~~~~~~~~~~~~~~~~
   
 RM48 INITIALIZED:        40           0         0



 INPUT PARAMETERS FOR VEGAS:  NDIM=  4  NCALL=   99574272.
                              IT=    0  ITMX=   10
                              MDS= -1   ND=  42
   1     -0.5370418E-01 0.1051E-02 -0.5370418E-01 0.1051E-02  0.000    
   2     -0.5321946E-01 0.3291E-03 -0.5326344E-01 0.3153E-03 0.1950    
   3     -0.5334985E-01 0.2587E-03 -0.5331499E-01 0.2001E-03 0.1201    
   4     -0.5333081E-01 0.2400E-03 -0.5332147E-01 0.1537E-03 0.8097E-01
   5     -0.5347567E-01 0.2331E-03 -0.5336829E-01 0.1283E-03 0.1370    
   6     -0.5322697E-01 0.2300E-03 -0.5333493E-01 0.1121E-03 0.1671    
   7     -0.5332748E-01 0.2293E-03 -0.5333350E-01 0.1007E-03 0.1394    
   8     -0.5300555E-01 0.2282E-03 -0.5328067E-01 0.9216E-04 0.3642    
   9     -0.5291436E-01 0.2278E-03 -0.5322982E-01 0.8545E-04 0.5938    
  10     -0.5315827E-01 0.2284E-03 -0.5322107E-01 0.8004E-04 0.5376    



 INPUT PARAMETERS FOR VEGAS:  NDIM=  4  NCALL=  933897762.
                              IT=    0  ITMX=   20
                              MDS= -1   ND=  49
   1     -0.5317469E-01 0.7332E-04 -0.5317469E-01 0.7332E-04  0.000    
   2     -0.5339524E-01 0.7345E-04 -0.5328522E-01 0.5189E-04  4.517    
   3     -0.5345188E-01 0.7352E-04 -0.5334087E-01 0.4239E-04  3.972    
   4     -0.5328971E-01 0.7339E-04 -0.5332809E-01 0.3671E-04  2.771    
   5     -0.5333225E-01 0.7348E-04 -0.5332892E-01 0.3284E-04  2.079    
   6     -0.5342944E-01 0.7349E-04 -0.5334570E-01 0.2998E-04  1.975    
   7     -0.5321050E-01 0.7334E-04 -0.5332643E-01 0.2775E-04  2.130    
   8     -0.5311867E-01 0.7328E-04 -0.5330055E-01 0.2595E-04  2.826    
   9     -0.5317168E-01 0.7334E-04 -0.5328627E-01 0.2447E-04  2.816    
  10     -0.5334399E-01 0.7341E-04 -0.5329205E-01 0.2321E-04  2.564    
  11     -0.5332615E-01 0.7347E-04 -0.5329515E-01 0.2213E-04  2.327    
  12     -0.5334191E-01 0.7349E-04 -0.5329904E-01 0.2119E-04  2.149    
  13     -0.5330632E-01 0.7342E-04 -0.5329960E-01 0.2036E-04  1.971    
  14     -0.5326582E-01 0.7340E-04 -0.5329719E-01 0.1962E-04  1.834    
  15     -0.5328391E-01 0.7342E-04 -0.5329631E-01 0.1896E-04  1.706    
  16     -0.5330671E-01 0.7346E-04 -0.5329696E-01 0.1835E-04  1.593    
  17     -0.5330082E-01 0.7338E-04 -0.5329718E-01 0.1781E-04  1.494    
  18     -0.5331503E-01 0.7343E-04 -0.5329818E-01 0.1730E-04  1.409    
  19     -0.5332013E-01 0.7347E-04 -0.5329933E-01 0.1684E-04  1.335    
  20     -0.5324358E-01 0.7334E-04 -0.5329654E-01 0.1642E-04  1.294    
   
   
 [1;32mIntegral Plus:   3.1929367862069263E-004 [0m+-   0.0000000000000000     
 with chisq    =   1.2940979285464591     
  
  
  
 [1;32mFor xq =          800 [0m
  
   
   
 ~~~~~~~~~~~~~~~~~~~~~~~~~~~~~~~~~~~~~~~~~~~~
     Calculating PlusA distribution
 ~~~~~~~~~~~~~~~~~~~~~~~~~~~~~~~~~~~~~~~~~~~~
   
 RM48 INITIALIZED:        40           0         0



 INPUT PARAMETERS FOR VEGAS:  NDIM=  4  NCALL=   99574272.
                              IT=    0  ITMX=   10
                              MDS= -1   ND=  42
   1     -0.2844209E-01 0.5434E-03 -0.2844209E-01 0.5434E-03  0.000    
   2     -0.2813491E-01 0.1737E-03 -0.2816396E-01 0.1662E-03 0.2924    
   3     -0.2832056E-01 0.1389E-03 -0.2825627E-01 0.1065E-03 0.4076    
   4     -0.2817836E-01 0.1298E-03 -0.2822507E-01 0.8240E-04 0.3438    
   5     -0.2822829E-01 0.1271E-03 -0.2822602E-01 0.6914E-04 0.2581    
   6     -0.2817819E-01 0.1257E-03 -0.2821496E-01 0.6060E-04 0.2289    
   7     -0.2797993E-01 0.1246E-03 -0.2817067E-01 0.5452E-04 0.6650    
   8     -0.2819786E-01 0.1249E-03 -0.2817502E-01 0.4996E-04 0.5757    
   9     -0.2829888E-01 0.1252E-03 -0.2819214E-01 0.4640E-04 0.6095    
  10     -0.2823036E-01 0.1250E-03 -0.2819677E-01 0.4350E-04 0.5508    



 INPUT PARAMETERS FOR VEGAS:  NDIM=  4  NCALL=  933897762.
                              IT=    0  ITMX=   20
                              MDS= -1   ND=  49
   1     -0.2811730E-01 0.4022E-04 -0.2811730E-01 0.4022E-04  0.000    
   2     -0.2814420E-01 0.4024E-04 -0.2813075E-01 0.2845E-04 0.2235    
   3     -0.2820075E-01 0.4026E-04 -0.2815414E-01 0.2323E-04  1.121    
   4     -0.2815652E-01 0.4021E-04 -0.2815473E-01 0.2012E-04 0.7483    
   5     -0.2804028E-01 0.4014E-04 -0.2813190E-01 0.1798E-04  2.179    
   6     -0.2816354E-01 0.4024E-04 -0.2813718E-01 0.1642E-04  1.846    
   7     -0.2814512E-01 0.4021E-04 -0.2813832E-01 0.1520E-04  1.544    
   8     -0.2815942E-01 0.4024E-04 -0.2814096E-01 0.1422E-04  1.357    
   9     -0.2812153E-01 0.4016E-04 -0.2813880E-01 0.1340E-04  1.214    
  10     -0.2818323E-01 0.4024E-04 -0.2814325E-01 0.1272E-04  1.201    
  11     -0.2820132E-01 0.4027E-04 -0.2814853E-01 0.1213E-04  1.270    
  12     -0.2815062E-01 0.4025E-04 -0.2814871E-01 0.1161E-04  1.155    
  13     -0.2817198E-01 0.4025E-04 -0.2815050E-01 0.1116E-04  1.084    
  14     -0.2815105E-01 0.4023E-04 -0.2815054E-01 0.1075E-04  1.001    
  15     -0.2812721E-01 0.4018E-04 -0.2814898E-01 0.1039E-04 0.9518    
  16     -0.2814214E-01 0.4022E-04 -0.2814855E-01 0.1006E-04 0.8902    
  17     -0.2814198E-01 0.4020E-04 -0.2814817E-01 0.9755E-05 0.8362    
  18     -0.2816328E-01 0.4024E-04 -0.2814901E-01 0.9481E-05 0.7948    
  19     -0.2813918E-01 0.4020E-04 -0.2814849E-01 0.9227E-05 0.7538    
  20     -0.2825932E-01 0.4031E-04 -0.2815405E-01 0.8995E-05  1.095    
   
   
 ~~~~~~~~~~~~~~~~~~~~~~~~~~~~~~~~~~~~~~~~~~~~
     Calculating PlusB distribution
 ~~~~~~~~~~~~~~~~~~~~~~~~~~~~~~~~~~~~~~~~~~~~
   
 RM48 INITIALIZED:        40           0         0



 INPUT PARAMETERS FOR VEGAS:  NDIM=  4  NCALL=   99574272.
                              IT=    0  ITMX=   10
                              MDS= -1   ND=  42
   1     -0.2901509E-01 0.5498E-03 -0.2901509E-01 0.5498E-03  0.000    
   2     -0.2840882E-01 0.1768E-03 -0.2846783E-01 0.1697E-03  1.121    
   3     -0.2835410E-01 0.1410E-03 -0.2840124E-01 0.1088E-03 0.6977    
   4     -0.2851208E-01 0.1320E-03 -0.2844592E-01 0.8401E-04 0.6054    
   5     -0.2856520E-01 0.1290E-03 -0.2848142E-01 0.7040E-04 0.6041    
   6     -0.2845333E-01 0.1270E-03 -0.2847486E-01 0.6159E-04 0.4914    
   7     -0.2845056E-01 0.1274E-03 -0.2847028E-01 0.5546E-04 0.4148    
   8     -0.2824990E-01 0.1266E-03 -0.2843541E-01 0.5082E-04 0.7143    
   9     -0.2880267E-01 0.1277E-03 -0.2848656E-01 0.4720E-04  1.531    
  10     -0.2832631E-01 0.1261E-03 -0.2846712E-01 0.4421E-04  1.518    



 INPUT PARAMETERS FOR VEGAS:  NDIM=  4  NCALL=  933897762.
                              IT=    0  ITMX=   20
                              MDS= -1   ND=  49
   1     -0.2827514E-01 0.4059E-04 -0.2827514E-01 0.4059E-04  0.000    
   2     -0.2838573E-01 0.4067E-04 -0.2833053E-01 0.2873E-04  3.704    
   3     -0.2847239E-01 0.4073E-04 -0.2837798E-01 0.2348E-04  5.910    
   4     -0.2836798E-01 0.4065E-04 -0.2837548E-01 0.2033E-04  3.956    
   5     -0.2834860E-01 0.4064E-04 -0.2837011E-01 0.1818E-04  3.056    
   6     -0.2839074E-01 0.4067E-04 -0.2837355E-01 0.1660E-04  2.487    
   7     -0.2833046E-01 0.4063E-04 -0.2836740E-01 0.1537E-04  2.233    
   8     -0.2826275E-01 0.4059E-04 -0.2835437E-01 0.1437E-04  2.742    
   9     -0.2830335E-01 0.4060E-04 -0.2834871E-01 0.1355E-04  2.575    
  10     -0.2835495E-01 0.4063E-04 -0.2834933E-01 0.1285E-04  2.291    
  11     -0.2834710E-01 0.4065E-04 -0.2834913E-01 0.1225E-04  2.063    
  12     -0.2837141E-01 0.4065E-04 -0.2835099E-01 0.1173E-04  1.900    
  13     -0.2833041E-01 0.4060E-04 -0.2834940E-01 0.1127E-04  1.762    
  14     -0.2836200E-01 0.4064E-04 -0.2835030E-01 0.1086E-04  1.633    
  15     -0.2834652E-01 0.4062E-04 -0.2835005E-01 0.1049E-04  1.517    
  16     -0.2835034E-01 0.4061E-04 -0.2835007E-01 0.1016E-04  1.416    
  17     -0.2829526E-01 0.4056E-04 -0.2834685E-01 0.9855E-05  1.434    
  18     -0.2835308E-01 0.4067E-04 -0.2834719E-01 0.9577E-05  1.351    
  19     -0.2838334E-01 0.4070E-04 -0.2834909E-01 0.9323E-05  1.318    
  20     -0.2830480E-01 0.4057E-04 -0.2834688E-01 0.9086E-05  1.308    
   
   
 [1;32mIntegral Plus:   1.9282993489250916E-004 [0m+-   0.0000000000000000     
 with chisq    =   1.3080013959019032     
  
  
  
 [1;32mFor xq =          900 [0m
  
   
   
 ~~~~~~~~~~~~~~~~~~~~~~~~~~~~~~~~~~~~~~~~~~~~
     Calculating PlusA distribution
 ~~~~~~~~~~~~~~~~~~~~~~~~~~~~~~~~~~~~~~~~~~~~
   
 RM48 INITIALIZED:        40           0         0



 INPUT PARAMETERS FOR VEGAS:  NDIM=  4  NCALL=   99574272.
                              IT=    0  ITMX=   10
                              MDS= -1   ND=  42
   1     -0.1543932E-01 0.2907E-03 -0.1543932E-01 0.2907E-03  0.000    
   2     -0.1588170E-01 0.9907E-04 -0.1583794E-01 0.9274E-04  2.028    
   3     -0.1605496E-01 0.8028E-04 -0.1596462E-01 0.6034E-04  2.569    
   4     -0.1591363E-01 0.7560E-04 -0.1594459E-01 0.4711E-04  1.799    
   5     -0.1576564E-01 0.7336E-04 -0.1589262E-01 0.3965E-04  2.401    
   6     -0.1582015E-01 0.7274E-04 -0.1587601E-01 0.3482E-04  2.073    
   7     -0.1586699E-01 0.7284E-04 -0.1587432E-01 0.3141E-04  1.728    
   8     -0.1603921E-01 0.7338E-04 -0.1590045E-01 0.2886E-04  2.098    
   9     -0.1592642E-01 0.7306E-04 -0.1590398E-01 0.2684E-04  1.847    
  10     -0.1597198E-01 0.7337E-04 -0.1591211E-01 0.2520E-04  1.725    



 INPUT PARAMETERS FOR VEGAS:  NDIM=  4  NCALL=  933897762.
                              IT=    0  ITMX=   20
                              MDS= -1   ND=  49
   1     -0.1587786E-01 0.2355E-04 -0.1587786E-01 0.2355E-04  0.000    
   2     -0.1590738E-01 0.2355E-04 -0.1589265E-01 0.1665E-04 0.7855    
   3     -0.1590553E-01 0.2353E-04 -0.1589695E-01 0.1359E-04 0.4925    
   4     -0.1590450E-01 0.2352E-04 -0.1589884E-01 0.1177E-04 0.3540    
   5     -0.1584730E-01 0.2350E-04 -0.1588856E-01 0.1052E-04  1.223    
   6     -0.1590845E-01 0.2354E-04 -0.1589188E-01 0.9607E-05  1.097    
   7     -0.1590511E-01 0.2355E-04 -0.1589377E-01 0.8895E-05 0.9593    
   8     -0.1588341E-01 0.2352E-04 -0.1589248E-01 0.8320E-05 0.8467    
   9     -0.1591862E-01 0.2356E-04 -0.1589538E-01 0.7845E-05 0.8778    
  10     -0.1594600E-01 0.2359E-04 -0.1590045E-01 0.7444E-05  1.243    
  11     -0.1591670E-01 0.2356E-04 -0.1590193E-01 0.7098E-05  1.162    
  12     -0.1593690E-01 0.2357E-04 -0.1590485E-01 0.6797E-05  1.240    
  13     -0.1593533E-01 0.2357E-04 -0.1590720E-01 0.6531E-05  1.265    
  14     -0.1589721E-01 0.2353E-04 -0.1590649E-01 0.6293E-05  1.181    
  15     -0.1587101E-01 0.2350E-04 -0.1590412E-01 0.6079E-05  1.248    
  16     -0.1589856E-01 0.2352E-04 -0.1590377E-01 0.5885E-05  1.168    
  17     -0.1591769E-01 0.2355E-04 -0.1590459E-01 0.5710E-05  1.116    
  18     -0.1588528E-01 0.2354E-04 -0.1590352E-01 0.5549E-05  1.088    
  19     -0.1590674E-01 0.2354E-04 -0.1590369E-01 0.5401E-05  1.028    
  20     -0.1595295E-01 0.2359E-04 -0.1590616E-01 0.5265E-05  1.193    
   
   
 ~~~~~~~~~~~~~~~~~~~~~~~~~~~~~~~~~~~~~~~~~~~~
     Calculating PlusB distribution
 ~~~~~~~~~~~~~~~~~~~~~~~~~~~~~~~~~~~~~~~~~~~~
   
 RM48 INITIALIZED:        40           0         0



 INPUT PARAMETERS FOR VEGAS:  NDIM=  4  NCALL=   99574272.
                              IT=    0  ITMX=   10
                              MDS= -1   ND=  42
   1     -0.1567770E-01 0.2930E-03 -0.1567770E-01 0.2930E-03  0.000    
   2     -0.1612981E-01 0.1013E-03 -0.1608396E-01 0.9466E-04  2.079    
   3     -0.1604512E-01 0.8144E-04 -0.1606148E-01 0.6160E-04  1.082    
   4     -0.1600996E-01 0.7661E-04 -0.1604116E-01 0.4798E-04 0.8117    
   5     -0.1601722E-01 0.7478E-04 -0.1603414E-01 0.4037E-04 0.6262    
   6     -0.1586317E-01 0.7373E-04 -0.1599513E-01 0.3543E-04  1.323    
   7     -0.1602011E-01 0.7421E-04 -0.1599980E-01 0.3197E-04  1.116    
   8     -0.1599228E-01 0.7423E-04 -0.1599862E-01 0.2936E-04 0.9577    
   9     -0.1591647E-01 0.7398E-04 -0.1598751E-01 0.2729E-04 0.9711    
  10     -0.1605796E-01 0.7414E-04 -0.1599600E-01 0.2561E-04 0.9513    



 INPUT PARAMETERS FOR VEGAS:  NDIM=  4  NCALL=  933897762.
                              IT=    0  ITMX=   20
                              MDS= -1   ND=  49
   1     -0.1603053E-01 0.2383E-04 -0.1603053E-01 0.2383E-04  0.000    
   2     -0.1605111E-01 0.2384E-04 -0.1604083E-01 0.1686E-04 0.3726    
   3     -0.1604114E-01 0.2384E-04 -0.1604093E-01 0.1376E-04 0.1864    
   4     -0.1603412E-01 0.2384E-04 -0.1603923E-01 0.1192E-04 0.1446    
   5     -0.1606121E-01 0.2388E-04 -0.1604362E-01 0.1066E-04 0.2783    
   6     -0.1598893E-01 0.2378E-04 -0.1603452E-01 0.9731E-05  1.100    
   7     -0.1598343E-01 0.2379E-04 -0.1602724E-01 0.9007E-05  1.572    
   8     -0.1605183E-01 0.2385E-04 -0.1603032E-01 0.8426E-05  1.481    
   9     -0.1601000E-01 0.2381E-04 -0.1602806E-01 0.7943E-05  1.377    
  10     -0.1600177E-01 0.2382E-04 -0.1602544E-01 0.7535E-05  1.346    
  11     -0.1600865E-01 0.2382E-04 -0.1602391E-01 0.7184E-05  1.256    
  12     -0.1601594E-01 0.2385E-04 -0.1602325E-01 0.6879E-05  1.152    
  13     -0.1603624E-01 0.2383E-04 -0.1602425E-01 0.6609E-05  1.078    
  14     -0.1600512E-01 0.2381E-04 -0.1602288E-01 0.6368E-05  1.042    
  15     -0.1598249E-01 0.2380E-04 -0.1602020E-01 0.6152E-05  1.159    
  16     -0.1602545E-01 0.2381E-04 -0.1602053E-01 0.5956E-05  1.084    
  17     -0.1598374E-01 0.2381E-04 -0.1601837E-01 0.5778E-05  1.157    
  18     -0.1602201E-01 0.2383E-04 -0.1601857E-01 0.5615E-05  1.090    
  19     -0.1602910E-01 0.2383E-04 -0.1601912E-01 0.5466E-05  1.040    
  20     -0.1595626E-01 0.2378E-04 -0.1601599E-01 0.5327E-05  1.332    
   
   
 [1;32mIntegral Plus:   1.0983189419391456E-004 [0m+-   0.0000000000000000     
 with chisq    =   1.3322180172596605     
  
  
  
 [1;32mFor xq =         1000 [0m
  
   
   
 ~~~~~~~~~~~~~~~~~~~~~~~~~~~~~~~~~~~~~~~~~~~~
     Calculating PlusA distribution
 ~~~~~~~~~~~~~~~~~~~~~~~~~~~~~~~~~~~~~~~~~~~~
   
 RM48 INITIALIZED:        40           0         0



 INPUT PARAMETERS FOR VEGAS:  NDIM=  4  NCALL=   99574272.
                              IT=    0  ITMX=   10
                              MDS= -1   ND=  42
   1     -0.9042517E-02 0.1646E-03 -0.9042517E-02 0.1646E-03  0.000    
   2     -0.9390879E-02 0.5977E-04 -0.9352948E-02 0.5538E-04  3.839    
   3     -0.9388557E-02 0.4822E-04 -0.9373524E-02 0.3621E-04  2.014    
   4     -0.9384397E-02 0.4578E-04 -0.9377769E-02 0.2835E-04  1.346    
   5     -0.9424085E-02 0.4511E-04 -0.9391129E-02 0.2398E-04  1.196    
   6     -0.9503584E-02 0.4493E-04 -0.9416795E-02 0.2113E-04  1.948    
   7     -0.9460991E-02 0.4456E-04 -0.9425060E-02 0.1909E-04  1.754    
   8     -0.9379629E-02 0.4447E-04 -0.9417982E-02 0.1754E-04  1.629    
   9     -0.9386248E-02 0.4456E-04 -0.9413715E-02 0.1632E-04  1.480    
  10     -0.9377622E-02 0.4441E-04 -0.9409419E-02 0.1532E-04  1.380    



 INPUT PARAMETERS FOR VEGAS:  NDIM=  4  NCALL=  933897762.
                              IT=    0  ITMX=   20
                              MDS= -1   ND=  49
   1     -0.9413141E-02 0.1438E-04 -0.9413141E-02 0.1438E-04  0.000    
   2     -0.9418604E-02 0.1437E-04 -0.9415875E-02 0.1017E-04 0.7221E-01
   3     -0.9452888E-02 0.1439E-04 -0.9428260E-02 0.8303E-05  2.248    
   4     -0.9434096E-02 0.1436E-04 -0.9429723E-02 0.7188E-05  1.540    
   5     -0.9433567E-02 0.1438E-04 -0.9430492E-02 0.6430E-05  1.169    
   6     -0.9427443E-02 0.1437E-04 -0.9429983E-02 0.5869E-05 0.9427    
   7     -0.9427000E-02 0.1437E-04 -0.9429557E-02 0.5434E-05 0.7918    
   8     -0.9406275E-02 0.1435E-04 -0.9426649E-02 0.5082E-05  1.007    
   9     -0.9429208E-02 0.1436E-04 -0.9426934E-02 0.4791E-05 0.8845    
  10     -0.9440591E-02 0.1438E-04 -0.9428301E-02 0.4545E-05 0.8763    
  11     -0.9424815E-02 0.1437E-04 -0.9427984E-02 0.4334E-05 0.7941    
  12     -0.9435304E-02 0.1439E-04 -0.9428594E-02 0.4149E-05 0.7434    
  13     -0.9437124E-02 0.1438E-04 -0.9429250E-02 0.3987E-05 0.7085    
  14     -0.9435697E-02 0.1438E-04 -0.9429711E-02 0.3842E-05 0.6683    
  15     -0.9434442E-02 0.1437E-04 -0.9430027E-02 0.3712E-05 0.6277    
  16     -0.9440542E-02 0.1439E-04 -0.9430684E-02 0.3594E-05 0.6192    
  17     -0.9418295E-02 0.1436E-04 -0.9429955E-02 0.3487E-05 0.6243    
  18     -0.9415853E-02 0.1438E-04 -0.9429175E-02 0.3388E-05 0.6410    
  19     -0.9405286E-02 0.1436E-04 -0.9427921E-02 0.3298E-05 0.7505    
  20     -0.9450419E-02 0.1439E-04 -0.9429048E-02 0.3215E-05 0.8336    
   
   
 ~~~~~~~~~~~~~~~~~~~~~~~~~~~~~~~~~~~~~~~~~~~~
     Calculating PlusB distribution
 ~~~~~~~~~~~~~~~~~~~~~~~~~~~~~~~~~~~~~~~~~~~~
   
 RM48 INITIALIZED:        40           0         0



 INPUT PARAMETERS FOR VEGAS:  NDIM=  4  NCALL=   99574272.
                              IT=    0  ITMX=   10
                              MDS= -1   ND=  42
   1     -0.8984694E-02 0.1647E-03 -0.8984694E-02 0.1647E-03  0.000    
   2     -0.9626319E-02 0.6139E-04 -0.9557041E-02 0.5608E-04  12.61    
   3     -0.9426915E-02 0.4901E-04 -0.9482480E-02 0.3680E-04  7.782    
   4     -0.9547130E-02 0.4669E-04 -0.9507889E-02 0.2882E-04  5.533    
   5     -0.9577574E-02 0.4611E-04 -0.9527998E-02 0.2440E-04  4.537    
   6     -0.9453703E-02 0.4542E-04 -0.9511308E-02 0.2149E-04  4.043    
   7     -0.9550397E-02 0.4540E-04 -0.9518605E-02 0.1942E-04  3.461    
   8     -0.9531292E-02 0.4523E-04 -0.9520607E-02 0.1784E-04  2.970    
Thanks for using LHAPDF 6.5.4. Please make sure to cite the paper:
  Eur.Phys.J. C75 (2015) 3, 132  (http://arxiv.org/abs/1412.7420)
   9     -0.9568136E-02 0.4543E-04 -0.9527076E-02 0.1660E-04  2.713    
  10     -0.9457874E-02 0.4509E-04 -0.9518846E-02 0.1558E-04  2.642    



 INPUT PARAMETERS FOR VEGAS:  NDIM=  4  NCALL=  933897762.
                              IT=    0  ITMX=   20
                              MDS= -1   ND=  49
   1     -0.9496255E-02 0.1458E-04 -0.9496255E-02 0.1458E-04  0.000    
   2     -0.9523734E-02 0.1460E-04 -0.9510017E-02 0.1032E-04  1.774    
   3     -0.9523952E-02 0.1461E-04 -0.9514661E-02 0.8427E-05  1.190    
   4     -0.9515299E-02 0.1460E-04 -0.9514821E-02 0.7298E-05 0.7937    
   5     -0.9502849E-02 0.1460E-04 -0.9512432E-02 0.6528E-05 0.7299    
   6     -0.9492743E-02 0.1457E-04 -0.9509153E-02 0.5958E-05 0.8875    
   7     -0.9507546E-02 0.1460E-04 -0.9508924E-02 0.5516E-05 0.7413    
   8     -0.9489750E-02 0.1458E-04 -0.9506531E-02 0.5159E-05 0.8512    
   9     -0.9484200E-02 0.1457E-04 -0.9504054E-02 0.4863E-05  1.005    
  10     -0.9504531E-02 0.1460E-04 -0.9504102E-02 0.4614E-05 0.8936    
  11     -0.9496507E-02 0.1459E-04 -0.9503413E-02 0.4399E-05 0.8289    
  12     -0.9490074E-02 0.1458E-04 -0.9502303E-02 0.4212E-05 0.8233    
  13     -0.9507792E-02 0.1460E-04 -0.9502725E-02 0.4047E-05 0.7655    
  14     -0.9519536E-02 0.1460E-04 -0.9503927E-02 0.3900E-05 0.8014    
  15     -0.9482388E-02 0.1458E-04 -0.9502495E-02 0.3767E-05 0.8893    
  16     -0.9522760E-02 0.1460E-04 -0.9503765E-02 0.3648E-05 0.9507    
  17     -0.9477735E-02 0.1457E-04 -0.9502238E-02 0.3539E-05  1.078    
  18     -0.9506557E-02 0.1460E-04 -0.9502478E-02 0.3439E-05  1.020    
  19     -0.9500088E-02 0.1459E-04 -0.9502352E-02 0.3347E-05 0.9645    
  20     -0.9479377E-02 0.1456E-04 -0.9501204E-02 0.3262E-05  1.038    
   
   
 [1;32mIntegral Plus:   7.2155859435187042E-005 [0m+-   0.0000000000000000     
 with chisq    =   1.0378155679402539     
  
  
  
 [1;32m   xq         Integral Plus                 error[0m
    100      0.474064686975083E+00      0.000000000000000E+00
    200      0.438483652907671E-01      0.000000000000000E+00
    300      0.904431076405743E-02      0.000000000000000E+00
    400      0.276282929948191E-02      0.000000000000000E+00
    500      0.125867475957028E-02      0.000000000000000E+00
    600      0.575956591646234E-03      0.000000000000000E+00
    700      0.319293678620693E-03      0.000000000000000E+00
    800      0.192829934892509E-03      0.000000000000000E+00
    900      0.109831894193915E-03      0.000000000000000E+00
   1000      0.721558594351870E-04      0.000000000000000E+00
