LHAPDF 6.5.4 loading /hdd1/Packages/install/share/LHAPDF/NNPDF30_nlo_as_0118/NNPDF30_nlo_as_0118_0000.dat
NNPDF30_nlo_as_0118 PDF set, member #0, version 2; LHAPDF ID = 260000
 ******************************************************
 INVARIANT MASS DISTRIBUTION OF ZZ AT THE LHC 
 ******************************************************
 CENTRE OF ENERGY =   13600.000000000000      TEV
 MASS OF HIGGS =   125.09999999999999      MASS OF Z =   91.187600000000003     
 FERMI CONSTANT =   1.1663790246529970E-005 FINE STRUCTURE CONSTANT=   128.00000000000000     
 SIN^2(THETA_w) =  0.22289722252391819      COS^2(THETA_w)  0.77710277747608181     
 ******************************************************
 Qmin, Qmax =    1000.0000000000000        1010.0000000000000     
 ******************************************************
 Running Order           0 with PDF=NNPDF30_nlo_as_0118                               
 Q=   1005.0000000000000      MUR=   1005.0000000000000      MUF=   1005.0000000000000     
 ******************************************************
 RM48 INITIALIZED:        40           0         0



 INPUT PARAMETERS FOR VEGAS:  NDIM=  5  NCALL=       9375.
                              IT=    0  ITMX=    5
                              MDS=  1   ND=  50
   1      0.4469299     0.2036      0.4469299     0.2036      0.000    
   2      0.1921053     0.1506E-01  0.1994319     0.2657E-01  2.569    
   3      0.2442391     0.1090E-01  0.2330211     0.1215E-01  2.816    
   4      0.2397753     0.3429E-02  0.2389617     0.3989E-02  2.197    
   5      0.2374671     0.1981E-02  0.2378839     0.2029E-02  1.804    



 INPUT PARAMETERS FOR VEGAS:  NDIM=  5  NCALL=      98304.
                              IT=    0  ITMX=   10
                              MDS=  1   ND=  50
   1      0.2378565     0.4484E-03  0.2378565     0.4484E-03  0.000    
   2      0.2378338     0.4346E-03  0.2378448     0.3121E-03 0.1312E-02
   3      0.2389443     0.4475E-03  0.2382068     0.2560E-03  2.038    
   4      0.2385675     0.4417E-03  0.2382977     0.2215E-03  1.524    
   5      0.2385210     0.4418E-03  0.2383426     0.1980E-03  1.194    
   6      0.2387573     0.4365E-03  0.2384136     0.1803E-03  1.105    
   7      0.2387476     0.4418E-03  0.2384614     0.1669E-03  1.002    
   8      0.2386533     0.4382E-03  0.2384857     0.1560E-03 0.8827    
   9      0.2377821     0.4517E-03  0.2384111     0.1475E-03  1.043    
  10      0.2392047     0.4349E-03  0.2384934     0.1396E-03  1.260    
 answer , counts=  0.23849344661247690                0
 error =   1.3964659792288937E-004
 XSECT-00 =   1009.5275960874507        1005.0000000000000        1005.0000000000000       0.23849344661247690        1.3964659792288937E-004
 Qmin, Qmax =    1500.0000000000000        1510.0000000000000     
 ******************************************************
 Running Order           0 with PDF=NNPDF30_nlo_as_0118                               
 Q=   1505.0000000000000      MUR=   1505.0000000000000      MUF=   1505.0000000000000     
 ******************************************************
 RM48 INITIALIZED:        40           0         0



 INPUT PARAMETERS FOR VEGAS:  NDIM=  5  NCALL=       9375.
                              IT=    0  ITMX=    5
                              MDS=  1   ND=  50
   1      0.5710444E-01 0.2728E-01  0.5710444E-01 0.2728E-01  0.000    
   2      0.2216107E-01 0.1855E-02  0.2320203E-01 0.3571E-02  2.768    
   3      0.3463006E-01 0.3257E-02  0.2816794E-01 0.2519E-02  4.103    
   4      0.3235393E-01 0.1035E-02  0.3147332E-01 0.1101E-02  3.811    
   5      0.3139821E-01 0.4492E-03  0.3141338E-01 0.4776E-03  3.069    



 INPUT PARAMETERS FOR VEGAS:  NDIM=  5  NCALL=      98304.
                              IT=    0  ITMX=   10
                              MDS=  1   ND=  50
   1      0.3227305E-01 0.7802E-04  0.3227305E-01 0.7802E-04  0.000    
   2      0.3216589E-01 0.7822E-04  0.3221978E-01 0.5524E-04 0.9409    
   3      0.3223972E-01 0.7860E-04  0.3222638E-01 0.4519E-04 0.4918    
   4      0.3226319E-01 0.7889E-04  0.3223549E-01 0.3922E-04 0.3824    
   5      0.3217120E-01 0.7848E-04  0.3222269E-01 0.3508E-04 0.4209    
   6      0.3228244E-01 0.7705E-04  0.3223298E-01 0.3193E-04 0.4364    
   7      0.3223943E-01 0.7747E-04  0.3223391E-01 0.2952E-04 0.3646    
   8      0.3234936E-01 0.7715E-04  0.3224875E-01 0.2757E-04 0.5927    
   9      0.3205002E-01 0.7843E-04  0.3222713E-01 0.2601E-04  1.227    
  10      0.3227624E-01 0.7622E-04  0.3223227E-01 0.2461E-04  1.132    
 answer , counts=   3.2232268028725412E-002           0
 error =   2.4614957399956411E-005
 XSECT-00 =   1509.4877574868508        1505.0000000000000        1505.0000000000000        3.2232268028725412E-002   2.4614957399956411E-005
 Qmin, Qmax =    2000.0000000000000        2010.0000000000000     
 ******************************************************
 Running Order           0 with PDF=NNPDF30_nlo_as_0118                               
 Q=   2005.0000000000000      MUR=   2005.0000000000000      MUF=   2005.0000000000000     
 ******************************************************
 RM48 INITIALIZED:        40           0         0



 INPUT PARAMETERS FOR VEGAS:  NDIM=  5  NCALL=       9375.
                              IT=    0  ITMX=    5
                              MDS=  1   ND=  50
   1      0.1002553E-01 0.5477E-02  0.1002553E-01 0.5477E-02  0.000    
   2      0.4406927E-02 0.6038E-03  0.4739402E-02 0.1029E-02  1.659    
   3      0.6790751E-02 0.8252E-03  0.5856689E-02 0.6672E-03  2.071    
   4      0.6037513E-02 0.2958E-03  0.5995958E-02 0.3059E-03  1.530    
   5      0.6363148E-02 0.1492E-03  0.6278989E-02 0.1435E-03  1.485    



 INPUT PARAMETERS FOR VEGAS:  NDIM=  5  NCALL=      98304.
                              IT=    0  ITMX=   10
                              MDS=  1   ND=  50
   1      0.6382819E-02 0.2067E-04  0.6382819E-02 0.2067E-04  0.000    
   2      0.6376687E-02 0.2046E-04  0.6379724E-02 0.1454E-04 0.4444E-01
   3      0.6348351E-02 0.2046E-04  0.6369265E-02 0.1185E-04 0.8005    
   4      0.6378782E-02 0.2108E-04  0.6371556E-02 0.1033E-04 0.5850    
   5      0.6390269E-02 0.2025E-04  0.6375440E-02 0.9204E-05 0.6082    
   6      0.6384736E-02 0.2216E-04  0.6376812E-02 0.8500E-05 0.5164    
   7      0.6379579E-02 0.2117E-04  0.6377196E-02 0.7888E-05 0.4327    
   8      0.6420161E-02 0.2084E-04  0.6382644E-02 0.7377E-05 0.9068    
   9      0.6344071E-02 0.2004E-04  0.6378090E-02 0.6923E-05  1.198    
  10      0.6364402E-02 0.2144E-04  0.6376802E-02 0.6588E-05  1.107    
 answer , counts=   6.3768021856533815E-003           0
 error =   6.5883500378446013E-006
 XSECT-00 =   2009.3654436761674        2005.0000000000000        2005.0000000000000        6.3768021856533815E-003   6.5883500378446013E-006
 Qmin, Qmax =    2500.0000000000000        2510.0000000000000     
 ******************************************************
 Running Order           0 with PDF=NNPDF30_nlo_as_0118                               
 Q=   2505.0000000000000      MUR=   2505.0000000000000      MUF=   2505.0000000000000     
 ******************************************************
 RM48 INITIALIZED:        40           0         0



 INPUT PARAMETERS FOR VEGAS:  NDIM=  5  NCALL=       9375.
                              IT=    0  ITMX=    5
                              MDS=  1   ND=  50
   1      0.2072455E-02 0.1551E-02  0.2072455E-02 0.1551E-02  0.000    
   2      0.8479880E-03 0.1618E-03  0.9226906E-03 0.2927E-03  1.003    
   3      0.1421945E-02 0.2043E-03  0.1233958E-02 0.1737E-03  1.505    
   4      0.1482612E-02 0.7908E-04  0.1437592E-02 0.7333E-04  1.588    
   5      0.1507997E-02 0.4511E-04  0.1488460E-02 0.3857E-04  1.361    



 INPUT PARAMETERS FOR VEGAS:  NDIM=  5  NCALL=      98304.
                              IT=    0  ITMX=   10
                              MDS=  1   ND=  50
   1      0.1539405E-02 0.7230E-05  0.1539405E-02 0.7230E-05  0.000    
   2      0.1532260E-02 0.7213E-05  0.1535841E-02 0.5107E-05 0.4895    
   3      0.1532016E-02 0.7516E-05  0.1534637E-02 0.4224E-05 0.3336    
   4      0.1537159E-02 0.7262E-05  0.1535276E-02 0.3651E-05 0.2523    
   5      0.1537118E-02 0.7097E-05  0.1535662E-02 0.3247E-05 0.2025    
   6      0.1541767E-02 0.7452E-05  0.1536642E-02 0.2977E-05 0.2752    
   7      0.1537002E-02 0.7453E-05  0.1536692E-02 0.2764E-05 0.2296    
   8      0.1537366E-02 0.7368E-05  0.1536775E-02 0.2588E-05 0.1978    
   9      0.1532616E-02 0.7163E-05  0.1536297E-02 0.2434E-05 0.2103    
  10      0.1529209E-02 0.7309E-05  0.1535595E-02 0.2309E-05 0.2805    
 answer , counts=   1.5355954287256713E-003           0
 error =   2.3094047935221820E-006
 XSECT-00 =   2509.4076993825497        2505.0000000000000        2505.0000000000000        1.5355954287256713E-003   2.3094047935221820E-006
 Qmin, Qmax =    3000.0000000000000        3010.0000000000000     
 ******************************************************
 Running Order           0 with PDF=NNPDF30_nlo_as_0118                               
 Q=   3005.0000000000000      MUR=   3005.0000000000000      MUF=   3005.0000000000000     
 ******************************************************
 RM48 INITIALIZED:        40           0         0



 INPUT PARAMETERS FOR VEGAS:  NDIM=  5  NCALL=       9375.
                              IT=    0  ITMX=    5
                              MDS=  1   ND=  50
   1      0.4558290E-03 0.5607E-03  0.4558290E-03 0.5607E-03  0.000    
   2      0.1671865E-03 0.4662E-04  0.1812968E-03 0.9337E-04 0.4444    
   3      0.3561906E-03 0.8597E-04  0.2791287E-03 0.6276E-04  1.174    
   4      0.4879417E-03 0.8759E-04  0.3841201E-03 0.4933E-04  2.123    
   5      0.3783739E-03 0.3693E-04  0.3805010E-03 0.2987E-04  1.609    



 INPUT PARAMETERS FOR VEGAS:  NDIM=  5  NCALL=      98304.
                              IT=    0  ITMX=   10
                              MDS=  1   ND=  50
   1      0.4158088E-03 0.4141E-05  0.4158088E-03 0.4141E-05  0.000    
   2      0.4133231E-03 0.4182E-05  0.4145855E-03 0.2943E-05 0.1783    
   3      0.4162004E-03 0.3796E-05  0.4151947E-03 0.2325E-05 0.1456    
   4      0.4055721E-03 0.4136E-05  0.4129641E-03 0.2026E-05  1.437    
   5      0.4191169E-03 0.3959E-05  0.4142724E-03 0.1804E-05  1.558    
   6      0.4166301E-03 0.4350E-05  0.4146220E-03 0.1666E-05  1.294    
   7      0.4097207E-03 0.3998E-05  0.4139107E-03 0.1538E-05  1.292    
   8      0.4223188E-03 0.3820E-05  0.4151258E-03 0.1426E-05  1.715    
   9      0.4126519E-03 0.4103E-05  0.4148615E-03 0.1347E-05  1.543    
  10      0.4103153E-03 0.4230E-05  0.4144507E-03 0.1284E-05  1.489    
 answer , counts=   4.1445072532877330E-004           0
 error =   1.2836475453062222E-006
 XSECT-00 =   3009.1779532330888        3005.0000000000000        3005.0000000000000        4.1445072532877330E-004   1.2836475453062222E-006
 Qmin, Qmax =    3500.0000000000000        3510.0000000000000     
 ******************************************************
 Running Order           0 with PDF=NNPDF30_nlo_as_0118                               
 Q=   3505.0000000000000      MUR=   3505.0000000000000      MUF=   3505.0000000000000     
 ******************************************************
 RM48 INITIALIZED:        40           0         0



 INPUT PARAMETERS FOR VEGAS:  NDIM=  5  NCALL=       9375.
                              IT=    0  ITMX=    5
                              MDS=  1   ND=  50
   1      0.9249513E-04 0.2211E-03  0.9249513E-04 0.2211E-03  0.000    
   2      0.5962334E-04 0.1640E-04  0.6005274E-04 0.2126E-04 0.3082E-01
   3      0.1081860E-03 0.2349E-04  0.8955286E-04 0.1515E-04  1.210    
   4      0.1000240E-03 0.1255E-04  0.9633086E-04 0.9283E-05 0.8542    
   5      0.1111460E-03 0.8567E-05  0.1056900E-03 0.5887E-05 0.9549    



 INPUT PARAMETERS FOR VEGAS:  NDIM=  5  NCALL=      98304.
                              IT=    0  ITMX=   10
                              MDS=  1   ND=  50
   1      0.1199925E-03 0.1644E-05  0.1199925E-03 0.1644E-05  0.000    
   2      0.1188674E-03 0.1738E-05  0.1194665E-03 0.1194E-05 0.2211    
   3      0.1226338E-03 0.1581E-05  0.1206559E-03 0.9520E-06  1.407    
   4      0.1175636E-03 0.1619E-05  0.1198906E-03 0.8208E-06  1.830    
   5      0.1202011E-03 0.1661E-05  0.1199519E-03 0.7358E-06  1.378    
   6      0.1205544E-03 0.1629E-05  0.1200550E-03 0.6706E-06  1.123    
   7      0.1196882E-03 0.1737E-05  0.1200076E-03 0.6256E-06 0.9429    
   8      0.1181462E-03 0.1754E-05  0.1198031E-03 0.5891E-06 0.9507    
   9      0.1202275E-03 0.1631E-05  0.1198524E-03 0.5541E-06 0.8387    
  10      0.1176888E-03 0.1681E-05  0.1196470E-03 0.5262E-06 0.9094    
 answer , counts=   1.1964703541427861E-004           0
 error =   5.2620664428437861E-007
 XSECT-00 =   3509.1968816255312        3505.0000000000000        3505.0000000000000        1.1964703541427861E-004   5.2620664428437861E-007
 Qmin, Qmax =    4000.0000000000000        4010.0000000000000     
 ******************************************************
 Running Order           0 with PDF=NNPDF30_nlo_as_0118                               
 Q=   4005.0000000000000      MUR=   4005.0000000000000      MUF=   4005.0000000000000     
 ******************************************************
 RM48 INITIALIZED:        40           0         0



 INPUT PARAMETERS FOR VEGAS:  NDIM=  5  NCALL=       9375.
                              IT=    0  ITMX=    5
                              MDS=  1   ND=  50
   1      0.1274135E-04 0.8820E-04  0.1274135E-04 0.8820E-04  0.000    
   2      0.1838916E-04 0.6241E-05  0.1837561E-04 0.5363E-05 0.2654E-02
   3      0.3083373E-04 0.6910E-05  0.2704492E-04 0.4112E-05 0.9721    
   4      0.2232821E-04 0.7833E-05  0.2600171E-04 0.3642E-05 0.7395    
   5      0.3835177E-04 0.5978E-05  0.3252703E-04 0.2963E-05  1.477    



 INPUT PARAMETERS FOR VEGAS:  NDIM=  5  NCALL=      98304.
                              IT=    0  ITMX=   10
                              MDS=  1   ND=  50
   1      0.3602301E-04 0.9502E-06  0.3602301E-04 0.9502E-06  0.000    
   2      0.3485727E-04 0.1054E-05  0.3551916E-04 0.7045E-06 0.6719    
   3      0.3714038E-04 0.7786E-06  0.3628659E-04 0.5195E-06  1.539    
   4      0.3537587E-04 0.8081E-06  0.3602699E-04 0.4373E-06  1.330    
   5      0.3727619E-04 0.7463E-06  0.3636511E-04 0.3765E-06  1.525    
   6      0.3619711E-04 0.8524E-06  0.3633763E-04 0.3444E-06  1.226    
   7      0.3642864E-04 0.8196E-06  0.3635146E-04 0.3175E-06  1.021    
   8      0.3501961E-04 0.8595E-06  0.3620060E-04 0.2978E-06  1.169    
   9      0.3656844E-04 0.7831E-06  0.3624823E-04 0.2783E-06  1.045    
  10      0.3478701E-04 0.7868E-06  0.3609622E-04 0.2624E-06  1.256    
 answer , counts=   3.6096222270185013E-005           0
 error =   2.6244721123361488E-007
 XSECT-00 =   4009.3807245028897        4005.0000000000000        4005.0000000000000        3.6096222270185013E-005   2.6244721123361488E-007
 Qmin, Qmax =    4500.0000000000000        4510.0000000000000     
 ******************************************************
 Running Order           0 with PDF=NNPDF30_nlo_as_0118                               
 Q=   4505.0000000000000      MUR=   4505.0000000000000      MUF=   4505.0000000000000     
 ******************************************************
 RM48 INITIALIZED:        40           0         0



 INPUT PARAMETERS FOR VEGAS:  NDIM=  5  NCALL=       9375.
                              IT=    0  ITMX=    5
                              MDS=  1   ND=  50
   1     -0.1138051E-05 0.3395E-04 -0.1138051E-05 0.3395E-04  0.000    
   2      0.4460498E-05 0.2101E-05  0.4459102E-05 0.1533E-05 0.3323E-02
   3      0.1086302E-04 0.3363E-05  0.8930763E-05 0.1762E-05  1.391    
   4      0.4087365E-05 0.3921E-05  0.8602373E-05 0.1560E-05  1.307    
   5      0.3418159E-05 0.6506E-05  0.8514577E-05 0.1434E-05  1.195    



 INPUT PARAMETERS FOR VEGAS:  NDIM=  5  NCALL=      98304.
                              IT=    0  ITMX=   10
                              MDS=  1   ND=  50
   1      0.1067006E-04 0.5705E-06  0.1067006E-04 0.5705E-06  0.000    
   2      0.1249213E-04 0.1219E-05  0.1109065E-04 0.5448E-06  1.986    
   3      0.1005990E-04 0.5614E-06  0.1066403E-04 0.3993E-06  1.892    
   4      0.1260614E-04 0.8697E-06  0.1107787E-04 0.3666E-06  2.746    
   5      0.1106495E-04 0.5773E-06  0.1107436E-04 0.3105E-06  2.091    
   6      0.1174973E-04 0.5656E-06  0.1123764E-04 0.2717E-06  1.884    
   7      0.1111310E-04 0.7711E-06  0.1122465E-04 0.2560E-06  1.588    
   8      0.1074847E-04 0.8989E-06  0.1119277E-04 0.2455E-06  1.414    
   9      0.1116553E-04 0.5345E-06  0.1118815E-04 0.2233E-06  1.242    
  10      0.1097826E-04 0.5637E-06  0.1116118E-04 0.2078E-06  1.123    
 answer , counts=   1.1161175393013578E-005           0
 error =   2.0782995478672697E-007
 XSECT-00 =   4509.6219572418386        4505.0000000000000        4505.0000000000000        1.1161175393013578E-005   2.0782995478672697E-007
 Qmin, Qmax =    5000.0000000000000        5010.0000000000000     
 ******************************************************
 Running Order           0 with PDF=NNPDF30_nlo_as_0118                               
 Q=   5005.0000000000000      MUR=   5005.0000000000000      MUF=   5005.0000000000000     
 ******************************************************
 RM48 INITIALIZED:        40           0         0



 INPUT PARAMETERS FOR VEGAS:  NDIM=  5  NCALL=       9375.
                              IT=    0  ITMX=    5
                              MDS=  1   ND=  50
   1     -0.1542229E-05 0.1230E-04 -0.1542229E-05 0.1230E-04  0.000    
   2      0.1141727E-05 0.6803E-06  0.1126822E-05 0.8062E-06 0.6120E-01
   3      0.3387225E-05 0.1044E-05  0.2908244E-05 0.6148E-06  1.140    
   4      0.1422890E-05 0.1463E-05  0.2810116E-05 0.5478E-06  1.045    
   5      0.4216685E-05 0.1419E-05  0.3346854E-05 0.5497E-06 0.8678    



 INPUT PARAMETERS FOR VEGAS:  NDIM=  5  NCALL=      98304.
                              IT=    0  ITMX=   10
                              MDS=  1   ND=  50
   1      0.3907344E-05 0.2690E-06  0.3907344E-05 0.2690E-06  0.000    
   2      0.3232968E-05 0.2391E-06  0.3594336E-05 0.1807E-06  3.463    
   3      0.3726797E-05 0.2381E-06  0.3645142E-05 0.1438E-06  1.787    
   4      0.4120865E-05 0.4239E-06  0.3706442E-05 0.1389E-06  1.551    
   5      0.3451364E-05 0.1912E-06  0.3627978E-05 0.1137E-06  1.469    
   6      0.3513709E-05 0.2413E-06  0.3608909E-05 0.1030E-06  1.229    
   7      0.3360763E-05 0.2795E-06  0.3583563E-05 0.9642E-07  1.150    
   8      0.3383749E-05 0.2378E-06  0.3558554E-05 0.8945E-07  1.080    
   9      0.3403123E-05 0.2100E-06  0.3536850E-05 0.8248E-07  1.009    
  10      0.3458486E-05 0.2431E-06  0.3529237E-05 0.7812E-07 0.9129    
 answer , counts=   3.5292373427429116E-006           0
 error =   7.8118469274819435E-008
 XSECT-00 =   5009.5735007705207        5005.0000000000000        5005.0000000000000        3.5292373427429116E-006   7.8118469274819435E-008
 Qmin, Qmax =    5500.0000000000000        5510.0000000000000     
 ******************************************************
 Running Order           0 with PDF=NNPDF30_nlo_as_0118                               
 Q=   5505.0000000000000      MUR=   5505.0000000000000      MUF=   5505.0000000000000     
 ******************************************************
 RM48 INITIALIZED:        40           0         0



 INPUT PARAMETERS FOR VEGAS:  NDIM=  5  NCALL=       9375.
                              IT=    0  ITMX=    5
                              MDS=  1   ND=  50
   1     -0.6782677E-06 0.4209E-05 -0.6782677E-06 0.4209E-05  0.000    
   2      0.2288977E-06 0.2132E-06  0.2089187E-06 0.4662E-06 0.8156E-01
   3      0.1096292E-05 0.4525E-06  0.9478448E-06 0.2847E-06 0.6947    
   4      0.6591739E-06 0.3195E-06  0.8391380E-06 0.2180E-06 0.6299    
   5      0.1174202E-05 0.5595E-06  0.9330717E-06 0.2119E-06 0.4858    



 INPUT PARAMETERS FOR VEGAS:  NDIM=  5  NCALL=      98304.
                              IT=    0  ITMX=   10
                              MDS=  1   ND=  50
   1      0.1449654E-05 0.1237E-06  0.1449654E-05 0.1237E-06  0.000    
   2      0.8861184E-06 0.1409E-06  0.1323738E-05 0.9031E-07  6.757    
   3      0.1239575E-05 0.6405E-07  0.1266581E-05 0.5170E-07  3.596    
   4      0.1317037E-05 0.1025E-06  0.1278208E-05 0.4635E-07  2.366    
   5      0.1069878E-05 0.1101E-06  0.1253955E-05 0.4243E-07  2.490    
   6      0.1155207E-05 0.1322E-06  0.1245460E-05 0.4027E-07  2.116    
   7      0.1173838E-05 0.1054E-06  0.1236674E-05 0.3761E-07  1.839    
   8      0.1156143E-05 0.1042E-06  0.1227940E-05 0.3536E-07  1.661    
   9      0.1120784E-05 0.8117E-07  0.1212526E-05 0.3251E-07  1.639    
  10      0.1078666E-05 0.9407E-07  0.1200445E-05 0.3075E-07  1.655    
 answer , counts=   1.2004450435910024E-006           0
 error =   3.0746026022354071E-008
 XSECT-00 =   5509.0979800335972        5505.0000000000000        5505.0000000000000        1.2004450435910024E-006   3.0746026022354071E-008
 Qmin, Qmax =    6000.0000000000000        6010.0000000000000     
 ******************************************************
 Running Order           0 with PDF=NNPDF30_nlo_as_0118                               
 Q=   6005.0000000000000      MUR=   6005.0000000000000      MUF=   6005.0000000000000     
 ******************************************************
 RM48 INITIALIZED:        40           0         0



 INPUT PARAMETERS FOR VEGAS:  NDIM=  5  NCALL=       9375.
                              IT=    0  ITMX=    5
                              MDS=  1   ND=  50
   1     -0.3084106E-06 0.1481E-05 -0.3084106E-06 0.1481E-05  0.000    
   2      0.5608208E-07 0.6331E-07  0.3700567E-07 0.2436E-06 0.1111    
   3      0.8008073E-06 0.5667E-06  0.5769260E-06 0.2954E-06 0.7037    
   4      0.1770796E-06 0.1766E-06  0.4719912E-06 0.2243E-06 0.8051    
   5      0.5695923E-06 0.1738E-06  0.5439402E-06 0.1226E-06 0.5619    



 INPUT PARAMETERS FOR VEGAS:  NDIM=  5  NCALL=      98304.
                              IT=    0  ITMX=   10
                              MDS=  1   ND=  50
   1      0.5241890E-06 0.1055E-06  0.5241890E-06 0.1055E-06  0.000    
   2      0.3326169E-06 0.4423E-07  0.3908459E-06 0.4870E-07  3.273    
   3      0.4575649E-06 0.3366E-07  0.4371901E-06 0.2730E-07  2.224    
   4      0.4031201E-06 0.5590E-07  0.4316180E-06 0.2440E-07  1.642    
   5      0.3463943E-06 0.5090E-07  0.4207865E-06 0.2194E-07  1.747    
   6      0.3527434E-06 0.3841E-07  0.4079949E-06 0.1929E-07  1.849    
   7      0.3628662E-06 0.2989E-07  0.3968373E-06 0.1648E-07  1.821    
   8      0.3828754E-06 0.3686E-07  0.3946970E-06 0.1508E-07  1.596    
   9      0.2692431E-06 0.8703E-07  0.3930142E-06 0.1451E-07  1.610    
  10      0.3894636E-06 0.2927E-07  0.3923083E-06 0.1300E-07  1.431    
 answer , counts=   3.9230827916279365E-007           0
 error =   1.2995624421689333E-008
 XSECT-00 =   6009.2705695737004        6005.0000000000000        6005.0000000000000        3.9230827916279365E-007   1.2995624421689333E-008
 Qmin, Qmax =    6500.0000000000000        6510.0000000000000     
 ******************************************************
 Running Order           0 with PDF=NNPDF30_nlo_as_0118                               
 Q=   6505.0000000000000      MUR=   6505.0000000000000      MUF=   6505.0000000000000     
 ******************************************************
 RM48 INITIALIZED:        40           0         0



 INPUT PARAMETERS FOR VEGAS:  NDIM=  5  NCALL=       9375.
                              IT=    0  ITMX=    5
                              MDS=  1   ND=  50
   1     -0.1202927E-06 0.5125E-06 -0.1202927E-06 0.5125E-06  0.000    
   2      0.1196537E-07 0.2389E-07 -0.1184496E-07 0.1545E-06 0.1082    
   3      0.3359669E-06 0.2254E-06  0.2938391E-06 0.1297E-06 0.3922    
   4      0.1198242E-06 0.1134E-06  0.2404800E-06 0.9864E-07 0.5338    
   5      0.4770244E-06 0.3439E-06  0.3222221E-06 0.1152E-06 0.4306    



 INPUT PARAMETERS FOR VEGAS:  NDIM=  5  NCALL=      98304.
                              IT=    0  ITMX=   10
                              MDS=  1   ND=  50
   1      0.1665455E-06 0.3824E-07  0.1665455E-06 0.3824E-07  0.000    
   2      0.6674538E-07 0.5794E-07  0.1600200E-06 0.2816E-07 0.7675    
   3      0.1161891E-06 0.2205E-07  0.1346949E-06 0.1780E-07  1.145    
   4      0.4856996E-07 0.8634E-07  0.1341316E-06 0.1576E-07  1.033    
   5      0.1512459E-06 0.2869E-07  0.1403748E-06 0.1365E-07 0.7470    
   6      0.1526828E-06 0.2419E-07  0.1446011E-06 0.1164E-07 0.5902    
   7      0.1169409E-06 0.1693E-07  0.1365428E-06 0.9704E-08 0.7806    
   8      0.1541643E-06 0.3041E-07  0.1389333E-06 0.9322E-08 0.6865    
   9      0.1306266E-06 0.1864E-07  0.1372230E-06 0.8324E-08 0.6186    
  10      0.1718884E-06 0.2787E-07  0.1419920E-06 0.8029E-08 0.7555    
 answer , counts=   1.4199203415260263E-007           0
 error =   8.0292270245269125E-009
 XSECT-00 =   6509.0193682438912        6505.0000000000000        6505.0000000000000        1.4199203415260263E-007   8.0292270245269125E-009
 Qmin, Qmax =    7000.0000000000000        7010.0000000000000     
 ******************************************************
 Running Order           0 with PDF=NNPDF30_nlo_as_0118                               
 Q=   7005.0000000000000      MUR=   7005.0000000000000      MUF=   7005.0000000000000     
 ******************************************************
 RM48 INITIALIZED:        40           0         0



 INPUT PARAMETERS FOR VEGAS:  NDIM=  5  NCALL=       9375.
                              IT=    0  ITMX=    5
                              MDS=  1   ND=  50
   1     -0.2352168E-07 0.1529E-06 -0.2352168E-07 0.1529E-06  0.000    
   2     -0.4049757E-08 0.1467E-07 -0.8663902E-08 0.5341E-07 0.2403E-01
   3      0.5846008E-07 0.1994E-07  0.5768967E-07 0.1236E-07 0.1699    
   4      0.4768384E-07 0.9307E-08  0.5017434E-07 0.6692E-08 0.2355    
   5      0.1676322E-06 0.1224E-06  0.5616136E-07 0.1366E-07 0.9343    



 INPUT PARAMETERS FOR VEGAS:  NDIM=  5  NCALL=      98304.
                              IT=    0  ITMX=   10
                              MDS=  1   ND=  50
   1      0.5473756E-07 0.8847E-08  0.5473756E-07 0.8847E-08  0.000    
   2      0.4368845E-07 0.1114E-07  0.5157223E-07 0.6761E-08 0.5459    
   3      0.5084320E-07 0.7931E-08  0.5125599E-07 0.5133E-08 0.2706    
   4      0.6937512E-07 0.7473E-08  0.5988650E-07 0.4123E-08  1.752    
   5      0.6139781E-07 0.9804E-08  0.6015572E-07 0.3821E-08  1.263    
   6      0.7462044E-07 0.1744E-07  0.6126625E-07 0.3889E-08  1.097    
   7      0.4891779E-07 0.7982E-08  0.5958607E-07 0.3527E-08  1.200    
   8      0.4959534E-07 0.1588E-07  0.5924508E-07 0.3404E-08  1.107    
   9      0.6327683E-07 0.1173E-07  0.5961782E-07 0.3281E-08 0.9626    
  10      0.6898758E-07 0.1760E-07  0.6005379E-07 0.3267E-08 0.8629    
 answer , counts=   6.0053791965141288E-008           0
 error =   3.2674418756826161E-009
 XSECT-00 =   7008.7932611455044        7005.0000000000000        7005.0000000000000        6.0053791965141288E-008   3.2674418756826161E-009
 Qmin, Qmax =    7500.0000000000000        7510.0000000000000     
 ******************************************************
 Running Order           0 with PDF=NNPDF30_nlo_as_0118                               
 Q=   7505.0000000000000      MUR=   7505.0000000000000      MUF=   7505.0000000000000     
 ******************************************************
 RM48 INITIALIZED:        40           0         0



 INPUT PARAMETERS FOR VEGAS:  NDIM=  5  NCALL=       9375.
                              IT=    0  ITMX=    5
                              MDS=  1   ND=  50
   1      0.1162030E-07 0.3116E-07  0.1162030E-07 0.3116E-07  0.000    
   2      0.1524799E-07 0.1126E-07  0.1499250E-07 0.9648E-08 0.9255E-02
   3      0.3393591E-07 0.1052E-07  0.3091396E-07 0.6397E-08 0.5896    
   4      0.5385081E-07 0.3104E-07  0.3540020E-07 0.8474E-08 0.5644    
   5      0.3743541E-07 0.1268E-07  0.3613615E-07 0.6950E-08 0.4067    



 INPUT PARAMETERS FOR VEGAS:  NDIM=  5  NCALL=      98304.
                              IT=    0  ITMX=   10
                              MDS=  1   ND=  50
   1      0.2669291E-07 0.3073E-08  0.2669291E-07 0.3073E-08  0.000    
   2      0.2461822E-07 0.3364E-08  0.2583170E-07 0.2261E-08 0.2045    
   3      0.3224559E-07 0.2839E-08  0.2903819E-07 0.1746E-08  1.773    
   4      0.2202519E-07 0.4050E-08  0.2831683E-07 0.1572E-08  1.919    
   5      0.2048398E-07 0.4376E-08  0.2776224E-07 0.1452E-08  2.047    
   6      0.2721708E-07 0.2696E-08  0.2762719E-07 0.1274E-08  1.608    
   7      0.2664234E-07 0.2352E-08  0.2739313E-07 0.1117E-08  1.351    
   8      0.2139692E-07 0.6376E-08  0.2727054E-07 0.1083E-08  1.294    
   9      0.1921314E-07 0.4289E-08  0.2698732E-07 0.1038E-08  1.445    
  10      0.2081044E-07 0.3835E-08  0.2668447E-07 0.9974E-09  1.522    
 answer , counts=   2.6684465780234763E-008           0
 error =   9.9743138075414375E-010
 XSECT-00 =   7508.7108983041426        7505.0000000000000        7505.0000000000000        2.6684465780234763E-008   9.9743138075414375E-010
 Qmin, Qmax =    8000.0000000000000        8010.0000000000000     
 ******************************************************
 Running Order           0 with PDF=NNPDF30_nlo_as_0118                               
 Q=   8005.0000000000000      MUR=   8005.0000000000000      MUF=   8005.0000000000000     
 ******************************************************
 RM48 INITIALIZED:        40           0         0



 INPUT PARAMETERS FOR VEGAS:  NDIM=  5  NCALL=       9375.
                              IT=    0  ITMX=    5
                              MDS=  1   ND=  50
   1      0.1346126E-07 0.7424E-08  0.1346126E-07 0.7424E-08  0.000    
   2      0.9516775E-08 0.5867E-08  0.1170770E-07 0.4791E-08 0.1674    
   3      0.1986512E-08 0.6709E-08  0.1156583E-07 0.3912E-08 0.1681    
   4     -0.5224438E-08 0.8924E-08  0.1065952E-07 0.3454E-08 0.5382    
   5      0.6171776E-08 0.4161E-08  0.9504787E-08 0.2825E-08 0.5688    



 INPUT PARAMETERS FOR VEGAS:  NDIM=  5  NCALL=      98304.
                              IT=    0  ITMX=   10
                              MDS=  1   ND=  50
   1      0.1162919E-07 0.2293E-08  0.1162919E-07 0.2293E-08  0.000    
   2      0.1176502E-07 0.2961E-08  0.1168084E-07 0.1815E-08 0.1319E-02
   3      0.1080229E-07 0.1269E-08  0.1112237E-07 0.1069E-08 0.7897E-01
   4      0.1108232E-07 0.2120E-08  0.1111462E-07 0.9529E-09 0.5349E-01
   5      0.1327770E-07 0.1691E-08  0.1177180E-07 0.8243E-09 0.4015    
   6      0.9060957E-08 0.1958E-08  0.1151300E-07 0.7571E-09 0.5658    
   7      0.9553340E-08 0.1634E-08  0.1125390E-07 0.6905E-09 0.6460    
   8      0.1391036E-07 0.3538E-08  0.1140376E-07 0.6942E-09 0.6282    
   9      0.8148588E-08 0.1920E-08  0.1120304E-07 0.6536E-09 0.7612    
  10      0.1755719E-07 0.4017E-08  0.1159310E-07 0.6782E-09  1.152    
 answer , counts=   1.1593098811359653E-008           0
 error =   6.7819196988352170E-010
 XSECT-00 =   8009.2451441092326        8005.0000000000000        8005.0000000000000        1.1593098811359653E-008   6.7819196988352170E-010
 Qmin, Qmax =    8500.0000000000000        8510.0000000000000     
 ******************************************************
 Running Order           0 with PDF=NNPDF30_nlo_as_0118                               
 Q=   8505.0000000000000      MUR=   8505.0000000000000      MUF=   8505.0000000000000     
 ******************************************************
 RM48 INITIALIZED:        40           0         0



 INPUT PARAMETERS FOR VEGAS:  NDIM=  5  NCALL=       9375.
                              IT=    0  ITMX=    5
                              MDS=  1   ND=  50
   1      0.8889256E-08 0.6256E-08  0.8889256E-08 0.6256E-08  0.000    
   2      0.2924008E-08 0.1246E-08  0.4524028E-08 0.2412E-08  1.201    
   3      0.3321770E-08 0.2285E-08  0.4260434E-08 0.1847E-08 0.8360    
   4      0.2650469E-08 0.1475E-08  0.3856406E-08 0.1432E-08 0.7728    
   5     -0.2482375E-09 0.4962E-08  0.3855608E-08 0.1281E-08 0.7246    



 INPUT PARAMETERS FOR VEGAS:  NDIM=  5  NCALL=      98304.
                              IT=    0  ITMX=   10
                              MDS=  1   ND=  50
   1      0.4589280E-08 0.1144E-08  0.4589280E-08 0.1144E-08  0.000    
   2      0.4499045E-08 0.7637E-09  0.4527643E-08 0.6375E-09 0.4337E-02
   3      0.5979577E-08 0.9526E-09  0.5161817E-08 0.5336E-09 0.9125    
   4      0.5851875E-08 0.1140E-08  0.5317911E-08 0.4885E-09 0.6779    
   5      0.4032898E-08 0.1357E-08  0.5227471E-08 0.4510E-09 0.6873    
   6      0.5466630E-08 0.9119E-09  0.5280742E-08 0.4033E-09 0.5468    
   7      0.6646969E-08 0.1179E-08  0.5505633E-08 0.3862E-09 0.7019    
   8      0.4285775E-08 0.2492E-08  0.5487238E-08 0.3745E-09 0.6527    
   9      0.5592652E-08 0.8917E-09  0.5504849E-08 0.3444E-09 0.5642    
  10      0.5178833E-08 0.8545E-09  0.5460847E-08 0.3197E-09 0.5170    
 answer , counts=   5.4608471979072349E-009           0
 error =   3.1965256954740725E-010
 XSECT-00 =   8509.3306226651803        8505.0000000000000        8505.0000000000000        5.4608471979072349E-009   3.1965256954740725E-010
 Qmin, Qmax =    9000.0000000000000        9010.0000000000000     
 ******************************************************
 Running Order           0 with PDF=NNPDF30_nlo_as_0118                               
 Q=   9005.0000000000000      MUR=   9005.0000000000000      MUF=   9005.0000000000000     
 ******************************************************
 RM48 INITIALIZED:        40           0         0



 INPUT PARAMETERS FOR VEGAS:  NDIM=  5  NCALL=       9375.
                              IT=    0  ITMX=    5
                              MDS=  1   ND=  50
   1      0.6824438E-08 0.6038E-08  0.6824438E-08 0.6038E-08  0.000    
   2      0.8925100E-09 0.6382E-09  0.3236490E-08 0.2707E-08  1.148    
   3      0.2941421E-08 0.1235E-08  0.3048581E-08 0.1448E-08 0.7329    
   4     -0.5123520E-09 0.2393E-08  0.3030339E-08 0.1254E-08 0.6621    
   5      0.4538228E-08 0.1481E-08  0.3802675E-08 0.9155E-09 0.6239    



 INPUT PARAMETERS FOR VEGAS:  NDIM=  5  NCALL=      98304.
                              IT=    0  ITMX=   10
                              MDS=  1   ND=  50
   1      0.2420949E-08 0.6303E-09  0.2420949E-08 0.6303E-09  0.000    
   2      0.3117738E-08 0.4691E-09  0.2943312E-08 0.3636E-09 0.6892    
   3      0.3050008E-08 0.4508E-09  0.2989953E-08 0.2815E-09 0.3413    
   4      0.2163196E-08 0.4260E-09  0.2826598E-08 0.2380E-09 0.8931    
   5      0.2626248E-08 0.4507E-09  0.2785222E-08 0.2106E-09 0.7160    
   6      0.2103182E-08 0.4376E-09  0.2701228E-08 0.1906E-09 0.8895    
   7      0.2519304E-08 0.4151E-09  0.2671359E-08 0.1734E-09 0.7737    
   8      0.2417563E-08 0.5988E-09  0.2654171E-08 0.1660E-09 0.6956    
   9      0.2160937E-08 0.3540E-09  0.2588050E-08 0.1519E-09 0.7822    
  10      0.2183490E-08 0.4696E-09  0.2558849E-08 0.1445E-09 0.7720    
 answer , counts=   2.5588492050803182E-009           0
 error =   1.4446035174727935E-010
 XSECT-00 =   9009.3954479382173        9005.0000000000000        9005.0000000000000        2.5588492050803182E-009   1.4446035174727935E-010
 Qmin, Qmax =    9500.0000000000000        9510.0000000000000     
 ******************************************************
 Running Order           0 with PDF=NNPDF30_nlo_as_0118                               
 Q=   9505.0000000000000      MUR=   9505.0000000000000      MUF=   9505.0000000000000     
 ******************************************************
 RM48 INITIALIZED:        40           0         0



 INPUT PARAMETERS FOR VEGAS:  NDIM=  5  NCALL=       9375.
                              IT=    0  ITMX=    5
                              MDS=  1   ND=  50
   1      0.4026050E-08 0.3831E-08  0.4026050E-08 0.3831E-08  0.000    
   2      0.3578650E-09 0.2377E-09  0.1559896E-08 0.1557E-08  1.223    
   3      0.1360446E-08 0.4749E-09  0.1418514E-08 0.7236E-09 0.8320    
   4      0.6537813E-09 0.6803E-09  0.1362021E-08 0.6101E-09 0.7584    
   5      0.3147392E-08 0.1736E-08  0.1733698E-08 0.6011E-09 0.8277    



 INPUT PARAMETERS FOR VEGAS:  NDIM=  5  NCALL=      98304.
                              IT=    0  ITMX=   10
                              MDS=  1   ND=  50
   1      0.8173240E-09 0.3041E-09  0.8173240E-09 0.3041E-09  0.000    
   2      0.8872661E-09 0.2243E-09  0.8651786E-09 0.1784E-09 0.3322E-01
   3      0.1313830E-08 0.2537E-09  0.1107302E-08 0.1461E-09  1.183    
   4      0.1232852E-08 0.3192E-09  0.1136298E-08 0.1349E-09 0.7627    
   5      0.7811409E-09 0.2534E-09  0.1090761E-08 0.1197E-09 0.8788    
   6      0.6658242E-09 0.4313E-09  0.1077520E-08 0.1120E-09 0.8656    
   7      0.1267280E-08 0.5832E-09  0.1088553E-08 0.1138E-09 0.6833    
   8      0.1443081E-08 0.2851E-09  0.1173575E-08 0.1051E-09 0.8180    
   9      0.1422655E-08 0.2996E-09  0.1216975E-08 0.9924E-10 0.7764    
  10      0.1283177E-08 0.3369E-09  0.1223651E-08 0.9547E-10 0.6754    
 answer , counts=   1.2236509738176087E-009           0
 error =   9.5471300468525434E-011
 XSECT-00 =   9509.3203727369728        9505.0000000000000        9505.0000000000000        1.2236509738176087E-009   9.5471300468525434E-011
 Qmin, Qmax =    10000.000000000000        10010.000000000000     
 ******************************************************
 Running Order           0 with PDF=NNPDF30_nlo_as_0118                               
 Q=   10005.000000000000      MUR=   10005.000000000000      MUF=   10005.000000000000     
 ******************************************************
 RM48 INITIALIZED:        40           0         0



 INPUT PARAMETERS FOR VEGAS:  NDIM=  5  NCALL=       9375.
                              IT=    0  ITMX=    5
                              MDS=  1   ND=  50
   1      0.1354438E-08 0.1148E-08  0.1354438E-08 0.1148E-08  0.000    
   2      0.1021276E-09 0.9087E-10  0.7586259E-09 0.5895E-09  1.126    
   3      0.4863170E-09 0.1790E-09  0.5583489E-09 0.2629E-09 0.8527    
   4      0.3629720E-09 0.5468E-09  0.5501321E-09 0.2298E-09 0.7225    
   5      0.1460796E-08 0.1165E-08  0.6689896E-09 0.2686E-09 0.6710    



 INPUT PARAMETERS FOR VEGAS:  NDIM=  5  NCALL=      98304.
                              IT=    0  ITMX=   10
                              MDS=  1   ND=  50
   1      0.5095040E-09 0.1110E-09  0.5095040E-09 0.1110E-09  0.000    
   2     -0.6335450E-09 0.5602E-09  0.4440659E-09 0.1216E-09  4.767    
   3      0.6597750E-09 0.1321E-09  0.5578703E-09 0.8790E-10  2.906    
   4      0.2520630E-09 0.2548E-09  0.5516683E-09 0.7750E-10  2.545    
   5      0.5127712E-09 0.1556E-09  0.5445269E-09 0.6937E-10  1.957    
   6      0.3658353E-09 0.1692E-09  0.5314270E-09 0.6377E-10  1.823    
   7      0.2930019E-09 0.3320E-09  0.5285514E-09 0.6028E-10  1.711    
   8      0.4873300E-09 0.1245E-09  0.5206509E-09 0.5423E-10  1.477    
   9      0.9929635E-10 0.1575E-09  0.5185647E-09 0.5114E-10  1.488    
  10      0.2182909E-09 0.3081E-09  0.5166992E-09 0.4897E-10  1.460    
 answer , counts=   5.1669919665382864E-010           0
 error =   4.8969596979575075E-011
 XSECT-00 =   10009.346174306778        10005.000000000000        10005.000000000000        5.1669919665382864E-010   4.8969596979575075E-011
 Qmin, Qmax =    10500.000000000000        10510.000000000000     
 ******************************************************
 Running Order           0 with PDF=NNPDF30_nlo_as_0118                               
 Q=   10505.000000000000      MUR=   10505.000000000000      MUF=   10505.000000000000     
 ******************************************************
 RM48 INITIALIZED:        40           0         0



 INPUT PARAMETERS FOR VEGAS:  NDIM=  5  NCALL=       9375.
                              IT=    0  ITMX=    5
                              MDS=  1   ND=  50
   1      0.1706491E-09 0.2085E-09  0.1706491E-09 0.2085E-09  0.000    
   2      0.1119235E-10 0.4164E-10  0.1551287E-09 0.1404E-09 0.1134    
   3      0.5215420E-09 0.2427E-09  0.4707831E-09 0.1369E-09 0.4357    
   4     -0.2762030E-09 0.3142E-09  0.3766236E-09 0.1241E-09  1.640    
   5      0.3961886E-09 0.3096E-09  0.3807474E-09 0.1173E-09  1.087    



 INPUT PARAMETERS FOR VEGAS:  NDIM=  5  NCALL=      98304.
                              IT=    0  ITMX=   10
                              MDS=  1   ND=  50
   1      0.1576308E-09 0.1043E-09  0.1576308E-09 0.1043E-09  0.000    
   2      0.1079501E-09 0.9107E-10  0.1387215E-09 0.7032E-10 0.1177    
   3      0.1538145E-09 0.3511E-10  0.1513805E-09 0.2960E-10 0.7114E-01
   4      0.1335694E-09 0.5284E-10  0.1474939E-09 0.2581E-10 0.7585E-01
   5      0.8802229E-10 0.3940E-10  0.1388334E-09 0.2237E-10 0.2845    
   6      0.1027238E-09 0.8246E-10  0.1372688E-09 0.2117E-10 0.2673    
   7      0.3227184E-09 0.1792E-09  0.1526722E-09 0.2707E-10 0.7204    
   8      0.5237559E-10 0.1197E-09  0.1521827E-09 0.2544E-10 0.7070    
   9      0.2525281E-09 0.7520E-10  0.1745767E-09 0.2423E-10 0.9014    
  10      0.1705540E-09 0.1731E-09  0.1745009E-09 0.2398E-10 0.8029    
 answer , counts=   1.7450085667584099E-010           0
 error =   2.3975030025181641E-011
 XSECT-00 =   10509.650801317137        10505.000000000000        10505.000000000000        1.7450085667584099E-010   2.3975030025181641E-011
 Qmin, Qmax =    1000.0000000000000        1010.0000000000000     
 ******************************************************
 Running Order           1 with PDF=NNPDF30_nlo_as_0118                               
 Q=   1005.0000000000000      MUR=   1005.0000000000000      MUF=   1005.0000000000000     
 ******************************************************
 RM48 INITIALIZED:        40           0         0



 INPUT PARAMETERS FOR VEGAS:  NDIM=  5  NCALL=       9375.
                              IT=    0  ITMX=    5
                              MDS=  1   ND=  50
   1      0.5036697     0.2261      0.5036697     0.2261      0.000    
   2      0.2244279     0.1647E-01  0.2316903     0.2823E-01  2.478    
   3      0.2804945     0.1210E-01  0.2677168     0.1323E-01  2.791    
   4      0.2768060     0.3618E-02  0.2758001     0.4177E-02  2.222    
   5      0.2723729     0.2162E-02  0.2733778     0.2180E-02  1.922    



 INPUT PARAMETERS FOR VEGAS:  NDIM=  5  NCALL=      98304.
                              IT=    0  ITMX=   10
                              MDS=  1   ND=  50
   1      0.2744200     0.4771E-03  0.2744200     0.4771E-03  0.000    
   2      0.2742737     0.4626E-03  0.2743447     0.3321E-03 0.4845E-01
   3      0.2754677     0.4673E-03  0.2747236     0.2707E-03  1.948    
   4      0.2750938     0.4640E-03  0.2748178     0.2338E-03  1.456    
   5      0.2747230     0.4696E-03  0.2747990     0.2093E-03  1.101    
   6      0.2752210     0.4659E-03  0.2748701     0.1909E-03  1.017    
   7      0.2752053     0.4687E-03  0.2749179     0.1768E-03 0.9203    
   8      0.2752726     0.4626E-03  0.2749632     0.1652E-03 0.8621    
   9      0.2747459     0.4743E-03  0.2749397     0.1560E-03 0.7778    
  10      0.2760182     0.4590E-03  0.2750522     0.1477E-03  1.244    
 answer , counts=  0.27505216907228452                0
 error =   1.4767966411682166E-004
 XSECT-01 =   1009.5420160924682        1005.0000000000000        1005.0000000000000       0.27505216907228452        1.4767966411682166E-004
 Qmin, Qmax =    1500.0000000000000        1510.0000000000000     
 ******************************************************
 Running Order           1 with PDF=NNPDF30_nlo_as_0118                               
 Q=   1505.0000000000000      MUR=   1505.0000000000000      MUF=   1505.0000000000000     
 ******************************************************
 RM48 INITIALIZED:        40           0         0



 INPUT PARAMETERS FOR VEGAS:  NDIM=  5  NCALL=       9375.
                              IT=    0  ITMX=    5
                              MDS=  1   ND=  50
   1      0.6572033E-01 0.3067E-01  0.6572033E-01 0.3067E-01  0.000    
   2      0.2583654E-01 0.1969E-02  0.2687293E-01 0.3757E-02  2.853    
   3      0.3956072E-01 0.3389E-02  0.3239720E-01 0.2642E-02  4.464    
   4      0.3733518E-01 0.1196E-02  0.3613418E-01 0.1243E-02  4.241    
   5      0.3727544E-01 0.4934E-03  0.3706548E-01 0.5167E-03  3.567    



 INPUT PARAMETERS FOR VEGAS:  NDIM=  5  NCALL=      98304.
                              IT=    0  ITMX=   10
                              MDS=  1   ND=  50
   1      0.3775612E-01 0.8802E-04  0.3775612E-01 0.8802E-04  0.000    
   2      0.3777773E-01 0.8693E-04  0.3776707E-01 0.6185E-04 0.3050E-01
   3      0.3794396E-01 0.8313E-04  0.3783047E-01 0.4962E-04  1.477    
   4      0.3784434E-01 0.8668E-04  0.3783390E-01 0.4306E-04 0.9906    
   5      0.3780657E-01 0.8400E-04  0.3782822E-01 0.3832E-04 0.7641    
   6      0.3788908E-01 0.9246E-04  0.3783717E-01 0.3540E-04 0.6851    
   7      0.3779493E-01 0.8937E-04  0.3783145E-01 0.3291E-04 0.6032    
   8      0.3793012E-01 0.8744E-04  0.3784375E-01 0.3080E-04 0.6767    
   9      0.3774570E-01 0.8390E-04  0.3783216E-01 0.2892E-04 0.7423    
  10      0.3784566E-01 0.9280E-04  0.3783335E-01 0.2761E-04 0.6619    
 answer , counts=   3.7833351049960939E-002           0
 error =   2.7607221722706508E-005
 XSECT-01 =   1509.4787743155862        1505.0000000000000        1505.0000000000000        3.7833351049960939E-002   2.7607221722706508E-005
 Qmin, Qmax =    2000.0000000000000        2010.0000000000000     
 ******************************************************
 Running Order           1 with PDF=NNPDF30_nlo_as_0118                               
 Q=   2005.0000000000000      MUR=   2005.0000000000000      MUF=   2005.0000000000000     
 ******************************************************
 RM48 INITIALIZED:        40           0         0



 INPUT PARAMETERS FOR VEGAS:  NDIM=  5  NCALL=       9375.
                              IT=    0  ITMX=    5
                              MDS=  1   ND=  50
   1      0.1194654E-01 0.6135E-02  0.1194654E-01 0.6135E-02  0.000    
   2      0.5310716E-02 0.6039E-03  0.5620868E-02 0.1026E-02  1.862    
   3      0.8121753E-02 0.9063E-03  0.6864939E-02 0.6994E-03  2.606    
   4      0.7498914E-02 0.3343E-03  0.7344964E-02 0.3320E-03  2.096    
   5      0.7410249E-02 0.1604E-03  0.7394750E-02 0.1577E-03  1.662    



 INPUT PARAMETERS FOR VEGAS:  NDIM=  5  NCALL=      98304.
                              IT=    0  ITMX=   10
                              MDS=  1   ND=  50
   1      0.7619835E-02 0.2331E-04  0.7619835E-02 0.2331E-04  0.000    
   2      0.7621574E-02 0.2337E-04  0.7620703E-02 0.1651E-04 0.2776E-02
   3      0.7631677E-02 0.2333E-04  0.7624372E-02 0.1347E-04 0.7520E-01
   4      0.7632527E-02 0.2346E-04  0.7626397E-02 0.1168E-04 0.8042E-01
   5      0.7644897E-02 0.2297E-04  0.7630215E-02 0.1041E-04 0.1895    
   6      0.7643684E-02 0.2448E-04  0.7632285E-02 0.9584E-05 0.2029    
   7      0.7634248E-02 0.2372E-04  0.7632561E-02 0.8886E-05 0.1700    
   8      0.7660468E-02 0.2374E-04  0.7636012E-02 0.8322E-05 0.3197    
   9      0.7614217E-02 0.2310E-04  0.7633521E-02 0.7830E-05 0.3780    
  10      0.7615833E-02 0.2354E-04  0.7631767E-02 0.7430E-05 0.3924    
 answer , counts=   7.6317673387815456E-003           0
 error =   7.4296567717513786E-006
 XSECT-01 =   2009.3717976479513        2005.0000000000000        2005.0000000000000        7.6317673387815456E-003   7.4296567717513786E-006
 Qmin, Qmax =    2500.0000000000000        2510.0000000000000     
 ******************************************************
 Running Order           1 with PDF=NNPDF30_nlo_as_0118                               
 Q=   2505.0000000000000      MUR=   2505.0000000000000      MUF=   2505.0000000000000     
 ******************************************************
 RM48 INITIALIZED:        40           0         0



 INPUT PARAMETERS FOR VEGAS:  NDIM=  5  NCALL=       9375.
                              IT=    0  ITMX=    5
                              MDS=  1   ND=  50
   1      0.2609058E-02 0.1658E-02  0.2609058E-02 0.1658E-02  0.000    
   2      0.1250264E-02 0.2362E-03  0.1360634E-02 0.3705E-03  1.004    
   3      0.1899189E-02 0.2544E-03  0.1708722E-02 0.2152E-03  1.242    
   4      0.1790869E-02 0.1400E-03  0.1762533E-02 0.1233E-03 0.9041    
   5      0.1943919E-02 0.7013E-04  0.1899403E-02 0.6103E-04  1.088    



 INPUT PARAMETERS FOR VEGAS:  NDIM=  5  NCALL=      98304.
                              IT=    0  ITMX=   10
                              MDS=  1   ND=  50
   1      0.1873877E-02 0.8210E-05  0.1873877E-02 0.8210E-05  0.000    
   2      0.1865793E-02 0.8110E-05  0.1869803E-02 0.5770E-05 0.4906    
   3      0.1869710E-02 0.8289E-05  0.1869773E-02 0.4736E-05 0.2454    
   4      0.1868111E-02 0.8138E-05  0.1869353E-02 0.4093E-05 0.1740    
   5      0.1864120E-02 0.8165E-05  0.1868307E-02 0.3659E-05 0.2125    
   6      0.1880284E-02 0.8401E-05  0.1870237E-02 0.3355E-05 0.5143    
   7      0.1881240E-02 0.8486E-05  0.1871739E-02 0.3120E-05 0.6722    
   8      0.1880656E-02 0.8232E-05  0.1872869E-02 0.2917E-05 0.7231    
   9      0.1873942E-02 0.8192E-05  0.1872989E-02 0.2748E-05 0.6345    
  10      0.1869395E-02 0.8321E-05  0.1872637E-02 0.2610E-05 0.5829    
 answer , counts=   1.8726371380902074E-003           0
 error =   2.6097070665794686E-006
 XSECT-01 =   2509.2222944234090        2505.0000000000000        2505.0000000000000        1.8726371380902074E-003   2.6097070665794686E-006
 Qmin, Qmax =    3000.0000000000000        3010.0000000000000     
 ******************************************************
 Running Order           1 with PDF=NNPDF30_nlo_as_0118                               
 Q=   3005.0000000000000      MUR=   3005.0000000000000      MUF=   3005.0000000000000     
 ******************************************************
 RM48 INITIALIZED:        40           0         0



 INPUT PARAMETERS FOR VEGAS:  NDIM=  5  NCALL=       9375.
                              IT=    0  ITMX=    5
                              MDS=  1   ND=  50
   1      0.6268580E-03 0.5702E-03  0.6268580E-03 0.5702E-03  0.000    
   2      0.2511063E-03 0.5226E-04  0.2697956E-03 0.9687E-04 0.7112    
   3      0.4306667E-03 0.6968E-04  0.3681234E-03 0.5849E-04  1.278    
   4      0.4673172E-03 0.6926E-04  0.4099280E-03 0.4461E-04  1.249    
   5      0.5335917E-03 0.2535E-04  0.5093496E-03 0.2038E-04  2.330    



 INPUT PARAMETERS FOR VEGAS:  NDIM=  5  NCALL=      98304.
                              IT=    0  ITMX=   10
                              MDS=  1   ND=  50
   1      0.5166687E-03 0.3695E-05  0.5166687E-03 0.3695E-05  0.000    
   2      0.5115059E-03 0.3964E-05  0.5142948E-03 0.2702E-05 0.9069    
   3      0.5179968E-03 0.3806E-05  0.5155479E-03 0.2203E-05 0.7673    
   4      0.5166336E-03 0.3709E-05  0.5158321E-03 0.1894E-05 0.5321    
   5      0.5172390E-03 0.3574E-05  0.5161420E-03 0.1673E-05 0.4290    
   6      0.5165056E-03 0.4480E-05  0.5161866E-03 0.1568E-05 0.3442    
   7      0.5167051E-03 0.3930E-05  0.5162579E-03 0.1456E-05 0.2893    
   8      0.5185628E-03 0.3764E-05  0.5165604E-03 0.1358E-05 0.2946    
   9      0.5168929E-03 0.3645E-05  0.5166010E-03 0.1273E-05 0.2586    
  10      0.5137709E-03 0.3649E-05  0.5162970E-03 0.1202E-05 0.2892    
 answer , counts=   5.1629697605142866E-004           0
 error =   1.2016324412247940E-006
 XSECT-01 =   3009.2590473357996        3005.0000000000000        3005.0000000000000        5.1629697605142866E-004   1.2016324412247940E-006
 Qmin, Qmax =    3500.0000000000000        3510.0000000000000     
 ******************************************************
 Running Order           1 with PDF=NNPDF30_nlo_as_0118                               
 Q=   3505.0000000000000      MUR=   3505.0000000000000      MUF=   3505.0000000000000     
 ******************************************************
 RM48 INITIALIZED:        40           0         0



 INPUT PARAMETERS FOR VEGAS:  NDIM=  5  NCALL=       9375.
                              IT=    0  ITMX=    5
                              MDS=  1   ND=  50
   1      0.1480736E-03 0.2189E-03  0.1480736E-03 0.2189E-03  0.000    
   2      0.8154740E-04 0.1712E-04  0.8286309E-04 0.2485E-04 0.1390    
   3      0.1265985E-03 0.2616E-04  0.1048648E-03 0.1787E-04 0.8156    
   4      0.1724306E-03 0.4455E-04  0.1213104E-03 0.1738E-04  1.363    
   5      0.1372395E-03 0.1055E-04  0.1329889E-03 0.8988E-05  1.173    



 INPUT PARAMETERS FOR VEGAS:  NDIM=  5  NCALL=      98304.
                              IT=    0  ITMX=   10
                              MDS=  1   ND=  50
   1      0.1513482E-03 0.1656E-05  0.1513482E-03 0.1656E-05  0.000    
   2      0.1497457E-03 0.2120E-05  0.1507491E-03 0.1303E-05 0.3540    
   3      0.1504838E-03 0.1804E-05  0.1506582E-03 0.1056E-05 0.1842    
   4      0.1518397E-03 0.1842E-05  0.1509543E-03 0.9164E-06 0.2263    
   5      0.1497446E-03 0.1789E-05  0.1507058E-03 0.8157E-06 0.2600    
   6      0.1485962E-03 0.1857E-05  0.1503724E-03 0.7468E-06 0.4212    
   7      0.1531166E-03 0.1935E-05  0.1507399E-03 0.6969E-06 0.6489    
   8      0.1503020E-03 0.1777E-05  0.1506819E-03 0.6488E-06 0.5641    
   9      0.1501678E-03 0.1678E-05  0.1506154E-03 0.6052E-06 0.5041    
  10      0.1514405E-03 0.1736E-05  0.1507057E-03 0.5714E-06 0.4701    
 answer , counts=   1.5070568467513663E-004           0
 error =   5.7141476098374831E-007
 XSECT-01 =   3509.3308487509876        3505.0000000000000        3505.0000000000000        1.5070568467513663E-004   5.7141476098374831E-007
 Qmin, Qmax =    4000.0000000000000        4010.0000000000000     
 ******************************************************
 Running Order           1 with PDF=NNPDF30_nlo_as_0118                               
 Q=   4005.0000000000000      MUR=   4005.0000000000000      MUF=   4005.0000000000000     
 ******************************************************
 RM48 INITIALIZED:        40           0         0



 INPUT PARAMETERS FOR VEGAS:  NDIM=  5  NCALL=       9375.
                              IT=    0  ITMX=    5
                              MDS=  1   ND=  50
   1      0.3039314E-04 0.8634E-04  0.3039314E-04 0.8634E-04  0.000    
   2      0.2505435E-04 0.6234E-05  0.2509500E-04 0.6904E-05 0.4519E-02
   3      0.3682394E-04 0.9208E-05  0.3090853E-04 0.5480E-05 0.5743    
   4      0.3943806E-04 0.5901E-05  0.3586041E-04 0.3808E-05 0.7398    
   5      0.4146617E-04 0.3609E-05  0.3940246E-04 0.2432E-05 0.8095    



 INPUT PARAMETERS FOR VEGAS:  NDIM=  5  NCALL=      98304.
                              IT=    0  ITMX=   10
                              MDS=  1   ND=  50
   1      0.4713147E-04 0.8242E-06  0.4713147E-04 0.8242E-06  0.000    
   2      0.4605015E-04 0.7271E-06  0.4653579E-04 0.5461E-06 0.9702    
   3      0.4766088E-04 0.6874E-06  0.4698319E-04 0.4271E-06  1.309    
   4      0.4662332E-04 0.7484E-06  0.4689573E-04 0.3709E-06 0.9334    
   5      0.4671905E-04 0.7111E-06  0.4685814E-04 0.3289E-06 0.7131    
   6      0.4761106E-04 0.7087E-06  0.4699517E-04 0.2983E-06 0.7570    
   7      0.4704036E-04 0.7339E-06  0.4700159E-04 0.2763E-06 0.6311    
   8      0.4556118E-04 0.7825E-06  0.4685040E-04 0.2604E-06 0.9556    
   9      0.4667361E-04 0.6584E-06  0.4682659E-04 0.2422E-06 0.8444    
  10      0.4560642E-04 0.7319E-06  0.4671160E-04 0.2299E-06  1.021    
 answer , counts=   4.6711602971576891E-005           0
 error =   2.2992633049911824E-007
 XSECT-01 =   4009.2873538308436        4005.0000000000000        4005.0000000000000        4.6711602971576891E-005   2.2992633049911824E-007
 Qmin, Qmax =    4500.0000000000000        4510.0000000000000     
 ******************************************************
 Running Order           1 with PDF=NNPDF30_nlo_as_0118                               
 Q=   4505.0000000000000      MUR=   4505.0000000000000      MUF=   4505.0000000000000     
 ******************************************************
 RM48 INITIALIZED:        40           0         0



 INPUT PARAMETERS FOR VEGAS:  NDIM=  5  NCALL=       9375.
                              IT=    0  ITMX=    5
                              MDS=  1   ND=  50
   1      0.4259006E-05 0.3314E-04  0.4259006E-05 0.3314E-04  0.000    
   2      0.6880321E-05 0.2047E-05  0.6876497E-05 0.1701E-05 0.3461E-02
   3      0.1847412E-04 0.6661E-05  0.1156942E-04 0.2671E-05  2.272    
   4      0.1326002E-04 0.2314E-05  0.1263996E-04 0.1676E-05  1.489    
   5      0.1291115E-04 0.3364E-05  0.1269997E-04 0.1500E-05  1.087    



 INPUT PARAMETERS FOR VEGAS:  NDIM=  5  NCALL=      98304.
                              IT=    0  ITMX=   10
                              MDS=  1   ND=  50
   1      0.1465871E-04 0.3879E-06  0.1465871E-04 0.3879E-06  0.000    
   2      0.1420791E-04 0.4416E-06  0.1446925E-04 0.2908E-06 0.5854    
   3      0.1519559E-04 0.4313E-06  0.1471264E-04 0.2414E-06  1.291    
   4      0.1479046E-04 0.4825E-06  0.1472838E-04 0.2160E-06 0.8649    
   5      0.1470063E-04 0.4510E-06  0.1472321E-04 0.1948E-06 0.6497    
   6      0.1486721E-04 0.4135E-06  0.1474981E-04 0.1762E-06 0.5381    
   7      0.1417538E-04 0.4003E-06  0.1466253E-04 0.1614E-06 0.7255    
   8      0.1411991E-04 0.4527E-06  0.1460533E-04 0.1519E-06 0.7993    
   9      0.1489517E-04 0.4361E-06  0.1463786E-04 0.1435E-06 0.7470    
  10      0.1417533E-04 0.4112E-06  0.1459040E-04 0.1355E-06 0.7873    
 answer , counts=   1.4590399933701833E-005           0
 error =   1.3550493938421508E-007
 XSECT-01 =   4509.0314407126916        4505.0000000000000        4505.0000000000000        1.4590399933701833E-005   1.3550493938421508E-007
 Qmin, Qmax =    5000.0000000000000        5010.0000000000000     
 ******************************************************
 Running Order           1 with PDF=NNPDF30_nlo_as_0118                               
 Q=   5005.0000000000000      MUR=   5005.0000000000000      MUF=   5005.0000000000000     
 ******************************************************
 RM48 INITIALIZED:        40           0         0



 INPUT PARAMETERS FOR VEGAS:  NDIM=  5  NCALL=       9375.
                              IT=    0  ITMX=    5
                              MDS=  1   ND=  50
   1      0.6566474E-07 0.1202E-04  0.6566474E-07 0.1202E-04  0.000    
   2      0.1641126E-05 0.5844E-06  0.1641120E-05 0.4135E-06 0.5493E-04
   3      0.7692710E-05 0.3560E-05  0.3891576E-05 0.1282E-05  2.604    
   4      0.4114288E-05 0.7705E-06  0.4046192E-05 0.6926E-06  1.825    
   5      0.3636088E-05 0.6006E-06  0.3852783E-05 0.4866E-06  1.509    



 INPUT PARAMETERS FOR VEGAS:  NDIM=  5  NCALL=      98304.
                              IT=    0  ITMX=   10
                              MDS=  1   ND=  50
   1      0.5099432E-05 0.2430E-06  0.5099432E-05 0.2430E-06  0.000    
   2      0.4617286E-05 0.2117E-06  0.4849120E-05 0.1607E-06  2.247    
   3      0.4843236E-05 0.1722E-06  0.4846393E-05 0.1176E-06  1.127    
   4      0.4497970E-05 0.1919E-06  0.4761599E-05 0.1004E-06  1.518    
   5      0.4790906E-05 0.3035E-06  0.4764513E-05 0.9538E-07  1.139    
   6      0.4537648E-05 0.1574E-06  0.4708011E-05 0.8198E-07  1.212    
   7      0.4481357E-05 0.1930E-06  0.4676473E-05 0.7550E-07  1.205    
   8      0.4561579E-05 0.1976E-06  0.4662589E-05 0.7053E-07  1.081    
   9      0.4679812E-05 0.2426E-06  0.4663930E-05 0.6772E-07 0.9467    
  10      0.5007356E-05 0.3211E-06  0.4680557E-05 0.6654E-07 0.9659    
 answer , counts=   4.6805572851953839E-006           0
 error =   6.6536413082079395E-008
 XSECT-01 =   5009.1806395561207        5005.0000000000000        5005.0000000000000        4.6805572851953839E-006   6.6536413082079395E-008
 Qmin, Qmax =    5500.0000000000000        5510.0000000000000     
 ******************************************************
 Running Order           1 with PDF=NNPDF30_nlo_as_0118                               
 Q=   5505.0000000000000      MUR=   5505.0000000000000      MUF=   5505.0000000000000     
 ******************************************************
 RM48 INITIALIZED:        40           0         0



 INPUT PARAMETERS FOR VEGAS:  NDIM=  5  NCALL=       9375.
                              IT=    0  ITMX=    5
                              MDS=  1   ND=  50
   1     -0.2091754E-06 0.4125E-05 -0.2091754E-06 0.4125E-05  0.000    
   2      0.4269811E-06 0.1775E-06  0.4266985E-06 0.1397E-06 0.9203E-02
   3      0.2716840E-05 0.1434E-05  0.1302966E-05 0.5200E-06  2.291    
   4      0.1908894E-05 0.9660E-06  0.1481090E-05 0.4601E-06  1.497    
   5      0.1756906E-05 0.3655E-06  0.1656213E-05 0.2807E-06  1.157    



 INPUT PARAMETERS FOR VEGAS:  NDIM=  5  NCALL=      98304.
                              IT=    0  ITMX=   10
                              MDS=  1   ND=  50
   1      0.2112030E-05 0.3574E-06  0.2112030E-05 0.3574E-06  0.000    
   2      0.1191791E-05 0.2437E-06  0.1737928E-05 0.2236E-06  4.088    
   3      0.1843966E-05 0.1705E-06  0.1808475E-05 0.1327E-06  2.014    
   4      0.1541653E-05 0.2477E-06  0.1760283E-05 0.1166E-06  1.684    
   5      0.1314235E-05 0.1546E-06  0.1647867E-05 0.9661E-07  2.379    
   6      0.1654838E-05 0.2872E-06  0.1648591E-05 0.9164E-07  1.896    
   7      0.1503471E-05 0.1446E-06  0.1611934E-05 0.7832E-07  1.725    
   8      0.1507220E-05 0.3437E-06  0.1607434E-05 0.7597E-07  1.515    
   9      0.1080346E-05 0.2485E-06  0.1586062E-05 0.7211E-07  1.671    
  10      0.1728661E-05 0.1516E-06  0.1617140E-05 0.6451E-07  1.544    
 answer , counts=   1.6171396504590228E-006           0
 error =   6.4508799895345401E-008
 XSECT-01 =   5509.1201485375113        5505.0000000000000        5505.0000000000000        1.6171396504590228E-006   6.4508799895345401E-008
 Qmin, Qmax =    6000.0000000000000        6010.0000000000000     
 ******************************************************
 Running Order           1 with PDF=NNPDF30_nlo_as_0118                               
 Q=   6005.0000000000000      MUR=   6005.0000000000000      MUF=   6005.0000000000000     
 ******************************************************
 RM48 INITIALIZED:        40           0         0



 INPUT PARAMETERS FOR VEGAS:  NDIM=  5  NCALL=       9375.
                              IT=    0  ITMX=    5
                              MDS=  1   ND=  50
   1     -0.1695174E-06 0.1453E-05 -0.1695174E-06 0.1453E-05  0.000    
   2      0.1174482E-06 0.5129E-07  0.1167048E-06 0.6360E-07 0.5260E-01
   3      0.6635940E-06 0.2637E-06  0.4155692E-06 0.1178E-06  2.673    
   4      0.3535320E-06 0.1799E-06  0.4000681E-06 0.9917E-07  1.912    
   5      0.3850974E-06 0.7697E-07  0.3908116E-06 0.6112E-07  1.444    



 INPUT PARAMETERS FOR VEGAS:  NDIM=  5  NCALL=      98304.
                              IT=    0  ITMX=   10
                              MDS=  1   ND=  50
   1      0.6393698E-06 0.5601E-07  0.6393698E-06 0.5601E-07  0.000    
   2      0.5304229E-06 0.4312E-07  0.5808342E-06 0.3501E-07  2.408    
   3      0.5464691E-06 0.3086E-07  0.5627266E-06 0.2353E-07  1.526    
   4      0.5306885E-06 0.3023E-07  0.5517984E-06 0.1875E-07  1.275    
   5      0.5408181E-06 0.3683E-07  0.5496822E-06 0.1671E-07 0.9883    
   6      0.4540703E-06 0.3557E-07  0.5375288E-06 0.1517E-07  1.720    
   7      0.5256361E-06 0.3318E-07  0.5355816E-06 0.1381E-07  1.463    
   8      0.5396779E-06 0.5005E-07  0.5358703E-06 0.1331E-07  1.256    
   9      0.5181203E-06 0.3999E-07  0.5342310E-06 0.1262E-07  1.130    
  10      0.5993298E-06 0.4130E-07  0.5409905E-06 0.1209E-07  1.280    
 answer , counts=   5.4099046879773302E-007           0
 error =   1.2090847094992492E-008
 XSECT-01 =   6009.2922259908728        6005.0000000000000        6005.0000000000000        5.4099046879773302E-007   1.2090847094992492E-008
 Qmin, Qmax =    6500.0000000000000        6510.0000000000000     
 ******************************************************
 Running Order           1 with PDF=NNPDF30_nlo_as_0118                               
 Q=   6505.0000000000000      MUR=   6505.0000000000000      MUF=   6505.0000000000000     
 ******************************************************
 RM48 INITIALIZED:        40           0         0



 INPUT PARAMETERS FOR VEGAS:  NDIM=  5  NCALL=       9375.
                              IT=    0  ITMX=    5
                              MDS=  1   ND=  50
   1     -0.7810335E-07 0.5028E-06 -0.7810335E-07 0.5028E-06  0.000    
   2      0.3497861E-07 0.1996E-07  0.3409664E-07 0.3440E-07 0.8361E-01
   3      0.2181061E-06 0.5984E-07  0.1833432E-06 0.3343E-07  2.330    
   4      0.1841243E-06 0.5292E-07  0.1836752E-06 0.2792E-07  1.281    
   5      0.2174903E-06 0.5946E-07  0.1944815E-06 0.2550E-07 0.8788    



 INPUT PARAMETERS FOR VEGAS:  NDIM=  5  NCALL=      98304.
                              IT=    0  ITMX=   10
                              MDS=  1   ND=  50
   1      0.1992121E-06 0.1012E-07  0.1992121E-06 0.1012E-07  0.000    
   2      0.1814156E-06 0.1178E-07  0.1924598E-06 0.7621E-08  1.284    
   3      0.1967330E-06 0.1172E-07  0.1937874E-06 0.6397E-08 0.6758    
   4      0.2081259E-06 0.1071E-07  0.1980034E-06 0.5486E-08 0.9050    
   5      0.1808271E-06 0.1165E-07  0.1952916E-06 0.4957E-08  1.100    
   6      0.1945170E-06 0.1529E-07  0.1952173E-06 0.4717E-08 0.8786    
   7      0.1706573E-06 0.1487E-07  0.1934379E-06 0.4469E-08  1.095    
   8      0.1871366E-06 0.1434E-07  0.1928981E-06 0.4264E-08 0.9669    
   9      0.2190556E-06 0.2203E-07  0.1941372E-06 0.4237E-08  1.031    
  10      0.2018832E-06 0.1235E-07  0.1950164E-06 0.4006E-08 0.9506    
 answer , counts=   1.9501642856107896E-007           0
 error =   4.0064676167159766E-009
 XSECT-01 =   6508.9836489034515        6505.0000000000000        6505.0000000000000        1.9501642856107896E-007   4.0064676167159766E-009
 Qmin, Qmax =    7000.0000000000000        7010.0000000000000     
 ******************************************************
 Running Order           1 with PDF=NNPDF30_nlo_as_0118                               
 Q=   7005.0000000000000      MUR=   7005.0000000000000      MUF=   7005.0000000000000     
 ******************************************************
 RM48 INITIALIZED:        40           0         0



 INPUT PARAMETERS FOR VEGAS:  NDIM=  5  NCALL=       9375.
                              IT=    0  ITMX=    5
                              MDS=  1   ND=  50
   1     -0.9625609E-08 0.1503E-06 -0.9625609E-08 0.1503E-06  0.000    
   2      0.1638313E-07 0.1223E-07  0.1632387E-07 0.1002E-07 0.1532E-01
   3      0.6745707E-07 0.1798E-07  0.6166024E-07 0.1016E-07  1.275    
   4      0.2825657E-07 0.2244E-07  0.5862509E-07 0.9043E-08  1.350    
   5     -0.2323042E-06 0.2939E-06  0.4857204E-07 0.2569E-07  1.190    



 INPUT PARAMETERS FOR VEGAS:  NDIM=  5  NCALL=      98304.
                              IT=    0  ITMX=   10
                              MDS=  1   ND=  50
   1      0.8636434E-07 0.1086E-07  0.8636434E-07 0.1086E-07  0.000    
   2      0.3049787E-07 0.3915E-07  0.8583324E-07 0.8106E-08 0.4473    
   3      0.5965705E-07 0.2275E-07  0.8328722E-07 0.7504E-08 0.7697    
   4      0.1183288E-06 0.3853E-07  0.8741007E-07 0.8997E-08 0.8400    
   5      0.8369292E-07 0.3117E-07  0.8710327E-07 0.8686E-08 0.6236    
   6      0.8496434E-07 0.1444E-07  0.8649631E-07 0.7409E-08 0.4944    
   7      0.8795424E-07 0.3354E-07  0.8657412E-07 0.7288E-08 0.4034    
   8      0.4979689E-07 0.1488E-07  0.8363234E-07 0.6706E-08 0.6919    
   9      0.7865062E-07 0.1613E-07  0.8290949E-07 0.6194E-08 0.6167    
  10      0.5917642E-07 0.3238E-07  0.8243518E-07 0.5995E-08 0.6077    
 answer , counts=   8.2435177635922893E-008           0
 error =   5.9948663879139785E-009
 XSECT-01 =   7008.7204152051336        7005.0000000000000        7005.0000000000000        8.2435177635922893E-008   5.9948663879139785E-009
 Qmin, Qmax =    7500.0000000000000        7510.0000000000000     
 ******************************************************
 Running Order           1 with PDF=NNPDF30_nlo_as_0118                               
 Q=   7505.0000000000000      MUR=   7505.0000000000000      MUF=   7505.0000000000000     
 ******************************************************
 RM48 INITIALIZED:        40           0         0



 INPUT PARAMETERS FOR VEGAS:  NDIM=  5  NCALL=       9375.
                              IT=    0  ITMX=    5
                              MDS=  1   ND=  50
   1      0.1660904E-07 0.3124E-07  0.1660904E-07 0.3124E-07  0.000    
   2      0.2142079E-07 0.1222E-07  0.2101529E-07 0.1046E-07 0.1632E-01
   3      0.4460656E-07 0.1565E-07  0.3771466E-07 0.8893E-08 0.7309    
   4      0.3292406E-07 0.1052E-07  0.3551017E-07 0.6690E-08 0.5072    
   5      0.3219121E-07 0.1205E-07  0.3467668E-07 0.5841E-08 0.3890    



 INPUT PARAMETERS FOR VEGAS:  NDIM=  5  NCALL=      98304.
                              IT=    0  ITMX=   10
                              MDS=  1   ND=  50
   1      0.3030703E-07 0.2365E-08  0.3030703E-07 0.2365E-08  0.000    
   2      0.2852554E-07 0.3059E-08  0.2969031E-07 0.1857E-08 0.2084    
   3      0.4004971E-07 0.3590E-08  0.3312243E-07 0.1720E-08  4.097    
   4      0.3319147E-07 0.2926E-08  0.3314005E-07 0.1483E-08  2.738    
   5      0.3247506E-07 0.2322E-08  0.3295426E-07 0.1253E-08  2.088    
   6      0.3330263E-07 0.5241E-08  0.3297327E-07 0.1219E-08  1.669    
   7      0.3380464E-07 0.2379E-08  0.3315140E-07 0.1084E-08  1.399    
   8      0.2858818E-07 0.7109E-08  0.3307440E-07 0.1057E-08  1.284    
   9      0.3167093E-07 0.2326E-08  0.3284683E-07 0.9639E-09  1.168    
  10      0.3809522E-07 0.3973E-08  0.3323724E-07 0.9442E-09  1.238    
 answer , counts=   3.3237243171715115E-008           0
 error =   9.4415382547140121E-010
 XSECT-01 =   7508.9425553345973        7505.0000000000000        7505.0000000000000        3.3237243171715115E-008   9.4415382547140121E-010
 Qmin, Qmax =    8000.0000000000000        8010.0000000000000     
 ******************************************************
 Running Order           1 with PDF=NNPDF30_nlo_as_0118                               
 Q=   8005.0000000000000      MUR=   8005.0000000000000      MUF=   8005.0000000000000     
 ******************************************************
 RM48 INITIALIZED:        40           0         0



 INPUT PARAMETERS FOR VEGAS:  NDIM=  5  NCALL=       9375.
                              IT=    0  ITMX=    5
                              MDS=  1   ND=  50
   1      0.1555699E-07 0.8072E-08  0.1555699E-07 0.8072E-08  0.000    
   2      0.7788551E-08 0.2871E-08  0.1039412E-07 0.3697E-08 0.9843    
   3      0.1126439E-07 0.4887E-08  0.1067630E-07 0.2956E-08 0.5297    
   4     -0.3609346E-08 0.1983E-07  0.1064749E-07 0.2596E-08 0.4773    
   5      0.2441745E-07 0.7756E-08  0.1583016E-07 0.2809E-08  1.601    



 INPUT PARAMETERS FOR VEGAS:  NDIM=  5  NCALL=      98304.
                              IT=    0  ITMX=   10
                              MDS=  1   ND=  50
   1      0.1589871E-07 0.1356E-08  0.1589871E-07 0.1356E-08  0.000    
   2      0.1597583E-07 0.1481E-08  0.1593406E-07 0.1000E-08 0.1476E-02
   3      0.2048643E-07 0.2577E-08  0.1684102E-07 0.9875E-09  1.696    
   4      0.1483626E-07 0.1641E-08  0.1643016E-07 0.8482E-09  1.522    
   5      0.1718894E-07 0.2174E-08  0.1653295E-07 0.7910E-09  1.161    
   6      0.1367674E-07 0.1911E-08  0.1624751E-07 0.7281E-09  1.264    
   7      0.1666269E-07 0.2011E-08  0.1629654E-07 0.6848E-09  1.056    
   8      0.1528992E-07 0.1347E-08  0.1611383E-07 0.6140E-09 0.9789    
   9      0.1326635E-07 0.1394E-08  0.1579165E-07 0.5671E-09  1.207    
  10      0.1626036E-07 0.1265E-08  0.1587181E-07 0.5171E-09  1.083    
 answer , counts=   1.5871812869086768E-008           0
 error =   5.1706137327248416E-010
 XSECT-01 =   8008.7504664221378        8005.0000000000000        8005.0000000000000        1.5871812869086768E-008   5.1706137327248416E-010
 Qmin, Qmax =    8500.0000000000000        8510.0000000000000     
 ******************************************************
 Running Order           1 with PDF=NNPDF30_nlo_as_0118                               
 Q=   8505.0000000000000      MUR=   8505.0000000000000      MUF=   8505.0000000000000     
 ******************************************************
 RM48 INITIALIZED:        40           0         0



 INPUT PARAMETERS FOR VEGAS:  NDIM=  5  NCALL=       9375.
                              IT=    0  ITMX=    5
                              MDS=  1   ND=  50
   1      0.9906460E-08 0.6418E-08  0.9906460E-08 0.6418E-08  0.000    
   2      0.5140206E-08 0.1715E-08  0.6139211E-08 0.2341E-08 0.6869    
   3      0.7035446E-08 0.2320E-08  0.6540040E-08 0.1680E-08 0.4039    
   4      0.6513376E-08 0.2924E-08  0.6534856E-08 0.1456E-08 0.2887    
   5      0.6076169E-08 0.1623E-08  0.6372265E-08 0.1132E-08 0.2406    



 INPUT PARAMETERS FOR VEGAS:  NDIM=  5  NCALL=      98304.
                              IT=    0  ITMX=   10
                              MDS=  1   ND=  50
   1      0.6975772E-08 0.9411E-09  0.6975772E-08 0.9411E-09  0.000    
   2      0.8446316E-08 0.1053E-08  0.7769039E-08 0.7092E-09  1.068    
   3      0.9345346E-08 0.8087E-09  0.8601630E-08 0.5228E-09  1.596    
   4      0.5028310E-08 0.1538E-08  0.8456730E-08 0.4698E-09  2.015    
   5      0.6752368E-08 0.8987E-09  0.8156013E-08 0.4170E-09  2.186    
   6      0.7515470E-08 0.7947E-09  0.8016091E-08 0.3691E-09  1.847    
   7      0.7577879E-08 0.5967E-09  0.7892242E-08 0.3133E-09  1.599    
   8      0.7198435E-08 0.1246E-08  0.7853894E-08 0.3031E-09  1.423    
   9      0.8449733E-08 0.1435E-08  0.7886235E-08 0.2994E-09  1.232    
  10      0.7127045E-08 0.8297E-09  0.7807619E-08 0.2819E-09  1.182    
 answer , counts=   7.8076193759716777E-009           0
 error =   2.8187577188624982E-010
 XSECT-01 =   8509.1510565312401        8505.0000000000000        8505.0000000000000        7.8076193759716777E-009   2.8187577188624982E-010
 Qmin, Qmax =    9000.0000000000000        9010.0000000000000     
 ******************************************************
 Running Order           1 with PDF=NNPDF30_nlo_as_0118                               
 Q=   9005.0000000000000      MUR=   9005.0000000000000      MUF=   9005.0000000000000     
 ******************************************************
 RM48 INITIALIZED:        40           0         0



 INPUT PARAMETERS FOR VEGAS:  NDIM=  5  NCALL=       9375.
                              IT=    0  ITMX=    5
                              MDS=  1   ND=  50
   1      0.7285402E-08 0.5979E-08  0.7285402E-08 0.5979E-08  0.000    
   2      0.1900483E-08 0.7600E-09  0.2933918E-08 0.1914E-08  1.228    
   3      0.2725281E-08 0.1715E-08  0.2882559E-08 0.1443E-08 0.8160    
   4      0.1934732E-08 0.1299E-08  0.2714143E-08 0.1166E-08 0.7175    
   5      0.2255815E-08 0.1602E-08  0.2651333E-08 0.1004E-08 0.6319    



 INPUT PARAMETERS FOR VEGAS:  NDIM=  5  NCALL=      98304.
                              IT=    0  ITMX=   10
                              MDS=  1   ND=  50
   1      0.4282281E-08 0.5151E-09  0.4282281E-08 0.5151E-09  0.000    
   2      0.4000656E-08 0.4299E-09  0.4125654E-08 0.3321E-09 0.1775    
   3      0.4335300E-08 0.8378E-09  0.4156412E-08 0.3115E-09 0.1144    
   4      0.3471619E-08 0.8166E-09  0.4094708E-08 0.2851E-09 0.2406    
   5      0.3825113E-08 0.5202E-09  0.4037462E-08 0.2504E-09 0.2327    
   6      0.3808023E-08 0.6252E-09  0.4008283E-08 0.2321E-09 0.2107    
   7      0.3140920E-08 0.3210E-09  0.3794000E-08 0.1960E-09 0.7927    
   8      0.3727582E-08 0.7860E-09  0.3790356E-08 0.1897E-09 0.6860    
   9      0.1930965E-08 0.9682E-09  0.3772490E-08 0.1808E-09 0.7804    
  10      0.3751649E-08 0.6650E-09  0.3771002E-08 0.1746E-09 0.6910    
 answer , counts=   3.7710015988897160E-009           0
 error =   1.7459717453922747E-010
 XSECT-01 =   9009.2038115086070        9005.0000000000000        9005.0000000000000        3.7710015988897160E-009   1.7459717453922747E-010
 Qmin, Qmax =    9500.0000000000000        9510.0000000000000     
 ******************************************************
 Running Order           1 with PDF=NNPDF30_nlo_as_0118                               
 Q=   9505.0000000000000      MUR=   9505.0000000000000      MUF=   9505.0000000000000     
 ******************************************************
 RM48 INITIALIZED:        40           0         0



 INPUT PARAMETERS FOR VEGAS:  NDIM=  5  NCALL=       9375.
                              IT=    0  ITMX=    5
                              MDS=  1   ND=  50
   1      0.4208907E-08 0.3780E-08  0.4208907E-08 0.3780E-08  0.000    
   2      0.7541630E-09 0.2258E-09  0.1099620E-08 0.8587E-09  1.457    
   3      0.1305569E-08 0.4544E-09  0.1181941E-08 0.5680E-09  1.015    
   4      0.1886546E-08 0.6691E-09  0.1377801E-08 0.4537E-09 0.9273    
   5      0.1646451E-08 0.1283E-08  0.1392420E-08 0.4167E-09 0.7849    



 INPUT PARAMETERS FOR VEGAS:  NDIM=  5  NCALL=      98304.
                              IT=    0  ITMX=   10
                              MDS=  1   ND=  50
   1      0.1409605E-08 0.2157E-09  0.1409605E-08 0.2157E-09  0.000    
   2      0.1469572E-08 0.2915E-09  0.1431984E-08 0.1745E-09 0.2764E-01
   3      0.2530660E-08 0.5018E-09  0.1730615E-08 0.1939E-09  3.186    
   4      0.1815387E-08 0.2303E-09  0.1764448E-08 0.1491E-09  2.184    
   5      0.1786878E-08 0.3395E-09  0.1767835E-08 0.1363E-09  1.664    
   6      0.1125624E-08 0.5809E-09  0.1754949E-08 0.1277E-09  1.587    
   7      0.1712065E-08 0.3881E-09  0.1750909E-08 0.1212E-09  1.332    
   8      0.2165264E-08 0.4671E-09  0.1789943E-08 0.1192E-09  1.216    
   9      0.1267975E-08 0.3719E-09  0.1764630E-08 0.1130E-09  1.250    
  10      0.1685780E-08 0.2509E-09  0.1752132E-08 0.1033E-09  1.128    
 answer , counts=   1.7521320733238350E-009           0
 error =   1.0326236268063684E-010
 XSECT-01 =   9509.3892969485023        9505.0000000000000        9505.0000000000000        1.7521320733238350E-009   1.0326236268063684E-010
 Qmin, Qmax =    10000.000000000000        10010.000000000000     
 ******************************************************
 Running Order           1 with PDF=NNPDF30_nlo_as_0118                               
 Q=   10005.000000000000      MUR=   10005.000000000000      MUF=   10005.000000000000     
 ******************************************************
 RM48 INITIALIZED:        40           0         0



 INPUT PARAMETERS FOR VEGAS:  NDIM=  5  NCALL=       9375.
                              IT=    0  ITMX=    5
                              MDS=  1   ND=  50
   1      0.1438700E-08 0.1149E-08  0.1438700E-08 0.1149E-08  0.000    
   2      0.1516470E-09 0.9789E-10  0.6603245E-09 0.5135E-09  1.501    
   3      0.4116372E-09 0.2666E-09  0.5669950E-09 0.3446E-09  1.103    
Thanks for using LHAPDF 6.5.4. Please make sure to cite the paper:
  Eur.Phys.J. C75 (2015) 3, 132  (http://arxiv.org/abs/1412.7420)
   4      0.3817615E-09 0.1579E-09  0.4782237E-09 0.2222E-09 0.9788    
   5      0.5799571E-09 0.2905E-09  0.5032722E-09 0.1842E-09 0.8193    



 INPUT PARAMETERS FOR VEGAS:  NDIM=  5  NCALL=      98304.
                              IT=    0  ITMX=   10
                              MDS=  1   ND=  50
   1      0.8296886E-09 0.8170E-10  0.8296886E-09 0.8170E-10  0.000    
   2      0.7016441E-09 0.1126E-09  0.7946650E-09 0.6449E-10 0.7835    
   3      0.7140691E-09 0.2067E-09  0.7884166E-09 0.6051E-10 0.4738    
   4      0.7783642E-09 0.1322E-09  0.7865693E-09 0.5518E-10 0.3117    
   5      0.7182363E-09 0.9120E-10  0.7696560E-09 0.4738E-10 0.3355    
   6      0.8822222E-09 0.2695E-09  0.7742726E-09 0.4786E-10 0.2958    
   7      0.5968617E-09 0.7370E-10  0.7386733E-09 0.4153E-10 0.7494    
   8      0.6664588E-09 0.9311E-10  0.7288871E-09 0.3810E-10 0.7199    
   9      0.6638898E-09 0.1288E-09  0.7246174E-09 0.3642E-10 0.6685    
  10      0.6455144E-09 0.1321E-09  0.7202095E-09 0.3499E-10 0.6377    
 answer , counts=   7.2020949442980513E-010           0
 error =   3.4994982767690158E-011
 XSECT-01 =   10009.134865674749        10005.000000000000        10005.000000000000        7.2020949442980513E-010   3.4994982767690158E-011
 Qmin, Qmax =    10500.000000000000        10510.000000000000     
 ******************************************************
 Running Order           1 with PDF=NNPDF30_nlo_as_0118                               
 Q=   10505.000000000000      MUR=   10505.000000000000      MUF=   10505.000000000000     
 ******************************************************
 RM48 INITIALIZED:        40           0         0



 INPUT PARAMETERS FOR VEGAS:  NDIM=  5  NCALL=       9375.
                              IT=    0  ITMX=    5
                              MDS=  1   ND=  50
   1      0.2128298E-09 0.2223E-09  0.2128298E-09 0.2223E-09  0.000    
   2      0.3231394E-10 0.4893E-10  0.1546429E-09 0.1309E-09 0.4157    
   3      0.4877404E-09 0.2071E-09  0.4224372E-09 0.1172E-09 0.6878    
   4     -0.1114924E-09 0.2548E-09  0.4080215E-09 0.1022E-09 0.8246    
   5      0.3923663E-09 0.1712E-09  0.4013633E-09 0.8545E-10 0.5110    



 INPUT PARAMETERS FOR VEGAS:  NDIM=  5  NCALL=      98304.
                              IT=    0  ITMX=   10
                              MDS=  1   ND=  50
   1      0.1616507E-09 0.5230E-10  0.1616507E-09 0.5230E-10  0.000    
   2      0.1937551E-09 0.7453E-10  0.1749528E-09 0.4418E-10 0.1282    
   3      0.3916212E-09 0.1175E-09  0.2627266E-09 0.5136E-10  2.172    
   4      0.2473559E-09 0.8800E-10  0.2592884E-09 0.4438E-10  1.513    
   5      0.1984314E-09 0.4012E-10  0.2343848E-09 0.3259E-10  1.453    
   6      0.1157846E-09 0.6569E-10  0.2285273E-09 0.2962E-10  1.489    
   7      0.2108130E-09 0.4484E-10  0.2239202E-09 0.2512E-10  1.293    
   8      0.2270550E-09 0.5819E-10  0.2243964E-09 0.2308E-10  1.114    
   9      0.2415515E-09 0.6411E-10  0.2265246E-09 0.2171E-10 0.9730    
  10      0.2435518E-09 0.1117E-09  0.2272035E-09 0.2138E-10 0.8590    
 answer , counts=   2.2720353737548633E-010           0
 error =   2.1378370487341656E-011
 XSECT-01 =   10509.700684006193        10505.000000000000        10505.000000000000        2.2720353737548633E-010   2.1378370487341656E-011
