At line 45 of file filehandle.f (unit = 5, file = 'stdin')
Fortran runtime error: End of file

Error termination. Backtrace:
#0  0x717866e65984 in list_formatted_read_scalar
	at ../../../gcc-12.2.0/libgfortran/io/list_read.c:2308
#1  0x409823 in ???
#2  0x402f3c in ???
#3  0x4031c7 in ???
#4  0x717867029d8f in __libc_start_call_main
	at ../sysdeps/nptl/libc_start_call_main.h:58
#5  0x717867029e3f in __libc_start_main_impl
	at ../csu/libc-start.c:392
#6  0x4022b4 in ???
#7  0xffffffffffffffff in ???
 File  already exist  ../summary/run_12/PKplus.dat                                                                        
 All previous data for this run will be lost. Overwrite ?     [y/n]
LHAPDF 6.5.4 loading /home/niraj/1TB-Disc/Workspace-IITG/Packages/Install/LHAPDF-6.5.4/install/share/LHAPDF/MMHT2014nlo68cl/MMHT2014nlo68cl_0000.dat
MMHT2014nlo68cl PDF set, member #0, version 3; LHAPDF ID = 25100
 Writing your data in ../summary/run_12/PKplus.dat
   
   
 ~~~~~~~~~~~~~~~~~~~~~~~~~~~~~~~~~~~~~~~~~~~~
     Calculating P and K terms
 ~~~~~~~~~~~~~~~~~~~~~~~~~~~~~~~~~~~~~~~~~~~~
   
   
   
 ~~~~~~~~~~~~~~~~~~~~~~~~~~~~~~~~~~~~~~~~~~~~
     Calculating [+] distribution
 ~~~~~~~~~~~~~~~~~~~~~~~~~~~~~~~~~~~~~~~~~~~~
   
 ~~~~~~~~~~~~~~~~~~~~~~~~~~~~~~~~~~~~~~~~
Using Vegas points:                   1.E+08
         Iteration:                    5
 ~~~~~~~~~~~~~~~~~~~~~~~~~~~~~~~~~~~~~~~~
  
 [1;32mFor xq =          100 [0m
  
   
   
 ~~~~~~~~~~~~~~~~~~~~~~~~~~~~~~~~~~~~~~~~~~~~
     Calculating PlusA distribution
 ~~~~~~~~~~~~~~~~~~~~~~~~~~~~~~~~~~~~~~~~~~~~
   
 RM48 INITIALIZED:        40           0         0



 INPUT PARAMETERS FOR VEGAS:  NDIM=  4  NCALL=   99574272.
                              IT=    0  ITMX=    5
                              MDS= -1   ND=  42
   1      -113.1023      4.425      -113.1023      4.425      0.000    
   2      -117.5892     0.9979      -117.3875     0.9568     0.9437    
   3      -117.4049     0.5180      -117.4011     0.4520     0.4664    
   4      -116.9713     0.3455      -117.1282     0.2737     0.5003    
   5      -116.5881     0.2820      -116.8655     0.1962     0.8479    



 INPUT PARAMETERS FOR VEGAS:  NDIM=  4  NCALL=  933897762.
                              IT=    0  ITMX=   10
                              MDS= -1   ND=  49
   1      -116.8915     0.8051E-01  -116.8915     0.8051E-01  0.000    
   2      -116.7923     0.8047E-01  -116.8419     0.5692E-01 0.7591    
   3      -116.7751     0.8043E-01  -116.8196     0.4646E-01 0.6099    
   4      -116.6982     0.8042E-01  -116.7893     0.4023E-01 0.9760    
   5      -116.8689     0.8045E-01  -116.8053     0.3598E-01 0.9279    
   6      -116.7479     0.8042E-01  -116.7957     0.3284E-01 0.8273    
   7      -116.7910     0.8046E-01  -116.7950     0.3041E-01 0.6899    
   8      -116.7839     0.8043E-01  -116.7936     0.2844E-01 0.5938    
   9      -116.7513     0.8046E-01  -116.7889     0.2682E-01 0.5503    
  10      -116.7006     0.8044E-01  -116.7801     0.2544E-01 0.6096    
   
   
 ~~~~~~~~~~~~~~~~~~~~~~~~~~~~~~~~~~~~~~~~~~~~
     Calculating PlusB distribution
 ~~~~~~~~~~~~~~~~~~~~~~~~~~~~~~~~~~~~~~~~~~~~
   
 RM48 INITIALIZED:        40           0         0



 INPUT PARAMETERS FOR VEGAS:  NDIM=  4  NCALL=   99574272.
                              IT=    0  ITMX=    5
                              MDS= -1   ND=  42
   1      -111.3639      4.401      -111.3639      4.401      0.000    
   2      -116.6256      1.016      -116.3818     0.9701      1.300    
   3      -117.4178     0.5313      -117.1894     0.4601      1.073    
   4      -117.5729     0.3535      -117.4342     0.2781     0.8542    
   5      -117.0478     0.2866      -117.2447     0.1990     0.8734    



 INPUT PARAMETERS FOR VEGAS:  NDIM=  4  NCALL=  933897762.
                              IT=    0  ITMX=   10
                              MDS= -1   ND=  49
   1      -117.3772     0.8204E-01  -117.3772     0.8204E-01  0.000    
   2      -117.3673     0.8197E-01  -117.3722     0.5799E-01 0.7305E-02
   3      -117.2669     0.8198E-01  -117.3371     0.4734E-01 0.5536    
   4      -117.1482     0.8192E-01  -117.2899     0.4099E-01  1.696    
   5      -117.2988     0.8195E-01  -117.2917     0.3666E-01  1.275    
   6      -117.2707     0.8196E-01  -117.2882     0.3346E-01  1.031    
   7      -117.3382     0.8202E-01  -117.2953     0.3098E-01 0.9120    
   8      -117.3007     0.8195E-01  -117.2960     0.2898E-01 0.7822    
   9      -117.2743     0.8197E-01  -117.2936     0.2732E-01 0.6922    
  10      -117.2504     0.8194E-01  -117.2893     0.2592E-01 0.6432    
   
   
 [1;32mIntegral Plus:  0.50917555672486969      [0m+-   0.0000000000000000     
 with chisq    =  0.64321258065172127     
  
  
  
 [1;32mFor xq =          200 [0m
  
   
   
 ~~~~~~~~~~~~~~~~~~~~~~~~~~~~~~~~~~~~~~~~~~~~
     Calculating PlusA distribution
 ~~~~~~~~~~~~~~~~~~~~~~~~~~~~~~~~~~~~~~~~~~~~
   
 RM48 INITIALIZED:        40           0         0



 INPUT PARAMETERS FOR VEGAS:  NDIM=  4  NCALL=   99574272.
                              IT=    0  ITMX=    5
                              MDS= -1   ND=  42
   1      -7.506756     0.2242      -7.506756     0.2242      0.000    
   2      -7.539648     0.5353E-01  -7.537888     0.5197E-01 0.2029E-01
   3      -7.566408     0.3109E-01  -7.558953     0.2662E-01 0.1209    
   4      -7.564343     0.2461E-01  -7.561869     0.1805E-01 0.8784E-01
   5      -7.519715     0.2233E-01  -7.545273     0.1405E-01 0.6033    



 INPUT PARAMETERS FOR VEGAS:  NDIM=  4  NCALL=  933897762.
                              IT=    0  ITMX=   10
                              MDS= -1   ND=  49
   1      -7.564661     0.6802E-02  -7.564661     0.6802E-02  0.000    
   2      -7.565192     0.6802E-02  -7.564926     0.4810E-02 0.3056E-02
   3      -7.562055     0.6799E-02  -7.563969     0.3926E-02 0.6093E-01
   4      -7.565460     0.6802E-02  -7.564342     0.3401E-02 0.5262E-01
   5      -7.551957     0.6795E-02  -7.561868     0.3041E-02 0.7023    
   6      -7.556357     0.6796E-02  -7.560950     0.2776E-02 0.6715    
   7      -7.560655     0.6801E-02  -7.560908     0.2570E-02 0.5598    
   8      -7.554043     0.6797E-02  -7.560051     0.2404E-02 0.6073    
   9      -7.565852     0.6801E-02  -7.560696     0.2267E-02 0.6122    
  10      -7.563750     0.6801E-02  -7.561001     0.2150E-02 0.5643    
   
   
 ~~~~~~~~~~~~~~~~~~~~~~~~~~~~~~~~~~~~~~~~~~~~
     Calculating PlusB distribution
 ~~~~~~~~~~~~~~~~~~~~~~~~~~~~~~~~~~~~~~~~~~~~
   
 RM48 INITIALIZED:        40           0         0



 INPUT PARAMETERS FOR VEGAS:  NDIM=  4  NCALL=   99574272.
                              IT=    0  ITMX=    5
                              MDS= -1   ND=  42
   1      -7.629970     0.2255      -7.629970     0.2255      0.000    
   2      -7.623477     0.5506E-01  -7.623843     0.5351E-01 0.7832E-03
   3      -7.610765     0.3188E-01  -7.614201     0.2741E-01 0.2244E-01
   4      -7.627091     0.2516E-01  -7.621202     0.1853E-01 0.5498E-01
   5      -7.577509     0.2277E-01  -7.603917     0.1439E-01 0.5925    



 INPUT PARAMETERS FOR VEGAS:  NDIM=  4  NCALL=  933897762.
                              IT=    0  ITMX=   10
                              MDS= -1   ND=  49
   1      -7.598163     0.6944E-02  -7.598163     0.6944E-02  0.000    
   2      -7.611632     0.6940E-02  -7.604913     0.4909E-02  1.882    
   3      -7.605268     0.6949E-02  -7.605031     0.4009E-02 0.9420    
   4      -7.614823     0.6949E-02  -7.607481     0.3473E-02  1.125    
   5      -7.598644     0.6942E-02  -7.605716     0.3106E-02  1.168    
   6      -7.599586     0.6939E-02  -7.604694     0.2835E-02  1.064    
   7      -7.599102     0.6939E-02  -7.603895     0.2624E-02 0.9797    
   8      -7.596868     0.6941E-02  -7.603018     0.2455E-02 0.9679    
   9      -7.589769     0.6936E-02  -7.601548     0.2314E-02  1.251    
  10      -7.588254     0.6939E-02  -7.600221     0.2195E-02  1.479    
   
   
 [1;32mIntegral Plus:   3.9220161419762256E-002 [0m+-   0.0000000000000000     
 with chisq    =   1.4787782866720756     
  
  
  
 [1;32mFor xq =          300 [0m
  
   
   
 ~~~~~~~~~~~~~~~~~~~~~~~~~~~~~~~~~~~~~~~~~~~~
     Calculating PlusA distribution
 ~~~~~~~~~~~~~~~~~~~~~~~~~~~~~~~~~~~~~~~~~~~~
   
 RM48 INITIALIZED:        40           0         0



 INPUT PARAMETERS FOR VEGAS:  NDIM=  4  NCALL=   99574272.
                              IT=    0  ITMX=    5
                              MDS= -1   ND=  42
   1      -1.363662     0.3559E-01  -1.363662     0.3559E-01  0.000    
   2      -1.420699     0.9280E-02  -1.417337     0.8823E-02  2.318    
   3      -1.413261     0.5904E-02  -1.414496     0.4881E-02  1.221    
   4      -1.408414     0.5066E-02  -1.411549     0.3510E-02  1.061    
   5      -1.424656     0.4781E-02  -1.416237     0.2822E-02  2.030    



 INPUT PARAMETERS FOR VEGAS:  NDIM=  4  NCALL=  933897762.
                              IT=    0  ITMX=   10
                              MDS= -1   ND=  49
   1      -1.415569     0.1479E-02  -1.415569     0.1479E-02  0.000    
   2      -1.415868     0.1479E-02  -1.415718     0.1046E-02 0.2038E-01
   3      -1.415929     0.1480E-02  -1.415789     0.8541E-03 0.1694E-01
   4      -1.418118     0.1481E-02  -1.416371     0.7399E-03 0.6312    
   5      -1.415639     0.1479E-02  -1.416225     0.6617E-03 0.5225    
   6      -1.415558     0.1479E-02  -1.416114     0.6040E-03 0.4519    
   7      -1.416155     0.1480E-02  -1.416120     0.5593E-03 0.3767    
   8      -1.416946     0.1479E-02  -1.416223     0.5231E-03 0.3618    
   9      -1.414702     0.1479E-02  -1.416054     0.4932E-03 0.4340    
  10      -1.417971     0.1480E-02  -1.416246     0.4679E-03 0.5536    
   
   
 ~~~~~~~~~~~~~~~~~~~~~~~~~~~~~~~~~~~~~~~~~~~~
     Calculating PlusB distribution
 ~~~~~~~~~~~~~~~~~~~~~~~~~~~~~~~~~~~~~~~~~~~~
   
 RM48 INITIALIZED:        40           0         0



 INPUT PARAMETERS FOR VEGAS:  NDIM=  4  NCALL=   99574272.
                              IT=    0  ITMX=    5
                              MDS= -1   ND=  42
   1      -1.410767     0.3633E-01  -1.410767     0.3633E-01  0.000    
   2      -1.424879     0.9494E-02  -1.423994     0.9146E-02 0.1400    
   3      -1.424242     0.6047E-02  -1.424167     0.5036E-02 0.7003E-01
   4      -1.414280     0.5166E-02  -1.419369     0.3609E-02 0.6714    
   5      -1.423475     0.4853E-02  -1.420838     0.2895E-02 0.6184    



 INPUT PARAMETERS FOR VEGAS:  NDIM=  4  NCALL=  933897762.
                              IT=    0  ITMX=   10
                              MDS= -1   ND=  49
   1      -1.425789     0.1507E-02  -1.425789     0.1507E-02  0.000    
   2      -1.425295     0.1507E-02  -1.425542     0.1065E-02 0.5365E-01
   3      -1.423134     0.1507E-02  -1.424741     0.8699E-03 0.8771    
   4      -1.423031     0.1505E-02  -1.424314     0.7532E-03 0.9072    
   5      -1.423857     0.1506E-02  -1.424222     0.6736E-03 0.6989    
   6      -1.422916     0.1505E-02  -1.424005     0.6148E-03 0.6846    
   7      -1.423943     0.1506E-02  -1.423996     0.5693E-03 0.5708    
   8      -1.423566     0.1507E-02  -1.423942     0.5325E-03 0.4994    
   9      -1.423988     0.1506E-02  -1.423947     0.5021E-03 0.4371    
  10      -1.423716     0.1506E-02  -1.423924     0.4763E-03 0.3909    
   
   
 [1;32mIntegral Plus:   7.6778851404883941E-003 [0m+-   0.0000000000000000     
 with chisq    =  0.39089995023849883     
  
  
  
 [1;32mFor xq =          400 [0m
  
   
   
 ~~~~~~~~~~~~~~~~~~~~~~~~~~~~~~~~~~~~~~~~~~~~
     Calculating PlusA distribution
 ~~~~~~~~~~~~~~~~~~~~~~~~~~~~~~~~~~~~~~~~~~~~
   
 RM48 INITIALIZED:        40           0         0



 INPUT PARAMETERS FOR VEGAS:  NDIM=  4  NCALL=   99574272.
                              IT=    0  ITMX=    5
                              MDS= -1   ND=  42
   1     -0.4098063     0.9646E-02 -0.4098063     0.9646E-02  0.000    
   2     -0.4166661     0.2607E-02 -0.4162134     0.2499E-02 0.4645    
   3     -0.4132419     0.1802E-02 -0.4142583     0.1462E-02 0.6974    
   4     -0.4157332     0.1605E-02 -0.4149312     0.1079E-02 0.6179    
   5     -0.4141525     0.1528E-02 -0.4146718     0.8815E-03 0.5067    



 INPUT PARAMETERS FOR VEGAS:  NDIM=  4  NCALL=  933897762.
                              IT=    0  ITMX=   10
                              MDS= -1   ND=  49
   1     -0.4136894     0.4778E-03 -0.4136894     0.4778E-03  0.000    
   2     -0.4146406     0.4784E-03 -0.4141655     0.3381E-03  1.979    
   3     -0.4148086     0.4783E-03 -0.4143802     0.2761E-03  1.592    
   4     -0.4149006     0.4786E-03 -0.4145104     0.2391E-03  1.357    
   5     -0.4145829     0.4782E-03 -0.4145249     0.2139E-03  1.022    
   6     -0.4141040     0.4783E-03 -0.4144549     0.1953E-03 0.9467    
   7     -0.4132207     0.4777E-03 -0.4142791     0.1807E-03  1.739    
   8     -0.4138085     0.4777E-03 -0.4142203     0.1690E-03  1.612    
   9     -0.4139186     0.4780E-03 -0.4141868     0.1594E-03  1.455    
  10     -0.4134519     0.4776E-03 -0.4141134     0.1512E-03  1.530    
   
   
 ~~~~~~~~~~~~~~~~~~~~~~~~~~~~~~~~~~~~~~~~~~~~
     Calculating PlusB distribution
 ~~~~~~~~~~~~~~~~~~~~~~~~~~~~~~~~~~~~~~~~~~~~
   
 RM48 INITIALIZED:        40           0         0



 INPUT PARAMETERS FOR VEGAS:  NDIM=  4  NCALL=   99574272.
                              IT=    0  ITMX=    5
                              MDS= -1   ND=  42
   1     -0.4160315     0.9756E-02 -0.4160315     0.9756E-02  0.000    
   2     -0.4217527     0.2688E-02 -0.4213592     0.2576E-02 0.3159    
   3     -0.4196046     0.1853E-02 -0.4202013     0.1503E-02 0.3106    
   4     -0.4182992     0.1639E-02 -0.4193343     0.1108E-02 0.4508    
   5     -0.4183863     0.1561E-02 -0.4190170     0.9038E-03 0.3995    



 INPUT PARAMETERS FOR VEGAS:  NDIM=  4  NCALL=  933897762.
                              IT=    0  ITMX=   10
                              MDS= -1   ND=  49
   1     -0.4168802     0.4877E-03 -0.4168802     0.4877E-03  0.000    
   2     -0.4176973     0.4879E-03 -0.4172894     0.3449E-03  1.403    
   3     -0.4175488     0.4881E-03 -0.4173758     0.2817E-03 0.7953    
   4     -0.4177367     0.4883E-03 -0.4174661     0.2440E-03 0.6667    
   5     -0.4178499     0.4882E-03 -0.4175429     0.2183E-03 0.6236    
   6     -0.4169549     0.4878E-03 -0.4174451     0.1992E-03 0.7408    
   7     -0.4170464     0.4876E-03 -0.4173881     0.1844E-03 0.7128    
   8     -0.4181128     0.4882E-03 -0.4174789     0.1725E-03 0.8869    
   9     -0.4167434     0.4876E-03 -0.4173973     0.1626E-03  1.028    
  10     -0.4171973     0.4880E-03 -0.4173773     0.1543E-03 0.9309    
   
   
 [1;32mIntegral Plus:   3.2639376546939047E-003 [0m+-   0.0000000000000000     
 with chisq    =  0.93093186559581254     
  
  
  
 [1;32mFor xq =          500 [0m
  
   
   
 ~~~~~~~~~~~~~~~~~~~~~~~~~~~~~~~~~~~~~~~~~~~~
     Calculating PlusA distribution
 ~~~~~~~~~~~~~~~~~~~~~~~~~~~~~~~~~~~~~~~~~~~~
   
 RM48 INITIALIZED:        40           0         0



 INPUT PARAMETERS FOR VEGAS:  NDIM=  4  NCALL=   99574272.
                              IT=    0  ITMX=    5
                              MDS= -1   ND=  42
   1     -0.1484384     0.3305E-02 -0.1484384     0.3305E-02  0.000    
   2     -0.1551884     0.9513E-03 -0.1547129     0.8975E-03  3.705    
   3     -0.1555857     0.7041E-03 -0.1552631     0.5501E-03  2.115    
   4     -0.1547818     0.6341E-03 -0.1550538     0.4147E-03  1.513    
   5     -0.1557449     0.6114E-03 -0.1552759     0.3426E-03  1.350    



 INPUT PARAMETERS FOR VEGAS:  NDIM=  4  NCALL=  933897762.
                              IT=    0  ITMX=   10
                              MDS= -1   ND=  49
   1     -0.1555278     0.1933E-03 -0.1555278     0.1933E-03  0.000    
   2     -0.1555561     0.1932E-03 -0.1555420     0.1366E-03 0.1070E-01
   3     -0.1554708     0.1931E-03 -0.1555182     0.1115E-03 0.5061E-01
   4     -0.1557731     0.1934E-03 -0.1555820     0.9662E-04 0.4688    
   5     -0.1556491     0.1933E-03 -0.1555954     0.8642E-04 0.3756    
   6     -0.1553909     0.1930E-03 -0.1555613     0.7888E-04 0.4873    
   7     -0.1556306     0.1933E-03 -0.1555712     0.7303E-04 0.4244    
   8     -0.1555687     0.1933E-03 -0.1555709     0.6832E-04 0.3638    
   9     -0.1558876     0.1934E-03 -0.1556062     0.6441E-04 0.6171    
  10     -0.1555213     0.1931E-03 -0.1555977     0.6111E-04 0.5679    
   
   
 ~~~~~~~~~~~~~~~~~~~~~~~~~~~~~~~~~~~~~~~~~~~~
     Calculating PlusB distribution
 ~~~~~~~~~~~~~~~~~~~~~~~~~~~~~~~~~~~~~~~~~~~~
   
 RM48 INITIALIZED:        40           0         0



 INPUT PARAMETERS FOR VEGAS:  NDIM=  4  NCALL=   99574272.
                              IT=    0  ITMX=    5
                              MDS= -1   ND=  42
   1     -0.1544983     0.3374E-02 -0.1544983     0.3374E-02  0.000    
   2     -0.1567326     0.9803E-03 -0.1565633     0.9357E-03 0.3994    
   3     -0.1567037     0.7210E-03 -0.1566518     0.5699E-03 0.2058    
   4     -0.1550649     0.6475E-03 -0.1559636     0.4283E-03  1.262    
   5     -0.1569613     0.6265E-03 -0.1562847     0.3532E-03  1.379    



 INPUT PARAMETERS FOR VEGAS:  NDIM=  4  NCALL=  933897762.
                              IT=    0  ITMX=   10
                              MDS= -1   ND=  49
   1     -0.1571185     0.1972E-03 -0.1571185     0.1972E-03  0.000    
   2     -0.1567391     0.1970E-03 -0.1569290     0.1394E-03  1.853    
   3     -0.1566597     0.1969E-03 -0.1568393     0.1138E-03  1.549    
   4     -0.1567018     0.1969E-03 -0.1568050     0.9851E-04  1.155    
   5     -0.1568710     0.1972E-03 -0.1568182     0.8813E-04 0.8886    
   6     -0.1569234     0.1973E-03 -0.1568357     0.8047E-04 0.7582    
   7     -0.1569565     0.1971E-03 -0.1568530     0.7450E-04 0.6854    
   8     -0.1569286     0.1972E-03 -0.1568624     0.6969E-04 0.6058    
   9     -0.1565541     0.1969E-03 -0.1568282     0.6570E-04 0.8019    
  10     -0.1567749     0.1970E-03 -0.1568229     0.6232E-04 0.7202    
   
   
 [1;32mIntegral Plus:   1.2251811764350251E-003 [0m+-   0.0000000000000000     
 with chisq    =  0.72019181991297321     
  
  
  
 [1;32mFor xq =          600 [0m
  
   
   
 ~~~~~~~~~~~~~~~~~~~~~~~~~~~~~~~~~~~~~~~~~~~~
     Calculating PlusA distribution
 ~~~~~~~~~~~~~~~~~~~~~~~~~~~~~~~~~~~~~~~~~~~~
   
 RM48 INITIALIZED:        40           0         0



 INPUT PARAMETERS FOR VEGAS:  NDIM=  4  NCALL=   99574272.
                              IT=    0  ITMX=    5
                              MDS= -1   ND=  42
   1     -0.6958077E-01 0.1430E-02 -0.6958077E-01 0.1430E-02  0.000    
   2     -0.6816898E-01 0.4169E-03 -0.6828383E-01 0.4037E-03 0.9140    
   3     -0.6851498E-01 0.3200E-03 -0.6842520E-01 0.2512E-03 0.5592    
   4     -0.6825096E-01 0.2930E-03 -0.6835202E-01 0.1909E-03 0.4418    
   5     -0.6839430E-01 0.2841E-03 -0.6836512E-01 0.1585E-03 0.3356    



 INPUT PARAMETERS FOR VEGAS:  NDIM=  4  NCALL=  933897762.
                              IT=    0  ITMX=   10
                              MDS= -1   ND=  49
   1     -0.6828406E-01 0.8993E-04 -0.6828406E-01 0.8993E-04  0.000    
   2     -0.6838316E-01 0.8992E-04 -0.6833369E-01 0.6358E-04 0.6072    
   3     -0.6827490E-01 0.8981E-04 -0.6831408E-01 0.5189E-04 0.4464    
   4     -0.6843730E-01 0.9001E-04 -0.6834490E-01 0.4496E-04 0.7670    
   5     -0.6837515E-01 0.8998E-04 -0.6835095E-01 0.4022E-04 0.5978    
   6     -0.6840278E-01 0.8998E-04 -0.6835959E-01 0.3672E-04 0.5335    
   7     -0.6839095E-01 0.8996E-04 -0.6836407E-01 0.3399E-04 0.4619    
   8     -0.6852008E-01 0.9003E-04 -0.6838362E-01 0.3180E-04 0.7724    
   9     -0.6832102E-01 0.8991E-04 -0.6837667E-01 0.2998E-04 0.7298    
  10     -0.6834326E-01 0.8990E-04 -0.6837333E-01 0.2844E-04 0.6626    
   
   
 ~~~~~~~~~~~~~~~~~~~~~~~~~~~~~~~~~~~~~~~~~~~~
     Calculating PlusB distribution
 ~~~~~~~~~~~~~~~~~~~~~~~~~~~~~~~~~~~~~~~~~~~~
   
 RM48 INITIALIZED:        40           0         0



 INPUT PARAMETERS FOR VEGAS:  NDIM=  4  NCALL=   99574272.
                              IT=    0  ITMX=    5
                              MDS= -1   ND=  42
   1     -0.7022217E-01 0.1450E-02 -0.7022217E-01 0.1450E-02  0.000    
   2     -0.6928956E-01 0.4284E-03 -0.6936625E-01 0.4132E-03 0.3846    
   3     -0.6888535E-01 0.3286E-03 -0.6907456E-01 0.2581E-03 0.6082    
   4     -0.6940108E-01 0.3012E-03 -0.6921262E-01 0.1960E-03 0.6314    
   5     -0.6916472E-01 0.2917E-03 -0.6919780E-01 0.1628E-03 0.4789    



 INPUT PARAMETERS FOR VEGAS:  NDIM=  4  NCALL=  933897762.
                              IT=    0  ITMX=   10
                              MDS= -1   ND=  49
   1     -0.6912149E-01 0.9220E-04 -0.6912149E-01 0.9220E-04  0.000    
   2     -0.6889317E-01 0.9206E-04 -0.6900753E-01 0.6515E-04  3.071    
   3     -0.6897112E-01 0.9207E-04 -0.6899539E-01 0.5318E-04  1.588    
   4     -0.6900446E-01 0.9208E-04 -0.6899766E-01 0.4605E-04  1.061    
   5     -0.6900970E-01 0.9211E-04 -0.6900007E-01 0.4119E-04 0.7992    
   6     -0.6894815E-01 0.9207E-04 -0.6899142E-01 0.3760E-04 0.6924    
   7     -0.6909477E-01 0.9224E-04 -0.6900618E-01 0.3482E-04 0.7566    
   8     -0.6897237E-01 0.9213E-04 -0.6900196E-01 0.3257E-04 0.6654    
   9     -0.6908463E-01 0.9210E-04 -0.6901117E-01 0.3071E-04 0.6717    
  10     -0.6875251E-01 0.9199E-04 -0.6898541E-01 0.2913E-04  1.383    
   
   
 [1;32mIntegral Plus:   6.1208248763729156E-004 [0m+-   0.0000000000000000     
 with chisq    =   1.3833115783694314     
  
  
  
 [1;32mFor xq =          700 [0m
  
   
   
 ~~~~~~~~~~~~~~~~~~~~~~~~~~~~~~~~~~~~~~~~~~~~
     Calculating PlusA distribution
 ~~~~~~~~~~~~~~~~~~~~~~~~~~~~~~~~~~~~~~~~~~~~
   
 RM48 INITIALIZED:        40           0         0



 INPUT PARAMETERS FOR VEGAS:  NDIM=  4  NCALL=   99574272.
                              IT=    0  ITMX=    5
                              MDS= -1   ND=  42
   1     -0.3384937E-01 0.6684E-03 -0.3384937E-01 0.6684E-03  0.000    
   2     -0.3373923E-01 0.2057E-03 -0.3374881E-01 0.1969E-03 0.2487E-01
   3     -0.3342242E-01 0.1609E-03 -0.3355483E-01 0.1249E-03 0.8354    
   4     -0.3378886E-01 0.1504E-03 -0.3365078E-01 0.9604E-04  1.035    
   5     -0.3357159E-01 0.1457E-03 -0.3362693E-01 0.8022E-04 0.8285    



 INPUT PARAMETERS FOR VEGAS:  NDIM=  4  NCALL=  933897762.
                              IT=    0  ITMX=   10
                              MDS= -1   ND=  49
   1     -0.3353820E-01 0.4623E-04 -0.3353820E-01 0.4623E-04  0.000    
   2     -0.3359236E-01 0.4630E-04 -0.3356528E-01 0.3271E-04 0.6851    
   3     -0.3358191E-01 0.4626E-04 -0.3357083E-01 0.2671E-04 0.3855    
   4     -0.3359519E-01 0.4630E-04 -0.3357692E-01 0.2313E-04 0.3262    
   5     -0.3357292E-01 0.4624E-04 -0.3357612E-01 0.2069E-04 0.2462    
   6     -0.3363164E-01 0.4634E-04 -0.3358537E-01 0.1889E-04 0.4368    
   7     -0.3357230E-01 0.4625E-04 -0.3358351E-01 0.1749E-04 0.3754    
   8     -0.3352815E-01 0.4624E-04 -0.3357660E-01 0.1636E-04 0.5006    
   9     -0.3361042E-01 0.4626E-04 -0.3358037E-01 0.1542E-04 0.4974    
  10     -0.3357060E-01 0.4628E-04 -0.3357939E-01 0.1463E-04 0.4466    
   
   
 ~~~~~~~~~~~~~~~~~~~~~~~~~~~~~~~~~~~~~~~~~~~~
     Calculating PlusB distribution
 ~~~~~~~~~~~~~~~~~~~~~~~~~~~~~~~~~~~~~~~~~~~~
   
 RM48 INITIALIZED:        40           0         0



 INPUT PARAMETERS FOR VEGAS:  NDIM=  4  NCALL=   99574272.
                              IT=    0  ITMX=    5
                              MDS= -1   ND=  42
   1     -0.3413715E-01 0.6725E-03 -0.3413715E-01 0.6725E-03  0.000    
   2     -0.3388039E-01 0.2107E-03 -0.3390366E-01 0.2017E-03 0.1336    
   3     -0.3382606E-01 0.1654E-03 -0.3385746E-01 0.1281E-03 0.1112    
   4     -0.3402968E-01 0.1538E-03 -0.3392820E-01 0.9839E-04 0.3212    
   5     -0.3378314E-01 0.1489E-03 -0.3388446E-01 0.8214E-04 0.4057    



 INPUT PARAMETERS FOR VEGAS:  NDIM=  4  NCALL=  933897762.
                              IT=    0  ITMX=   10
                              MDS= -1   ND=  49
   1     -0.3387532E-01 0.4743E-04 -0.3387532E-01 0.4743E-04  0.000    
   2     -0.3390499E-01 0.4747E-04 -0.3389016E-01 0.3355E-04 0.1955    
   3     -0.3383882E-01 0.4743E-04 -0.3387307E-01 0.2739E-04 0.4879    
   4     -0.3380490E-01 0.4738E-04 -0.3385605E-01 0.2371E-04 0.8417    
   5     -0.3381522E-01 0.4742E-04 -0.3384790E-01 0.2121E-04 0.7796    
   6     -0.3378771E-01 0.4738E-04 -0.3383788E-01 0.1936E-04 0.8922    
   7     -0.3381783E-01 0.4738E-04 -0.3383502E-01 0.1792E-04 0.7692    
   8     -0.3387837E-01 0.4742E-04 -0.3384045E-01 0.1676E-04 0.7637    
   9     -0.3381988E-01 0.4742E-04 -0.3383816E-01 0.1580E-04 0.6892    
  10     -0.3388607E-01 0.4746E-04 -0.3384296E-01 0.1499E-04 0.7146    
   
   
 [1;32mIntegral Plus:   2.6356906344614933E-004 [0m+-   0.0000000000000000     
 with chisq    =  0.71463216897512016     
  
  
  
 [1;32mFor xq =          800 [0m
  
   
   
 ~~~~~~~~~~~~~~~~~~~~~~~~~~~~~~~~~~~~~~~~~~~~
     Calculating PlusA distribution
 ~~~~~~~~~~~~~~~~~~~~~~~~~~~~~~~~~~~~~~~~~~~~
   
 RM48 INITIALIZED:        40           0         0



 INPUT PARAMETERS FOR VEGAS:  NDIM=  4  NCALL=   99574272.
                              IT=    0  ITMX=    5
                              MDS= -1   ND=  42
   1     -0.1793425E-01 0.3448E-03 -0.1793425E-01 0.3448E-03  0.000    
   2     -0.1789736E-01 0.1100E-03 -0.1790078E-01 0.1048E-03 0.1040E-01
   3     -0.1786191E-01 0.8785E-04 -0.1787800E-01 0.6739E-04 0.4557E-01
   4     -0.1783617E-01 0.8243E-04 -0.1786131E-01 0.5220E-04 0.8177E-01
   5     -0.1789659E-01 0.8041E-04 -0.1787179E-01 0.4378E-04 0.9519E-01



 INPUT PARAMETERS FOR VEGAS:  NDIM=  4  NCALL=  933897762.
                              IT=    0  ITMX=   10
                              MDS= -1   ND=  49
   1     -0.1784648E-01 0.2558E-04 -0.1784648E-01 0.2558E-04  0.000    
   2     -0.1778217E-01 0.2555E-04 -0.1781440E-01 0.1808E-04  3.163    
   3     -0.1782186E-01 0.2558E-04 -0.1781689E-01 0.1476E-04  1.609    
   4     -0.1785251E-01 0.2562E-04 -0.1782580E-01 0.1279E-04  1.557    
   5     -0.1778912E-01 0.2555E-04 -0.1781847E-01 0.1144E-04  1.580    
   6     -0.1780855E-01 0.2558E-04 -0.1781682E-01 0.1044E-04  1.289    
   7     -0.1785767E-01 0.2560E-04 -0.1782267E-01 0.9668E-05  1.439    
   8     -0.1780015E-01 0.2554E-04 -0.1781985E-01 0.9042E-05  1.330    
   9     -0.1784614E-01 0.2559E-04 -0.1782278E-01 0.8526E-05  1.281    
  10     -0.1782026E-01 0.2559E-04 -0.1782253E-01 0.8089E-05  1.140    
   
   
 ~~~~~~~~~~~~~~~~~~~~~~~~~~~~~~~~~~~~~~~~~~~~
     Calculating PlusB distribution
 ~~~~~~~~~~~~~~~~~~~~~~~~~~~~~~~~~~~~~~~~~~~~
   
 RM48 INITIALIZED:        40           0         0



 INPUT PARAMETERS FOR VEGAS:  NDIM=  4  NCALL=   99574272.
                              IT=    0  ITMX=    5
                              MDS= -1   ND=  42
   1     -0.1843830E-01 0.3517E-03 -0.1843830E-01 0.3517E-03  0.000    
   2     -0.1806071E-01 0.1131E-03 -0.1809748E-01 0.1086E-03  1.062    
   3     -0.1805508E-01 0.9027E-04 -0.1807262E-01 0.6962E-04 0.5799    
   4     -0.1805120E-01 0.8446E-04 -0.1806403E-01 0.5378E-04 0.4007    
   5     -0.1812976E-01 0.8267E-04 -0.1808354E-01 0.4509E-04 0.4116    



 INPUT PARAMETERS FOR VEGAS:  NDIM=  4  NCALL=  933897762.
                              IT=    0  ITMX=   10
                              MDS= -1   ND=  49
   1     -0.1800321E-01 0.2622E-04 -0.1800321E-01 0.2622E-04  0.000    
   2     -0.1801169E-01 0.2622E-04 -0.1800745E-01 0.1854E-04 0.5224E-01
   3     -0.1800304E-01 0.2625E-04 -0.1800598E-01 0.1514E-04 0.3557E-01
   4     -0.1802171E-01 0.2625E-04 -0.1800992E-01 0.1312E-04 0.1135    
   5     -0.1797973E-01 0.2622E-04 -0.1800389E-01 0.1173E-04 0.3497    
   6     -0.1796845E-01 0.2620E-04 -0.1799799E-01 0.1071E-04 0.5840    
   7     -0.1799598E-01 0.2623E-04 -0.1799770E-01 0.9913E-05 0.4875    
   8     -0.1798946E-01 0.2619E-04 -0.1799667E-01 0.9271E-05 0.4303    
   9     -0.1797334E-01 0.2620E-04 -0.1799408E-01 0.8740E-05 0.4645    
  10     -0.1801241E-01 0.2625E-04 -0.1799591E-01 0.8292E-05 0.4617    
   
   
 [1;32mIntegral Plus:   1.7338664281239813E-004 [0m+-   0.0000000000000000     
 with chisq    =  0.46165763411310640     
  
  
  
 [1;32mFor xq =          900 [0m
  
   
   
 ~~~~~~~~~~~~~~~~~~~~~~~~~~~~~~~~~~~~~~~~~~~~
     Calculating PlusA distribution
 ~~~~~~~~~~~~~~~~~~~~~~~~~~~~~~~~~~~~~~~~~~~~
   
 RM48 INITIALIZED:        40           0         0



 INPUT PARAMETERS FOR VEGAS:  NDIM=  4  NCALL=   99574272.
                              IT=    0  ITMX=    5
                              MDS= -1   ND=  42
   1     -0.9835204E-02 0.1855E-03 -0.9835204E-02 0.1855E-03  0.000    
   2     -0.1009223E-01 0.6280E-04 -0.1006699E-01 0.5888E-04  1.687    
   3     -0.1007833E-01 0.5068E-04 -0.1007357E-01 0.3831E-04 0.8477    
   4     -0.1004824E-01 0.4779E-04 -0.1006360E-01 0.2987E-04 0.6210    
   5     -0.1011900E-01 0.4667E-04 -0.1007994E-01 0.2513E-04 0.7163    



 INPUT PARAMETERS FOR VEGAS:  NDIM=  4  NCALL=  933897762.
                              IT=    0  ITMX=   10
                              MDS= -1   ND=  49
   1     -0.1007818E-01 0.1496E-04 -0.1007818E-01 0.1496E-04  0.000    
   2     -0.1007060E-01 0.1496E-04 -0.1007439E-01 0.1058E-04 0.1286    
   3     -0.1007294E-01 0.1493E-04 -0.1007391E-01 0.8632E-05 0.6745E-01
   4     -0.1008787E-01 0.1497E-04 -0.1007740E-01 0.7478E-05 0.2629    
   5     -0.1008751E-01 0.1497E-04 -0.1007942E-01 0.6690E-05 0.2885    
   6     -0.1008270E-01 0.1496E-04 -0.1007997E-01 0.6107E-05 0.2388    
   7     -0.1007209E-01 0.1496E-04 -0.1007884E-01 0.5654E-05 0.2386    
   8     -0.1002706E-01 0.1493E-04 -0.1007241E-01 0.5288E-05  1.697    
   9     -0.1006683E-01 0.1495E-04 -0.1007179E-01 0.4985E-05  1.500    
  10     -0.1009043E-01 0.1497E-04 -0.1007365E-01 0.4730E-05  1.489    
   
   
 ~~~~~~~~~~~~~~~~~~~~~~~~~~~~~~~~~~~~~~~~~~~~
     Calculating PlusB distribution
 ~~~~~~~~~~~~~~~~~~~~~~~~~~~~~~~~~~~~~~~~~~~~
   
 RM48 INITIALIZED:        40           0         0



 INPUT PARAMETERS FOR VEGAS:  NDIM=  4  NCALL=   99574272.
                              IT=    0  ITMX=    5
                              MDS= -1   ND=  42
   1     -0.9963422E-02 0.1874E-03 -0.9963422E-02 0.1874E-03  0.000    
   2     -0.1023061E-01 0.6469E-04 -0.1020348E-01 0.6053E-04  1.778    
   3     -0.1017191E-01 0.5201E-04 -0.1018521E-01 0.3938E-04 0.9629    
   4     -0.1014282E-01 0.4899E-04 -0.1016853E-01 0.3068E-04 0.7931    
   5     -0.1023202E-01 0.4807E-04 -0.1018718E-01 0.2584E-04 0.9054    



 INPUT PARAMETERS FOR VEGAS:  NDIM=  4  NCALL=  933897762.
                              IT=    0  ITMX=   10
                              MDS= -1   ND=  49
   1     -0.1017574E-01 0.1530E-04 -0.1017574E-01 0.1530E-04  0.000    
   2     -0.1018814E-01 0.1531E-04 -0.1018194E-01 0.1082E-04 0.3282    
   3     -0.1016098E-01 0.1529E-04 -0.1017496E-01 0.8833E-05 0.7896    
   4     -0.1017791E-01 0.1531E-04 -0.1017570E-01 0.7651E-05 0.5356    
   5     -0.1015727E-01 0.1527E-04 -0.1017201E-01 0.6841E-05 0.6923    
   6     -0.1019642E-01 0.1532E-04 -0.1017609E-01 0.6246E-05 0.9781    
   7     -0.1019230E-01 0.1530E-04 -0.1017841E-01 0.5783E-05 0.9755    
   8     -0.1018063E-01 0.1530E-04 -0.1017869E-01 0.5409E-05 0.8387    
   9     -0.1018923E-01 0.1531E-04 -0.1017986E-01 0.5100E-05 0.7865    
  10     -0.1019257E-01 0.1531E-04 -0.1018113E-01 0.4839E-05 0.7681    
   
   
 [1;32mIntegral Plus:   1.0747928017172670E-004 [0m+-   0.0000000000000000     
 with chisq    =  0.76805607838003742     
  
  
  
 [1;32mFor xq =         1000 [0m
  
   
   
 ~~~~~~~~~~~~~~~~~~~~~~~~~~~~~~~~~~~~~~~~~~~~
     Calculating PlusA distribution
 ~~~~~~~~~~~~~~~~~~~~~~~~~~~~~~~~~~~~~~~~~~~~
   
 RM48 INITIALIZED:        40           0         0



 INPUT PARAMETERS FOR VEGAS:  NDIM=  4  NCALL=   99574272.
                              IT=    0  ITMX=    5
                              MDS= -1   ND=  42
   1     -0.5761037E-02 0.1055E-03 -0.5761037E-02 0.1055E-03  0.000    
   2     -0.6007778E-02 0.3793E-04 -0.5981579E-02 0.3513E-04  4.682    
   3     -0.5989138E-02 0.3062E-04 -0.5985939E-02 0.2299E-04  2.327    
   4     -0.5945351E-02 0.2898E-04 -0.5970184E-02 0.1800E-04  1.950    
   5     -0.5963126E-02 0.2846E-04 -0.5968150E-02 0.1520E-04  1.470    



 INPUT PARAMETERS FOR VEGAS:  NDIM=  4  NCALL=  933897762.
                              IT=    0  ITMX=   10
                              MDS= -1   ND=  49
   1     -0.5955404E-02 0.9105E-05 -0.5955404E-02 0.9105E-05  0.000    
   2     -0.5969287E-02 0.9122E-05 -0.5962349E-02 0.6444E-05  1.160    
   3     -0.5967455E-02 0.9113E-05 -0.5964053E-02 0.5262E-05 0.6846    
   4     -0.5981600E-02 0.9128E-05 -0.5968449E-02 0.4558E-05  1.383    
   5     -0.5967815E-02 0.9115E-05 -0.5968322E-02 0.4077E-05  1.038    
   6     -0.5965669E-02 0.9116E-05 -0.5967880E-02 0.3722E-05 0.8448    
   7     -0.5968084E-02 0.9122E-05 -0.5967909E-02 0.3446E-05 0.7041    
   8     -0.5956331E-02 0.9100E-05 -0.5966462E-02 0.3223E-05 0.8055    
   9     -0.5970482E-02 0.9121E-05 -0.5966909E-02 0.3039E-05 0.7263    
  10     -0.5971245E-02 0.9116E-05 -0.5967343E-02 0.2883E-05 0.6682    
   
   
 ~~~~~~~~~~~~~~~~~~~~~~~~~~~~~~~~~~~~~~~~~~~~
     Calculating PlusB distribution
 ~~~~~~~~~~~~~~~~~~~~~~~~~~~~~~~~~~~~~~~~~~~~
   
 RM48 INITIALIZED:        40           0         0



 INPUT PARAMETERS FOR VEGAS:  NDIM=  4  NCALL=   99574272.
                              IT=    0  ITMX=    5
                              MDS= -1   ND=  42
   1     -0.5708756E-02 0.1053E-03 -0.5708756E-02 0.1053E-03  0.000    
   2     -0.6126881E-02 0.3929E-04 -0.6081833E-02 0.3586E-04  13.07    
   3     -0.6016650E-02 0.3143E-04 -0.6044454E-02 0.2355E-04  7.400    
Thanks for using LHAPDF 6.5.4. Please make sure to cite the paper:
  Eur.Phys.J. C75 (2015) 3, 132  (http://arxiv.org/abs/1412.7420)
   4     -0.6056258E-02 0.2988E-04 -0.6049072E-02 0.1845E-04  4.923    
   5     -0.6071450E-02 0.2932E-04 -0.6055561E-02 0.1560E-04  3.776    



 INPUT PARAMETERS FOR VEGAS:  NDIM=  4  NCALL=  933897762.
                              IT=    0  ITMX=   10
                              MDS= -1   ND=  49
   1     -0.6047239E-02 0.9379E-05 -0.6047239E-02 0.9379E-05  0.000    
   2     -0.6033073E-02 0.9365E-05 -0.6040162E-02 0.6627E-05  1.142    
   3     -0.6040999E-02 0.9373E-05 -0.6040441E-02 0.5411E-05 0.5737    
   4     -0.6032792E-02 0.9366E-05 -0.6038531E-02 0.4685E-05 0.5492    
   5     -0.6030419E-02 0.9364E-05 -0.6036910E-02 0.4190E-05 0.5619    
   6     -0.6044536E-02 0.9385E-05 -0.6038180E-02 0.3826E-05 0.5597    
   7     -0.6043025E-02 0.9376E-05 -0.6038872E-02 0.3543E-05 0.5045    
   8     -0.6046471E-02 0.9376E-05 -0.6039824E-02 0.3314E-05 0.5145    
   9     -0.6018319E-02 0.9363E-05 -0.6037445E-02 0.3124E-05  1.033    
  10     -0.6032056E-02 0.9361E-05 -0.6036906E-02 0.2963E-05 0.9517    
   
   
 [1;32mIntegral Plus:   6.9562933068327039E-005 [0m+-   0.0000000000000000     
 with chisq    =  0.95169650457370814     
  
  
  
 [1;32m   xq         Integral Plus                 error[0m
    100      0.509175556724870E+00      0.000000000000000E+00
    200      0.392201614197623E-01      0.000000000000000E+00
    300      0.767788514048839E-02      0.000000000000000E+00
    400      0.326393765469390E-02      0.000000000000000E+00
    500      0.122518117643503E-02      0.000000000000000E+00
    600      0.612082487637292E-03      0.000000000000000E+00
    700      0.263569063446149E-03      0.000000000000000E+00
    800      0.173386642812398E-03      0.000000000000000E+00
    900      0.107479280171727E-03      0.000000000000000E+00
   1000      0.695629330683270E-04      0.000000000000000E+00
