LHAPDF 6.5.4 loading /home/niraj/1TB-Disc/Workspace-IITG/Packages/Install/LHAPDF-6.5.4/install/share/LHAPDF/CT10nlo/CT10nlo_0000.dat
CT10nlo PDF set, member #0, version 4; LHAPDF ID = 11000
LHAPDF 6.5.4 loading /home/niraj/1TB-Disc/Workspace-IITG/Packages/Install/LHAPDF-6.5.4/install/share/LHAPDF/CT10nlo/CT10nlo_0001.dat
CT10nlo PDF set, member #1, version 4; LHAPDF ID = 11001
   
   
 ____________________________________
 1. Calculating P and K terms for Leg 1
 ____________________________________
 ````````````````````````````````````
 RM48 INITIALIZED:        40           0         0



 INPUT PARAMETERS FOR VEGAS:  NDIM=  4  NCALL=     913952.
                              IT=    0  ITMX=   10
                              MDS= -1   ND=  26
   1     -0.3052733E-03 0.9266E-04 -0.3052733E-03 0.9266E-04  0.000    
   2     -0.4963580E-03 0.1326E-03 -0.4129464E-03 0.8263E-04  1.315    
   3     -0.6365149E-03 0.1427E-03 -0.5123118E-03 0.7447E-04  1.562    
   4     -0.8093495E-03 0.1599E-03 -0.6204779E-03 0.7051E-04  2.109    
   5     -0.7319102E-03 0.5023E-04 -0.7041619E-03 0.3700E-04  1.854    
   6     -0.1148822E-02 0.1818E-03 -0.7592246E-03 0.4101E-04  3.610    
   7     -0.1510918E-02 0.4053E-03 -0.7902653E-03 0.4849E-04  3.649    
   8     -0.1176347E-02 0.7039E-04 -0.9653572E-03 0.3748E-04  6.616    
   9     -0.2438156E-02 0.7267E-03 -0.9917950E-03 0.4775E-04  5.600    
  10     -0.2669890E-02 0.6558E-03 -0.1035012E-02 0.5574E-04  6.086    



 INPUT PARAMETERS FOR VEGAS:  NDIM=  4  NCALL=    9759362.
                              IT=    0  ITMX=   20
                              MDS= -1   ND=  47
   1     -0.2221435E-02 0.1406E-03 -0.2221435E-02 0.1406E-03  0.000    
   2     -0.2831682E-02 0.6280E-03 -0.2267416E-02 0.1549E-03  1.081    
   3     -0.2303433E-02 0.1418E-03 -0.2285224E-02 0.1068E-03 0.5894    
   4     -0.1872256E-02 0.2421E-03 -0.2243613E-02 0.9575E-04  1.001    
   5     -0.2124952E-02 0.8857E-04 -0.2185192E-02 0.6705E-04 0.9732    
   6     -0.2451203E-02 0.3231E-03 -0.2197671E-02 0.6623E-04 0.9046    
   7     -0.2474621E-02 0.3684E-03 -0.2207498E-02 0.6569E-04 0.8407    
   8     -0.2138792E-02 0.1091E-03 -0.2191561E-02 0.5696E-04 0.7729    
   9     -0.2150836E-02 0.1271E-03 -0.2185558E-02 0.5219E-04 0.6965    
  10     -0.2174434E-02 0.1116E-03 -0.2183738E-02 0.4748E-04 0.6266    
  11     -0.2132914E-02 0.8692E-04 -0.2173273E-02 0.4205E-04 0.5946    
  12     -0.2456609E-02 0.1533E-03 -0.2196139E-02 0.4060E-04 0.8616    
  13     -0.2315448E-02 0.1493E-03 -0.2204523E-02 0.3918E-04 0.8389    
  14     -0.2028248E-02 0.6397E-04 -0.2164490E-02 0.3418E-04  1.146    
  15     -0.2218378E-02 0.1136E-03 -0.2168765E-02 0.3274E-04  1.081    
  16     -0.2206387E-02 0.1397E-03 -0.2170619E-02 0.3187E-04  1.017    
  17     -0.1980798E-02 0.6164E-04 -0.2138434E-02 0.2884E-04  1.348    
  18     -0.2455371E-02 0.1803E-03 -0.2147802E-02 0.2856E-04  1.464    
  19     -0.2101122E-02 0.7704E-04 -0.2142855E-02 0.2691E-04  1.408    
  20     -0.2234307E-02 0.1394E-03 -0.2146082E-02 0.2642E-04  1.357    
   
 The answer is  = -0.00214608208
 Integral of PK1= -0.00214608208+-  2.64161717E-05
 with chisq    =  1.35666324
   
 ____________________________________
 2. Calculating P and K terms for Leg 2
 ____________________________________
 ````````````````````````````````````
 RM48 INITIALIZED:        40           0         0



 INPUT PARAMETERS FOR VEGAS:  NDIM=  4  NCALL=     913952.
                              IT=    0  ITMX=   10
                              MDS= -1   ND=  26
   1     -0.2994354E-03 0.8942E-04 -0.2994354E-03 0.8942E-04  0.000    
   2     -0.4880028E-03 0.1300E-03 -0.4044571E-03 0.8047E-04  1.355    
   3     -0.6169178E-03 0.1335E-03 -0.5016835E-03 0.7114E-04  1.577    
   4     -0.8389663E-03 0.1811E-03 -0.6079042E-03 0.7200E-04  2.282    
   5     -0.7820393E-03 0.6477E-04 -0.7265861E-03 0.4350E-04  2.362    
   6     -0.1262032E-02 0.2394E-03 -0.7881584E-03 0.4994E-04  3.609    
   7     -0.1073504E-02 0.1018E-03 -0.8781107E-03 0.4393E-04  4.178    
   8     -0.1200263E-02 0.8667E-04 -0.9915344E-03 0.3775E-04  5.517    
   9     -0.1625469E-02 0.3205E-03 -0.1020119E-02 0.4152E-04  5.064    
  10     -0.1942158E-02 0.4520E-03 -0.1049023E-02 0.4630E-04  4.845    



 INPUT PARAMETERS FOR VEGAS:  NDIM=  4  NCALL=    9759362.
                              IT=    0  ITMX=   20
                              MDS= -1   ND=  47
   1     -0.1985055E-02 0.1032E-03 -0.1985055E-02 0.1032E-03  0.000    
   2     -0.1992491E-02 0.1524E-03 -0.1987404E-02 0.8550E-04 0.1635E-02
   3     -0.2382098E-02 0.4492E-03 -0.2006905E-02 0.8920E-04 0.4605    
   4     -0.1884043E-02 0.8162E-04 -0.1947501E-02 0.6235E-04 0.6478    
   5     -0.1968569E-02 0.8692E-04 -0.1954193E-02 0.5101E-04 0.5045    
   6     -0.2459196E-02 0.3852E-03 -0.1966623E-02 0.5219E-04 0.8256    
   7     -0.2512851E-02 0.4823E-03 -0.1975433E-02 0.5323E-04 0.9294    
   8     -0.2975383E-02 0.5740E-03 -0.1991149E-02 0.5556E-04  1.435    
   9     -0.1916443E-02 0.1019E-03 -0.1978337E-02 0.4971E-04  1.340    
  10     -0.2041879E-02 0.2222E-03 -0.1980836E-02 0.4828E-04  1.220    
  11     -0.1943426E-02 0.9319E-04 -0.1974537E-02 0.4353E-04  1.134    
  12     -0.2896865E-02 0.5568E-03 -0.1984102E-02 0.4458E-04  1.372    
  13     -0.1997585E-02 0.1309E-03 -0.1985207E-02 0.4233E-04  1.281    
  14     -0.1900761E-02 0.9888E-04 -0.1975494E-02 0.3941E-04  1.244    
  15     -0.1975983E-02 0.2036E-03 -0.1975508E-02 0.3856E-04  1.172    
  16     -0.1921094E-02 0.9813E-04 -0.1969856E-02 0.3622E-04  1.125    
  17     -0.1756795E-02 0.8537E-04 -0.1947922E-02 0.3393E-04  1.305    
  18     -0.2202079E-02 0.2386E-03 -0.1953077E-02 0.3361E-04  1.294    
  19     -0.1965373E-02 0.2026E-03 -0.1953347E-02 0.3308E-04  1.234    
  20     -0.1953347E-02 0.8590E-04 -0.1953347E-02 0.3110E-04  1.180    
   
 The answer is   = -0.00195334675
 Integral of PK2 = -0.00195334675+-  3.11008169E-05
    with chisq   =  1.18016846
   
Total PK1 + PK2 =     -0.409942883208528E-02
   
   
Thanks for using LHAPDF 6.5.4. Please make sure to cite the paper:
  Eur.Phys.J. C75 (2015) 3, 132  (http://arxiv.org/abs/1412.7420)
